
1) cd home/jboss/vault
   keytool -genseckey -alias vault -keystore vault.keystore -storetype jceks -keyalg aes -keysize 128 -storepass vault22 -keypass vault22 -dname "CN=Picketbox vault,O=KT,L=SEOUL,ST=SEOUL,C=KR"

2) cd /jboss/jboss-eap-6.4/bin
   ./vault.sh

[jboss@c-akos-pk1-a06 bin]$ ./vault.sh
=========================================================================

  JBoss Vault

  JBOSS_HOME: /jboss/jboss-eap-6.4

  JAVA: /jboss/java/jdk1.7.0_79/bin/java

=========================================================================

**********************************
****  JBoss Vault  ***************
**********************************
Please enter a Digit::   0: Start Interactive Session  1: Remove Interactive Session  2: Exit
0
Starting an interactive session
Enter directory to store encrypted files:/home/jboss/vault/
Enter Keystore URL:/home/jboss/vault/vault.keystore
Enter Keystore password:vault22
Enter Keystore password again:vault22
Values match
Enter 8 character salt:12345678
Enter iteration count as a number (Eg: 44):50
Enter Keystore Alias:vault
Initializing Vault
Apr 26, 2018 4:21:49 PM org.picketbox.plugins.vault.PicketBoxSecurityVault init
INFO: PBOX000361: Default Security Vault Implementation Initialized and Ready
Vault Configuration in configuration file:
********************************************
...
    </extensions>
    <vault>
        <vault-option name="KEYSTORE_URL" value="/home/jboss/vault/vault.keystore"/>
        <vault-option name="KEYSTORE_PASSWORD" value="MASK-5WNXs8oEbrs"/>
        <vault-option name="KEYSTORE_ALIAS" value="vault"/>
        <vault-option name="SALT" value="12345678"/>
        <vault-option name="ITERATION_COUNT" value="50"/>
        <vault-option name="ENC_FILE_DIR" value="/home/jboss/vault/"/>
    </vault>
    <management> ...
********************************************
Vault is initialized and ready for use
Handshake with Vault complete
Please enter a Digit::  0: Store a secured attribute  1: Check whether a secured attribute exists  2: Remove secured attribute  3: Exit
0
Task: Store a secured attribute
Please enter secured attribute value (such as password): new1234!
Please enter secured attribute value (such as password) again: new1234!
Values match
Enter Vault Block:kshop_ds
Enter Attribute Name:password
Secured attribute value has been stored in vault.
Please make note of the following:
********************************************
Vault Block:kshop_ds
Attribute Name:password
Configuration should be done as follows:
VAULT::kshop_ds::password::1
********************************************

${VAULT::kmos_ds::password::1}
${VAULT::kshop_ds::password::1}
${VAULT::kkos_ds::password::1}







