딕셔너리뷰는
all_                : 유저가 엑세스 할 수 있는 내용        
dba_                : 데이터베이스 내 모든 유저가 소유한 내용
user_               : 유저가 소유한 내용
v$                  : 동적 뷰로 성능 관련 데이터

All_tables          : user가 access할수있는 모든 Table
All_catalog         : user가 access할수있는 모든 Table, Views, synonyms, sequence
All_clusters        : user가 access할수있는 모든 clusters
All_tab_columns     : user가 access할수있는 모든 Table에 대한 칼럼
All_col_comments    : user가 access할수있는 모든 Table,Views에 대한 칼럼comments
All_col_privs       : user에게 또는 Public에게 허용된 모든 칼럼에 대한 권한.
All_col_privs_made  : user가 부여한 칼럼에 대한 권한.
All_col_privs_recd  : user에게 또는 Public에게 허용된 모든 칼럼에 대한 권한.
All_coll_types      : user가 access 할수 있는 모든 collection type
All_cons_columns    : 제약조건에 관련된 칼럼, access할수 있는 대한 정보
All_constraints     : access할수 있는 테이블에 대한 제약조건.
All_db_links        : user가 access 할수 있는 데이터베이스 link
All_def_audit_opts  : 오브젝트가 생성될때 적용될수있는 default오브젝트감사내용.
All_dependencies    : user가 access할수있는 오브젝트간의 dependencies(참조,link)
All_directories     : user가 access할 수 있는 모든 directories (owner 는 항상 sys)
All_errors          : user가 access할수있는 모든 objects(view,procedure,package, function, packagebody) 에 대한 에러.
All_ind_columns     : user가 access할수있는 테이블에 대한 인덱스의 칼럼.
All_ind_partitions  : user가 access할수있는 인덱스partition, partition에 대한 storage매개변수, Analyze명령에 의해 결정된 partition통계.
All_indexes         : user가 access할수있는 테이블의 인덱스. 이 view의 통계를 수집하기위해, Analyze명령을 사용한다. 병렬partition인텍스탐색을 지원한다.
