SHOW enable_bitmapscan;
SHOW enable_hashagg;
SHOW enable_hashjoin;
SHOW enable_hints;
SHOW enable_indexonlyscan;
SHOW enable_indexscan;
SHOW enable_material;
SHOW enable_mergejoin;
SHOW enable_nestloop;
SHOW enable_seqscan;
SHOW enable_sort;
SHOW enable_tidscan;
SHOW exit_on_error;
SHOW fsync;
SHOW full_page_writes;
SHOW restart_after_crash;
SHOW synchronous_commit;
SHOW vacuum_freeze_min_age;
SHOW vacuum_freeze_table_age;
SHOW wal_sync_method;
SHOW archive_timeout;
SHOW autovacuum;
SHOW autovacuum_analyze_scale_factor;
SHOW autovacuum_analyze_threshold;
SHOW autovacuum_freeze_max_age;
SHOW autovacuum_max_workers;
SHOW autovacuum_naptime;
SHOW autovacuum_vacuum_cost_delay;
SHOW autovacuum_vacuum_cost_limit;
SHOW autovacuum_vacuum_scale_factor;
SHOW autovacuum_vacuum_threshold;
SHOW bgwriter_delay;
SHOW bgwriter_lru_maxpages;
SHOW bgwriter_lru_multiplier;
SHOW checkpoint_completion_target;
SHOW checkpoint_segments;
SHOW checkpoint_timeout;
SHOW constraint_exclusion;
SHOW cpu_index_tuple_cost;
SHOW cpu_operator_cost;
SHOW cpu_tuple_cost;
SHOW cursor_tuple_fraction;
SHOW default_statistics_target;
SHOW edb_dynatune;
SHOW edb_dynatune_profile;
SHOW from_collapse_limit;
SHOW join_collapse_limit;
SHOW log_autovacuum_min_duration;
SHOW maintenance_work_mem;
SHOW max_connections;
SHOW max_wal_size;
SHOW min_wal_size;
SHOW random_page_cost;
SHOW seq_page_cost;
SHOW shared_buffers;
SHOW temp_buffers;
SHOW temp_tablespaces;
SHOW vacuum_cost_delay;
SHOW vacuum_cost_limit;
SHOW vacuum_cost_page_dirty;
SHOW vacuum_cost_page_hit;
SHOW vacuum_cost_page_miss;
SHOW wal_buffers;
SHOW wal_writer_delay;
SHOW work_mem;
SHOW archive_command;
SHOW archive_mode;
SHOW client_min_messages;
SHOW db_dialect;
SHOW dbms_alert.max_alerts;
SHOW dbms_pipe.total_message_buffer;
SHOW deadlock_timeout;
SHOW debug_pretty_print;
SHOW debug_print_parse;
SHOW debug_print_plan;
SHOW debug_print_rewritten;
SHOW dynamic_library_path;
SHOW edb_audit;
SHOW edb_audit_connect;
SHOW edb_audit_directory;
SHOW edb_audit_disconnect;
SHOW edb_audit_rotation_day;
SHOW edb_audit_rotation_seconds;
SHOW edb_audit_rotation_size;
SHOW edb_audit_statement;
SHOW edb_redwood_date;
SHOW edb_redwood_strings;
SHOW edb_stmt_level_tx;
SHOW log_checkpoints;
SHOW log_connections;
SHOW log_directory;
SHOW log_disconnections;
SHOW log_duration;
SHOW log_error_verbosity;
SHOW log_executor_stats;
SHOW log_file_mode;
SHOW log_filename;
SHOW log_hostname;
SHOW log_line_prefix;
SHOW log_lock_waits;
SHOW log_min_duration_statement;
SHOW log_min_error_statement;
SHOW log_min_messages;
SHOW log_parser_stats;
SHOW log_planner_stats;
SHOW log_rotation_age;
SHOW log_rotation_size;
SHOW log_statement;
SHOW log_statement_stats;
SHOW log_temp_files;
SHOW log_timezone;
SHOW log_truncate_on_rotation;
SHOW max_files_per_process;
SHOW max_locks_per_transaction;
SHOW max_pred_locks_per_transaction;
SHOW max_prepared_transactions;
SHOW max_stack_depth;
SHOW optimizer_mode;
SHOW shared_preload_libraries;
SHOW stats_temp_directory;
SHOW superuser_reserved_connections;
SHOW temp_file_limit;
SHOW track_activities;
SHOW track_activity_query_size;
SHOW track_counts;
SHOW track_functions;
SHOW track_io_timing;
SHOW update_process_title;
SHOW array_nulls;
SHOW authentication_timeout;
SHOW backslash_quote;
SHOW bonjour;
SHOW bonjour_name;
SHOW bytea_output;
SHOW check_function_bodies;
SHOW checkpoint_warning;
SHOW commit_delay;
SHOW commit_siblings;
SHOW DateStyle;
SHOW db_user_namespace;
SHOW default_tablespace;
SHOW default_text_search_config;
SHOW default_transaction_deferrable;
SHOW default_transaction_isolation;
SHOW default_transaction_read_only;
SHOW default_with_oids;
SHOW default_with_rowids;
SHOW edb_enable_icache;
SHOW edb_icache_compression_level;
SHOW edb_icache_servers;
SHOW effective_io_concurrency;
SHOW escape_string_warning;
SHOW event_source;
SHOW external_pid_file;
SHOW extra_float_digits;
SHOW geqo;
SHOW geqo_effort;
SHOW geqo_generations;
SHOW geqo_pool_size;
SHOW geqo_seed;
SHOW geqo_selection_bias;
SHOW geqo_threshold;
SHOW hot_standby;
SHOW hot_standby_feedback;
SHOW include;
SHOW include_dir;
SHOW include_if_exists;
SHOW IntervalStyle;
SHOW krb_caseins_users;
SHOW krb_srvname;
SHOW listen_addresses;
SHOW lo_compat_privileges;
SHOW lock_timeout;
SHOW log_destination;
SHOW logging_collector;
SHOW max_standby_archive_delay;
SHOW max_standby_streaming_delay;
SHOW max_wal_senders;
SHOW password_encryption;
SHOW port;
SHOW qreplace_function;
SHOW quote_all_identifiers;
SHOW search_path;
SHOW segment_size;
SHOW session_replication_role;
SHOW sql_inheritance;
SHOW ssl;
SHOW ssl_ca_file;
SHOW ssl_cert_file;
SHOW ssl_ciphers;
SHOW ssl_crl_file;
SHOW ssl_key_file;
SHOW ssl_renegotiation_limit;
SHOW standard_conforming_strings;
SHOW statement_timeout;
SHOW synchronize_seqscans;
SHOW synchronous_standby_names;
SHOW syslog_facility;
SHOW syslog_ident;
SHOW tcp_keepalives_count;
SHOW tcp_keepalives_idle;
SHOW tcp_keepalives_interval;
SHOW timed_statistics;
SHOW TimeZone;
SHOW timezone_abbreviations;
SHOW transform_null_equals;
SHOW unix_socket_directories;
SHOW unix_socket_group;
SHOW unix_socket_permissions;
SHOW vacuum_defer_cleanup_age;
SHOW wal_keep_segments;
SHOW wal_level;
SHOW wal_receiver_status_interval;
SHOW wal_receiver_timeout;
SHOW xmlbinary;
SHOW xmloption;
