Warning: Iteration pacing cannot be reached (pace time = 3.00, actual time = 6.24).	[MsgId: MWAR-15995]
Warning: Iteration pacing cannot be reached (pace time = 3.00, actual time = 9.27).	[MsgId: MWAR-15995]
Warning: Iteration pacing cannot be reached (pace time = 3.00, actual time = 8.95).	[MsgId: MWAR-15995]
Warning: Iteration pacing cannot be reached (pace time = 3.00, actual time = 8.92).	[MsgId: MWAR-15995]
Warning: Iteration pacing cannot be reached (pace time = 3.00, actual time = 9.77).	[MsgId: MWAR-15995]
Warning: Iteration pacing cannot be reached (pace time = 3.00, actual time = 10.47).	[MsgId: MWAR-15995]
Warning: Iteration pacing cannot be reached (pace time = 3.00, actual time = 7.66).	[MsgId: MWAR-15995]
Warning: Iteration pacing cannot be reached (pace time = 3.00, actual time = 10.27).	[MsgId: MWAR-15995]
Warning: Iteration pacing cannot be reached (pace time = 3.00, actual time = 9.98).	[MsgId: MWAR-15995]
Warning: Iteration pacing cannot be reached (pace time = 3.00, actual time = 10.01).	[MsgId: MWAR-15995]
Warning: Iteration pacing cannot be reached (pace time = 3.00, actual time = 9.28).	[MsgId: MWAR-15995]
Warning: Iteration pacing cannot be reached (pace time = 3.00, actual time = 9.40).	[MsgId: MWAR-15995]
Warning: Iteration pacing cannot be reached (pace time = 3.00, actual time = 9.30).	[MsgId: MWAR-15995]
Warning: Iteration pacing cannot be reached (pace time = 3.00, actual time = 11.66).	[MsgId: MWAR-15995]
Warning: Iteration pacing cannot be reached (pace time = 3.00, actual time = 11.71).	[MsgId: MWAR-15995]
Warning: Iteration pacing cannot be reached (pace time = 3.00, actual time = 10.39).	[MsgId: MWAR-15995]
Warning: Iteration pacing cannot be reached (pace time = 3.00, actual time = 10.77).	[MsgId: MWAR-15995]
Warning: Iteration pacing cannot be reached (pace time = 3.00, actual time = 10.05).	[MsgId: MWAR-15995]
Warning: Iteration pacing cannot be reached (pace time = 3.00, actual time = 11.69).	[MsgId: MWAR-15995]
Warning: Iteration pacing cannot be reached (pace time = 3.00, actual time = 10.37).	[MsgId: MWAR-15995]
Warning: Iteration pacing cannot be reached (pace time = 3.00, actual time = 12.09).	[MsgId: MWAR-15995]
Warning: Iteration pacing cannot be reached (pace time = 3.00, actual time = 11.87).	[MsgId: MWAR-15995]
Warning: Iteration pacing cannot be reached (pace time = 3.00, actual time = 11.08).	[MsgId: MWAR-15995]
Warning: Iteration pacing cannot be reached (pace time = 3.00, actual time = 12.58).	[MsgId: MWAR-15995]
Warning: Iteration pacing cannot be reached (pace time = 3.00, actual time = 11.12).	[MsgId: MWAR-15995]
Warning: Iteration pacing cannot be reached (pace time = 3.00, actual time = 13.53).	[MsgId: MWAR-15995]
Warning: Iteration pacing cannot be reached (pace time = 3.00, actual time = 13.45).	[MsgId: MWAR-15995]
Warning: Iteration pacing cannot be reached (pace time = 3.00, actual time = 13.11).	[MsgId: MWAR-15995]
Warning: Iteration pacing cannot be reached (pace time = 3.00, actual time = 14.48).	[MsgId: MWAR-15995]
Warning: Iteration pacing cannot be reached (pace time = 3.00, actual time = 14.30).	[MsgId: MWAR-15995]
Warning: Iteration pacing cannot be reached (pace time = 3.00, actual time = 13.62).	[MsgId: MWAR-15995]
Warning: Iteration pacing cannot be reached (pace time = 3.00, actual time = 13.63).	[MsgId: MWAR-15995]
Warning: Iteration pacing cannot be reached (pace time = 3.00, actual time = 14.29).	[MsgId: MWAR-15995]
Warning: Iteration pacing cannot be reached (pace time = 3.00, actual time = 14.05).	[MsgId: MWAR-15995]
Warning: Iteration pacing cannot be reached (pace time = 3.00, actual time = 15.77).	[MsgId: MWAR-15995]
Warning: Iteration pacing cannot be reached (pace time = 3.00, actual time = 16.54).	[MsgId: MWAR-15995]
Warning: Iteration pacing cannot be reached (pace time = 3.00, actual time = 17.81).	[MsgId: MWAR-15995]
Warning: Iteration pacing cannot be reached (pace time = 3.00, actual time = 16.57).	[MsgId: MWAR-15995]
Warning: Iteration pacing cannot be reached (pace time = 3.00, actual time = 17.23).	[MsgId: MWAR-15995]
Warning: Iteration pacing cannot be reached (pace time = 3.00, actual time = 18.41).	[MsgId: MWAR-15995]
Warning: Iteration pacing cannot be reached (pace time = 3.00, actual time = 17.39).	[MsgId: MWAR-15995]
Warning: Iteration pacing cannot be reached (pace time = 3.00, actual time = 17.83).	[MsgId: MWAR-15995]
Warning: Iteration pacing cannot be reached (pace time = 3.00, actual time = 17.65).	[MsgId: MWAR-15995]
Warning: Iteration pacing cannot be reached (pace time = 3.00, actual time = 17.06).	[MsgId: MWAR-15995]
Warning: Iteration pacing cannot be reached (pace time = 3.00, actual time = 17.93).	[MsgId: MWAR-15995]
Warning: Iteration pacing cannot be reached (pace time = 3.00, actual time = 18.34).	[MsgId: MWAR-15995]
Warning: Iteration pacing cannot be reached (pace time = 3.00, actual time = 9.43).	[MsgId: MWAR-15995]
Warning: Iteration pacing cannot be reached (pace time = 3.00, actual time = 13.56).	[MsgId: MWAR-15995]
Warning: Iteration pacing cannot be reached (pace time = 3.00, actual time = 12.58).	[MsgId: MWAR-15995]
Warning: Iteration pacing cannot be reached (pace time = 3.00, actual time = 11.81).	[MsgId: MWAR-15995]
Warning: Iteration pacing cannot be reached (pace time = 3.00, actual time = 13.20).	[MsgId: MWAR-15995]
Warning: Iteration pacing cannot be reached (pace time = 3.00, actual time = 12.82).	[MsgId: MWAR-15995]
Warning: Iteration pacing cannot be reached (pace time = 3.00, actual time = 12.27).	[MsgId: MWAR-15995]
Warning: Iteration pacing cannot be reached (pace time = 3.00, actual time = 13.39).	[MsgId: MWAR-15995]
Warning: Iteration pacing cannot be reached (pace time = 3.00, actual time = 10.93).	[MsgId: MWAR-15995]
Warning: Iteration pacing cannot be reached (pace time = 3.00, actual time = 14.69).	[MsgId: MWAR-15995]
Warning: Iteration pacing cannot be reached (pace time = 3.00, actual time = 16.00).	[MsgId: MWAR-15995]
Warning: Iteration pacing cannot be reached (pace time = 3.00, actual time = 14.88).	[MsgId: MWAR-15995]
Warning: Iteration pacing cannot be reached (pace time = 3.00, actual time = 15.32).	[MsgId: MWAR-15995]
Warning: Iteration pacing cannot be reached (pace time = 3.00, actual time = 13.33).	[MsgId: MWAR-15995]
Warning: Iteration pacing cannot be reached (pace time = 3.00, actual time = 12.37).	[MsgId: MWAR-15995]
Warning: Iteration pacing cannot be reached (pace time = 3.00, actual time = 15.61).	[MsgId: MWAR-15995]
Warning: Iteration pacing cannot be reached (pace time = 3.00, actual time = 10.92).	[MsgId: MWAR-15995]
Warning: Iteration pacing cannot be reached (pace time = 3.00, actual time = 12.31).	[MsgId: MWAR-15995]
Warning: Iteration pacing cannot be reached (pace time = 3.00, actual time = 13.93).	[MsgId: MWAR-15995]
Warning: Iteration pacing cannot be reached (pace time = 3.00, actual time = 12.90).	[MsgId: MWAR-15995]
Warning: Iteration pacing cannot be reached (pace time = 3.00, actual time = 17.51).	[MsgId: MWAR-15995]
Warning: Iteration pacing cannot be reached (pace time = 3.00, actual time = 16.75).	[MsgId: MWAR-15995]
Warning: Iteration pacing cannot be reached (pace time = 3.00, actual time = 13.75).	[MsgId: MWAR-15995]
Action.c(83): Error: <!DOCTYPE HTML PUBLIC "-//IETF//DTD HTML 2.0//EN">
<HTML>
	<HEAD>
		<TITLE>500 Internal Server Error</TITLE>
<!--style> <H1 {font-family:Courier,Tahoma,Arial,sans-serif;color:white;background-color:#525D76;font-size:22px;} H2 {font-family:Courier,Tahoma,Arial,sans-serif;color:white;background-color:#525D76;font-size:16px;} H3 {font-family:Courier,Tahoma,Arial,sans-serif;color:white;background-color:#525D76;font-size:14px;} BODY {font-family:Courier,Tahoma,Arial,sans-serif;color:black;background-color:white;} B {font-family:Courier,Tahoma,Arial,sans-serif;color:white;background-color:#525D76;} P {font-family:Courier,Tahoma,Arial,sans-serif;background:white;color:black;font-size:12px;}A {color : black;}A.name {color : black;}HR {color : #525D76;}></style-->
	</HEAD>
	<BODY>
		<hr align="center" noShade>
		<br>
		<TABLE cellSpacing="5" cellPadding="5" width="100" bgColor="#ffffff" border="0">
			<TR>
				<TD bgColor="#b2b2b2">
					<STRONG><FONT size="5"><FONT face="Courier">&nbsp; </FONT><FONT face="Arial">HTTP Status&nbsp;<FONT color="#6600cc">:&nbsp;500 - 500 Internal Server Error</FONT></FONT></FONT></STRONG>
				</TD>
			</TR>
		</TABLE>
		<br>
		<hr align="center" noShade>
		<br>
		<TABLE cellSpacing="5" cellPadding="5" width="100" bgColor="#ffffff" border="0">
			<TR>
				<TD vAlign="top" align="right" width="140" bgColor="#e0e0e0">
					<P align="center"><FONT face="Courier" color="#0a246a" size="4"><STRONG>Description</STRONG></FONT></P>
				</TD>
				<TD bgColor="#f0e0e0">
					<DIV align="left"><PRE><FONT face=Courier size=4>The asynchronous job timed out.</FONT></PRE></DIV>
				</TD>
			</TR>
		</TABLE>
	</BODY>
</HTML>	[MsgId: MERR-17999]
Warning: Iteration pacing cannot be reached (pace time = 3.00, actual time = 30.06).	[MsgId: MWAR-15995]
Action.c(83): Error: <!DOCTYPE HTML PUBLIC "-//IETF//DTD HTML 2.0//EN">
<HTML>
	<HEAD>
		<TITLE>500 Internal Server Error</TITLE>
<!--style> <H1 {font-family:Courier,Tahoma,Arial,sans-serif;color:white;background-color:#525D76;font-size:22px;} H2 {font-family:Courier,Tahoma,Arial,sans-serif;color:white;background-color:#525D76;font-size:16px;} H3 {font-family:Courier,Tahoma,Arial,sans-serif;color:white;background-color:#525D76;font-size:14px;} BODY {font-family:Courier,Tahoma,Arial,sans-serif;color:black;background-color:white;} B {font-family:Courier,Tahoma,Arial,sans-serif;color:white;background-color:#525D76;} P {font-family:Courier,Tahoma,Arial,sans-serif;background:white;color:black;font-size:12px;}A {color : black;}A.name {color : black;}HR {color : #525D76;}></style-->
	</HEAD>
	<BODY>
		<hr align="center" noShade>
		<br>
		<TABLE cellSpacing="5" cellPadding="5" width="100" bgColor="#ffffff" border="0">
			<TR>
				<TD bgColor="#b2b2b2">
					<STRONG><FONT size="5"><FONT face="Courier">&nbsp; </FONT><FONT face="Arial">HTTP Status&nbsp;<FONT color="#6600cc">:&nbsp;500 - 500 Internal Server Error</FONT></FONT></FONT></STRONG>
				</TD>
			</TR>
		</TABLE>
		<br>
		<hr align="center" noShade>
		<br>
		<TABLE cellSpacing="5" cellPadding="5" width="100" bgColor="#ffffff" border="0">
			<TR>
				<TD vAlign="top" align="right" width="140" bgColor="#e0e0e0">
					<P align="center"><FONT face="Courier" color="#0a246a" size="4"><STRONG>Description</STRONG></FONT></P>
				</TD>
				<TD bgColor="#f0e0e0">
					<DIV align="left"><PRE><FONT face=Courier size=4>The asynchronous job timed out.</FONT></PRE></DIV>
				</TD>
			</TR>
		</TABLE>
	</BODY>
</HTML>	[MsgId: MERR-17999]
Warning: Iteration pacing cannot be reached (pace time = 3.00, actual time = 30.80).	[MsgId: MWAR-15995]
Action.c(83): Error: <!DOCTYPE HTML PUBLIC "-//IETF//DTD HTML 2.0//EN">
<HTML>
	<HEAD>
		<TITLE>500 Internal Server Error</TITLE>
<!--style> <H1 {font-family:Courier,Tahoma,Arial,sans-serif;color:white;background-color:#525D76;font-size:22px;} H2 {font-family:Courier,Tahoma,Arial,sans-serif;color:white;background-color:#525D76;font-size:16px;} H3 {font-family:Courier,Tahoma,Arial,sans-serif;color:white;background-color:#525D76;font-size:14px;} BODY {font-family:Courier,Tahoma,Arial,sans-serif;color:black;background-color:white;} B {font-family:Courier,Tahoma,Arial,sans-serif;color:white;background-color:#525D76;} P {font-family:Courier,Tahoma,Arial,sans-serif;background:white;color:black;font-size:12px;}A {color : black;}A.name {color : black;}HR {color : #525D76;}></style-->
	</HEAD>
	<BODY>
		<hr align="center" noShade>
		<br>
		<TABLE cellSpacing="5" cellPadding="5" width="100" bgColor="#ffffff" border="0">
			<TR>
				<TD bgColor="#b2b2b2">
					<STRONG><FONT size="5"><FONT face="Courier">&nbsp; </FONT><FONT face="Arial">HTTP Status&nbsp;<FONT color="#6600cc">:&nbsp;500 - 500 Internal Server Error</FONT></FONT></FONT></STRONG>
				</TD>
			</TR>
		</TABLE>
		<br>
		<hr align="center" noShade>
		<br>
		<TABLE cellSpacing="5" cellPadding="5" width="100" bgColor="#ffffff" border="0">
			<TR>
				<TD vAlign="top" align="right" width="140" bgColor="#e0e0e0">
					<P align="center"><FONT face="Courier" color="#0a246a" size="4"><STRONG>Description</STRONG></FONT></P>
				</TD>
				<TD bgColor="#f0e0e0">
					<DIV align="left"><PRE><FONT face=Courier size=4>The asynchronous job timed out.</FONT></PRE></DIV>
				</TD>
			</TR>
		</TABLE>
	</BODY>
</HTML>	[MsgId: MERR-17999]
Warning: Iteration pacing cannot be reached (pace time = 3.00, actual time = 30.57).	[MsgId: MWAR-15995]
Warning: Iteration pacing cannot be reached (pace time = 3.00, actual time = 13.91).	[MsgId: MWAR-15995]
Action.c(83): Error: <!DOCTYPE HTML PUBLIC "-//IETF//DTD HTML 2.0//EN">
<HTML>
	<HEAD>
		<TITLE>500 Internal Server Error</TITLE>
<!--style> <H1 {font-family:Courier,Tahoma,Arial,sans-serif;color:white;background-color:#525D76;font-size:22px;} H2 {font-family:Courier,Tahoma,Arial,sans-serif;color:white;background-color:#525D76;font-size:16px;} H3 {font-family:Courier,Tahoma,Arial,sans-serif;color:white;background-color:#525D76;font-size:14px;} BODY {font-family:Courier,Tahoma,Arial,sans-serif;color:black;background-color:white;} B {font-family:Courier,Tahoma,Arial,sans-serif;color:white;background-color:#525D76;} P {font-family:Courier,Tahoma,Arial,sans-serif;background:white;color:black;font-size:12px;}A {color : black;}A.name {color : black;}HR {color : #525D76;}></style-->
	</HEAD>
	<BODY>
		<hr align="center" noShade>
		<br>
		<TABLE cellSpacing="5" cellPadding="5" width="100" bgColor="#ffffff" border="0">
			<TR>
				<TD bgColor="#b2b2b2">
					<STRONG><FONT size="5"><FONT face="Courier">&nbsp; </FONT><FONT face="Arial">HTTP Status&nbsp;<FONT color="#6600cc">:&nbsp;500 - 500 Internal Server Error</FONT></FONT></FONT></STRONG>
				</TD>
			</TR>
		</TABLE>
		<br>
		<hr align="center" noShade>
		<br>
		<TABLE cellSpacing="5" cellPadding="5" width="100" bgColor="#ffffff" border="0">
			<TR>
				<TD vAlign="top" align="right" width="140" bgColor="#e0e0e0">
					<P align="center"><FONT face="Courier" color="#0a246a" size="4"><STRONG>Description</STRONG></FONT></P>
				</TD>
				<TD bgColor="#f0e0e0">
					<DIV align="left"><PRE><FONT face=Courier size=4>The asynchronous job timed out.</FONT></PRE></DIV>
				</TD>
			</TR>
		</TABLE>
	</BODY>
</HTML>	[MsgId: MERR-17999]
Warning: Iteration pacing cannot be reached (pace time = 3.00, actual time = 30.38).	[MsgId: MWAR-15995]
Warning: Iteration pacing cannot be reached (pace time = 3.00, actual time = 21.85).	[MsgId: MWAR-15995]
Warning: Iteration pacing cannot be reached (pace time = 3.00, actual time = 23.04).	[MsgId: MWAR-15995]
Warning: Iteration pacing cannot be reached (pace time = 3.00, actual time = 14.38).	[MsgId: MWAR-15995]
Warning: Iteration pacing cannot be reached (pace time = 3.00, actual time = 14.78).	[MsgId: MWAR-15995]
Warning: Iteration pacing cannot be reached (pace time = 3.00, actual time = 12.79).	[MsgId: MWAR-15995]
Warning: Iteration pacing cannot be reached (pace time = 3.00, actual time = 14.12).	[MsgId: MWAR-15995]
Warning: Iteration pacing cannot be reached (pace time = 3.00, actual time = 14.33).	[MsgId: MWAR-15995]
Warning: Iteration pacing cannot be reached (pace time = 3.00, actual time = 23.78).	[MsgId: MWAR-15995]
Warning: Iteration pacing cannot be reached (pace time = 3.00, actual time = 21.71).	[MsgId: MWAR-15995]
Warning: Iteration pacing cannot be reached (pace time = 3.00, actual time = 15.86).	[MsgId: MWAR-15995]
Warning: Iteration pacing cannot be reached (pace time = 3.00, actual time = 20.88).	[MsgId: MWAR-15995]
Warning: Iteration pacing cannot be reached (pace time = 3.00, actual time = 19.83).	[MsgId: MWAR-15995]
Warning: Iteration pacing cannot be reached (pace time = 3.00, actual time = 15.86).	[MsgId: MWAR-15995]
Warning: Iteration pacing cannot be reached (pace time = 3.00, actual time = 19.83).	[MsgId: MWAR-15995]
Warning: Iteration pacing cannot be reached (pace time = 3.00, actual time = 18.40).	[MsgId: MWAR-15995]
Warning: Iteration pacing cannot be reached (pace time = 3.00, actual time = 12.58).	[MsgId: MWAR-15995]
Warning: Iteration pacing cannot be reached (pace time = 3.00, actual time = 20.27).	[MsgId: MWAR-15995]
Warning: Iteration pacing cannot be reached (pace time = 3.00, actual time = 18.22).	[MsgId: MWAR-15995]
Warning: Iteration pacing cannot be reached (pace time = 3.00, actual time = 17.77).	[MsgId: MWAR-15995]
Warning: Iteration pacing cannot be reached (pace time = 3.00, actual time = 21.48).	[MsgId: MWAR-15995]
Warning: Iteration pacing cannot be reached (pace time = 3.00, actual time = 14.38).	[MsgId: MWAR-15995]
Warning: Iteration pacing cannot be reached (pace time = 3.00, actual time = 14.91).	[MsgId: MWAR-15995]
Warning: Iteration pacing cannot be reached (pace time = 3.00, actual time = 16.89).	[MsgId: MWAR-15995]
Warning: Iteration pacing cannot be reached (pace time = 3.00, actual time = 13.87).	[MsgId: MWAR-15995]
Action.c(83): Error: <!DOCTYPE HTML PUBLIC "-//IETF//DTD HTML 2.0//EN">
<HTML>
	<HEAD>
		<TITLE>500 Internal Server Error</TITLE>
<!--style> <H1 {font-family:Courier,Tahoma,Arial,sans-serif;color:white;background-color:#525D76;font-size:22px;} H2 {font-family:Courier,Tahoma,Arial,sans-serif;color:white;background-color:#525D76;font-size:16px;} H3 {font-family:Courier,Tahoma,Arial,sans-serif;color:white;background-color:#525D76;font-size:14px;} BODY {font-family:Courier,Tahoma,Arial,sans-serif;color:black;background-color:white;} B {font-family:Courier,Tahoma,Arial,sans-serif;color:white;background-color:#525D76;} P {font-family:Courier,Tahoma,Arial,sans-serif;background:white;color:black;font-size:12px;}A {color : black;}A.name {color : black;}HR {color : #525D76;}></style-->
	</HEAD>
	<BODY>
		<hr align="center" noShade>
		<br>
		<TABLE cellSpacing="5" cellPadding="5" width="100" bgColor="#ffffff" border="0">
			<TR>
				<TD bgColor="#b2b2b2">
					<STRONG><FONT size="5"><FONT face="Courier">&nbsp; </FONT><FONT face="Arial">HTTP Status&nbsp;<FONT color="#6600cc">:&nbsp;500 - 500 Internal Server Error</FONT></FONT></FONT></STRONG>
				</TD>
			</TR>
		</TABLE>
		<br>
		<hr align="center" noShade>
		<br>
		<TABLE cellSpacing="5" cellPadding="5" width="100" bgColor="#ffffff" border="0">
			<TR>
				<TD vAlign="top" align="right" width="140" bgColor="#e0e0e0">
					<P align="center"><FONT face="Courier" color="#0a246a" size="4"><STRONG>Description</STRONG></FONT></P>
				</TD>
				<TD bgColor="#f0e0e0">
					<DIV align="left"><PRE><FONT face=Courier size=4>The asynchronous job timed out.</FONT></PRE></DIV>
				</TD>
			</TR>
		</TABLE>
	</BODY>
</HTML>	[MsgId: MERR-17999]
Action.c(83): Error: <!DOCTYPE HTML PUBLIC "-//IETF//DTD HTML 2.0//EN">
<HTML>
	<HEAD>
		<TITLE>500 Internal Server Error</TITLE>
<!--style> <H1 {font-family:Courier,Tahoma,Arial,sans-serif;color:white;background-color:#525D76;font-size:22px;} H2 {font-family:Courier,Tahoma,Arial,sans-serif;color:white;background-color:#525D76;font-size:16px;} H3 {font-family:Courier,Tahoma,Arial,sans-serif;color:white;background-color:#525D76;font-size:14px;} BODY {font-family:Courier,Tahoma,Arial,sans-serif;color:black;background-color:white;} B {font-family:Courier,Tahoma,Arial,sans-serif;color:white;background-color:#525D76;} P {font-family:Courier,Tahoma,Arial,sans-serif;background:white;color:black;font-size:12px;}A {color : black;}A.name {color : black;}HR {color : #525D76;}></style-->
	</HEAD>
	<BODY>
		<hr align="center" noShade>
		<br>
		<TABLE cellSpacing="5" cellPadding="5" width="100" bgColor="#ffffff" border="0">
			<TR>
				<TD bgColor="#b2b2b2">
					<STRONG><FONT size="5"><FONT face="Courier">&nbsp; </FONT><FONT face="Arial">HTTP Status&nbsp;<FONT color="#6600cc">:&nbsp;500 - 500 Internal Server Error</FONT></FONT></FONT></STRONG>
				</TD>
			</TR>
		</TABLE>
		<br>
		<hr align="center" noShade>
		<br>
		<TABLE cellSpacing="5" cellPadding="5" width="100" bgColor="#ffffff" border="0">
			<TR>
				<TD vAlign="top" align="right" width="140" bgColor="#e0e0e0">
					<P align="center"><FONT face="Courier" color="#0a246a" size="4"><STRONG>Description</STRONG></FONT></P>
				</TD>
				<TD bgColor="#f0e0e0">
					<DIV align="left"><PRE><FONT face=Courier size=4>The asynchronous job timed out.</FONT></PRE></DIV>
				</TD>
			</TR>
		</TABLE>
	</BODY>
</HTML>	[MsgId: MERR-17999]
Action.c(83): Error: <!DOCTYPE HTML PUBLIC "-//IETF//DTD HTML 2.0//EN">
<HTML>
	<HEAD>
		<TITLE>500 Internal Server Error</TITLE>
<!--style> <H1 {font-family:Courier,Tahoma,Arial,sans-serif;color:white;background-color:#525D76;font-size:22px;} H2 {font-family:Courier,Tahoma,Arial,sans-serif;color:white;background-color:#525D76;font-size:16px;} H3 {font-family:Courier,Tahoma,Arial,sans-serif;color:white;background-color:#525D76;font-size:14px;} BODY {font-family:Courier,Tahoma,Arial,sans-serif;color:black;background-color:white;} B {font-family:Courier,Tahoma,Arial,sans-serif;color:white;background-color:#525D76;} P {font-family:Courier,Tahoma,Arial,sans-serif;background:white;color:black;font-size:12px;}A {color : black;}A.name {color : black;}HR {color : #525D76;}></style-->
	</HEAD>
	<BODY>
		<hr align="center" noShade>
		<br>
		<TABLE cellSpacing="5" cellPadding="5" width="100" bgColor="#ffffff" border="0">
			<TR>
				<TD bgColor="#b2b2b2">
					<STRONG><FONT size="5"><FONT face="Courier">&nbsp; </FONT><FONT face="Arial">HTTP Status&nbsp;<FONT color="#6600cc">:&nbsp;500 - 500 Internal Server Error</FONT></FONT></FONT></STRONG>
				</TD>
			</TR>
		</TABLE>
		<br>
		<hr align="center" noShade>
		<br>
		<TABLE cellSpacing="5" cellPadding="5" width="100" bgColor="#ffffff" border="0">
			<TR>
				<TD vAlign="top" align="right" width="140" bgColor="#e0e0e0">
					<P align="center"><FONT face="Courier" color="#0a246a" size="4"><STRONG>Description</STRONG></FONT></P>
				</TD>
				<TD bgColor="#f0e0e0">
					<DIV align="left"><PRE><FONT face=Courier size=4>The asynchronous job timed out.</FONT></PRE></DIV>
				</TD>
			</TR>
		</TABLE>
	</BODY>
</HTML>	[MsgId: MERR-17999]
