Warning: Iteration pacing cannot be reached (pace time = 3.00, actual time = 3.25).	[MsgId: MWAR-15995]
Warning: Iteration pacing cannot be reached (pace time = 3.00, actual time = 5.32).	[MsgId: MWAR-15995]
Warning: Iteration pacing cannot be reached (pace time = 3.00, actual time = 4.20).	[MsgId: MWAR-15995]
Warning: Iteration pacing cannot be reached (pace time = 3.00, actual time = 6.13).	[MsgId: MWAR-15995]
Warning: Iteration pacing cannot be reached (pace time = 3.00, actual time = 5.90).	[MsgId: MWAR-15995]
Warning: Iteration pacing cannot be reached (pace time = 3.00, actual time = 6.85).	[MsgId: MWAR-15995]
Warning: Iteration pacing cannot be reached (pace time = 3.00, actual time = 6.04).	[MsgId: MWAR-15995]
Warning: Iteration pacing cannot be reached (pace time = 3.00, actual time = 6.36).	[MsgId: MWAR-15995]
Warning: Iteration pacing cannot be reached (pace time = 3.00, actual time = 6.67).	[MsgId: MWAR-15995]
Warning: Iteration pacing cannot be reached (pace time = 3.00, actual time = 5.60).	[MsgId: MWAR-15995]
Warning: Iteration pacing cannot be reached (pace time = 3.00, actual time = 6.49).	[MsgId: MWAR-15995]
Warning: Iteration pacing cannot be reached (pace time = 3.00, actual time = 5.51).	[MsgId: MWAR-15995]
Warning: Iteration pacing cannot be reached (pace time = 3.00, actual time = 6.12).	[MsgId: MWAR-15995]
Warning: Iteration pacing cannot be reached (pace time = 3.00, actual time = 7.83).	[MsgId: MWAR-15995]
Warning: Iteration pacing cannot be reached (pace time = 3.00, actual time = 7.19).	[MsgId: MWAR-15995]
Warning: Iteration pacing cannot be reached (pace time = 3.00, actual time = 7.09).	[MsgId: MWAR-15995]
Warning: Iteration pacing cannot be reached (pace time = 3.00, actual time = 7.30).	[MsgId: MWAR-15995]
Warning: Iteration pacing cannot be reached (pace time = 3.00, actual time = 7.69).	[MsgId: MWAR-15995]
Warning: Iteration pacing cannot be reached (pace time = 3.00, actual time = 6.15).	[MsgId: MWAR-15995]
Warning: Iteration pacing cannot be reached (pace time = 3.00, actual time = 8.57).	[MsgId: MWAR-15995]
Warning: Iteration pacing cannot be reached (pace time = 3.00, actual time = 7.00).	[MsgId: MWAR-15995]
Warning: Iteration pacing cannot be reached (pace time = 3.00, actual time = 6.72).	[MsgId: MWAR-15995]
Warning: Iteration pacing cannot be reached (pace time = 3.00, actual time = 9.02).	[MsgId: MWAR-15995]
Warning: Iteration pacing cannot be reached (pace time = 3.00, actual time = 7.14).	[MsgId: MWAR-15995]
Warning: Iteration pacing cannot be reached (pace time = 3.00, actual time = 8.49).	[MsgId: MWAR-15995]
Warning: Iteration pacing cannot be reached (pace time = 3.00, actual time = 7.64).	[MsgId: MWAR-15995]
Warning: Iteration pacing cannot be reached (pace time = 3.00, actual time = 7.05).	[MsgId: MWAR-15995]
Warning: Iteration pacing cannot be reached (pace time = 3.00, actual time = 7.63).	[MsgId: MWAR-15995]
Warning: Iteration pacing cannot be reached (pace time = 3.00, actual time = 9.23).	[MsgId: MWAR-15995]
Warning: Iteration pacing cannot be reached (pace time = 3.00, actual time = 9.26).	[MsgId: MWAR-15995]
Warning: Iteration pacing cannot be reached (pace time = 3.00, actual time = 7.61).	[MsgId: MWAR-15995]
Warning: Iteration pacing cannot be reached (pace time = 3.00, actual time = 10.09).	[MsgId: MWAR-15995]
Warning: Iteration pacing cannot be reached (pace time = 3.00, actual time = 9.39).	[MsgId: MWAR-15995]
Warning: Iteration pacing cannot be reached (pace time = 3.00, actual time = 7.45).	[MsgId: MWAR-15995]
Warning: Iteration pacing cannot be reached (pace time = 3.00, actual time = 9.89).	[MsgId: MWAR-15995]
Warning: Iteration pacing cannot be reached (pace time = 3.00, actual time = 8.63).	[MsgId: MWAR-15995]
Warning: Iteration pacing cannot be reached (pace time = 3.00, actual time = 9.15).	[MsgId: MWAR-15995]
Warning: Iteration pacing cannot be reached (pace time = 3.00, actual time = 9.11).	[MsgId: MWAR-15995]
Warning: Iteration pacing cannot be reached (pace time = 3.00, actual time = 8.63).	[MsgId: MWAR-15995]
Warning: Iteration pacing cannot be reached (pace time = 3.00, actual time = 9.19).	[MsgId: MWAR-15995]
Warning: Iteration pacing cannot be reached (pace time = 3.00, actual time = 8.27).	[MsgId: MWAR-15995]
Warning: Iteration pacing cannot be reached (pace time = 3.00, actual time = 8.90).	[MsgId: MWAR-15995]
Warning: Iteration pacing cannot be reached (pace time = 3.00, actual time = 4.17).	[MsgId: MWAR-15995]
Warning: Iteration pacing cannot be reached (pace time = 3.00, actual time = 4.40).	[MsgId: MWAR-15995]
Warning: Iteration pacing cannot be reached (pace time = 3.00, actual time = 4.08).	[MsgId: MWAR-15995]
Warning: Iteration pacing cannot be reached (pace time = 3.00, actual time = 3.75).	[MsgId: MWAR-15995]
Warning: Iteration pacing cannot be reached (pace time = 3.00, actual time = 5.90).	[MsgId: MWAR-15995]
Warning: Iteration pacing cannot be reached (pace time = 3.00, actual time = 7.35).	[MsgId: MWAR-15995]
Warning: Iteration pacing cannot be reached (pace time = 3.00, actual time = 8.47).	[MsgId: MWAR-15995]
Warning: Iteration pacing cannot be reached (pace time = 3.00, actual time = 4.81).	[MsgId: MWAR-15995]
Warning: Iteration pacing cannot be reached (pace time = 3.00, actual time = 6.40).	[MsgId: MWAR-15995]
Warning: Iteration pacing cannot be reached (pace time = 3.00, actual time = 5.06).	[MsgId: MWAR-15995]
Warning: Iteration pacing cannot be reached (pace time = 3.00, actual time = 6.22).	[MsgId: MWAR-15995]
Warning: Iteration pacing cannot be reached (pace time = 3.00, actual time = 8.23).	[MsgId: MWAR-15995]
Warning: Iteration pacing cannot be reached (pace time = 3.00, actual time = 9.22).	[MsgId: MWAR-15995]
Warning: Iteration pacing cannot be reached (pace time = 3.00, actual time = 7.96).	[MsgId: MWAR-15995]
Warning: Iteration pacing cannot be reached (pace time = 3.00, actual time = 7.75).	[MsgId: MWAR-15995]
Warning: Iteration pacing cannot be reached (pace time = 3.00, actual time = 7.17).	[MsgId: MWAR-15995]
Warning: Iteration pacing cannot be reached (pace time = 3.00, actual time = 7.68).	[MsgId: MWAR-15995]
Warning: Iteration pacing cannot be reached (pace time = 3.00, actual time = 10.28).	[MsgId: MWAR-15995]
Warning: Iteration pacing cannot be reached (pace time = 3.00, actual time = 8.46).	[MsgId: MWAR-15995]
Warning: Iteration pacing cannot be reached (pace time = 3.00, actual time = 6.94).	[MsgId: MWAR-15995]
Warning: Iteration pacing cannot be reached (pace time = 3.00, actual time = 10.30).	[MsgId: MWAR-15995]
Warning: Iteration pacing cannot be reached (pace time = 3.00, actual time = 10.17).	[MsgId: MWAR-15995]
Warning: Iteration pacing cannot be reached (pace time = 3.00, actual time = 8.48).	[MsgId: MWAR-15995]
Warning: Iteration pacing cannot be reached (pace time = 3.00, actual time = 10.04).	[MsgId: MWAR-15995]
Warning: Iteration pacing cannot be reached (pace time = 3.00, actual time = 8.03).	[MsgId: MWAR-15995]
Warning: Iteration pacing cannot be reached (pace time = 3.00, actual time = 8.04).	[MsgId: MWAR-15995]
Warning: Iteration pacing cannot be reached (pace time = 3.00, actual time = 9.29).	[MsgId: MWAR-15995]
Warning: Iteration pacing cannot be reached (pace time = 3.00, actual time = 9.64).	[MsgId: MWAR-15995]
Warning: Iteration pacing cannot be reached (pace time = 3.00, actual time = 8.80).	[MsgId: MWAR-15995]
Warning: Iteration pacing cannot be reached (pace time = 3.00, actual time = 8.22).	[MsgId: MWAR-15995]
Warning: Iteration pacing cannot be reached (pace time = 3.00, actual time = 12.12).	[MsgId: MWAR-15995]
Warning: Iteration pacing cannot be reached (pace time = 3.00, actual time = 8.05).	[MsgId: MWAR-15995]
Warning: Iteration pacing cannot be reached (pace time = 3.00, actual time = 8.70).	[MsgId: MWAR-15995]
Warning: Iteration pacing cannot be reached (pace time = 3.00, actual time = 8.72).	[MsgId: MWAR-15995]
Warning: Iteration pacing cannot be reached (pace time = 3.00, actual time = 6.67).	[MsgId: MWAR-15995]
Warning: Iteration pacing cannot be reached (pace time = 3.00, actual time = 9.62).	[MsgId: MWAR-15995]
Warning: Iteration pacing cannot be reached (pace time = 3.00, actual time = 9.22).	[MsgId: MWAR-15995]
Warning: Iteration pacing cannot be reached (pace time = 3.00, actual time = 7.67).	[MsgId: MWAR-15995]
Warning: Iteration pacing cannot be reached (pace time = 3.00, actual time = 10.79).	[MsgId: MWAR-15995]
Warning: Iteration pacing cannot be reached (pace time = 3.00, actual time = 8.29).	[MsgId: MWAR-15995]
Warning: Iteration pacing cannot be reached (pace time = 3.00, actual time = 9.14).	[MsgId: MWAR-15995]
Warning: Iteration pacing cannot be reached (pace time = 3.00, actual time = 8.82).	[MsgId: MWAR-15995]
Warning: Iteration pacing cannot be reached (pace time = 3.00, actual time = 9.30).	[MsgId: MWAR-15995]
Warning: Iteration pacing cannot be reached (pace time = 3.00, actual time = 7.15).	[MsgId: MWAR-15995]
Warning: Iteration pacing cannot be reached (pace time = 3.00, actual time = 7.76).	[MsgId: MWAR-15995]
Warning: Iteration pacing cannot be reached (pace time = 3.00, actual time = 6.38).	[MsgId: MWAR-15995]
Warning: Iteration pacing cannot be reached (pace time = 3.00, actual time = 9.30).	[MsgId: MWAR-15995]
Warning: Iteration pacing cannot be reached (pace time = 3.00, actual time = 9.98).	[MsgId: MWAR-15995]
Warning: Iteration pacing cannot be reached (pace time = 3.00, actual time = 10.42).	[MsgId: MWAR-15995]
Warning: Iteration pacing cannot be reached (pace time = 3.00, actual time = 10.61).	[MsgId: MWAR-15995]
Warning: Iteration pacing cannot be reached (pace time = 3.00, actual time = 10.21).	[MsgId: MWAR-15995]
Warning: Iteration pacing cannot be reached (pace time = 3.00, actual time = 10.59).	[MsgId: MWAR-15995]
Warning: Iteration pacing cannot be reached (pace time = 3.00, actual time = 9.53).	[MsgId: MWAR-15995]
Warning: Iteration pacing cannot be reached (pace time = 3.00, actual time = 8.34).	[MsgId: MWAR-15995]
Warning: Iteration pacing cannot be reached (pace time = 3.00, actual time = 7.53).	[MsgId: MWAR-15995]
Warning: Iteration pacing cannot be reached (pace time = 3.00, actual time = 9.77).	[MsgId: MWAR-15995]
Warning: Iteration pacing cannot be reached (pace time = 3.00, actual time = 9.33).	[MsgId: MWAR-15995]
Warning: Iteration pacing cannot be reached (pace time = 3.00, actual time = 10.48).	[MsgId: MWAR-15995]
Warning: Iteration pacing cannot be reached (pace time = 3.00, actual time = 11.47).	[MsgId: MWAR-15995]
Warning: Iteration pacing cannot be reached (pace time = 3.00, actual time = 10.25).	[MsgId: MWAR-15995]
Warning: Iteration pacing cannot be reached (pace time = 3.00, actual time = 8.89).	[MsgId: MWAR-15995]
Warning: Iteration pacing cannot be reached (pace time = 3.00, actual time = 8.83).	[MsgId: MWAR-15995]
Warning: Iteration pacing cannot be reached (pace time = 3.00, actual time = 9.67).	[MsgId: MWAR-15995]
Warning: Iteration pacing cannot be reached (pace time = 3.00, actual time = 9.76).	[MsgId: MWAR-15995]
Warning: Iteration pacing cannot be reached (pace time = 3.00, actual time = 9.18).	[MsgId: MWAR-15995]
Warning: Iteration pacing cannot be reached (pace time = 3.00, actual time = 9.57).	[MsgId: MWAR-15995]
Warning: Iteration pacing cannot be reached (pace time = 3.00, actual time = 9.55).	[MsgId: MWAR-15995]
Warning: Iteration pacing cannot be reached (pace time = 3.00, actual time = 10.07).	[MsgId: MWAR-15995]
Warning: Iteration pacing cannot be reached (pace time = 3.00, actual time = 9.14).	[MsgId: MWAR-15995]
Warning: Iteration pacing cannot be reached (pace time = 3.00, actual time = 8.36).	[MsgId: MWAR-15995]
Warning: Iteration pacing cannot be reached (pace time = 3.00, actual time = 8.16).	[MsgId: MWAR-15995]
Warning: Iteration pacing cannot be reached (pace time = 3.00, actual time = 10.19).	[MsgId: MWAR-15995]
Warning: Iteration pacing cannot be reached (pace time = 3.00, actual time = 6.54).	[MsgId: MWAR-15995]
Warning: Iteration pacing cannot be reached (pace time = 3.00, actual time = 10.41).	[MsgId: MWAR-15995]
Action.c(83): Error: <!DOCTYPE HTML PUBLIC "-//IETF//DTD HTML 2.0//EN">
<HTML>
	<HEAD>
		<TITLE>500 Internal Server Error</TITLE>
<!--style> <H1 {font-family:Courier,Tahoma,Arial,sans-serif;color:white;background-color:#525D76;font-size:22px;} H2 {font-family:Courier,Tahoma,Arial,sans-serif;color:white;background-color:#525D76;font-size:16px;} H3 {font-family:Courier,Tahoma,Arial,sans-serif;color:white;background-color:#525D76;font-size:14px;} BODY {font-family:Courier,Tahoma,Arial,sans-serif;color:black;background-color:white;} B {font-family:Courier,Tahoma,Arial,sans-serif;color:white;background-color:#525D76;} P {font-family:Courier,Tahoma,Arial,sans-serif;background:white;color:black;font-size:12px;}A {color : black;}A.name {color : black;}HR {color : #525D76;}></style-->
	</HEAD>
	<BODY>
		<hr align="center" noShade>
		<br>
		<TABLE cellSpacing="5" cellPadding="5" width="100" bgColor="#ffffff" border="0">
			<TR>
				<TD bgColor="#b2b2b2">
					<STRONG><FONT size="5"><FONT face="Courier">&nbsp; </FONT><FONT face="Arial">HTTP Status&nbsp;<FONT color="#6600cc">:&nbsp;500 - 500 Internal Server Error</FONT></FONT></FONT></STRONG>
				</TD>
			</TR>
		</TABLE>
		<br>
		<hr align="center" noShade>
		<br>
		<TABLE cellSpacing="5" cellPadding="5" width="100" bgColor="#ffffff" border="0">
			<TR>
				<TD vAlign="top" align="right" width="140" bgColor="#e0e0e0">
					<P align="center"><FONT face="Courier" color="#0a246a" size="4"><STRONG>Description</STRONG></FONT></P>
				</TD>
				<TD bgColor="#f0e0e0">
					<DIV align="left"><PRE><FONT face=Courier size=4>The asynchronous job timed out.</FONT></PRE></DIV>
				</TD>
			</TR>
		</TABLE>
	</BODY>
</HTML>	[MsgId: MERR-17999]
Warning: Iteration pacing cannot be reached (pace time = 3.00, actual time = 30.60).	[MsgId: MWAR-15995]
Warning: Iteration pacing cannot be reached (pace time = 3.00, actual time = 8.70).	[MsgId: MWAR-15995]
Action.c(83): Error: <!DOCTYPE HTML PUBLIC "-//IETF//DTD HTML 2.0//EN">
<HTML>
	<HEAD>
		<TITLE>500 Internal Server Error</TITLE>
<!--style> <H1 {font-family:Courier,Tahoma,Arial,sans-serif;color:white;background-color:#525D76;font-size:22px;} H2 {font-family:Courier,Tahoma,Arial,sans-serif;color:white;background-color:#525D76;font-size:16px;} H3 {font-family:Courier,Tahoma,Arial,sans-serif;color:white;background-color:#525D76;font-size:14px;} BODY {font-family:Courier,Tahoma,Arial,sans-serif;color:black;background-color:white;} B {font-family:Courier,Tahoma,Arial,sans-serif;color:white;background-color:#525D76;} P {font-family:Courier,Tahoma,Arial,sans-serif;background:white;color:black;font-size:12px;}A {color : black;}A.name {color : black;}HR {color : #525D76;}></style-->
	</HEAD>
	<BODY>
		<hr align="center" noShade>
		<br>
		<TABLE cellSpacing="5" cellPadding="5" width="100" bgColor="#ffffff" border="0">
			<TR>
				<TD bgColor="#b2b2b2">
					<STRONG><FONT size="5"><FONT face="Courier">&nbsp; </FONT><FONT face="Arial">HTTP Status&nbsp;<FONT color="#6600cc">:&nbsp;500 - 500 Internal Server Error</FONT></FONT></FONT></STRONG>
				</TD>
			</TR>
		</TABLE>
		<br>
		<hr align="center" noShade>
		<br>
		<TABLE cellSpacing="5" cellPadding="5" width="100" bgColor="#ffffff" border="0">
			<TR>
				<TD vAlign="top" align="right" width="140" bgColor="#e0e0e0">
					<P align="center"><FONT face="Courier" color="#0a246a" size="4"><STRONG>Description</STRONG></FONT></P>
				</TD>
				<TD bgColor="#f0e0e0">
					<DIV align="left"><PRE><FONT face=Courier size=4>The asynchronous job timed out.</FONT></PRE></DIV>
				</TD>
			</TR>
		</TABLE>
	</BODY>
</HTML>	[MsgId: MERR-17999]
Warning: Iteration pacing cannot be reached (pace time = 3.00, actual time = 30.33).	[MsgId: MWAR-15995]
Warning: Iteration pacing cannot be reached (pace time = 3.00, actual time = 11.82).	[MsgId: MWAR-15995]
Action.c(83): Error: <!DOCTYPE HTML PUBLIC "-//IETF//DTD HTML 2.0//EN">
<HTML>
	<HEAD>
		<TITLE>500 Internal Server Error</TITLE>
<!--style> <H1 {font-family:Courier,Tahoma,Arial,sans-serif;color:white;background-color:#525D76;font-size:22px;} H2 {font-family:Courier,Tahoma,Arial,sans-serif;color:white;background-color:#525D76;font-size:16px;} H3 {font-family:Courier,Tahoma,Arial,sans-serif;color:white;background-color:#525D76;font-size:14px;} BODY {font-family:Courier,Tahoma,Arial,sans-serif;color:black;background-color:white;} B {font-family:Courier,Tahoma,Arial,sans-serif;color:white;background-color:#525D76;} P {font-family:Courier,Tahoma,Arial,sans-serif;background:white;color:black;font-size:12px;}A {color : black;}A.name {color : black;}HR {color : #525D76;}></style-->
	</HEAD>
	<BODY>
		<hr align="center" noShade>
		<br>
		<TABLE cellSpacing="5" cellPadding="5" width="100" bgColor="#ffffff" border="0">
			<TR>
				<TD bgColor="#b2b2b2">
					<STRONG><FONT size="5"><FONT face="Courier">&nbsp; </FONT><FONT face="Arial">HTTP Status&nbsp;<FONT color="#6600cc">:&nbsp;500 - 500 Internal Server Error</FONT></FONT></FONT></STRONG>
				</TD>
			</TR>
		</TABLE>
		<br>
		<hr align="center" noShade>
		<br>
		<TABLE cellSpacing="5" cellPadding="5" width="100" bgColor="#ffffff" border="0">
			<TR>
				<TD vAlign="top" align="right" width="140" bgColor="#e0e0e0">
					<P align="center"><FONT face="Courier" color="#0a246a" size="4"><STRONG>Description</STRONG></FONT></P>
				</TD>
				<TD bgColor="#f0e0e0">
					<DIV align="left"><PRE><FONT face=Courier size=4>The asynchronous job timed out.</FONT></PRE></DIV>
				</TD>
			</TR>
		</TABLE>
	</BODY>
</HTML>	[MsgId: MERR-17999]
Warning: Iteration pacing cannot be reached (pace time = 3.00, actual time = 30.15).	[MsgId: MWAR-15995]
Action.c(83): Error: <!DOCTYPE HTML PUBLIC "-//IETF//DTD HTML 2.0//EN">
<HTML>
	<HEAD>
		<TITLE>500 Internal Server Error</TITLE>
<!--style> <H1 {font-family:Courier,Tahoma,Arial,sans-serif;color:white;background-color:#525D76;font-size:22px;} H2 {font-family:Courier,Tahoma,Arial,sans-serif;color:white;background-color:#525D76;font-size:16px;} H3 {font-family:Courier,Tahoma,Arial,sans-serif;color:white;background-color:#525D76;font-size:14px;} BODY {font-family:Courier,Tahoma,Arial,sans-serif;color:black;background-color:white;} B {font-family:Courier,Tahoma,Arial,sans-serif;color:white;background-color:#525D76;} P {font-family:Courier,Tahoma,Arial,sans-serif;background:white;color:black;font-size:12px;}A {color : black;}A.name {color : black;}HR {color : #525D76;}></style-->
	</HEAD>
	<BODY>
		<hr align="center" noShade>
		<br>
		<TABLE cellSpacing="5" cellPadding="5" width="100" bgColor="#ffffff" border="0">
			<TR>
				<TD bgColor="#b2b2b2">
					<STRONG><FONT size="5"><FONT face="Courier">&nbsp; </FONT><FONT face="Arial">HTTP Status&nbsp;<FONT color="#6600cc">:&nbsp;500 - 500 Internal Server Error</FONT></FONT></FONT></STRONG>
				</TD>
			</TR>
		</TABLE>
		<br>
		<hr align="center" noShade>
		<br>
		<TABLE cellSpacing="5" cellPadding="5" width="100" bgColor="#ffffff" border="0">
			<TR>
				<TD vAlign="top" align="right" width="140" bgColor="#e0e0e0">
					<P align="center"><FONT face="Courier" color="#0a246a" size="4"><STRONG>Description</STRONG></FONT></P>
				</TD>
				<TD bgColor="#f0e0e0">
					<DIV align="left"><PRE><FONT face=Courier size=4>The asynchronous job timed out.</FONT></PRE></DIV>
				</TD>
			</TR>
		</TABLE>
	</BODY>
</HTML>	[MsgId: MERR-17999]
Warning: Iteration pacing cannot be reached (pace time = 3.00, actual time = 30.18).	[MsgId: MWAR-15995]
Action.c(83): Error: <!DOCTYPE HTML PUBLIC "-//IETF//DTD HTML 2.0//EN">
<HTML>
	<HEAD>
		<TITLE>500 Internal Server Error</TITLE>
<!--style> <H1 {font-family:Courier,Tahoma,Arial,sans-serif;color:white;background-color:#525D76;font-size:22px;} H2 {font-family:Courier,Tahoma,Arial,sans-serif;color:white;background-color:#525D76;font-size:16px;} H3 {font-family:Courier,Tahoma,Arial,sans-serif;color:white;background-color:#525D76;font-size:14px;} BODY {font-family:Courier,Tahoma,Arial,sans-serif;color:black;background-color:white;} B {font-family:Courier,Tahoma,Arial,sans-serif;color:white;background-color:#525D76;} P {font-family:Courier,Tahoma,Arial,sans-serif;background:white;color:black;font-size:12px;}A {color : black;}A.name {color : black;}HR {color : #525D76;}></style-->
	</HEAD>
	<BODY>
		<hr align="center" noShade>
		<br>
		<TABLE cellSpacing="5" cellPadding="5" width="100" bgColor="#ffffff" border="0">
			<TR>
				<TD bgColor="#b2b2b2">
					<STRONG><FONT size="5"><FONT face="Courier">&nbsp; </FONT><FONT face="Arial">HTTP Status&nbsp;<FONT color="#6600cc">:&nbsp;500 - 500 Internal Server Error</FONT></FONT></FONT></STRONG>
				</TD>
			</TR>
		</TABLE>
		<br>
		<hr align="center" noShade>
		<br>
		<TABLE cellSpacing="5" cellPadding="5" width="100" bgColor="#ffffff" border="0">
			<TR>
				<TD vAlign="top" align="right" width="140" bgColor="#e0e0e0">
					<P align="center"><FONT face="Courier" color="#0a246a" size="4"><STRONG>Description</STRONG></FONT></P>
				</TD>
				<TD bgColor="#f0e0e0">
					<DIV align="left"><PRE><FONT face=Courier size=4>The asynchronous job timed out.</FONT></PRE></DIV>
				</TD>
			</TR>
		</TABLE>
	</BODY>
</HTML>	[MsgId: MERR-17999]
Warning: Iteration pacing cannot be reached (pace time = 3.00, actual time = 30.05).	[MsgId: MWAR-15995]
Warning: Iteration pacing cannot be reached (pace time = 3.00, actual time = 9.89).	[MsgId: MWAR-15995]
Action.c(83): Error: <!DOCTYPE HTML PUBLIC "-//IETF//DTD HTML 2.0//EN">
<HTML>
	<HEAD>
		<TITLE>500 Internal Server Error</TITLE>
<!--style> <H1 {font-family:Courier,Tahoma,Arial,sans-serif;color:white;background-color:#525D76;font-size:22px;} H2 {font-family:Courier,Tahoma,Arial,sans-serif;color:white;background-color:#525D76;font-size:16px;} H3 {font-family:Courier,Tahoma,Arial,sans-serif;color:white;background-color:#525D76;font-size:14px;} BODY {font-family:Courier,Tahoma,Arial,sans-serif;color:black;background-color:white;} B {font-family:Courier,Tahoma,Arial,sans-serif;color:white;background-color:#525D76;} P {font-family:Courier,Tahoma,Arial,sans-serif;background:white;color:black;font-size:12px;}A {color : black;}A.name {color : black;}HR {color : #525D76;}></style-->
	</HEAD>
	<BODY>
		<hr align="center" noShade>
		<br>
		<TABLE cellSpacing="5" cellPadding="5" width="100" bgColor="#ffffff" border="0">
			<TR>
				<TD bgColor="#b2b2b2">
					<STRONG><FONT size="5"><FONT face="Courier">&nbsp; </FONT><FONT face="Arial">HTTP Status&nbsp;<FONT color="#6600cc">:&nbsp;500 - 500 Internal Server Error</FONT></FONT></FONT></STRONG>
				</TD>
			</TR>
		</TABLE>
		<br>
		<hr align="center" noShade>
		<br>
		<TABLE cellSpacing="5" cellPadding="5" width="100" bgColor="#ffffff" border="0">
			<TR>
				<TD vAlign="top" align="right" width="140" bgColor="#e0e0e0">
					<P align="center"><FONT face="Courier" color="#0a246a" size="4"><STRONG>Description</STRONG></FONT></P>
				</TD>
				<TD bgColor="#f0e0e0">
					<DIV align="left"><PRE><FONT face=Courier size=4>The asynchronous job timed out.</FONT></PRE></DIV>
				</TD>
			</TR>
		</TABLE>
	</BODY>
</HTML>	[MsgId: MERR-17999]
Warning: Iteration pacing cannot be reached (pace time = 3.00, actual time = 30.83).	[MsgId: MWAR-15995]
Action.c(83): Error: <!DOCTYPE HTML PUBLIC "-//IETF//DTD HTML 2.0//EN">
<HTML>
	<HEAD>
		<TITLE>500 Internal Server Error</TITLE>
<!--style> <H1 {font-family:Courier,Tahoma,Arial,sans-serif;color:white;background-color:#525D76;font-size:22px;} H2 {font-family:Courier,Tahoma,Arial,sans-serif;color:white;background-color:#525D76;font-size:16px;} H3 {font-family:Courier,Tahoma,Arial,sans-serif;color:white;background-color:#525D76;font-size:14px;} BODY {font-family:Courier,Tahoma,Arial,sans-serif;color:black;background-color:white;} B {font-family:Courier,Tahoma,Arial,sans-serif;color:white;background-color:#525D76;} P {font-family:Courier,Tahoma,Arial,sans-serif;background:white;color:black;font-size:12px;}A {color : black;}A.name {color : black;}HR {color : #525D76;}></style-->
	</HEAD>
	<BODY>
		<hr align="center" noShade>
		<br>
		<TABLE cellSpacing="5" cellPadding="5" width="100" bgColor="#ffffff" border="0">
			<TR>
				<TD bgColor="#b2b2b2">
					<STRONG><FONT size="5"><FONT face="Courier">&nbsp; </FONT><FONT face="Arial">HTTP Status&nbsp;<FONT color="#6600cc">:&nbsp;500 - 500 Internal Server Error</FONT></FONT></FONT></STRONG>
				</TD>
			</TR>
		</TABLE>
		<br>
		<hr align="center" noShade>
		<br>
		<TABLE cellSpacing="5" cellPadding="5" width="100" bgColor="#ffffff" border="0">
			<TR>
				<TD vAlign="top" align="right" width="140" bgColor="#e0e0e0">
					<P align="center"><FONT face="Courier" color="#0a246a" size="4"><STRONG>Description</STRONG></FONT></P>
				</TD>
				<TD bgColor="#f0e0e0">
					<DIV align="left"><PRE><FONT face=Courier size=4>The asynchronous job timed out.</FONT></PRE></DIV>
				</TD>
			</TR>
		</TABLE>
	</BODY>
</HTML>	[MsgId: MERR-17999]
Warning: Iteration pacing cannot be reached (pace time = 3.00, actual time = 30.15).	[MsgId: MWAR-15995]
Action.c(83): Error: <!DOCTYPE HTML PUBLIC "-//IETF//DTD HTML 2.0//EN">
<HTML>
	<HEAD>
		<TITLE>500 Internal Server Error</TITLE>
<!--style> <H1 {font-family:Courier,Tahoma,Arial,sans-serif;color:white;background-color:#525D76;font-size:22px;} H2 {font-family:Courier,Tahoma,Arial,sans-serif;color:white;background-color:#525D76;font-size:16px;} H3 {font-family:Courier,Tahoma,Arial,sans-serif;color:white;background-color:#525D76;font-size:14px;} BODY {font-family:Courier,Tahoma,Arial,sans-serif;color:black;background-color:white;} B {font-family:Courier,Tahoma,Arial,sans-serif;color:white;background-color:#525D76;} P {font-family:Courier,Tahoma,Arial,sans-serif;background:white;color:black;font-size:12px;}A {color : black;}A.name {color : black;}HR {color : #525D76;}></style-->
	</HEAD>
	<BODY>
		<hr align="center" noShade>
		<br>
		<TABLE cellSpacing="5" cellPadding="5" width="100" bgColor="#ffffff" border="0">
			<TR>
				<TD bgColor="#b2b2b2">
					<STRONG><FONT size="5"><FONT face="Courier">&nbsp; </FONT><FONT face="Arial">HTTP Status&nbsp;<FONT color="#6600cc">:&nbsp;500 - 500 Internal Server Error</FONT></FONT></FONT></STRONG>
				</TD>
			</TR>
		</TABLE>
		<br>
		<hr align="center" noShade>
		<br>
		<TABLE cellSpacing="5" cellPadding="5" width="100" bgColor="#ffffff" border="0">
			<TR>
				<TD vAlign="top" align="right" width="140" bgColor="#e0e0e0">
					<P align="center"><FONT face="Courier" color="#0a246a" size="4"><STRONG>Description</STRONG></FONT></P>
				</TD>
				<TD bgColor="#f0e0e0">
					<DIV align="left"><PRE><FONT face=Courier size=4>The asynchronous job timed out.</FONT></PRE></DIV>
				</TD>
			</TR>
		</TABLE>
	</BODY>
</HTML>	[MsgId: MERR-17999]
Warning: Iteration pacing cannot be reached (pace time = 3.00, actual time = 30.54).	[MsgId: MWAR-15995]
Warning: Iteration pacing cannot be reached (pace time = 3.00, actual time = 9.02).	[MsgId: MWAR-15995]
Warning: Iteration pacing cannot be reached (pace time = 3.00, actual time = 9.46).	[MsgId: MWAR-15995]
Warning: Iteration pacing cannot be reached (pace time = 3.00, actual time = 8.00).	[MsgId: MWAR-15995]
Warning: Iteration pacing cannot be reached (pace time = 3.00, actual time = 10.15).	[MsgId: MWAR-15995]
Warning: Iteration pacing cannot be reached (pace time = 3.00, actual time = 9.61).	[MsgId: MWAR-15995]
Action.c(83): Error: <!DOCTYPE HTML PUBLIC "-//IETF//DTD HTML 2.0//EN">
<HTML>
	<HEAD>
		<TITLE>500 Internal Server Error</TITLE>
<!--style> <H1 {font-family:Courier,Tahoma,Arial,sans-serif;color:white;background-color:#525D76;font-size:22px;} H2 {font-family:Courier,Tahoma,Arial,sans-serif;color:white;background-color:#525D76;font-size:16px;} H3 {font-family:Courier,Tahoma,Arial,sans-serif;color:white;background-color:#525D76;font-size:14px;} BODY {font-family:Courier,Tahoma,Arial,sans-serif;color:black;background-color:white;} B {font-family:Courier,Tahoma,Arial,sans-serif;color:white;background-color:#525D76;} P {font-family:Courier,Tahoma,Arial,sans-serif;background:white;color:black;font-size:12px;}A {color : black;}A.name {color : black;}HR {color : #525D76;}></style-->
	</HEAD>
	<BODY>
		<hr align="center" noShade>
		<br>
		<TABLE cellSpacing="5" cellPadding="5" width="100" bgColor="#ffffff" border="0">
			<TR>
				<TD bgColor="#b2b2b2">
					<STRONG><FONT size="5"><FONT face="Courier">&nbsp; </FONT><FONT face="Arial">HTTP Status&nbsp;<FONT color="#6600cc">:&nbsp;500 - 500 Internal Server Error</FONT></FONT></FONT></STRONG>
				</TD>
			</TR>
		</TABLE>
		<br>
		<hr align="center" noShade>
		<br>
		<TABLE cellSpacing="5" cellPadding="5" width="100" bgColor="#ffffff" border="0">
			<TR>
				<TD vAlign="top" align="right" width="140" bgColor="#e0e0e0">
					<P align="center"><FONT face="Courier" color="#0a246a" size="4"><STRONG>Description</STRONG></FONT></P>
				</TD>
				<TD bgColor="#f0e0e0">
					<DIV align="left"><PRE><FONT face=Courier size=4>The asynchronous job timed out.</FONT></PRE></DIV>
				</TD>
			</TR>
		</TABLE>
	</BODY>
</HTML>	[MsgId: MERR-17999]
Warning: Iteration pacing cannot be reached (pace time = 3.00, actual time = 30.01).	[MsgId: MWAR-15995]
Warning: Iteration pacing cannot be reached (pace time = 3.00, actual time = 9.52).	[MsgId: MWAR-15995]
Warning: Iteration pacing cannot be reached (pace time = 3.00, actual time = 9.49).	[MsgId: MWAR-15995]
Warning: Iteration pacing cannot be reached (pace time = 3.00, actual time = 12.21).	[MsgId: MWAR-15995]
Warning: Iteration pacing cannot be reached (pace time = 3.00, actual time = 10.89).	[MsgId: MWAR-15995]
Warning: Iteration pacing cannot be reached (pace time = 3.00, actual time = 7.90).	[MsgId: MWAR-15995]
Warning: Iteration pacing cannot be reached (pace time = 3.00, actual time = 10.96).	[MsgId: MWAR-15995]
Warning: Iteration pacing cannot be reached (pace time = 3.00, actual time = 10.46).	[MsgId: MWAR-15995]
Warning: Iteration pacing cannot be reached (pace time = 3.00, actual time = 9.75).	[MsgId: MWAR-15995]
Warning: Iteration pacing cannot be reached (pace time = 3.00, actual time = 11.93).	[MsgId: MWAR-15995]
Warning: Iteration pacing cannot be reached (pace time = 3.00, actual time = 11.89).	[MsgId: MWAR-15995]
Action.c(83): Error: <!DOCTYPE HTML PUBLIC "-//IETF//DTD HTML 2.0//EN">
<HTML>
	<HEAD>
		<TITLE>500 Internal Server Error</TITLE>
<!--style> <H1 {font-family:Courier,Tahoma,Arial,sans-serif;color:white;background-color:#525D76;font-size:22px;} H2 {font-family:Courier,Tahoma,Arial,sans-serif;color:white;background-color:#525D76;font-size:16px;} H3 {font-family:Courier,Tahoma,Arial,sans-serif;color:white;background-color:#525D76;font-size:14px;} BODY {font-family:Courier,Tahoma,Arial,sans-serif;color:black;background-color:white;} B {font-family:Courier,Tahoma,Arial,sans-serif;color:white;background-color:#525D76;} P {font-family:Courier,Tahoma,Arial,sans-serif;background:white;color:black;font-size:12px;}A {color : black;}A.name {color : black;}HR {color : #525D76;}></style-->
	</HEAD>
	<BODY>
		<hr align="center" noShade>
		<br>
		<TABLE cellSpacing="5" cellPadding="5" width="100" bgColor="#ffffff" border="0">
			<TR>
				<TD bgColor="#b2b2b2">
					<STRONG><FONT size="5"><FONT face="Courier">&nbsp; </FONT><FONT face="Arial">HTTP Status&nbsp;<FONT color="#6600cc">:&nbsp;500 - 500 Internal Server Error</FONT></FONT></FONT></STRONG>
				</TD>
			</TR>
		</TABLE>
		<br>
		<hr align="center" noShade>
		<br>
		<TABLE cellSpacing="5" cellPadding="5" width="100" bgColor="#ffffff" border="0">
			<TR>
				<TD vAlign="top" align="right" width="140" bgColor="#e0e0e0">
					<P align="center"><FONT face="Courier" color="#0a246a" size="4"><STRONG>Description</STRONG></FONT></P>
				</TD>
				<TD bgColor="#f0e0e0">
					<DIV align="left"><PRE><FONT face=Courier size=4>The asynchronous job timed out.</FONT></PRE></DIV>
				</TD>
			</TR>
		</TABLE>
	</BODY>
</HTML>	[MsgId: MERR-17999]
Warning: Iteration pacing cannot be reached (pace time = 3.00, actual time = 30.53).	[MsgId: MWAR-15995]
Warning: Iteration pacing cannot be reached (pace time = 3.00, actual time = 10.56).	[MsgId: MWAR-15995]
Warning: Iteration pacing cannot be reached (pace time = 3.00, actual time = 12.36).	[MsgId: MWAR-15995]
Warning: Iteration pacing cannot be reached (pace time = 3.00, actual time = 9.55).	[MsgId: MWAR-15995]
Action.c(83): Error: <!DOCTYPE HTML PUBLIC "-//IETF//DTD HTML 2.0//EN">
<HTML>
	<HEAD>
		<TITLE>500 Internal Server Error</TITLE>
<!--style> <H1 {font-family:Courier,Tahoma,Arial,sans-serif;color:white;background-color:#525D76;font-size:22px;} H2 {font-family:Courier,Tahoma,Arial,sans-serif;color:white;background-color:#525D76;font-size:16px;} H3 {font-family:Courier,Tahoma,Arial,sans-serif;color:white;background-color:#525D76;font-size:14px;} BODY {font-family:Courier,Tahoma,Arial,sans-serif;color:black;background-color:white;} B {font-family:Courier,Tahoma,Arial,sans-serif;color:white;background-color:#525D76;} P {font-family:Courier,Tahoma,Arial,sans-serif;background:white;color:black;font-size:12px;}A {color : black;}A.name {color : black;}HR {color : #525D76;}></style-->
	</HEAD>
	<BODY>
		<hr align="center" noShade>
		<br>
		<TABLE cellSpacing="5" cellPadding="5" width="100" bgColor="#ffffff" border="0">
			<TR>
				<TD bgColor="#b2b2b2">
					<STRONG><FONT size="5"><FONT face="Courier">&nbsp; </FONT><FONT face="Arial">HTTP Status&nbsp;<FONT color="#6600cc">:&nbsp;500 - 500 Internal Server Error</FONT></FONT></FONT></STRONG>
				</TD>
			</TR>
		</TABLE>
		<br>
		<hr align="center" noShade>
		<br>
		<TABLE cellSpacing="5" cellPadding="5" width="100" bgColor="#ffffff" border="0">
			<TR>
				<TD vAlign="top" align="right" width="140" bgColor="#e0e0e0">
					<P align="center"><FONT face="Courier" color="#0a246a" size="4"><STRONG>Description</STRONG></FONT></P>
				</TD>
				<TD bgColor="#f0e0e0">
					<DIV align="left"><PRE><FONT face=Courier size=4>The asynchronous job timed out.</FONT></PRE></DIV>
				</TD>
			</TR>
		</TABLE>
	</BODY>
</HTML>	[MsgId: MERR-17999]
Warning: Iteration pacing cannot be reached (pace time = 3.00, actual time = 30.58).	[MsgId: MWAR-15995]
Warning: Iteration pacing cannot be reached (pace time = 3.00, actual time = 10.50).	[MsgId: MWAR-15995]
Warning: Iteration pacing cannot be reached (pace time = 3.00, actual time = 11.03).	[MsgId: MWAR-15995]
Warning: Iteration pacing cannot be reached (pace time = 3.00, actual time = 11.55).	[MsgId: MWAR-15995]
Action.c(83): Error: <!DOCTYPE HTML PUBLIC "-//IETF//DTD HTML 2.0//EN">
<HTML>
	<HEAD>
		<TITLE>500 Internal Server Error</TITLE>
<!--style> <H1 {font-family:Courier,Tahoma,Arial,sans-serif;color:white;background-color:#525D76;font-size:22px;} H2 {font-family:Courier,Tahoma,Arial,sans-serif;color:white;background-color:#525D76;font-size:16px;} H3 {font-family:Courier,Tahoma,Arial,sans-serif;color:white;background-color:#525D76;font-size:14px;} BODY {font-family:Courier,Tahoma,Arial,sans-serif;color:black;background-color:white;} B {font-family:Courier,Tahoma,Arial,sans-serif;color:white;background-color:#525D76;} P {font-family:Courier,Tahoma,Arial,sans-serif;background:white;color:black;font-size:12px;}A {color : black;}A.name {color : black;}HR {color : #525D76;}></style-->
	</HEAD>
	<BODY>
		<hr align="center" noShade>
		<br>
		<TABLE cellSpacing="5" cellPadding="5" width="100" bgColor="#ffffff" border="0">
			<TR>
				<TD bgColor="#b2b2b2">
					<STRONG><FONT size="5"><FONT face="Courier">&nbsp; </FONT><FONT face="Arial">HTTP Status&nbsp;<FONT color="#6600cc">:&nbsp;500 - 500 Internal Server Error</FONT></FONT></FONT></STRONG>
				</TD>
			</TR>
		</TABLE>
		<br>
		<hr align="center" noShade>
		<br>
		<TABLE cellSpacing="5" cellPadding="5" width="100" bgColor="#ffffff" border="0">
			<TR>
				<TD vAlign="top" align="right" width="140" bgColor="#e0e0e0">
					<P align="center"><FONT face="Courier" color="#0a246a" size="4"><STRONG>Description</STRONG></FONT></P>
				</TD>
				<TD bgColor="#f0e0e0">
					<DIV align="left"><PRE><FONT face=Courier size=4>The asynchronous job timed out.</FONT></PRE></DIV>
				</TD>
			</TR>
		</TABLE>
	</BODY>
</HTML>	[MsgId: MERR-17999]
Warning: Iteration pacing cannot be reached (pace time = 3.00, actual time = 30.74).	[MsgId: MWAR-15995]
Warning: Iteration pacing cannot be reached (pace time = 3.00, actual time = 13.28).	[MsgId: MWAR-15995]
Warning: Iteration pacing cannot be reached (pace time = 3.00, actual time = 12.58).	[MsgId: MWAR-15995]
Warning: Iteration pacing cannot be reached (pace time = 3.00, actual time = 9.95).	[MsgId: MWAR-15995]
Warning: Iteration pacing cannot be reached (pace time = 3.00, actual time = 12.26).	[MsgId: MWAR-15995]
Warning: Iteration pacing cannot be reached (pace time = 3.00, actual time = 9.19).	[MsgId: MWAR-15995]
Action.c(83): Error: <!DOCTYPE HTML PUBLIC "-//IETF//DTD HTML 2.0//EN">
<HTML>
	<HEAD>
		<TITLE>500 Internal Server Error</TITLE>
<!--style> <H1 {font-family:Courier,Tahoma,Arial,sans-serif;color:white;background-color:#525D76;font-size:22px;} H2 {font-family:Courier,Tahoma,Arial,sans-serif;color:white;background-color:#525D76;font-size:16px;} H3 {font-family:Courier,Tahoma,Arial,sans-serif;color:white;background-color:#525D76;font-size:14px;} BODY {font-family:Courier,Tahoma,Arial,sans-serif;color:black;background-color:white;} B {font-family:Courier,Tahoma,Arial,sans-serif;color:white;background-color:#525D76;} P {font-family:Courier,Tahoma,Arial,sans-serif;background:white;color:black;font-size:12px;}A {color : black;}A.name {color : black;}HR {color : #525D76;}></style-->
	</HEAD>
	<BODY>
		<hr align="center" noShade>
		<br>
		<TABLE cellSpacing="5" cellPadding="5" width="100" bgColor="#ffffff" border="0">
			<TR>
				<TD bgColor="#b2b2b2">
					<STRONG><FONT size="5"><FONT face="Courier">&nbsp; </FONT><FONT face="Arial">HTTP Status&nbsp;<FONT color="#6600cc">:&nbsp;500 - 500 Internal Server Error</FONT></FONT></FONT></STRONG>
				</TD>
			</TR>
		</TABLE>
		<br>
		<hr align="center" noShade>
		<br>
		<TABLE cellSpacing="5" cellPadding="5" width="100" bgColor="#ffffff" border="0">
			<TR>
				<TD vAlign="top" align="right" width="140" bgColor="#e0e0e0">
					<P align="center"><FONT face="Courier" color="#0a246a" size="4"><STRONG>Description</STRONG></FONT></P>
				</TD>
				<TD bgColor="#f0e0e0">
					<DIV align="left"><PRE><FONT face=Courier size=4>The asynchronous job timed out.</FONT></PRE></DIV>
				</TD>
			</TR>
		</TABLE>
	</BODY>
</HTML>	[MsgId: MERR-17999]
Warning: Iteration pacing cannot be reached (pace time = 3.00, actual time = 30.02).	[MsgId: MWAR-15995]
Action.c(83): Error: <!DOCTYPE HTML PUBLIC "-//IETF//DTD HTML 2.0//EN">
<HTML>
	<HEAD>
		<TITLE>500 Internal Server Error</TITLE>
<!--style> <H1 {font-family:Courier,Tahoma,Arial,sans-serif;color:white;background-color:#525D76;font-size:22px;} H2 {font-family:Courier,Tahoma,Arial,sans-serif;color:white;background-color:#525D76;font-size:16px;} H3 {font-family:Courier,Tahoma,Arial,sans-serif;color:white;background-color:#525D76;font-size:14px;} BODY {font-family:Courier,Tahoma,Arial,sans-serif;color:black;background-color:white;} B {font-family:Courier,Tahoma,Arial,sans-serif;color:white;background-color:#525D76;} P {font-family:Courier,Tahoma,Arial,sans-serif;background:white;color:black;font-size:12px;}A {color : black;}A.name {color : black;}HR {color : #525D76;}></style-->
	</HEAD>
	<BODY>
		<hr align="center" noShade>
		<br>
		<TABLE cellSpacing="5" cellPadding="5" width="100" bgColor="#ffffff" border="0">
			<TR>
				<TD bgColor="#b2b2b2">
					<STRONG><FONT size="5"><FONT face="Courier">&nbsp; </FONT><FONT face="Arial">HTTP Status&nbsp;<FONT color="#6600cc">:&nbsp;500 - 500 Internal Server Error</FONT></FONT></FONT></STRONG>
				</TD>
			</TR>
		</TABLE>
		<br>
		<hr align="center" noShade>
		<br>
		<TABLE cellSpacing="5" cellPadding="5" width="100" bgColor="#ffffff" border="0">
			<TR>
				<TD vAlign="top" align="right" width="140" bgColor="#e0e0e0">
					<P align="center"><FONT face="Courier" color="#0a246a" size="4"><STRONG>Description</STRONG></FONT></P>
				</TD>
				<TD bgColor="#f0e0e0">
					<DIV align="left"><PRE><FONT face=Courier size=4>The asynchronous job timed out.</FONT></PRE></DIV>
				</TD>
			</TR>
		</TABLE>
	</BODY>
</HTML>	[MsgId: MERR-17999]
Warning: Iteration pacing cannot be reached (pace time = 3.00, actual time = 30.27).	[MsgId: MWAR-15995]
Warning: Iteration pacing cannot be reached (pace time = 3.00, actual time = 7.62).	[MsgId: MWAR-15995]
Action.c(83): Error: <!DOCTYPE HTML PUBLIC "-//IETF//DTD HTML 2.0//EN">
<HTML>
	<HEAD>
		<TITLE>500 Internal Server Error</TITLE>
<!--style> <H1 {font-family:Courier,Tahoma,Arial,sans-serif;color:white;background-color:#525D76;font-size:22px;} H2 {font-family:Courier,Tahoma,Arial,sans-serif;color:white;background-color:#525D76;font-size:16px;} H3 {font-family:Courier,Tahoma,Arial,sans-serif;color:white;background-color:#525D76;font-size:14px;} BODY {font-family:Courier,Tahoma,Arial,sans-serif;color:black;background-color:white;} B {font-family:Courier,Tahoma,Arial,sans-serif;color:white;background-color:#525D76;} P {font-family:Courier,Tahoma,Arial,sans-serif;background:white;color:black;font-size:12px;}A {color : black;}A.name {color : black;}HR {color : #525D76;}></style-->
	</HEAD>
	<BODY>
		<hr align="center" noShade>
		<br>
		<TABLE cellSpacing="5" cellPadding="5" width="100" bgColor="#ffffff" border="0">
			<TR>
				<TD bgColor="#b2b2b2">
					<STRONG><FONT size="5"><FONT face="Courier">&nbsp; </FONT><FONT face="Arial">HTTP Status&nbsp;<FONT color="#6600cc">:&nbsp;500 - 500 Internal Server Error</FONT></FONT></FONT></STRONG>
				</TD>
			</TR>
		</TABLE>
		<br>
		<hr align="center" noShade>
		<br>
		<TABLE cellSpacing="5" cellPadding="5" width="100" bgColor="#ffffff" border="0">
			<TR>
				<TD vAlign="top" align="right" width="140" bgColor="#e0e0e0">
					<P align="center"><FONT face="Courier" color="#0a246a" size="4"><STRONG>Description</STRONG></FONT></P>
				</TD>
				<TD bgColor="#f0e0e0">
					<DIV align="left"><PRE><FONT face=Courier size=4>The asynchronous job timed out.</FONT></PRE></DIV>
				</TD>
			</TR>
		</TABLE>
	</BODY>
</HTML>	[MsgId: MERR-17999]
Warning: Iteration pacing cannot be reached (pace time = 3.00, actual time = 30.44).	[MsgId: MWAR-15995]
Warning: Iteration pacing cannot be reached (pace time = 3.00, actual time = 14.47).	[MsgId: MWAR-15995]
Warning: Iteration pacing cannot be reached (pace time = 3.00, actual time = 16.93).	[MsgId: MWAR-15995]
Warning: Iteration pacing cannot be reached (pace time = 3.00, actual time = 12.68).	[MsgId: MWAR-15995]
Warning: Iteration pacing cannot be reached (pace time = 3.00, actual time = 13.22).	[MsgId: MWAR-15995]
Warning: Iteration pacing cannot be reached (pace time = 3.00, actual time = 13.30).	[MsgId: MWAR-15995]
Warning: Iteration pacing cannot be reached (pace time = 3.00, actual time = 15.37).	[MsgId: MWAR-15995]
Warning: Iteration pacing cannot be reached (pace time = 3.00, actual time = 14.88).	[MsgId: MWAR-15995]
Warning: Iteration pacing cannot be reached (pace time = 3.00, actual time = 14.33).	[MsgId: MWAR-15995]
Warning: Iteration pacing cannot be reached (pace time = 3.00, actual time = 16.36).	[MsgId: MWAR-15995]
Warning: Iteration pacing cannot be reached (pace time = 3.00, actual time = 11.16).	[MsgId: MWAR-15995]
Warning: Iteration pacing cannot be reached (pace time = 3.00, actual time = 16.67).	[MsgId: MWAR-15995]
Warning: Iteration pacing cannot be reached (pace time = 3.00, actual time = 15.75).	[MsgId: MWAR-15995]
Warning: Iteration pacing cannot be reached (pace time = 3.00, actual time = 16.59).	[MsgId: MWAR-15995]
Action.c(83): Error: <!DOCTYPE HTML PUBLIC "-//IETF//DTD HTML 2.0//EN">
<HTML>
	<HEAD>
		<TITLE>500 Internal Server Error</TITLE>
<!--style> <H1 {font-family:Courier,Tahoma,Arial,sans-serif;color:white;background-color:#525D76;font-size:22px;} H2 {font-family:Courier,Tahoma,Arial,sans-serif;color:white;background-color:#525D76;font-size:16px;} H3 {font-family:Courier,Tahoma,Arial,sans-serif;color:white;background-color:#525D76;font-size:14px;} BODY {font-family:Courier,Tahoma,Arial,sans-serif;color:black;background-color:white;} B {font-family:Courier,Tahoma,Arial,sans-serif;color:white;background-color:#525D76;} P {font-family:Courier,Tahoma,Arial,sans-serif;background:white;color:black;font-size:12px;}A {color : black;}A.name {color : black;}HR {color : #525D76;}></style-->
	</HEAD>
	<BODY>
		<hr align="center" noShade>
		<br>
		<TABLE cellSpacing="5" cellPadding="5" width="100" bgColor="#ffffff" border="0">
			<TR>
				<TD bgColor="#b2b2b2">
					<STRONG><FONT size="5"><FONT face="Courier">&nbsp; </FONT><FONT face="Arial">HTTP Status&nbsp;<FONT color="#6600cc">:&nbsp;500 - 500 Internal Server Error</FONT></FONT></FONT></STRONG>
				</TD>
			</TR>
		</TABLE>
		<br>
		<hr align="center" noShade>
		<br>
		<TABLE cellSpacing="5" cellPadding="5" width="100" bgColor="#ffffff" border="0">
			<TR>
				<TD vAlign="top" align="right" width="140" bgColor="#e0e0e0">
					<P align="center"><FONT face="Courier" color="#0a246a" size="4"><STRONG>Description</STRONG></FONT></P>
				</TD>
				<TD bgColor="#f0e0e0">
					<DIV align="left"><PRE><FONT face=Courier size=4>The asynchronous job timed out.</FONT></PRE></DIV>
				</TD>
			</TR>
		</TABLE>
	</BODY>
</HTML>	[MsgId: MERR-17999]
Warning: Iteration pacing cannot be reached (pace time = 3.00, actual time = 30.06).	[MsgId: MWAR-15995]
Warning: Iteration pacing cannot be reached (pace time = 3.00, actual time = 16.75).	[MsgId: MWAR-15995]
Warning: Iteration pacing cannot be reached (pace time = 3.00, actual time = 16.11).	[MsgId: MWAR-15995]
Warning: Iteration pacing cannot be reached (pace time = 3.00, actual time = 13.65).	[MsgId: MWAR-15995]
Warning: Iteration pacing cannot be reached (pace time = 3.00, actual time = 15.75).	[MsgId: MWAR-15995]
Warning: Iteration pacing cannot be reached (pace time = 3.00, actual time = 15.82).	[MsgId: MWAR-15995]
Warning: Iteration pacing cannot be reached (pace time = 3.00, actual time = 12.47).	[MsgId: MWAR-15995]
Warning: Iteration pacing cannot be reached (pace time = 3.00, actual time = 12.41).	[MsgId: MWAR-15995]
Warning: Iteration pacing cannot be reached (pace time = 3.00, actual time = 12.63).	[MsgId: MWAR-15995]
Warning: Iteration pacing cannot be reached (pace time = 3.00, actual time = 15.02).	[MsgId: MWAR-15995]
Warning: Iteration pacing cannot be reached (pace time = 3.00, actual time = 15.80).	[MsgId: MWAR-15995]
Warning: Iteration pacing cannot be reached (pace time = 3.00, actual time = 16.78).	[MsgId: MWAR-15995]
Warning: Iteration pacing cannot be reached (pace time = 3.00, actual time = 12.20).	[MsgId: MWAR-15995]
Warning: Iteration pacing cannot be reached (pace time = 3.00, actual time = 12.28).	[MsgId: MWAR-15995]
Warning: Iteration pacing cannot be reached (pace time = 3.00, actual time = 16.36).	[MsgId: MWAR-15995]
Warning: Iteration pacing cannot be reached (pace time = 3.00, actual time = 11.31).	[MsgId: MWAR-15995]
Warning: Iteration pacing cannot be reached (pace time = 3.00, actual time = 14.52).	[MsgId: MWAR-15995]
Warning: Iteration pacing cannot be reached (pace time = 3.00, actual time = 14.70).	[MsgId: MWAR-15995]
Warning: Iteration pacing cannot be reached (pace time = 3.00, actual time = 14.11).	[MsgId: MWAR-15995]
Warning: Iteration pacing cannot be reached (pace time = 3.00, actual time = 9.43).	[MsgId: MWAR-15995]
Warning: Iteration pacing cannot be reached (pace time = 3.00, actual time = 15.15).	[MsgId: MWAR-15995]
Warning: Iteration pacing cannot be reached (pace time = 3.00, actual time = 15.69).	[MsgId: MWAR-15995]
Action.c(83): Error: <!DOCTYPE HTML PUBLIC "-//IETF//DTD HTML 2.0//EN">
<HTML>
	<HEAD>
		<TITLE>500 Internal Server Error</TITLE>
<!--style> <H1 {font-family:Courier,Tahoma,Arial,sans-serif;color:white;background-color:#525D76;font-size:22px;} H2 {font-family:Courier,Tahoma,Arial,sans-serif;color:white;background-color:#525D76;font-size:16px;} H3 {font-family:Courier,Tahoma,Arial,sans-serif;color:white;background-color:#525D76;font-size:14px;} BODY {font-family:Courier,Tahoma,Arial,sans-serif;color:black;background-color:white;} B {font-family:Courier,Tahoma,Arial,sans-serif;color:white;background-color:#525D76;} P {font-family:Courier,Tahoma,Arial,sans-serif;background:white;color:black;font-size:12px;}A {color : black;}A.name {color : black;}HR {color : #525D76;}></style-->
	</HEAD>
	<BODY>
		<hr align="center" noShade>
		<br>
		<TABLE cellSpacing="5" cellPadding="5" width="100" bgColor="#ffffff" border="0">
			<TR>
				<TD bgColor="#b2b2b2">
					<STRONG><FONT size="5"><FONT face="Courier">&nbsp; </FONT><FONT face="Arial">HTTP Status&nbsp;<FONT color="#6600cc">:&nbsp;500 - 500 Internal Server Error</FONT></FONT></FONT></STRONG>
				</TD>
			</TR>
		</TABLE>
		<br>
		<hr align="center" noShade>
		<br>
		<TABLE cellSpacing="5" cellPadding="5" width="100" bgColor="#ffffff" border="0">
			<TR>
				<TD vAlign="top" align="right" width="140" bgColor="#e0e0e0">
					<P align="center"><FONT face="Courier" color="#0a246a" size="4"><STRONG>Description</STRONG></FONT></P>
				</TD>
				<TD bgColor="#f0e0e0">
					<DIV align="left"><PRE><FONT face=Courier size=4>The asynchronous job timed out.</FONT></PRE></DIV>
				</TD>
			</TR>
		</TABLE>
	</BODY>
</HTML>	[MsgId: MERR-17999]
Warning: Iteration pacing cannot be reached (pace time = 3.00, actual time = 30.05).	[MsgId: MWAR-15995]
Warning: Iteration pacing cannot be reached (pace time = 3.00, actual time = 10.66).	[MsgId: MWAR-15995]
Action.c(83): Error: <!DOCTYPE HTML PUBLIC "-//IETF//DTD HTML 2.0//EN">
<HTML>
	<HEAD>
		<TITLE>500 Internal Server Error</TITLE>
<!--style> <H1 {font-family:Courier,Tahoma,Arial,sans-serif;color:white;background-color:#525D76;font-size:22px;} H2 {font-family:Courier,Tahoma,Arial,sans-serif;color:white;background-color:#525D76;font-size:16px;} H3 {font-family:Courier,Tahoma,Arial,sans-serif;color:white;background-color:#525D76;font-size:14px;} BODY {font-family:Courier,Tahoma,Arial,sans-serif;color:black;background-color:white;} B {font-family:Courier,Tahoma,Arial,sans-serif;color:white;background-color:#525D76;} P {font-family:Courier,Tahoma,Arial,sans-serif;background:white;color:black;font-size:12px;}A {color : black;}A.name {color : black;}HR {color : #525D76;}></style-->
	</HEAD>
	<BODY>
		<hr align="center" noShade>
		<br>
		<TABLE cellSpacing="5" cellPadding="5" width="100" bgColor="#ffffff" border="0">
			<TR>
				<TD bgColor="#b2b2b2">
					<STRONG><FONT size="5"><FONT face="Courier">&nbsp; </FONT><FONT face="Arial">HTTP Status&nbsp;<FONT color="#6600cc">:&nbsp;500 - 500 Internal Server Error</FONT></FONT></FONT></STRONG>
				</TD>
			</TR>
		</TABLE>
		<br>
		<hr align="center" noShade>
		<br>
		<TABLE cellSpacing="5" cellPadding="5" width="100" bgColor="#ffffff" border="0">
			<TR>
				<TD vAlign="top" align="right" width="140" bgColor="#e0e0e0">
					<P align="center"><FONT face="Courier" color="#0a246a" size="4"><STRONG>Description</STRONG></FONT></P>
				</TD>
				<TD bgColor="#f0e0e0">
					<DIV align="left"><PRE><FONT face=Courier size=4>The asynchronous job timed out.</FONT></PRE></DIV>
				</TD>
			</TR>
		</TABLE>
	</BODY>
</HTML>	[MsgId: MERR-17999]
Warning: Iteration pacing cannot be reached (pace time = 3.00, actual time = 30.52).	[MsgId: MWAR-15995]
Action.c(83): Error: <!DOCTYPE HTML PUBLIC "-//IETF//DTD HTML 2.0//EN">
<HTML>
	<HEAD>
		<TITLE>500 Internal Server Error</TITLE>
<!--style> <H1 {font-family:Courier,Tahoma,Arial,sans-serif;color:white;background-color:#525D76;font-size:22px;} H2 {font-family:Courier,Tahoma,Arial,sans-serif;color:white;background-color:#525D76;font-size:16px;} H3 {font-family:Courier,Tahoma,Arial,sans-serif;color:white;background-color:#525D76;font-size:14px;} BODY {font-family:Courier,Tahoma,Arial,sans-serif;color:black;background-color:white;} B {font-family:Courier,Tahoma,Arial,sans-serif;color:white;background-color:#525D76;} P {font-family:Courier,Tahoma,Arial,sans-serif;background:white;color:black;font-size:12px;}A {color : black;}A.name {color : black;}HR {color : #525D76;}></style-->
	</HEAD>
	<BODY>
		<hr align="center" noShade>
		<br>
		<TABLE cellSpacing="5" cellPadding="5" width="100" bgColor="#ffffff" border="0">
			<TR>
				<TD bgColor="#b2b2b2">
					<STRONG><FONT size="5"><FONT face="Courier">&nbsp; </FONT><FONT face="Arial">HTTP Status&nbsp;<FONT color="#6600cc">:&nbsp;500 - 500 Internal Server Error</FONT></FONT></FONT></STRONG>
				</TD>
			</TR>
		</TABLE>
		<br>
		<hr align="center" noShade>
		<br>
		<TABLE cellSpacing="5" cellPadding="5" width="100" bgColor="#ffffff" border="0">
			<TR>
				<TD vAlign="top" align="right" width="140" bgColor="#e0e0e0">
					<P align="center"><FONT face="Courier" color="#0a246a" size="4"><STRONG>Description</STRONG></FONT></P>
				</TD>
				<TD bgColor="#f0e0e0">
					<DIV align="left"><PRE><FONT face=Courier size=4>The asynchronous job timed out.</FONT></PRE></DIV>
				</TD>
			</TR>
		</TABLE>
	</BODY>
</HTML>	[MsgId: MERR-17999]
Warning: Iteration pacing cannot be reached (pace time = 3.00, actual time = 30.20).	[MsgId: MWAR-15995]
Warning: Iteration pacing cannot be reached (pace time = 3.00, actual time = 8.85).	[MsgId: MWAR-15995]
Warning: Iteration pacing cannot be reached (pace time = 3.00, actual time = 14.37).	[MsgId: MWAR-15995]
Warning: Iteration pacing cannot be reached (pace time = 3.00, actual time = 14.05).	[MsgId: MWAR-15995]
Warning: Iteration pacing cannot be reached (pace time = 3.00, actual time = 13.47).	[MsgId: MWAR-15995]
Warning: Iteration pacing cannot be reached (pace time = 3.00, actual time = 19.78).	[MsgId: MWAR-15995]
Warning: Iteration pacing cannot be reached (pace time = 3.00, actual time = 13.07).	[MsgId: MWAR-15995]
Warning: Iteration pacing cannot be reached (pace time = 3.00, actual time = 14.14).	[MsgId: MWAR-15995]
Warning: Iteration pacing cannot be reached (pace time = 3.00, actual time = 13.78).	[MsgId: MWAR-15995]
Warning: Iteration pacing cannot be reached (pace time = 3.00, actual time = 17.77).	[MsgId: MWAR-15995]
Warning: Iteration pacing cannot be reached (pace time = 3.00, actual time = 22.09).	[MsgId: MWAR-15995]
Warning: Iteration pacing cannot be reached (pace time = 3.00, actual time = 22.82).	[MsgId: MWAR-15995]
Warning: Iteration pacing cannot be reached (pace time = 3.00, actual time = 12.59).	[MsgId: MWAR-15995]
Warning: Iteration pacing cannot be reached (pace time = 3.00, actual time = 21.25).	[MsgId: MWAR-15995]
Warning: Iteration pacing cannot be reached (pace time = 3.00, actual time = 21.81).	[MsgId: MWAR-15995]
Warning: Iteration pacing cannot be reached (pace time = 3.00, actual time = 15.65).	[MsgId: MWAR-15995]
Warning: Iteration pacing cannot be reached (pace time = 3.00, actual time = 14.68).	[MsgId: MWAR-15995]
Warning: Iteration pacing cannot be reached (pace time = 3.00, actual time = 21.27).	[MsgId: MWAR-15995]
Warning: Iteration pacing cannot be reached (pace time = 3.00, actual time = 15.32).	[MsgId: MWAR-15995]
Warning: Iteration pacing cannot be reached (pace time = 3.00, actual time = 21.04).	[MsgId: MWAR-15995]
Warning: Iteration pacing cannot be reached (pace time = 3.00, actual time = 16.32).	[MsgId: MWAR-15995]
Warning: Iteration pacing cannot be reached (pace time = 3.00, actual time = 16.95).	[MsgId: MWAR-15995]
Warning: Iteration pacing cannot be reached (pace time = 3.00, actual time = 14.32).	[MsgId: MWAR-15995]
Warning: Iteration pacing cannot be reached (pace time = 3.00, actual time = 14.65).	[MsgId: MWAR-15995]
Warning: Iteration pacing cannot be reached (pace time = 3.00, actual time = 14.86).	[MsgId: MWAR-15995]
Warning: Iteration pacing cannot be reached (pace time = 3.00, actual time = 20.03).	[MsgId: MWAR-15995]
Warning: Iteration pacing cannot be reached (pace time = 3.00, actual time = 17.27).	[MsgId: MWAR-15995]
Warning: Iteration pacing cannot be reached (pace time = 3.00, actual time = 14.71).	[MsgId: MWAR-15995]
Warning: Iteration pacing cannot be reached (pace time = 3.00, actual time = 17.64).	[MsgId: MWAR-15995]
Action.c(83): Error: <!DOCTYPE HTML PUBLIC "-//IETF//DTD HTML 2.0//EN">
<HTML>
	<HEAD>
		<TITLE>500 Internal Server Error</TITLE>
<!--style> <H1 {font-family:Courier,Tahoma,Arial,sans-serif;color:white;background-color:#525D76;font-size:22px;} H2 {font-family:Courier,Tahoma,Arial,sans-serif;color:white;background-color:#525D76;font-size:16px;} H3 {font-family:Courier,Tahoma,Arial,sans-serif;color:white;background-color:#525D76;font-size:14px;} BODY {font-family:Courier,Tahoma,Arial,sans-serif;color:black;background-color:white;} B {font-family:Courier,Tahoma,Arial,sans-serif;color:white;background-color:#525D76;} P {font-family:Courier,Tahoma,Arial,sans-serif;background:white;color:black;font-size:12px;}A {color : black;}A.name {color : black;}HR {color : #525D76;}></style-->
	</HEAD>
	<BODY>
		<hr align="center" noShade>
		<br>
		<TABLE cellSpacing="5" cellPadding="5" width="100" bgColor="#ffffff" border="0">
			<TR>
				<TD bgColor="#b2b2b2">
					<STRONG><FONT size="5"><FONT face="Courier">&nbsp; </FONT><FONT face="Arial">HTTP Status&nbsp;<FONT color="#6600cc">:&nbsp;500 - 500 Internal Server Error</FONT></FONT></FONT></STRONG>
				</TD>
			</TR>
		</TABLE>
		<br>
		<hr align="center" noShade>
		<br>
		<TABLE cellSpacing="5" cellPadding="5" width="100" bgColor="#ffffff" border="0">
			<TR>
				<TD vAlign="top" align="right" width="140" bgColor="#e0e0e0">
					<P align="center"><FONT face="Courier" color="#0a246a" size="4"><STRONG>Description</STRONG></FONT></P>
				</TD>
				<TD bgColor="#f0e0e0">
					<DIV align="left"><PRE><FONT face=Courier size=4>The asynchronous job timed out.</FONT></PRE></DIV>
				</TD>
			</TR>
		</TABLE>
	</BODY>
</HTML>	[MsgId: MERR-17999]
Action.c(83): Error: <!DOCTYPE HTML PUBLIC "-//IETF//DTD HTML 2.0//EN">
<HTML>
	<HEAD>
		<TITLE>500 Internal Server Error</TITLE>
<!--style> <H1 {font-family:Courier,Tahoma,Arial,sans-serif;color:white;background-color:#525D76;font-size:22px;} H2 {font-family:Courier,Tahoma,Arial,sans-serif;color:white;background-color:#525D76;font-size:16px;} H3 {font-family:Courier,Tahoma,Arial,sans-serif;color:white;background-color:#525D76;font-size:14px;} BODY {font-family:Courier,Tahoma,Arial,sans-serif;color:black;background-color:white;} B {font-family:Courier,Tahoma,Arial,sans-serif;color:white;background-color:#525D76;} P {font-family:Courier,Tahoma,Arial,sans-serif;background:white;color:black;font-size:12px;}A {color : black;}A.name {color : black;}HR {color : #525D76;}></style-->
	</HEAD>
	<BODY>
		<hr align="center" noShade>
		<br>
		<TABLE cellSpacing="5" cellPadding="5" width="100" bgColor="#ffffff" border="0">
			<TR>
				<TD bgColor="#b2b2b2">
					<STRONG><FONT size="5"><FONT face="Courier">&nbsp; </FONT><FONT face="Arial">HTTP Status&nbsp;<FONT color="#6600cc">:&nbsp;500 - 500 Internal Server Error</FONT></FONT></FONT></STRONG>
				</TD>
			</TR>
		</TABLE>
		<br>
		<hr align="center" noShade>
		<br>
		<TABLE cellSpacing="5" cellPadding="5" width="100" bgColor="#ffffff" border="0">
			<TR>
				<TD vAlign="top" align="right" width="140" bgColor="#e0e0e0">
					<P align="center"><FONT face="Courier" color="#0a246a" size="4"><STRONG>Description</STRONG></FONT></P>
				</TD>
				<TD bgColor="#f0e0e0">
					<DIV align="left"><PRE><FONT face=Courier size=4>The asynchronous job timed out.</FONT></PRE></DIV>
				</TD>
			</TR>
		</TABLE>
	</BODY>
</HTML>	[MsgId: MERR-17999]
Action.c(83): Error: <!DOCTYPE HTML PUBLIC "-//IETF//DTD HTML 2.0//EN">
<HTML>
	<HEAD>
		<TITLE>500 Internal Server Error</TITLE>
<!--style> <H1 {font-family:Courier,Tahoma,Arial,sans-serif;color:white;background-color:#525D76;font-size:22px;} H2 {font-family:Courier,Tahoma,Arial,sans-serif;color:white;background-color:#525D76;font-size:16px;} H3 {font-family:Courier,Tahoma,Arial,sans-serif;color:white;background-color:#525D76;font-size:14px;} BODY {font-family:Courier,Tahoma,Arial,sans-serif;color:black;background-color:white;} B {font-family:Courier,Tahoma,Arial,sans-serif;color:white;background-color:#525D76;} P {font-family:Courier,Tahoma,Arial,sans-serif;background:white;color:black;font-size:12px;}A {color : black;}A.name {color : black;}HR {color : #525D76;}></style-->
	</HEAD>
	<BODY>
		<hr align="center" noShade>
		<br>
		<TABLE cellSpacing="5" cellPadding="5" width="100" bgColor="#ffffff" border="0">
			<TR>
				<TD bgColor="#b2b2b2">
					<STRONG><FONT size="5"><FONT face="Courier">&nbsp; </FONT><FONT face="Arial">HTTP Status&nbsp;<FONT color="#6600cc">:&nbsp;500 - 500 Internal Server Error</FONT></FONT></FONT></STRONG>
				</TD>
			</TR>
		</TABLE>
		<br>
		<hr align="center" noShade>
		<br>
		<TABLE cellSpacing="5" cellPadding="5" width="100" bgColor="#ffffff" border="0">
			<TR>
				<TD vAlign="top" align="right" width="140" bgColor="#e0e0e0">
					<P align="center"><FONT face="Courier" color="#0a246a" size="4"><STRONG>Description</STRONG></FONT></P>
				</TD>
				<TD bgColor="#f0e0e0">
					<DIV align="left"><PRE><FONT face=Courier size=4>The asynchronous job timed out.</FONT></PRE></DIV>
				</TD>
			</TR>
		</TABLE>
	</BODY>
</HTML>	[MsgId: MERR-17999]
Action.c(83): Error: <!DOCTYPE HTML PUBLIC "-//IETF//DTD HTML 2.0//EN">
<HTML>
	<HEAD>
		<TITLE>500 Internal Server Error</TITLE>
<!--style> <H1 {font-family:Courier,Tahoma,Arial,sans-serif;color:white;background-color:#525D76;font-size:22px;} H2 {font-family:Courier,Tahoma,Arial,sans-serif;color:white;background-color:#525D76;font-size:16px;} H3 {font-family:Courier,Tahoma,Arial,sans-serif;color:white;background-color:#525D76;font-size:14px;} BODY {font-family:Courier,Tahoma,Arial,sans-serif;color:black;background-color:white;} B {font-family:Courier,Tahoma,Arial,sans-serif;color:white;background-color:#525D76;} P {font-family:Courier,Tahoma,Arial,sans-serif;background:white;color:black;font-size:12px;}A {color : black;}A.name {color : black;}HR {color : #525D76;}></style-->
	</HEAD>
	<BODY>
		<hr align="center" noShade>
		<br>
		<TABLE cellSpacing="5" cellPadding="5" width="100" bgColor="#ffffff" border="0">
			<TR>
				<TD bgColor="#b2b2b2">
					<STRONG><FONT size="5"><FONT face="Courier">&nbsp; </FONT><FONT face="Arial">HTTP Status&nbsp;<FONT color="#6600cc">:&nbsp;500 - 500 Internal Server Error</FONT></FONT></FONT></STRONG>
				</TD>
			</TR>
		</TABLE>
		<br>
		<hr align="center" noShade>
		<br>
		<TABLE cellSpacing="5" cellPadding="5" width="100" bgColor="#ffffff" border="0">
			<TR>
				<TD vAlign="top" align="right" width="140" bgColor="#e0e0e0">
					<P align="center"><FONT face="Courier" color="#0a246a" size="4"><STRONG>Description</STRONG></FONT></P>
				</TD>
				<TD bgColor="#f0e0e0">
					<DIV align="left"><PRE><FONT face=Courier size=4>The asynchronous job timed out.</FONT></PRE></DIV>
				</TD>
			</TR>
		</TABLE>
	</BODY>
</HTML>	[MsgId: MERR-17999]
