Warning: Iteration pacing cannot be reached (pace time = 3.00, actual time = 3.06).	[MsgId: MWAR-15995]
Warning: Iteration pacing cannot be reached (pace time = 3.00, actual time = 4.78).	[MsgId: MWAR-15995]
Warning: Iteration pacing cannot be reached (pace time = 3.00, actual time = 3.04).	[MsgId: MWAR-15995]
Warning: Iteration pacing cannot be reached (pace time = 3.00, actual time = 3.94).	[MsgId: MWAR-15995]
Warning: Iteration pacing cannot be reached (pace time = 3.00, actual time = 3.98).	[MsgId: MWAR-15995]
Warning: Iteration pacing cannot be reached (pace time = 3.00, actual time = 4.04).	[MsgId: MWAR-15995]
Warning: Iteration pacing cannot be reached (pace time = 3.00, actual time = 3.04).	[MsgId: MWAR-15995]
Warning: Iteration pacing cannot be reached (pace time = 3.00, actual time = 4.54).	[MsgId: MWAR-15995]
Warning: Iteration pacing cannot be reached (pace time = 3.00, actual time = 4.45).	[MsgId: MWAR-15995]
Warning: Iteration pacing cannot be reached (pace time = 3.00, actual time = 4.33).	[MsgId: MWAR-15995]
Warning: Iteration pacing cannot be reached (pace time = 3.00, actual time = 4.12).	[MsgId: MWAR-15995]
Warning: Iteration pacing cannot be reached (pace time = 3.00, actual time = 4.09).	[MsgId: MWAR-15995]
Warning: Iteration pacing cannot be reached (pace time = 3.00, actual time = 3.42).	[MsgId: MWAR-15995]
Warning: Iteration pacing cannot be reached (pace time = 3.00, actual time = 4.09).	[MsgId: MWAR-15995]
Warning: Iteration pacing cannot be reached (pace time = 3.00, actual time = 3.71).	[MsgId: MWAR-15995]
Warning: Iteration pacing cannot be reached (pace time = 3.00, actual time = 4.11).	[MsgId: MWAR-15995]
Warning: Iteration pacing cannot be reached (pace time = 3.00, actual time = 3.51).	[MsgId: MWAR-15995]
Warning: Iteration pacing cannot be reached (pace time = 3.00, actual time = 3.68).	[MsgId: MWAR-15995]
Warning: Iteration pacing cannot be reached (pace time = 3.00, actual time = 4.37).	[MsgId: MWAR-15995]
Warning: Iteration pacing cannot be reached (pace time = 3.00, actual time = 4.28).	[MsgId: MWAR-15995]
Warning: Iteration pacing cannot be reached (pace time = 3.00, actual time = 3.38).	[MsgId: MWAR-15995]
Warning: Iteration pacing cannot be reached (pace time = 3.00, actual time = 3.59).	[MsgId: MWAR-15995]
Warning: Iteration pacing cannot be reached (pace time = 3.00, actual time = 3.93).	[MsgId: MWAR-15995]
Warning: Iteration pacing cannot be reached (pace time = 3.00, actual time = 3.36).	[MsgId: MWAR-15995]
Warning: Iteration pacing cannot be reached (pace time = 3.00, actual time = 4.72).	[MsgId: MWAR-15995]
Warning: Iteration pacing cannot be reached (pace time = 3.00, actual time = 3.89).	[MsgId: MWAR-15995]
Warning: Iteration pacing cannot be reached (pace time = 3.00, actual time = 4.82).	[MsgId: MWAR-15995]
Warning: Iteration pacing cannot be reached (pace time = 3.00, actual time = 6.35).	[MsgId: MWAR-15995]
Warning: Iteration pacing cannot be reached (pace time = 3.00, actual time = 6.25).	[MsgId: MWAR-15995]
Warning: Iteration pacing cannot be reached (pace time = 3.00, actual time = 6.55).	[MsgId: MWAR-15995]
Warning: Iteration pacing cannot be reached (pace time = 3.00, actual time = 3.61).	[MsgId: MWAR-15995]
Warning: Iteration pacing cannot be reached (pace time = 3.00, actual time = 5.50).	[MsgId: MWAR-15995]
Warning: Iteration pacing cannot be reached (pace time = 3.00, actual time = 3.84).	[MsgId: MWAR-15995]
Warning: Iteration pacing cannot be reached (pace time = 3.00, actual time = 5.59).	[MsgId: MWAR-15995]
Warning: Iteration pacing cannot be reached (pace time = 3.00, actual time = 7.70).	[MsgId: MWAR-15995]
Warning: Iteration pacing cannot be reached (pace time = 3.00, actual time = 4.64).	[MsgId: MWAR-15995]
Warning: Iteration pacing cannot be reached (pace time = 3.00, actual time = 4.29).	[MsgId: MWAR-15995]
Warning: Iteration pacing cannot be reached (pace time = 3.00, actual time = 4.95).	[MsgId: MWAR-15995]
Warning: Iteration pacing cannot be reached (pace time = 3.00, actual time = 5.97).	[MsgId: MWAR-15995]
Warning: Iteration pacing cannot be reached (pace time = 3.00, actual time = 6.18).	[MsgId: MWAR-15995]
Warning: Iteration pacing cannot be reached (pace time = 3.00, actual time = 7.97).	[MsgId: MWAR-15995]
Warning: Iteration pacing cannot be reached (pace time = 3.00, actual time = 3.28).	[MsgId: MWAR-15995]
Warning: Iteration pacing cannot be reached (pace time = 3.00, actual time = 4.39).	[MsgId: MWAR-15995]
Warning: Iteration pacing cannot be reached (pace time = 3.00, actual time = 5.51).	[MsgId: MWAR-15995]
Warning: Iteration pacing cannot be reached (pace time = 3.00, actual time = 3.67).	[MsgId: MWAR-15995]
Warning: Iteration pacing cannot be reached (pace time = 3.00, actual time = 5.20).	[MsgId: MWAR-15995]
Warning: Iteration pacing cannot be reached (pace time = 3.00, actual time = 4.46).	[MsgId: MWAR-15995]
Warning: Iteration pacing cannot be reached (pace time = 3.00, actual time = 6.04).	[MsgId: MWAR-15995]
Warning: Iteration pacing cannot be reached (pace time = 3.00, actual time = 3.11).	[MsgId: MWAR-15995]
Warning: Iteration pacing cannot be reached (pace time = 3.00, actual time = 5.40).	[MsgId: MWAR-15995]
Warning: Iteration pacing cannot be reached (pace time = 3.00, actual time = 5.03).	[MsgId: MWAR-15995]
Warning: Iteration pacing cannot be reached (pace time = 3.00, actual time = 5.61).	[MsgId: MWAR-15995]
Warning: Iteration pacing cannot be reached (pace time = 3.00, actual time = 5.93).	[MsgId: MWAR-15995]
Warning: Iteration pacing cannot be reached (pace time = 3.00, actual time = 6.01).	[MsgId: MWAR-15995]
Warning: Iteration pacing cannot be reached (pace time = 3.00, actual time = 4.93).	[MsgId: MWAR-15995]
Warning: Iteration pacing cannot be reached (pace time = 3.00, actual time = 4.82).	[MsgId: MWAR-15995]
Warning: Iteration pacing cannot be reached (pace time = 3.00, actual time = 6.28).	[MsgId: MWAR-15995]
Warning: Iteration pacing cannot be reached (pace time = 3.00, actual time = 4.87).	[MsgId: MWAR-15995]
Warning: Iteration pacing cannot be reached (pace time = 3.00, actual time = 4.96).	[MsgId: MWAR-15995]
Warning: Iteration pacing cannot be reached (pace time = 3.00, actual time = 5.83).	[MsgId: MWAR-15995]
Warning: Iteration pacing cannot be reached (pace time = 3.00, actual time = 6.90).	[MsgId: MWAR-15995]
Warning: Iteration pacing cannot be reached (pace time = 3.00, actual time = 6.28).	[MsgId: MWAR-15995]
Warning: Iteration pacing cannot be reached (pace time = 3.00, actual time = 7.75).	[MsgId: MWAR-15995]
Warning: Iteration pacing cannot be reached (pace time = 3.00, actual time = 6.28).	[MsgId: MWAR-15995]
Warning: Iteration pacing cannot be reached (pace time = 3.00, actual time = 4.87).	[MsgId: MWAR-15995]
Warning: Iteration pacing cannot be reached (pace time = 3.00, actual time = 5.51).	[MsgId: MWAR-15995]
Warning: Iteration pacing cannot be reached (pace time = 3.00, actual time = 6.17).	[MsgId: MWAR-15995]
Warning: Iteration pacing cannot be reached (pace time = 3.00, actual time = 5.60).	[MsgId: MWAR-15995]
Warning: Iteration pacing cannot be reached (pace time = 3.00, actual time = 5.99).	[MsgId: MWAR-15995]
Warning: Iteration pacing cannot be reached (pace time = 3.00, actual time = 5.56).	[MsgId: MWAR-15995]
Warning: Iteration pacing cannot be reached (pace time = 3.00, actual time = 4.54).	[MsgId: MWAR-15995]
Warning: Iteration pacing cannot be reached (pace time = 3.00, actual time = 5.90).	[MsgId: MWAR-15995]
Warning: Iteration pacing cannot be reached (pace time = 3.00, actual time = 6.31).	[MsgId: MWAR-15995]
Warning: Iteration pacing cannot be reached (pace time = 3.00, actual time = 5.81).	[MsgId: MWAR-15995]
Warning: Iteration pacing cannot be reached (pace time = 3.00, actual time = 5.28).	[MsgId: MWAR-15995]
Warning: Iteration pacing cannot be reached (pace time = 3.00, actual time = 5.58).	[MsgId: MWAR-15995]
Warning: Iteration pacing cannot be reached (pace time = 3.00, actual time = 5.04).	[MsgId: MWAR-15995]
Warning: Iteration pacing cannot be reached (pace time = 3.00, actual time = 4.30).	[MsgId: MWAR-15995]
Warning: Iteration pacing cannot be reached (pace time = 3.00, actual time = 5.71).	[MsgId: MWAR-15995]
Warning: Iteration pacing cannot be reached (pace time = 3.00, actual time = 5.13).	[MsgId: MWAR-15995]
Warning: Iteration pacing cannot be reached (pace time = 3.00, actual time = 6.46).	[MsgId: MWAR-15995]
Warning: Iteration pacing cannot be reached (pace time = 3.00, actual time = 7.21).	[MsgId: MWAR-15995]
Warning: Iteration pacing cannot be reached (pace time = 3.00, actual time = 3.96).	[MsgId: MWAR-15995]
Warning: Iteration pacing cannot be reached (pace time = 3.00, actual time = 7.63).	[MsgId: MWAR-15995]
Warning: Iteration pacing cannot be reached (pace time = 3.00, actual time = 6.40).	[MsgId: MWAR-15995]
Warning: Iteration pacing cannot be reached (pace time = 3.00, actual time = 6.11).	[MsgId: MWAR-15995]
Warning: Iteration pacing cannot be reached (pace time = 3.00, actual time = 5.71).	[MsgId: MWAR-15995]
Warning: Iteration pacing cannot be reached (pace time = 3.00, actual time = 6.52).	[MsgId: MWAR-15995]
Warning: Iteration pacing cannot be reached (pace time = 3.00, actual time = 6.01).	[MsgId: MWAR-15995]
Warning: Iteration pacing cannot be reached (pace time = 3.00, actual time = 6.00).	[MsgId: MWAR-15995]
Warning: Iteration pacing cannot be reached (pace time = 3.00, actual time = 5.74).	[MsgId: MWAR-15995]
Warning: Iteration pacing cannot be reached (pace time = 3.00, actual time = 6.08).	[MsgId: MWAR-15995]
Warning: Iteration pacing cannot be reached (pace time = 3.00, actual time = 7.58).	[MsgId: MWAR-15995]
Warning: Iteration pacing cannot be reached (pace time = 3.00, actual time = 7.37).	[MsgId: MWAR-15995]
Warning: Iteration pacing cannot be reached (pace time = 3.00, actual time = 5.79).	[MsgId: MWAR-15995]
Warning: Iteration pacing cannot be reached (pace time = 3.00, actual time = 7.07).	[MsgId: MWAR-15995]
Warning: Iteration pacing cannot be reached (pace time = 3.00, actual time = 5.87).	[MsgId: MWAR-15995]
Warning: Iteration pacing cannot be reached (pace time = 3.00, actual time = 5.52).	[MsgId: MWAR-15995]
Warning: Iteration pacing cannot be reached (pace time = 3.00, actual time = 6.40).	[MsgId: MWAR-15995]
Warning: Iteration pacing cannot be reached (pace time = 3.00, actual time = 5.18).	[MsgId: MWAR-15995]
Warning: Iteration pacing cannot be reached (pace time = 3.00, actual time = 5.47).	[MsgId: MWAR-15995]
Warning: Iteration pacing cannot be reached (pace time = 3.00, actual time = 6.64).	[MsgId: MWAR-15995]
Warning: Iteration pacing cannot be reached (pace time = 3.00, actual time = 5.93).	[MsgId: MWAR-15995]
Warning: Iteration pacing cannot be reached (pace time = 3.00, actual time = 8.41).	[MsgId: MWAR-15995]
Warning: Iteration pacing cannot be reached (pace time = 3.00, actual time = 4.78).	[MsgId: MWAR-15995]
Warning: Iteration pacing cannot be reached (pace time = 3.00, actual time = 10.20).	[MsgId: MWAR-15995]
Warning: Iteration pacing cannot be reached (pace time = 3.00, actual time = 8.15).	[MsgId: MWAR-15995]
Warning: Iteration pacing cannot be reached (pace time = 3.00, actual time = 8.72).	[MsgId: MWAR-15995]
Warning: Iteration pacing cannot be reached (pace time = 3.00, actual time = 11.08).	[MsgId: MWAR-15995]
Warning: Iteration pacing cannot be reached (pace time = 3.00, actual time = 10.60).	[MsgId: MWAR-15995]
Warning: Iteration pacing cannot be reached (pace time = 3.00, actual time = 4.92).	[MsgId: MWAR-15995]
Warning: Iteration pacing cannot be reached (pace time = 3.00, actual time = 5.53).	[MsgId: MWAR-15995]
Warning: Iteration pacing cannot be reached (pace time = 3.00, actual time = 4.64).	[MsgId: MWAR-15995]
Warning: Iteration pacing cannot be reached (pace time = 3.00, actual time = 8.52).	[MsgId: MWAR-15995]
Warning: Iteration pacing cannot be reached (pace time = 3.00, actual time = 5.77).	[MsgId: MWAR-15995]
Warning: Iteration pacing cannot be reached (pace time = 3.00, actual time = 6.61).	[MsgId: MWAR-15995]
Warning: Iteration pacing cannot be reached (pace time = 3.00, actual time = 6.25).	[MsgId: MWAR-15995]
Warning: Iteration pacing cannot be reached (pace time = 3.00, actual time = 9.97).	[MsgId: MWAR-15995]
Warning: Iteration pacing cannot be reached (pace time = 3.00, actual time = 5.54).	[MsgId: MWAR-15995]
Warning: Iteration pacing cannot be reached (pace time = 3.00, actual time = 7.18).	[MsgId: MWAR-15995]
Warning: Iteration pacing cannot be reached (pace time = 3.00, actual time = 9.03).	[MsgId: MWAR-15995]
Warning: Iteration pacing cannot be reached (pace time = 3.00, actual time = 6.20).	[MsgId: MWAR-15995]
Warning: Iteration pacing cannot be reached (pace time = 3.00, actual time = 8.44).	[MsgId: MWAR-15995]
Warning: Iteration pacing cannot be reached (pace time = 3.00, actual time = 7.16).	[MsgId: MWAR-15995]
Warning: Iteration pacing cannot be reached (pace time = 3.00, actual time = 8.56).	[MsgId: MWAR-15995]
Warning: Iteration pacing cannot be reached (pace time = 3.00, actual time = 5.65).	[MsgId: MWAR-15995]
Warning: Iteration pacing cannot be reached (pace time = 3.00, actual time = 5.91).	[MsgId: MWAR-15995]
Warning: Iteration pacing cannot be reached (pace time = 3.00, actual time = 9.33).	[MsgId: MWAR-15995]
Warning: Iteration pacing cannot be reached (pace time = 3.00, actual time = 6.56).	[MsgId: MWAR-15995]
Warning: Iteration pacing cannot be reached (pace time = 3.00, actual time = 5.92).	[MsgId: MWAR-15995]
Warning: Iteration pacing cannot be reached (pace time = 3.00, actual time = 8.02).	[MsgId: MWAR-15995]
Warning: Iteration pacing cannot be reached (pace time = 3.00, actual time = 7.53).	[MsgId: MWAR-15995]
Warning: Iteration pacing cannot be reached (pace time = 3.00, actual time = 8.55).	[MsgId: MWAR-15995]
Warning: Iteration pacing cannot be reached (pace time = 3.00, actual time = 7.27).	[MsgId: MWAR-15995]
Warning: Iteration pacing cannot be reached (pace time = 3.00, actual time = 8.34).	[MsgId: MWAR-15995]
Warning: Iteration pacing cannot be reached (pace time = 3.00, actual time = 7.08).	[MsgId: MWAR-15995]
Warning: Iteration pacing cannot be reached (pace time = 3.00, actual time = 6.30).	[MsgId: MWAR-15995]
Warning: Iteration pacing cannot be reached (pace time = 3.00, actual time = 9.60).	[MsgId: MWAR-15995]
Warning: Iteration pacing cannot be reached (pace time = 3.00, actual time = 8.20).	[MsgId: MWAR-15995]
Warning: Iteration pacing cannot be reached (pace time = 3.00, actual time = 9.11).	[MsgId: MWAR-15995]
Warning: Iteration pacing cannot be reached (pace time = 3.00, actual time = 7.61).	[MsgId: MWAR-15995]
Warning: Iteration pacing cannot be reached (pace time = 3.00, actual time = 8.80).	[MsgId: MWAR-15995]
Warning: Iteration pacing cannot be reached (pace time = 3.00, actual time = 7.43).	[MsgId: MWAR-15995]
Warning: Iteration pacing cannot be reached (pace time = 3.00, actual time = 6.48).	[MsgId: MWAR-15995]
Warning: Iteration pacing cannot be reached (pace time = 3.00, actual time = 8.58).	[MsgId: MWAR-15995]
Warning: Iteration pacing cannot be reached (pace time = 3.00, actual time = 3.48).	[MsgId: MWAR-15995]
Warning: Iteration pacing cannot be reached (pace time = 3.00, actual time = 6.71).	[MsgId: MWAR-15995]
Warning: Iteration pacing cannot be reached (pace time = 3.00, actual time = 3.42).	[MsgId: MWAR-15995]
Warning: Iteration pacing cannot be reached (pace time = 3.00, actual time = 6.50).	[MsgId: MWAR-15995]
Warning: Iteration pacing cannot be reached (pace time = 3.00, actual time = 7.64).	[MsgId: MWAR-15995]
Warning: Iteration pacing cannot be reached (pace time = 3.00, actual time = 6.51).	[MsgId: MWAR-15995]
Warning: Iteration pacing cannot be reached (pace time = 3.00, actual time = 11.55).	[MsgId: MWAR-15995]
Warning: Iteration pacing cannot be reached (pace time = 3.00, actual time = 5.72).	[MsgId: MWAR-15995]
Warning: Iteration pacing cannot be reached (pace time = 3.00, actual time = 11.47).	[MsgId: MWAR-15995]
Warning: Iteration pacing cannot be reached (pace time = 3.00, actual time = 7.60).	[MsgId: MWAR-15995]
Warning: Iteration pacing cannot be reached (pace time = 3.00, actual time = 9.08).	[MsgId: MWAR-15995]
Warning: Iteration pacing cannot be reached (pace time = 3.00, actual time = 6.38).	[MsgId: MWAR-15995]
Warning: Iteration pacing cannot be reached (pace time = 3.00, actual time = 7.15).	[MsgId: MWAR-15995]
Warning: Iteration pacing cannot be reached (pace time = 3.00, actual time = 11.23).	[MsgId: MWAR-15995]
Warning: Iteration pacing cannot be reached (pace time = 3.00, actual time = 9.83).	[MsgId: MWAR-15995]
Warning: Iteration pacing cannot be reached (pace time = 3.00, actual time = 8.08).	[MsgId: MWAR-15995]
Warning: Iteration pacing cannot be reached (pace time = 3.00, actual time = 8.38).	[MsgId: MWAR-15995]
Warning: Iteration pacing cannot be reached (pace time = 3.00, actual time = 10.45).	[MsgId: MWAR-15995]
Warning: Iteration pacing cannot be reached (pace time = 3.00, actual time = 9.80).	[MsgId: MWAR-15995]
Warning: Iteration pacing cannot be reached (pace time = 3.00, actual time = 10.96).	[MsgId: MWAR-15995]
Warning: Iteration pacing cannot be reached (pace time = 3.00, actual time = 11.91).	[MsgId: MWAR-15995]
Warning: Iteration pacing cannot be reached (pace time = 3.00, actual time = 8.56).	[MsgId: MWAR-15995]
Warning: Iteration pacing cannot be reached (pace time = 3.00, actual time = 8.72).	[MsgId: MWAR-15995]
Warning: Iteration pacing cannot be reached (pace time = 3.00, actual time = 8.54).	[MsgId: MWAR-15995]
Warning: Iteration pacing cannot be reached (pace time = 3.00, actual time = 9.30).	[MsgId: MWAR-15995]
Action.c(83): Error: <!DOCTYPE HTML PUBLIC "-//IETF//DTD HTML 2.0//EN">
<HTML>
	<HEAD>
		<TITLE>500 Internal Server Error</TITLE>
<!--style> <H1 {font-family:Courier,Tahoma,Arial,sans-serif;color:white;background-color:#525D76;font-size:22px;} H2 {font-family:Courier,Tahoma,Arial,sans-serif;color:white;background-color:#525D76;font-size:16px;} H3 {font-family:Courier,Tahoma,Arial,sans-serif;color:white;background-color:#525D76;font-size:14px;} BODY {font-family:Courier,Tahoma,Arial,sans-serif;color:black;background-color:white;} B {font-family:Courier,Tahoma,Arial,sans-serif;color:white;background-color:#525D76;} P {font-family:Courier,Tahoma,Arial,sans-serif;background:white;color:black;font-size:12px;}A {color : black;}A.name {color : black;}HR {color : #525D76;}></style-->
	</HEAD>
	<BODY>
		<hr align="center" noShade>
		<br>
		<TABLE cellSpacing="5" cellPadding="5" width="100" bgColor="#ffffff" border="0">
			<TR>
				<TD bgColor="#b2b2b2">
					<STRONG><FONT size="5"><FONT face="Courier">&nbsp; </FONT><FONT face="Arial">HTTP Status&nbsp;<FONT color="#6600cc">:&nbsp;500 - 500 Internal Server Error</FONT></FONT></FONT></STRONG>
				</TD>
			</TR>
		</TABLE>
		<br>
		<hr align="center" noShade>
		<br>
		<TABLE cellSpacing="5" cellPadding="5" width="100" bgColor="#ffffff" border="0">
			<TR>
				<TD vAlign="top" align="right" width="140" bgColor="#e0e0e0">
					<P align="center"><FONT face="Courier" color="#0a246a" size="4"><STRONG>Description</STRONG></FONT></P>
				</TD>
				<TD bgColor="#f0e0e0">
					<DIV align="left"><PRE><FONT face=Courier size=4>The asynchronous job timed out.</FONT></PRE></DIV>
				</TD>
			</TR>
		</TABLE>
	</BODY>
</HTML>	[MsgId: MERR-17999]
Warning: Iteration pacing cannot be reached (pace time = 3.00, actual time = 30.35).	[MsgId: MWAR-15995]
Warning: Iteration pacing cannot be reached (pace time = 3.00, actual time = 7.47).	[MsgId: MWAR-15995]
Warning: Iteration pacing cannot be reached (pace time = 3.00, actual time = 8.80).	[MsgId: MWAR-15995]
Warning: Iteration pacing cannot be reached (pace time = 3.00, actual time = 8.99).	[MsgId: MWAR-15995]
Action.c(83): Error: <!DOCTYPE HTML PUBLIC "-//IETF//DTD HTML 2.0//EN">
<HTML>
	<HEAD>
		<TITLE>500 Internal Server Error</TITLE>
<!--style> <H1 {font-family:Courier,Tahoma,Arial,sans-serif;color:white;background-color:#525D76;font-size:22px;} H2 {font-family:Courier,Tahoma,Arial,sans-serif;color:white;background-color:#525D76;font-size:16px;} H3 {font-family:Courier,Tahoma,Arial,sans-serif;color:white;background-color:#525D76;font-size:14px;} BODY {font-family:Courier,Tahoma,Arial,sans-serif;color:black;background-color:white;} B {font-family:Courier,Tahoma,Arial,sans-serif;color:white;background-color:#525D76;} P {font-family:Courier,Tahoma,Arial,sans-serif;background:white;color:black;font-size:12px;}A {color : black;}A.name {color : black;}HR {color : #525D76;}></style-->
	</HEAD>
	<BODY>
		<hr align="center" noShade>
		<br>
		<TABLE cellSpacing="5" cellPadding="5" width="100" bgColor="#ffffff" border="0">
			<TR>
				<TD bgColor="#b2b2b2">
					<STRONG><FONT size="5"><FONT face="Courier">&nbsp; </FONT><FONT face="Arial">HTTP Status&nbsp;<FONT color="#6600cc">:&nbsp;500 - 500 Internal Server Error</FONT></FONT></FONT></STRONG>
				</TD>
			</TR>
		</TABLE>
		<br>
		<hr align="center" noShade>
		<br>
		<TABLE cellSpacing="5" cellPadding="5" width="100" bgColor="#ffffff" border="0">
			<TR>
				<TD vAlign="top" align="right" width="140" bgColor="#e0e0e0">
					<P align="center"><FONT face="Courier" color="#0a246a" size="4"><STRONG>Description</STRONG></FONT></P>
				</TD>
				<TD bgColor="#f0e0e0">
					<DIV align="left"><PRE><FONT face=Courier size=4>The asynchronous job timed out.</FONT></PRE></DIV>
				</TD>
			</TR>
		</TABLE>
	</BODY>
</HTML>	[MsgId: MERR-17999]
Warning: Iteration pacing cannot be reached (pace time = 3.00, actual time = 30.33).	[MsgId: MWAR-15995]
Warning: Iteration pacing cannot be reached (pace time = 3.00, actual time = 5.92).	[MsgId: MWAR-15995]
Warning: Iteration pacing cannot be reached (pace time = 3.00, actual time = 7.81).	[MsgId: MWAR-15995]
Warning: Iteration pacing cannot be reached (pace time = 3.00, actual time = 8.05).	[MsgId: MWAR-15995]
Warning: Iteration pacing cannot be reached (pace time = 3.00, actual time = 9.63).	[MsgId: MWAR-15995]
Action.c(83): Error: <!DOCTYPE HTML PUBLIC "-//IETF//DTD HTML 2.0//EN">
<HTML>
	<HEAD>
		<TITLE>500 Internal Server Error</TITLE>
<!--style> <H1 {font-family:Courier,Tahoma,Arial,sans-serif;color:white;background-color:#525D76;font-size:22px;} H2 {font-family:Courier,Tahoma,Arial,sans-serif;color:white;background-color:#525D76;font-size:16px;} H3 {font-family:Courier,Tahoma,Arial,sans-serif;color:white;background-color:#525D76;font-size:14px;} BODY {font-family:Courier,Tahoma,Arial,sans-serif;color:black;background-color:white;} B {font-family:Courier,Tahoma,Arial,sans-serif;color:white;background-color:#525D76;} P {font-family:Courier,Tahoma,Arial,sans-serif;background:white;color:black;font-size:12px;}A {color : black;}A.name {color : black;}HR {color : #525D76;}></style-->
	</HEAD>
	<BODY>
		<hr align="center" noShade>
		<br>
		<TABLE cellSpacing="5" cellPadding="5" width="100" bgColor="#ffffff" border="0">
			<TR>
				<TD bgColor="#b2b2b2">
					<STRONG><FONT size="5"><FONT face="Courier">&nbsp; </FONT><FONT face="Arial">HTTP Status&nbsp;<FONT color="#6600cc">:&nbsp;500 - 500 Internal Server Error</FONT></FONT></FONT></STRONG>
				</TD>
			</TR>
		</TABLE>
		<br>
		<hr align="center" noShade>
		<br>
		<TABLE cellSpacing="5" cellPadding="5" width="100" bgColor="#ffffff" border="0">
			<TR>
				<TD vAlign="top" align="right" width="140" bgColor="#e0e0e0">
					<P align="center"><FONT face="Courier" color="#0a246a" size="4"><STRONG>Description</STRONG></FONT></P>
				</TD>
				<TD bgColor="#f0e0e0">
					<DIV align="left"><PRE><FONT face=Courier size=4>The asynchronous job timed out.</FONT></PRE></DIV>
				</TD>
			</TR>
		</TABLE>
	</BODY>
</HTML>	[MsgId: MERR-17999]
Warning: Iteration pacing cannot be reached (pace time = 3.00, actual time = 30.29).	[MsgId: MWAR-15995]
Action.c(83): Error: <!DOCTYPE HTML PUBLIC "-//IETF//DTD HTML 2.0//EN">
<HTML>
	<HEAD>
		<TITLE>500 Internal Server Error</TITLE>
<!--style> <H1 {font-family:Courier,Tahoma,Arial,sans-serif;color:white;background-color:#525D76;font-size:22px;} H2 {font-family:Courier,Tahoma,Arial,sans-serif;color:white;background-color:#525D76;font-size:16px;} H3 {font-family:Courier,Tahoma,Arial,sans-serif;color:white;background-color:#525D76;font-size:14px;} BODY {font-family:Courier,Tahoma,Arial,sans-serif;color:black;background-color:white;} B {font-family:Courier,Tahoma,Arial,sans-serif;color:white;background-color:#525D76;} P {font-family:Courier,Tahoma,Arial,sans-serif;background:white;color:black;font-size:12px;}A {color : black;}A.name {color : black;}HR {color : #525D76;}></style-->
	</HEAD>
	<BODY>
		<hr align="center" noShade>
		<br>
		<TABLE cellSpacing="5" cellPadding="5" width="100" bgColor="#ffffff" border="0">
			<TR>
				<TD bgColor="#b2b2b2">
					<STRONG><FONT size="5"><FONT face="Courier">&nbsp; </FONT><FONT face="Arial">HTTP Status&nbsp;<FONT color="#6600cc">:&nbsp;500 - 500 Internal Server Error</FONT></FONT></FONT></STRONG>
				</TD>
			</TR>
		</TABLE>
		<br>
		<hr align="center" noShade>
		<br>
		<TABLE cellSpacing="5" cellPadding="5" width="100" bgColor="#ffffff" border="0">
			<TR>
				<TD vAlign="top" align="right" width="140" bgColor="#e0e0e0">
					<P align="center"><FONT face="Courier" color="#0a246a" size="4"><STRONG>Description</STRONG></FONT></P>
				</TD>
				<TD bgColor="#f0e0e0">
					<DIV align="left"><PRE><FONT face=Courier size=4>The asynchronous job timed out.</FONT></PRE></DIV>
				</TD>
			</TR>
		</TABLE>
	</BODY>
</HTML>	[MsgId: MERR-17999]
Warning: Iteration pacing cannot be reached (pace time = 3.00, actual time = 30.27).	[MsgId: MWAR-15995]
Warning: Iteration pacing cannot be reached (pace time = 3.00, actual time = 8.20).	[MsgId: MWAR-15995]
Warning: Iteration pacing cannot be reached (pace time = 3.00, actual time = 8.79).	[MsgId: MWAR-15995]
Warning: Iteration pacing cannot be reached (pace time = 3.00, actual time = 9.71).	[MsgId: MWAR-15995]
Warning: Iteration pacing cannot be reached (pace time = 3.00, actual time = 9.81).	[MsgId: MWAR-15995]
Warning: Iteration pacing cannot be reached (pace time = 3.00, actual time = 8.98).	[MsgId: MWAR-15995]
Warning: Iteration pacing cannot be reached (pace time = 3.00, actual time = 9.37).	[MsgId: MWAR-15995]
Warning: Iteration pacing cannot be reached (pace time = 3.00, actual time = 9.05).	[MsgId: MWAR-15995]
Warning: Iteration pacing cannot be reached (pace time = 3.00, actual time = 9.90).	[MsgId: MWAR-15995]
Warning: Iteration pacing cannot be reached (pace time = 3.00, actual time = 9.65).	[MsgId: MWAR-15995]
Warning: Iteration pacing cannot be reached (pace time = 3.00, actual time = 9.98).	[MsgId: MWAR-15995]
Warning: Iteration pacing cannot be reached (pace time = 3.00, actual time = 10.04).	[MsgId: MWAR-15995]
Warning: Iteration pacing cannot be reached (pace time = 3.00, actual time = 9.80).	[MsgId: MWAR-15995]
Warning: Iteration pacing cannot be reached (pace time = 3.00, actual time = 9.90).	[MsgId: MWAR-15995]
Warning: Iteration pacing cannot be reached (pace time = 3.00, actual time = 9.54).	[MsgId: MWAR-15995]
Warning: Iteration pacing cannot be reached (pace time = 3.00, actual time = 10.06).	[MsgId: MWAR-15995]
Action.c(83): Error: <!DOCTYPE HTML PUBLIC "-//IETF//DTD HTML 2.0//EN">
<HTML>
	<HEAD>
		<TITLE>500 Internal Server Error</TITLE>
<!--style> <H1 {font-family:Courier,Tahoma,Arial,sans-serif;color:white;background-color:#525D76;font-size:22px;} H2 {font-family:Courier,Tahoma,Arial,sans-serif;color:white;background-color:#525D76;font-size:16px;} H3 {font-family:Courier,Tahoma,Arial,sans-serif;color:white;background-color:#525D76;font-size:14px;} BODY {font-family:Courier,Tahoma,Arial,sans-serif;color:black;background-color:white;} B {font-family:Courier,Tahoma,Arial,sans-serif;color:white;background-color:#525D76;} P {font-family:Courier,Tahoma,Arial,sans-serif;background:white;color:black;font-size:12px;}A {color : black;}A.name {color : black;}HR {color : #525D76;}></style-->
	</HEAD>
	<BODY>
		<hr align="center" noShade>
		<br>
		<TABLE cellSpacing="5" cellPadding="5" width="100" bgColor="#ffffff" border="0">
			<TR>
				<TD bgColor="#b2b2b2">
					<STRONG><FONT size="5"><FONT face="Courier">&nbsp; </FONT><FONT face="Arial">HTTP Status&nbsp;<FONT color="#6600cc">:&nbsp;500 - 500 Internal Server Error</FONT></FONT></FONT></STRONG>
				</TD>
			</TR>
		</TABLE>
		<br>
		<hr align="center" noShade>
		<br>
		<TABLE cellSpacing="5" cellPadding="5" width="100" bgColor="#ffffff" border="0">
			<TR>
				<TD vAlign="top" align="right" width="140" bgColor="#e0e0e0">
					<P align="center"><FONT face="Courier" color="#0a246a" size="4"><STRONG>Description</STRONG></FONT></P>
				</TD>
				<TD bgColor="#f0e0e0">
					<DIV align="left"><PRE><FONT face=Courier size=4>The asynchronous job timed out.</FONT></PRE></DIV>
				</TD>
			</TR>
		</TABLE>
	</BODY>
</HTML>	[MsgId: MERR-17999]
Warning: Iteration pacing cannot be reached (pace time = 3.00, actual time = 30.12).	[MsgId: MWAR-15995]
Warning: Iteration pacing cannot be reached (pace time = 3.00, actual time = 9.71).	[MsgId: MWAR-15995]
Warning: Iteration pacing cannot be reached (pace time = 3.00, actual time = 9.87).	[MsgId: MWAR-15995]
Warning: Iteration pacing cannot be reached (pace time = 3.00, actual time = 10.66).	[MsgId: MWAR-15995]
Warning: Iteration pacing cannot be reached (pace time = 3.00, actual time = 10.51).	[MsgId: MWAR-15995]
Warning: Iteration pacing cannot be reached (pace time = 3.00, actual time = 8.39).	[MsgId: MWAR-15995]
Warning: Iteration pacing cannot be reached (pace time = 3.00, actual time = 8.44).	[MsgId: MWAR-15995]
Warning: Iteration pacing cannot be reached (pace time = 3.00, actual time = 9.65).	[MsgId: MWAR-15995]
Warning: Iteration pacing cannot be reached (pace time = 3.00, actual time = 8.83).	[MsgId: MWAR-15995]
Warning: Iteration pacing cannot be reached (pace time = 3.00, actual time = 10.43).	[MsgId: MWAR-15995]
Warning: Iteration pacing cannot be reached (pace time = 3.00, actual time = 10.07).	[MsgId: MWAR-15995]
Action.c(83): Error: <!DOCTYPE HTML PUBLIC "-//IETF//DTD HTML 2.0//EN">
<HTML>
	<HEAD>
		<TITLE>500 Internal Server Error</TITLE>
<!--style> <H1 {font-family:Courier,Tahoma,Arial,sans-serif;color:white;background-color:#525D76;font-size:22px;} H2 {font-family:Courier,Tahoma,Arial,sans-serif;color:white;background-color:#525D76;font-size:16px;} H3 {font-family:Courier,Tahoma,Arial,sans-serif;color:white;background-color:#525D76;font-size:14px;} BODY {font-family:Courier,Tahoma,Arial,sans-serif;color:black;background-color:white;} B {font-family:Courier,Tahoma,Arial,sans-serif;color:white;background-color:#525D76;} P {font-family:Courier,Tahoma,Arial,sans-serif;background:white;color:black;font-size:12px;}A {color : black;}A.name {color : black;}HR {color : #525D76;}></style-->
	</HEAD>
	<BODY>
		<hr align="center" noShade>
		<br>
		<TABLE cellSpacing="5" cellPadding="5" width="100" bgColor="#ffffff" border="0">
			<TR>
				<TD bgColor="#b2b2b2">
					<STRONG><FONT size="5"><FONT face="Courier">&nbsp; </FONT><FONT face="Arial">HTTP Status&nbsp;<FONT color="#6600cc">:&nbsp;500 - 500 Internal Server Error</FONT></FONT></FONT></STRONG>
				</TD>
			</TR>
		</TABLE>
		<br>
		<hr align="center" noShade>
		<br>
		<TABLE cellSpacing="5" cellPadding="5" width="100" bgColor="#ffffff" border="0">
			<TR>
				<TD vAlign="top" align="right" width="140" bgColor="#e0e0e0">
					<P align="center"><FONT face="Courier" color="#0a246a" size="4"><STRONG>Description</STRONG></FONT></P>
				</TD>
				<TD bgColor="#f0e0e0">
					<DIV align="left"><PRE><FONT face=Courier size=4>The asynchronous job timed out.</FONT></PRE></DIV>
				</TD>
			</TR>
		</TABLE>
	</BODY>
</HTML>	[MsgId: MERR-17999]
Warning: Iteration pacing cannot be reached (pace time = 3.00, actual time = 30.25).	[MsgId: MWAR-15995]
Warning: Iteration pacing cannot be reached (pace time = 3.00, actual time = 4.59).	[MsgId: MWAR-15995]
Action.c(83): Error: <!DOCTYPE HTML PUBLIC "-//IETF//DTD HTML 2.0//EN">
<HTML>
	<HEAD>
		<TITLE>500 Internal Server Error</TITLE>
<!--style> <H1 {font-family:Courier,Tahoma,Arial,sans-serif;color:white;background-color:#525D76;font-size:22px;} H2 {font-family:Courier,Tahoma,Arial,sans-serif;color:white;background-color:#525D76;font-size:16px;} H3 {font-family:Courier,Tahoma,Arial,sans-serif;color:white;background-color:#525D76;font-size:14px;} BODY {font-family:Courier,Tahoma,Arial,sans-serif;color:black;background-color:white;} B {font-family:Courier,Tahoma,Arial,sans-serif;color:white;background-color:#525D76;} P {font-family:Courier,Tahoma,Arial,sans-serif;background:white;color:black;font-size:12px;}A {color : black;}A.name {color : black;}HR {color : #525D76;}></style-->
	</HEAD>
	<BODY>
		<hr align="center" noShade>
		<br>
		<TABLE cellSpacing="5" cellPadding="5" width="100" bgColor="#ffffff" border="0">
			<TR>
				<TD bgColor="#b2b2b2">
					<STRONG><FONT size="5"><FONT face="Courier">&nbsp; </FONT><FONT face="Arial">HTTP Status&nbsp;<FONT color="#6600cc">:&nbsp;500 - 500 Internal Server Error</FONT></FONT></FONT></STRONG>
				</TD>
			</TR>
		</TABLE>
		<br>
		<hr align="center" noShade>
		<br>
		<TABLE cellSpacing="5" cellPadding="5" width="100" bgColor="#ffffff" border="0">
			<TR>
				<TD vAlign="top" align="right" width="140" bgColor="#e0e0e0">
					<P align="center"><FONT face="Courier" color="#0a246a" size="4"><STRONG>Description</STRONG></FONT></P>
				</TD>
				<TD bgColor="#f0e0e0">
					<DIV align="left"><PRE><FONT face=Courier size=4>The asynchronous job timed out.</FONT></PRE></DIV>
				</TD>
			</TR>
		</TABLE>
	</BODY>
</HTML>	[MsgId: MERR-17999]
Warning: Iteration pacing cannot be reached (pace time = 3.00, actual time = 30.09).	[MsgId: MWAR-15995]
Action.c(83): Error: <!DOCTYPE HTML PUBLIC "-//IETF//DTD HTML 2.0//EN">
<HTML>
	<HEAD>
		<TITLE>500 Internal Server Error</TITLE>
<!--style> <H1 {font-family:Courier,Tahoma,Arial,sans-serif;color:white;background-color:#525D76;font-size:22px;} H2 {font-family:Courier,Tahoma,Arial,sans-serif;color:white;background-color:#525D76;font-size:16px;} H3 {font-family:Courier,Tahoma,Arial,sans-serif;color:white;background-color:#525D76;font-size:14px;} BODY {font-family:Courier,Tahoma,Arial,sans-serif;color:black;background-color:white;} B {font-family:Courier,Tahoma,Arial,sans-serif;color:white;background-color:#525D76;} P {font-family:Courier,Tahoma,Arial,sans-serif;background:white;color:black;font-size:12px;}A {color : black;}A.name {color : black;}HR {color : #525D76;}></style-->
	</HEAD>
	<BODY>
		<hr align="center" noShade>
		<br>
		<TABLE cellSpacing="5" cellPadding="5" width="100" bgColor="#ffffff" border="0">
			<TR>
				<TD bgColor="#b2b2b2">
					<STRONG><FONT size="5"><FONT face="Courier">&nbsp; </FONT><FONT face="Arial">HTTP Status&nbsp;<FONT color="#6600cc">:&nbsp;500 - 500 Internal Server Error</FONT></FONT></FONT></STRONG>
				</TD>
			</TR>
		</TABLE>
		<br>
		<hr align="center" noShade>
		<br>
		<TABLE cellSpacing="5" cellPadding="5" width="100" bgColor="#ffffff" border="0">
			<TR>
				<TD vAlign="top" align="right" width="140" bgColor="#e0e0e0">
					<P align="center"><FONT face="Courier" color="#0a246a" size="4"><STRONG>Description</STRONG></FONT></P>
				</TD>
				<TD bgColor="#f0e0e0">
					<DIV align="left"><PRE><FONT face=Courier size=4>The asynchronous job timed out.</FONT></PRE></DIV>
				</TD>
			</TR>
		</TABLE>
	</BODY>
</HTML>	[MsgId: MERR-17999]
Warning: Iteration pacing cannot be reached (pace time = 3.00, actual time = 30.27).	[MsgId: MWAR-15995]
Action.c(83): Error: <!DOCTYPE HTML PUBLIC "-//IETF//DTD HTML 2.0//EN">
<HTML>
	<HEAD>
		<TITLE>500 Internal Server Error</TITLE>
<!--style> <H1 {font-family:Courier,Tahoma,Arial,sans-serif;color:white;background-color:#525D76;font-size:22px;} H2 {font-family:Courier,Tahoma,Arial,sans-serif;color:white;background-color:#525D76;font-size:16px;} H3 {font-family:Courier,Tahoma,Arial,sans-serif;color:white;background-color:#525D76;font-size:14px;} BODY {font-family:Courier,Tahoma,Arial,sans-serif;color:black;background-color:white;} B {font-family:Courier,Tahoma,Arial,sans-serif;color:white;background-color:#525D76;} P {font-family:Courier,Tahoma,Arial,sans-serif;background:white;color:black;font-size:12px;}A {color : black;}A.name {color : black;}HR {color : #525D76;}></style-->
	</HEAD>
	<BODY>
		<hr align="center" noShade>
		<br>
		<TABLE cellSpacing="5" cellPadding="5" width="100" bgColor="#ffffff" border="0">
			<TR>
				<TD bgColor="#b2b2b2">
					<STRONG><FONT size="5"><FONT face="Courier">&nbsp; </FONT><FONT face="Arial">HTTP Status&nbsp;<FONT color="#6600cc">:&nbsp;500 - 500 Internal Server Error</FONT></FONT></FONT></STRONG>
				</TD>
			</TR>
		</TABLE>
		<br>
		<hr align="center" noShade>
		<br>
		<TABLE cellSpacing="5" cellPadding="5" width="100" bgColor="#ffffff" border="0">
			<TR>
				<TD vAlign="top" align="right" width="140" bgColor="#e0e0e0">
					<P align="center"><FONT face="Courier" color="#0a246a" size="4"><STRONG>Description</STRONG></FONT></P>
				</TD>
				<TD bgColor="#f0e0e0">
					<DIV align="left"><PRE><FONT face=Courier size=4>The asynchronous job timed out.</FONT></PRE></DIV>
				</TD>
			</TR>
		</TABLE>
	</BODY>
</HTML>	[MsgId: MERR-17999]
Warning: Iteration pacing cannot be reached (pace time = 3.00, actual time = 30.53).	[MsgId: MWAR-15995]
Action.c(83): Error: <!DOCTYPE HTML PUBLIC "-//IETF//DTD HTML 2.0//EN">
<HTML>
	<HEAD>
		<TITLE>500 Internal Server Error</TITLE>
<!--style> <H1 {font-family:Courier,Tahoma,Arial,sans-serif;color:white;background-color:#525D76;font-size:22px;} H2 {font-family:Courier,Tahoma,Arial,sans-serif;color:white;background-color:#525D76;font-size:16px;} H3 {font-family:Courier,Tahoma,Arial,sans-serif;color:white;background-color:#525D76;font-size:14px;} BODY {font-family:Courier,Tahoma,Arial,sans-serif;color:black;background-color:white;} B {font-family:Courier,Tahoma,Arial,sans-serif;color:white;background-color:#525D76;} P {font-family:Courier,Tahoma,Arial,sans-serif;background:white;color:black;font-size:12px;}A {color : black;}A.name {color : black;}HR {color : #525D76;}></style-->
	</HEAD>
	<BODY>
		<hr align="center" noShade>
		<br>
		<TABLE cellSpacing="5" cellPadding="5" width="100" bgColor="#ffffff" border="0">
			<TR>
				<TD bgColor="#b2b2b2">
					<STRONG><FONT size="5"><FONT face="Courier">&nbsp; </FONT><FONT face="Arial">HTTP Status&nbsp;<FONT color="#6600cc">:&nbsp;500 - 500 Internal Server Error</FONT></FONT></FONT></STRONG>
				</TD>
			</TR>
		</TABLE>
		<br>
		<hr align="center" noShade>
		<br>
		<TABLE cellSpacing="5" cellPadding="5" width="100" bgColor="#ffffff" border="0">
			<TR>
				<TD vAlign="top" align="right" width="140" bgColor="#e0e0e0">
					<P align="center"><FONT face="Courier" color="#0a246a" size="4"><STRONG>Description</STRONG></FONT></P>
				</TD>
				<TD bgColor="#f0e0e0">
					<DIV align="left"><PRE><FONT face=Courier size=4>The asynchronous job timed out.</FONT></PRE></DIV>
				</TD>
			</TR>
		</TABLE>
	</BODY>
</HTML>	[MsgId: MERR-17999]
Warning: Iteration pacing cannot be reached (pace time = 3.00, actual time = 30.19).	[MsgId: MWAR-15995]
Warning: Iteration pacing cannot be reached (pace time = 3.00, actual time = 11.32).	[MsgId: MWAR-15995]
Action.c(83): Error: <!DOCTYPE HTML PUBLIC "-//IETF//DTD HTML 2.0//EN">
<HTML>
	<HEAD>
		<TITLE>500 Internal Server Error</TITLE>
<!--style> <H1 {font-family:Courier,Tahoma,Arial,sans-serif;color:white;background-color:#525D76;font-size:22px;} H2 {font-family:Courier,Tahoma,Arial,sans-serif;color:white;background-color:#525D76;font-size:16px;} H3 {font-family:Courier,Tahoma,Arial,sans-serif;color:white;background-color:#525D76;font-size:14px;} BODY {font-family:Courier,Tahoma,Arial,sans-serif;color:black;background-color:white;} B {font-family:Courier,Tahoma,Arial,sans-serif;color:white;background-color:#525D76;} P {font-family:Courier,Tahoma,Arial,sans-serif;background:white;color:black;font-size:12px;}A {color : black;}A.name {color : black;}HR {color : #525D76;}></style-->
	</HEAD>
	<BODY>
		<hr align="center" noShade>
		<br>
		<TABLE cellSpacing="5" cellPadding="5" width="100" bgColor="#ffffff" border="0">
			<TR>
				<TD bgColor="#b2b2b2">
					<STRONG><FONT size="5"><FONT face="Courier">&nbsp; </FONT><FONT face="Arial">HTTP Status&nbsp;<FONT color="#6600cc">:&nbsp;500 - 500 Internal Server Error</FONT></FONT></FONT></STRONG>
				</TD>
			</TR>
		</TABLE>
		<br>
		<hr align="center" noShade>
		<br>
		<TABLE cellSpacing="5" cellPadding="5" width="100" bgColor="#ffffff" border="0">
			<TR>
				<TD vAlign="top" align="right" width="140" bgColor="#e0e0e0">
					<P align="center"><FONT face="Courier" color="#0a246a" size="4"><STRONG>Description</STRONG></FONT></P>
				</TD>
				<TD bgColor="#f0e0e0">
					<DIV align="left"><PRE><FONT face=Courier size=4>The asynchronous job timed out.</FONT></PRE></DIV>
				</TD>
			</TR>
		</TABLE>
	</BODY>
</HTML>	[MsgId: MERR-17999]
Warning: Iteration pacing cannot be reached (pace time = 3.00, actual time = 30.27).	[MsgId: MWAR-15995]
Action.c(83): Error: <!DOCTYPE HTML PUBLIC "-//IETF//DTD HTML 2.0//EN">
<HTML>
	<HEAD>
		<TITLE>500 Internal Server Error</TITLE>
<!--style> <H1 {font-family:Courier,Tahoma,Arial,sans-serif;color:white;background-color:#525D76;font-size:22px;} H2 {font-family:Courier,Tahoma,Arial,sans-serif;color:white;background-color:#525D76;font-size:16px;} H3 {font-family:Courier,Tahoma,Arial,sans-serif;color:white;background-color:#525D76;font-size:14px;} BODY {font-family:Courier,Tahoma,Arial,sans-serif;color:black;background-color:white;} B {font-family:Courier,Tahoma,Arial,sans-serif;color:white;background-color:#525D76;} P {font-family:Courier,Tahoma,Arial,sans-serif;background:white;color:black;font-size:12px;}A {color : black;}A.name {color : black;}HR {color : #525D76;}></style-->
	</HEAD>
	<BODY>
		<hr align="center" noShade>
		<br>
		<TABLE cellSpacing="5" cellPadding="5" width="100" bgColor="#ffffff" border="0">
			<TR>
				<TD bgColor="#b2b2b2">
					<STRONG><FONT size="5"><FONT face="Courier">&nbsp; </FONT><FONT face="Arial">HTTP Status&nbsp;<FONT color="#6600cc">:&nbsp;500 - 500 Internal Server Error</FONT></FONT></FONT></STRONG>
				</TD>
			</TR>
		</TABLE>
		<br>
		<hr align="center" noShade>
		<br>
		<TABLE cellSpacing="5" cellPadding="5" width="100" bgColor="#ffffff" border="0">
			<TR>
				<TD vAlign="top" align="right" width="140" bgColor="#e0e0e0">
					<P align="center"><FONT face="Courier" color="#0a246a" size="4"><STRONG>Description</STRONG></FONT></P>
				</TD>
				<TD bgColor="#f0e0e0">
					<DIV align="left"><PRE><FONT face=Courier size=4>The asynchronous job timed out.</FONT></PRE></DIV>
				</TD>
			</TR>
		</TABLE>
	</BODY>
</HTML>	[MsgId: MERR-17999]
Warning: Iteration pacing cannot be reached (pace time = 3.00, actual time = 30.37).	[MsgId: MWAR-15995]
Warning: Iteration pacing cannot be reached (pace time = 3.00, actual time = 5.76).	[MsgId: MWAR-15995]
Warning: Iteration pacing cannot be reached (pace time = 3.00, actual time = 11.53).	[MsgId: MWAR-15995]
Warning: Iteration pacing cannot be reached (pace time = 3.00, actual time = 8.23).	[MsgId: MWAR-15995]
Warning: Iteration pacing cannot be reached (pace time = 3.00, actual time = 11.37).	[MsgId: MWAR-15995]
Warning: Iteration pacing cannot be reached (pace time = 3.00, actual time = 6.68).	[MsgId: MWAR-15995]
Warning: Iteration pacing cannot be reached (pace time = 3.00, actual time = 9.68).	[MsgId: MWAR-15995]
Warning: Iteration pacing cannot be reached (pace time = 3.00, actual time = 10.87).	[MsgId: MWAR-15995]
Warning: Iteration pacing cannot be reached (pace time = 3.00, actual time = 9.05).	[MsgId: MWAR-15995]
Action.c(83): Error: <!DOCTYPE HTML PUBLIC "-//IETF//DTD HTML 2.0//EN">
<HTML>
	<HEAD>
		<TITLE>500 Internal Server Error</TITLE>
<!--style> <H1 {font-family:Courier,Tahoma,Arial,sans-serif;color:white;background-color:#525D76;font-size:22px;} H2 {font-family:Courier,Tahoma,Arial,sans-serif;color:white;background-color:#525D76;font-size:16px;} H3 {font-family:Courier,Tahoma,Arial,sans-serif;color:white;background-color:#525D76;font-size:14px;} BODY {font-family:Courier,Tahoma,Arial,sans-serif;color:black;background-color:white;} B {font-family:Courier,Tahoma,Arial,sans-serif;color:white;background-color:#525D76;} P {font-family:Courier,Tahoma,Arial,sans-serif;background:white;color:black;font-size:12px;}A {color : black;}A.name {color : black;}HR {color : #525D76;}></style-->
	</HEAD>
	<BODY>
		<hr align="center" noShade>
		<br>
		<TABLE cellSpacing="5" cellPadding="5" width="100" bgColor="#ffffff" border="0">
			<TR>
				<TD bgColor="#b2b2b2">
					<STRONG><FONT size="5"><FONT face="Courier">&nbsp; </FONT><FONT face="Arial">HTTP Status&nbsp;<FONT color="#6600cc">:&nbsp;500 - 500 Internal Server Error</FONT></FONT></FONT></STRONG>
				</TD>
			</TR>
		</TABLE>
		<br>
		<hr align="center" noShade>
		<br>
		<TABLE cellSpacing="5" cellPadding="5" width="100" bgColor="#ffffff" border="0">
			<TR>
				<TD vAlign="top" align="right" width="140" bgColor="#e0e0e0">
					<P align="center"><FONT face="Courier" color="#0a246a" size="4"><STRONG>Description</STRONG></FONT></P>
				</TD>
				<TD bgColor="#f0e0e0">
					<DIV align="left"><PRE><FONT face=Courier size=4>The asynchronous job timed out.</FONT></PRE></DIV>
				</TD>
			</TR>
		</TABLE>
	</BODY>
</HTML>	[MsgId: MERR-17999]
Warning: Iteration pacing cannot be reached (pace time = 3.00, actual time = 30.18).	[MsgId: MWAR-15995]
Warning: Iteration pacing cannot be reached (pace time = 3.00, actual time = 10.29).	[MsgId: MWAR-15995]
Warning: Iteration pacing cannot be reached (pace time = 3.00, actual time = 11.04).	[MsgId: MWAR-15995]
Warning: Iteration pacing cannot be reached (pace time = 3.00, actual time = 9.70).	[MsgId: MWAR-15995]
Action.c(83): Error: <!DOCTYPE HTML PUBLIC "-//IETF//DTD HTML 2.0//EN">
<HTML>
	<HEAD>
		<TITLE>500 Internal Server Error</TITLE>
<!--style> <H1 {font-family:Courier,Tahoma,Arial,sans-serif;color:white;background-color:#525D76;font-size:22px;} H2 {font-family:Courier,Tahoma,Arial,sans-serif;color:white;background-color:#525D76;font-size:16px;} H3 {font-family:Courier,Tahoma,Arial,sans-serif;color:white;background-color:#525D76;font-size:14px;} BODY {font-family:Courier,Tahoma,Arial,sans-serif;color:black;background-color:white;} B {font-family:Courier,Tahoma,Arial,sans-serif;color:white;background-color:#525D76;} P {font-family:Courier,Tahoma,Arial,sans-serif;background:white;color:black;font-size:12px;}A {color : black;}A.name {color : black;}HR {color : #525D76;}></style-->
	</HEAD>
	<BODY>
		<hr align="center" noShade>
		<br>
		<TABLE cellSpacing="5" cellPadding="5" width="100" bgColor="#ffffff" border="0">
			<TR>
				<TD bgColor="#b2b2b2">
					<STRONG><FONT size="5"><FONT face="Courier">&nbsp; </FONT><FONT face="Arial">HTTP Status&nbsp;<FONT color="#6600cc">:&nbsp;500 - 500 Internal Server Error</FONT></FONT></FONT></STRONG>
				</TD>
			</TR>
		</TABLE>
		<br>
		<hr align="center" noShade>
		<br>
		<TABLE cellSpacing="5" cellPadding="5" width="100" bgColor="#ffffff" border="0">
			<TR>
				<TD vAlign="top" align="right" width="140" bgColor="#e0e0e0">
					<P align="center"><FONT face="Courier" color="#0a246a" size="4"><STRONG>Description</STRONG></FONT></P>
				</TD>
				<TD bgColor="#f0e0e0">
					<DIV align="left"><PRE><FONT face=Courier size=4>The asynchronous job timed out.</FONT></PRE></DIV>
				</TD>
			</TR>
		</TABLE>
	</BODY>
</HTML>	[MsgId: MERR-17999]
Warning: Iteration pacing cannot be reached (pace time = 3.00, actual time = 30.05).	[MsgId: MWAR-15995]
Warning: Iteration pacing cannot be reached (pace time = 3.00, actual time = 9.77).	[MsgId: MWAR-15995]
Action.c(83): Error: <!DOCTYPE HTML PUBLIC "-//IETF//DTD HTML 2.0//EN">
<HTML>
	<HEAD>
		<TITLE>500 Internal Server Error</TITLE>
<!--style> <H1 {font-family:Courier,Tahoma,Arial,sans-serif;color:white;background-color:#525D76;font-size:22px;} H2 {font-family:Courier,Tahoma,Arial,sans-serif;color:white;background-color:#525D76;font-size:16px;} H3 {font-family:Courier,Tahoma,Arial,sans-serif;color:white;background-color:#525D76;font-size:14px;} BODY {font-family:Courier,Tahoma,Arial,sans-serif;color:black;background-color:white;} B {font-family:Courier,Tahoma,Arial,sans-serif;color:white;background-color:#525D76;} P {font-family:Courier,Tahoma,Arial,sans-serif;background:white;color:black;font-size:12px;}A {color : black;}A.name {color : black;}HR {color : #525D76;}></style-->
	</HEAD>
	<BODY>
		<hr align="center" noShade>
		<br>
		<TABLE cellSpacing="5" cellPadding="5" width="100" bgColor="#ffffff" border="0">
			<TR>
				<TD bgColor="#b2b2b2">
					<STRONG><FONT size="5"><FONT face="Courier">&nbsp; </FONT><FONT face="Arial">HTTP Status&nbsp;<FONT color="#6600cc">:&nbsp;500 - 500 Internal Server Error</FONT></FONT></FONT></STRONG>
				</TD>
			</TR>
		</TABLE>
		<br>
		<hr align="center" noShade>
		<br>
		<TABLE cellSpacing="5" cellPadding="5" width="100" bgColor="#ffffff" border="0">
			<TR>
				<TD vAlign="top" align="right" width="140" bgColor="#e0e0e0">
					<P align="center"><FONT face="Courier" color="#0a246a" size="4"><STRONG>Description</STRONG></FONT></P>
				</TD>
				<TD bgColor="#f0e0e0">
					<DIV align="left"><PRE><FONT face=Courier size=4>The asynchronous job timed out.</FONT></PRE></DIV>
				</TD>
			</TR>
		</TABLE>
	</BODY>
</HTML>	[MsgId: MERR-17999]
Warning: Iteration pacing cannot be reached (pace time = 3.00, actual time = 30.06).	[MsgId: MWAR-15995]
Action.c(83): Error: <!DOCTYPE HTML PUBLIC "-//IETF//DTD HTML 2.0//EN">
<HTML>
	<HEAD>
		<TITLE>500 Internal Server Error</TITLE>
<!--style> <H1 {font-family:Courier,Tahoma,Arial,sans-serif;color:white;background-color:#525D76;font-size:22px;} H2 {font-family:Courier,Tahoma,Arial,sans-serif;color:white;background-color:#525D76;font-size:16px;} H3 {font-family:Courier,Tahoma,Arial,sans-serif;color:white;background-color:#525D76;font-size:14px;} BODY {font-family:Courier,Tahoma,Arial,sans-serif;color:black;background-color:white;} B {font-family:Courier,Tahoma,Arial,sans-serif;color:white;background-color:#525D76;} P {font-family:Courier,Tahoma,Arial,sans-serif;background:white;color:black;font-size:12px;}A {color : black;}A.name {color : black;}HR {color : #525D76;}></style-->
	</HEAD>
	<BODY>
		<hr align="center" noShade>
		<br>
		<TABLE cellSpacing="5" cellPadding="5" width="100" bgColor="#ffffff" border="0">
			<TR>
				<TD bgColor="#b2b2b2">
					<STRONG><FONT size="5"><FONT face="Courier">&nbsp; </FONT><FONT face="Arial">HTTP Status&nbsp;<FONT color="#6600cc">:&nbsp;500 - 500 Internal Server Error</FONT></FONT></FONT></STRONG>
				</TD>
			</TR>
		</TABLE>
		<br>
		<hr align="center" noShade>
		<br>
		<TABLE cellSpacing="5" cellPadding="5" width="100" bgColor="#ffffff" border="0">
			<TR>
				<TD vAlign="top" align="right" width="140" bgColor="#e0e0e0">
					<P align="center"><FONT face="Courier" color="#0a246a" size="4"><STRONG>Description</STRONG></FONT></P>
				</TD>
				<TD bgColor="#f0e0e0">
					<DIV align="left"><PRE><FONT face=Courier size=4>The asynchronous job timed out.</FONT></PRE></DIV>
				</TD>
			</TR>
		</TABLE>
	</BODY>
</HTML>	[MsgId: MERR-17999]
Warning: Iteration pacing cannot be reached (pace time = 3.00, actual time = 30.02).	[MsgId: MWAR-15995]
Action.c(83): Error: <!DOCTYPE HTML PUBLIC "-//IETF//DTD HTML 2.0//EN">
<HTML>
	<HEAD>
		<TITLE>500 Internal Server Error</TITLE>
<!--style> <H1 {font-family:Courier,Tahoma,Arial,sans-serif;color:white;background-color:#525D76;font-size:22px;} H2 {font-family:Courier,Tahoma,Arial,sans-serif;color:white;background-color:#525D76;font-size:16px;} H3 {font-family:Courier,Tahoma,Arial,sans-serif;color:white;background-color:#525D76;font-size:14px;} BODY {font-family:Courier,Tahoma,Arial,sans-serif;color:black;background-color:white;} B {font-family:Courier,Tahoma,Arial,sans-serif;color:white;background-color:#525D76;} P {font-family:Courier,Tahoma,Arial,sans-serif;background:white;color:black;font-size:12px;}A {color : black;}A.name {color : black;}HR {color : #525D76;}></style-->
	</HEAD>
	<BODY>
		<hr align="center" noShade>
		<br>
		<TABLE cellSpacing="5" cellPadding="5" width="100" bgColor="#ffffff" border="0">
			<TR>
				<TD bgColor="#b2b2b2">
					<STRONG><FONT size="5"><FONT face="Courier">&nbsp; </FONT><FONT face="Arial">HTTP Status&nbsp;<FONT color="#6600cc">:&nbsp;500 - 500 Internal Server Error</FONT></FONT></FONT></STRONG>
				</TD>
			</TR>
		</TABLE>
		<br>
		<hr align="center" noShade>
		<br>
		<TABLE cellSpacing="5" cellPadding="5" width="100" bgColor="#ffffff" border="0">
			<TR>
				<TD vAlign="top" align="right" width="140" bgColor="#e0e0e0">
					<P align="center"><FONT face="Courier" color="#0a246a" size="4"><STRONG>Description</STRONG></FONT></P>
				</TD>
				<TD bgColor="#f0e0e0">
					<DIV align="left"><PRE><FONT face=Courier size=4>The asynchronous job timed out.</FONT></PRE></DIV>
				</TD>
			</TR>
		</TABLE>
	</BODY>
</HTML>	[MsgId: MERR-17999]
Warning: Iteration pacing cannot be reached (pace time = 3.00, actual time = 30.51).	[MsgId: MWAR-15995]
Warning: Iteration pacing cannot be reached (pace time = 3.00, actual time = 10.50).	[MsgId: MWAR-15995]
Warning: Iteration pacing cannot be reached (pace time = 3.00, actual time = 9.70).	[MsgId: MWAR-15995]
Action.c(83): Error: <!DOCTYPE HTML PUBLIC "-//IETF//DTD HTML 2.0//EN">
<HTML>
	<HEAD>
		<TITLE>500 Internal Server Error</TITLE>
<!--style> <H1 {font-family:Courier,Tahoma,Arial,sans-serif;color:white;background-color:#525D76;font-size:22px;} H2 {font-family:Courier,Tahoma,Arial,sans-serif;color:white;background-color:#525D76;font-size:16px;} H3 {font-family:Courier,Tahoma,Arial,sans-serif;color:white;background-color:#525D76;font-size:14px;} BODY {font-family:Courier,Tahoma,Arial,sans-serif;color:black;background-color:white;} B {font-family:Courier,Tahoma,Arial,sans-serif;color:white;background-color:#525D76;} P {font-family:Courier,Tahoma,Arial,sans-serif;background:white;color:black;font-size:12px;}A {color : black;}A.name {color : black;}HR {color : #525D76;}></style-->
	</HEAD>
	<BODY>
		<hr align="center" noShade>
		<br>
		<TABLE cellSpacing="5" cellPadding="5" width="100" bgColor="#ffffff" border="0">
			<TR>
				<TD bgColor="#b2b2b2">
					<STRONG><FONT size="5"><FONT face="Courier">&nbsp; </FONT><FONT face="Arial">HTTP Status&nbsp;<FONT color="#6600cc">:&nbsp;500 - 500 Internal Server Error</FONT></FONT></FONT></STRONG>
				</TD>
			</TR>
		</TABLE>
		<br>
		<hr align="center" noShade>
		<br>
		<TABLE cellSpacing="5" cellPadding="5" width="100" bgColor="#ffffff" border="0">
			<TR>
				<TD vAlign="top" align="right" width="140" bgColor="#e0e0e0">
					<P align="center"><FONT face="Courier" color="#0a246a" size="4"><STRONG>Description</STRONG></FONT></P>
				</TD>
				<TD bgColor="#f0e0e0">
					<DIV align="left"><PRE><FONT face=Courier size=4>The asynchronous job timed out.</FONT></PRE></DIV>
				</TD>
			</TR>
		</TABLE>
	</BODY>
</HTML>	[MsgId: MERR-17999]
Warning: Iteration pacing cannot be reached (pace time = 3.00, actual time = 30.77).	[MsgId: MWAR-15995]
Warning: Iteration pacing cannot be reached (pace time = 3.00, actual time = 9.25).	[MsgId: MWAR-15995]
Warning: Iteration pacing cannot be reached (pace time = 3.00, actual time = 10.20).	[MsgId: MWAR-15995]
Warning: Iteration pacing cannot be reached (pace time = 3.00, actual time = 8.34).	[MsgId: MWAR-15995]
Warning: Iteration pacing cannot be reached (pace time = 3.00, actual time = 10.34).	[MsgId: MWAR-15995]
Warning: Iteration pacing cannot be reached (pace time = 3.00, actual time = 9.55).	[MsgId: MWAR-15995]
Warning: Iteration pacing cannot be reached (pace time = 3.00, actual time = 11.24).	[MsgId: MWAR-15995]
Warning: Iteration pacing cannot be reached (pace time = 3.00, actual time = 11.29).	[MsgId: MWAR-15995]
Warning: Iteration pacing cannot be reached (pace time = 3.00, actual time = 6.28).	[MsgId: MWAR-15995]
Warning: Iteration pacing cannot be reached (pace time = 3.00, actual time = 10.86).	[MsgId: MWAR-15995]
Warning: Iteration pacing cannot be reached (pace time = 3.00, actual time = 8.52).	[MsgId: MWAR-15995]
Warning: Iteration pacing cannot be reached (pace time = 3.00, actual time = 9.81).	[MsgId: MWAR-15995]
Warning: Iteration pacing cannot be reached (pace time = 3.00, actual time = 6.59).	[MsgId: MWAR-15995]
Warning: Iteration pacing cannot be reached (pace time = 3.00, actual time = 11.27).	[MsgId: MWAR-15995]
Action.c(83): Error: <!DOCTYPE HTML PUBLIC "-//IETF//DTD HTML 2.0//EN">
<HTML>
	<HEAD>
		<TITLE>500 Internal Server Error</TITLE>
<!--style> <H1 {font-family:Courier,Tahoma,Arial,sans-serif;color:white;background-color:#525D76;font-size:22px;} H2 {font-family:Courier,Tahoma,Arial,sans-serif;color:white;background-color:#525D76;font-size:16px;} H3 {font-family:Courier,Tahoma,Arial,sans-serif;color:white;background-color:#525D76;font-size:14px;} BODY {font-family:Courier,Tahoma,Arial,sans-serif;color:black;background-color:white;} B {font-family:Courier,Tahoma,Arial,sans-serif;color:white;background-color:#525D76;} P {font-family:Courier,Tahoma,Arial,sans-serif;background:white;color:black;font-size:12px;}A {color : black;}A.name {color : black;}HR {color : #525D76;}></style-->
	</HEAD>
	<BODY>
		<hr align="center" noShade>
		<br>
		<TABLE cellSpacing="5" cellPadding="5" width="100" bgColor="#ffffff" border="0">
			<TR>
				<TD bgColor="#b2b2b2">
					<STRONG><FONT size="5"><FONT face="Courier">&nbsp; </FONT><FONT face="Arial">HTTP Status&nbsp;<FONT color="#6600cc">:&nbsp;500 - 500 Internal Server Error</FONT></FONT></FONT></STRONG>
				</TD>
			</TR>
		</TABLE>
		<br>
		<hr align="center" noShade>
		<br>
		<TABLE cellSpacing="5" cellPadding="5" width="100" bgColor="#ffffff" border="0">
			<TR>
				<TD vAlign="top" align="right" width="140" bgColor="#e0e0e0">
					<P align="center"><FONT face="Courier" color="#0a246a" size="4"><STRONG>Description</STRONG></FONT></P>
				</TD>
				<TD bgColor="#f0e0e0">
					<DIV align="left"><PRE><FONT face=Courier size=4>The asynchronous job timed out.</FONT></PRE></DIV>
				</TD>
			</TR>
		</TABLE>
	</BODY>
</HTML>	[MsgId: MERR-17999]
Warning: Iteration pacing cannot be reached (pace time = 3.00, actual time = 30.27).	[MsgId: MWAR-15995]
Warning: Iteration pacing cannot be reached (pace time = 3.00, actual time = 9.26).	[MsgId: MWAR-15995]
Warning: Iteration pacing cannot be reached (pace time = 3.00, actual time = 10.62).	[MsgId: MWAR-15995]
Warning: Iteration pacing cannot be reached (pace time = 3.00, actual time = 5.67).	[MsgId: MWAR-15995]
Warning: Iteration pacing cannot be reached (pace time = 3.00, actual time = 10.73).	[MsgId: MWAR-15995]
Warning: Iteration pacing cannot be reached (pace time = 3.00, actual time = 13.00).	[MsgId: MWAR-15995]
Warning: Iteration pacing cannot be reached (pace time = 3.00, actual time = 10.47).	[MsgId: MWAR-15995]
Action.c(83): Error: <!DOCTYPE HTML PUBLIC "-//IETF//DTD HTML 2.0//EN">
<HTML>
	<HEAD>
		<TITLE>500 Internal Server Error</TITLE>
<!--style> <H1 {font-family:Courier,Tahoma,Arial,sans-serif;color:white;background-color:#525D76;font-size:22px;} H2 {font-family:Courier,Tahoma,Arial,sans-serif;color:white;background-color:#525D76;font-size:16px;} H3 {font-family:Courier,Tahoma,Arial,sans-serif;color:white;background-color:#525D76;font-size:14px;} BODY {font-family:Courier,Tahoma,Arial,sans-serif;color:black;background-color:white;} B {font-family:Courier,Tahoma,Arial,sans-serif;color:white;background-color:#525D76;} P {font-family:Courier,Tahoma,Arial,sans-serif;background:white;color:black;font-size:12px;}A {color : black;}A.name {color : black;}HR {color : #525D76;}></style-->
	</HEAD>
	<BODY>
		<hr align="center" noShade>
		<br>
		<TABLE cellSpacing="5" cellPadding="5" width="100" bgColor="#ffffff" border="0">
			<TR>
				<TD bgColor="#b2b2b2">
					<STRONG><FONT size="5"><FONT face="Courier">&nbsp; </FONT><FONT face="Arial">HTTP Status&nbsp;<FONT color="#6600cc">:&nbsp;500 - 500 Internal Server Error</FONT></FONT></FONT></STRONG>
				</TD>
			</TR>
		</TABLE>
		<br>
		<hr align="center" noShade>
		<br>
		<TABLE cellSpacing="5" cellPadding="5" width="100" bgColor="#ffffff" border="0">
			<TR>
				<TD vAlign="top" align="right" width="140" bgColor="#e0e0e0">
					<P align="center"><FONT face="Courier" color="#0a246a" size="4"><STRONG>Description</STRONG></FONT></P>
				</TD>
				<TD bgColor="#f0e0e0">
					<DIV align="left"><PRE><FONT face=Courier size=4>The asynchronous job timed out.</FONT></PRE></DIV>
				</TD>
			</TR>
		</TABLE>
	</BODY>
</HTML>	[MsgId: MERR-17999]
Warning: Iteration pacing cannot be reached (pace time = 3.00, actual time = 30.52).	[MsgId: MWAR-15995]
Warning: Iteration pacing cannot be reached (pace time = 3.00, actual time = 12.30).	[MsgId: MWAR-15995]
Action.c(83): Error: <!DOCTYPE HTML PUBLIC "-//IETF//DTD HTML 2.0//EN">
<HTML>
	<HEAD>
		<TITLE>500 Internal Server Error</TITLE>
<!--style> <H1 {font-family:Courier,Tahoma,Arial,sans-serif;color:white;background-color:#525D76;font-size:22px;} H2 {font-family:Courier,Tahoma,Arial,sans-serif;color:white;background-color:#525D76;font-size:16px;} H3 {font-family:Courier,Tahoma,Arial,sans-serif;color:white;background-color:#525D76;font-size:14px;} BODY {font-family:Courier,Tahoma,Arial,sans-serif;color:black;background-color:white;} B {font-family:Courier,Tahoma,Arial,sans-serif;color:white;background-color:#525D76;} P {font-family:Courier,Tahoma,Arial,sans-serif;background:white;color:black;font-size:12px;}A {color : black;}A.name {color : black;}HR {color : #525D76;}></style-->
	</HEAD>
	<BODY>
		<hr align="center" noShade>
		<br>
		<TABLE cellSpacing="5" cellPadding="5" width="100" bgColor="#ffffff" border="0">
			<TR>
				<TD bgColor="#b2b2b2">
					<STRONG><FONT size="5"><FONT face="Courier">&nbsp; </FONT><FONT face="Arial">HTTP Status&nbsp;<FONT color="#6600cc">:&nbsp;500 - 500 Internal Server Error</FONT></FONT></FONT></STRONG>
				</TD>
			</TR>
		</TABLE>
		<br>
		<hr align="center" noShade>
		<br>
		<TABLE cellSpacing="5" cellPadding="5" width="100" bgColor="#ffffff" border="0">
			<TR>
				<TD vAlign="top" align="right" width="140" bgColor="#e0e0e0">
					<P align="center"><FONT face="Courier" color="#0a246a" size="4"><STRONG>Description</STRONG></FONT></P>
				</TD>
				<TD bgColor="#f0e0e0">
					<DIV align="left"><PRE><FONT face=Courier size=4>The asynchronous job timed out.</FONT></PRE></DIV>
				</TD>
			</TR>
		</TABLE>
	</BODY>
</HTML>	[MsgId: MERR-17999]
Warning: Iteration pacing cannot be reached (pace time = 3.00, actual time = 30.19).	[MsgId: MWAR-15995]
Warning: Iteration pacing cannot be reached (pace time = 3.00, actual time = 11.65).	[MsgId: MWAR-15995]
Warning: Iteration pacing cannot be reached (pace time = 3.00, actual time = 8.82).	[MsgId: MWAR-15995]
Warning: Iteration pacing cannot be reached (pace time = 3.00, actual time = 8.31).	[MsgId: MWAR-15995]
Warning: Iteration pacing cannot be reached (pace time = 3.00, actual time = 9.40).	[MsgId: MWAR-15995]
Warning: Iteration pacing cannot be reached (pace time = 3.00, actual time = 14.43).	[MsgId: MWAR-15995]
Warning: Iteration pacing cannot be reached (pace time = 3.00, actual time = 10.15).	[MsgId: MWAR-15995]
Warning: Iteration pacing cannot be reached (pace time = 3.00, actual time = 15.92).	[MsgId: MWAR-15995]
Warning: Iteration pacing cannot be reached (pace time = 3.00, actual time = 13.46).	[MsgId: MWAR-15995]
Warning: Iteration pacing cannot be reached (pace time = 3.00, actual time = 9.27).	[MsgId: MWAR-15995]
Warning: Iteration pacing cannot be reached (pace time = 3.00, actual time = 14.50).	[MsgId: MWAR-15995]
Warning: Iteration pacing cannot be reached (pace time = 3.00, actual time = 16.88).	[MsgId: MWAR-15995]
Warning: Iteration pacing cannot be reached (pace time = 3.00, actual time = 10.59).	[MsgId: MWAR-15995]
Warning: Iteration pacing cannot be reached (pace time = 3.00, actual time = 16.03).	[MsgId: MWAR-15995]
Warning: Iteration pacing cannot be reached (pace time = 3.00, actual time = 13.82).	[MsgId: MWAR-15995]
Warning: Iteration pacing cannot be reached (pace time = 3.00, actual time = 17.57).	[MsgId: MWAR-15995]
Warning: Iteration pacing cannot be reached (pace time = 3.00, actual time = 15.85).	[MsgId: MWAR-15995]
Action.c(83): Error: <!DOCTYPE HTML PUBLIC "-//IETF//DTD HTML 2.0//EN">
<HTML>
	<HEAD>
		<TITLE>500 Internal Server Error</TITLE>
<!--style> <H1 {font-family:Courier,Tahoma,Arial,sans-serif;color:white;background-color:#525D76;font-size:22px;} H2 {font-family:Courier,Tahoma,Arial,sans-serif;color:white;background-color:#525D76;font-size:16px;} H3 {font-family:Courier,Tahoma,Arial,sans-serif;color:white;background-color:#525D76;font-size:14px;} BODY {font-family:Courier,Tahoma,Arial,sans-serif;color:black;background-color:white;} B {font-family:Courier,Tahoma,Arial,sans-serif;color:white;background-color:#525D76;} P {font-family:Courier,Tahoma,Arial,sans-serif;background:white;color:black;font-size:12px;}A {color : black;}A.name {color : black;}HR {color : #525D76;}></style-->
	</HEAD>
	<BODY>
		<hr align="center" noShade>
		<br>
		<TABLE cellSpacing="5" cellPadding="5" width="100" bgColor="#ffffff" border="0">
			<TR>
				<TD bgColor="#b2b2b2">
					<STRONG><FONT size="5"><FONT face="Courier">&nbsp; </FONT><FONT face="Arial">HTTP Status&nbsp;<FONT color="#6600cc">:&nbsp;500 - 500 Internal Server Error</FONT></FONT></FONT></STRONG>
				</TD>
			</TR>
		</TABLE>
		<br>
		<hr align="center" noShade>
		<br>
		<TABLE cellSpacing="5" cellPadding="5" width="100" bgColor="#ffffff" border="0">
			<TR>
				<TD vAlign="top" align="right" width="140" bgColor="#e0e0e0">
					<P align="center"><FONT face="Courier" color="#0a246a" size="4"><STRONG>Description</STRONG></FONT></P>
				</TD>
				<TD bgColor="#f0e0e0">
					<DIV align="left"><PRE><FONT face=Courier size=4>The asynchronous job timed out.</FONT></PRE></DIV>
				</TD>
			</TR>
		</TABLE>
	</BODY>
</HTML>	[MsgId: MERR-17999]
Warning: Iteration pacing cannot be reached (pace time = 3.00, actual time = 30.07).	[MsgId: MWAR-15995]
Warning: Iteration pacing cannot be reached (pace time = 3.00, actual time = 17.38).	[MsgId: MWAR-15995]
Warning: Iteration pacing cannot be reached (pace time = 3.00, actual time = 17.25).	[MsgId: MWAR-15995]
Warning: Iteration pacing cannot be reached (pace time = 3.00, actual time = 14.00).	[MsgId: MWAR-15995]
Warning: Iteration pacing cannot be reached (pace time = 3.00, actual time = 16.00).	[MsgId: MWAR-15995]
Warning: Iteration pacing cannot be reached (pace time = 3.00, actual time = 15.51).	[MsgId: MWAR-15995]
Warning: Iteration pacing cannot be reached (pace time = 3.00, actual time = 15.51).	[MsgId: MWAR-15995]
Warning: Iteration pacing cannot be reached (pace time = 3.00, actual time = 13.86).	[MsgId: MWAR-15995]
Warning: Iteration pacing cannot be reached (pace time = 3.00, actual time = 12.23).	[MsgId: MWAR-15995]
Warning: Iteration pacing cannot be reached (pace time = 3.00, actual time = 15.12).	[MsgId: MWAR-15995]
Warning: Iteration pacing cannot be reached (pace time = 3.00, actual time = 8.69).	[MsgId: MWAR-15995]
Action.c(83): Error: <!DOCTYPE HTML PUBLIC "-//IETF//DTD HTML 2.0//EN">
<HTML>
	<HEAD>
		<TITLE>500 Internal Server Error</TITLE>
<!--style> <H1 {font-family:Courier,Tahoma,Arial,sans-serif;color:white;background-color:#525D76;font-size:22px;} H2 {font-family:Courier,Tahoma,Arial,sans-serif;color:white;background-color:#525D76;font-size:16px;} H3 {font-family:Courier,Tahoma,Arial,sans-serif;color:white;background-color:#525D76;font-size:14px;} BODY {font-family:Courier,Tahoma,Arial,sans-serif;color:black;background-color:white;} B {font-family:Courier,Tahoma,Arial,sans-serif;color:white;background-color:#525D76;} P {font-family:Courier,Tahoma,Arial,sans-serif;background:white;color:black;font-size:12px;}A {color : black;}A.name {color : black;}HR {color : #525D76;}></style-->
	</HEAD>
	<BODY>
		<hr align="center" noShade>
		<br>
		<TABLE cellSpacing="5" cellPadding="5" width="100" bgColor="#ffffff" border="0">
			<TR>
				<TD bgColor="#b2b2b2">
					<STRONG><FONT size="5"><FONT face="Courier">&nbsp; </FONT><FONT face="Arial">HTTP Status&nbsp;<FONT color="#6600cc">:&nbsp;500 - 500 Internal Server Error</FONT></FONT></FONT></STRONG>
				</TD>
			</TR>
		</TABLE>
		<br>
		<hr align="center" noShade>
		<br>
		<TABLE cellSpacing="5" cellPadding="5" width="100" bgColor="#ffffff" border="0">
			<TR>
				<TD vAlign="top" align="right" width="140" bgColor="#e0e0e0">
					<P align="center"><FONT face="Courier" color="#0a246a" size="4"><STRONG>Description</STRONG></FONT></P>
				</TD>
				<TD bgColor="#f0e0e0">
					<DIV align="left"><PRE><FONT face=Courier size=4>The asynchronous job timed out.</FONT></PRE></DIV>
				</TD>
			</TR>
		</TABLE>
	</BODY>
</HTML>	[MsgId: MERR-17999]
Warning: Iteration pacing cannot be reached (pace time = 3.00, actual time = 30.22).	[MsgId: MWAR-15995]
Warning: Iteration pacing cannot be reached (pace time = 3.00, actual time = 14.65).	[MsgId: MWAR-15995]
Warning: Iteration pacing cannot be reached (pace time = 3.00, actual time = 13.10).	[MsgId: MWAR-15995]
Warning: Iteration pacing cannot be reached (pace time = 3.00, actual time = 10.57).	[MsgId: MWAR-15995]
Warning: Iteration pacing cannot be reached (pace time = 3.00, actual time = 12.70).	[MsgId: MWAR-15995]
Warning: Iteration pacing cannot be reached (pace time = 3.00, actual time = 15.64).	[MsgId: MWAR-15995]
Warning: Iteration pacing cannot be reached (pace time = 3.00, actual time = 13.98).	[MsgId: MWAR-15995]
Warning: Iteration pacing cannot be reached (pace time = 3.00, actual time = 14.47).	[MsgId: MWAR-15995]
Warning: Iteration pacing cannot be reached (pace time = 3.00, actual time = 14.91).	[MsgId: MWAR-15995]
Warning: Iteration pacing cannot be reached (pace time = 3.00, actual time = 13.91).	[MsgId: MWAR-15995]
Warning: Iteration pacing cannot be reached (pace time = 3.00, actual time = 14.38).	[MsgId: MWAR-15995]
Warning: Iteration pacing cannot be reached (pace time = 3.00, actual time = 13.94).	[MsgId: MWAR-15995]
Warning: Iteration pacing cannot be reached (pace time = 3.00, actual time = 8.07).	[MsgId: MWAR-15995]
Action.c(83): Error: <!DOCTYPE HTML PUBLIC "-//IETF//DTD HTML 2.0//EN">
<HTML>
	<HEAD>
		<TITLE>500 Internal Server Error</TITLE>
<!--style> <H1 {font-family:Courier,Tahoma,Arial,sans-serif;color:white;background-color:#525D76;font-size:22px;} H2 {font-family:Courier,Tahoma,Arial,sans-serif;color:white;background-color:#525D76;font-size:16px;} H3 {font-family:Courier,Tahoma,Arial,sans-serif;color:white;background-color:#525D76;font-size:14px;} BODY {font-family:Courier,Tahoma,Arial,sans-serif;color:black;background-color:white;} B {font-family:Courier,Tahoma,Arial,sans-serif;color:white;background-color:#525D76;} P {font-family:Courier,Tahoma,Arial,sans-serif;background:white;color:black;font-size:12px;}A {color : black;}A.name {color : black;}HR {color : #525D76;}></style-->
	</HEAD>
	<BODY>
		<hr align="center" noShade>
		<br>
		<TABLE cellSpacing="5" cellPadding="5" width="100" bgColor="#ffffff" border="0">
			<TR>
				<TD bgColor="#b2b2b2">
					<STRONG><FONT size="5"><FONT face="Courier">&nbsp; </FONT><FONT face="Arial">HTTP Status&nbsp;<FONT color="#6600cc">:&nbsp;500 - 500 Internal Server Error</FONT></FONT></FONT></STRONG>
				</TD>
			</TR>
		</TABLE>
		<br>
		<hr align="center" noShade>
		<br>
		<TABLE cellSpacing="5" cellPadding="5" width="100" bgColor="#ffffff" border="0">
			<TR>
				<TD vAlign="top" align="right" width="140" bgColor="#e0e0e0">
					<P align="center"><FONT face="Courier" color="#0a246a" size="4"><STRONG>Description</STRONG></FONT></P>
				</TD>
				<TD bgColor="#f0e0e0">
					<DIV align="left"><PRE><FONT face=Courier size=4>The asynchronous job timed out.</FONT></PRE></DIV>
				</TD>
			</TR>
		</TABLE>
	</BODY>
</HTML>	[MsgId: MERR-17999]
Warning: Iteration pacing cannot be reached (pace time = 3.00, actual time = 30.48).	[MsgId: MWAR-15995]
Action.c(83): Error: <!DOCTYPE HTML PUBLIC "-//IETF//DTD HTML 2.0//EN">
<HTML>
	<HEAD>
		<TITLE>500 Internal Server Error</TITLE>
<!--style> <H1 {font-family:Courier,Tahoma,Arial,sans-serif;color:white;background-color:#525D76;font-size:22px;} H2 {font-family:Courier,Tahoma,Arial,sans-serif;color:white;background-color:#525D76;font-size:16px;} H3 {font-family:Courier,Tahoma,Arial,sans-serif;color:white;background-color:#525D76;font-size:14px;} BODY {font-family:Courier,Tahoma,Arial,sans-serif;color:black;background-color:white;} B {font-family:Courier,Tahoma,Arial,sans-serif;color:white;background-color:#525D76;} P {font-family:Courier,Tahoma,Arial,sans-serif;background:white;color:black;font-size:12px;}A {color : black;}A.name {color : black;}HR {color : #525D76;}></style-->
	</HEAD>
	<BODY>
		<hr align="center" noShade>
		<br>
		<TABLE cellSpacing="5" cellPadding="5" width="100" bgColor="#ffffff" border="0">
			<TR>
				<TD bgColor="#b2b2b2">
					<STRONG><FONT size="5"><FONT face="Courier">&nbsp; </FONT><FONT face="Arial">HTTP Status&nbsp;<FONT color="#6600cc">:&nbsp;500 - 500 Internal Server Error</FONT></FONT></FONT></STRONG>
				</TD>
			</TR>
		</TABLE>
		<br>
		<hr align="center" noShade>
		<br>
		<TABLE cellSpacing="5" cellPadding="5" width="100" bgColor="#ffffff" border="0">
			<TR>
				<TD vAlign="top" align="right" width="140" bgColor="#e0e0e0">
					<P align="center"><FONT face="Courier" color="#0a246a" size="4"><STRONG>Description</STRONG></FONT></P>
				</TD>
				<TD bgColor="#f0e0e0">
					<DIV align="left"><PRE><FONT face=Courier size=4>The asynchronous job timed out.</FONT></PRE></DIV>
				</TD>
			</TR>
		</TABLE>
	</BODY>
</HTML>	[MsgId: MERR-17999]
Warning: Iteration pacing cannot be reached (pace time = 3.00, actual time = 30.35).	[MsgId: MWAR-15995]
Warning: Iteration pacing cannot be reached (pace time = 3.00, actual time = 7.94).	[MsgId: MWAR-15995]
Warning: Iteration pacing cannot be reached (pace time = 3.00, actual time = 11.15).	[MsgId: MWAR-15995]
Warning: Iteration pacing cannot be reached (pace time = 3.00, actual time = 9.59).	[MsgId: MWAR-15995]
Warning: Iteration pacing cannot be reached (pace time = 3.00, actual time = 14.72).	[MsgId: MWAR-15995]
Warning: Iteration pacing cannot be reached (pace time = 3.00, actual time = 8.87).	[MsgId: MWAR-15995]
Warning: Iteration pacing cannot be reached (pace time = 3.00, actual time = 17.05).	[MsgId: MWAR-15995]
Warning: Iteration pacing cannot be reached (pace time = 3.00, actual time = 14.59).	[MsgId: MWAR-15995]
Warning: Iteration pacing cannot be reached (pace time = 3.00, actual time = 13.65).	[MsgId: MWAR-15995]
Warning: Iteration pacing cannot be reached (pace time = 3.00, actual time = 14.08).	[MsgId: MWAR-15995]
Warning: Iteration pacing cannot be reached (pace time = 3.00, actual time = 21.67).	[MsgId: MWAR-15995]
Warning: Iteration pacing cannot be reached (pace time = 3.00, actual time = 23.21).	[MsgId: MWAR-15995]
Warning: Iteration pacing cannot be reached (pace time = 3.00, actual time = 23.09).	[MsgId: MWAR-15995]
Warning: Iteration pacing cannot be reached (pace time = 3.00, actual time = 15.56).	[MsgId: MWAR-15995]
Warning: Iteration pacing cannot be reached (pace time = 3.00, actual time = 20.39).	[MsgId: MWAR-15995]
Warning: Iteration pacing cannot be reached (pace time = 3.00, actual time = 13.70).	[MsgId: MWAR-15995]
Warning: Iteration pacing cannot be reached (pace time = 3.00, actual time = 14.60).	[MsgId: MWAR-15995]
Warning: Iteration pacing cannot be reached (pace time = 3.00, actual time = 21.79).	[MsgId: MWAR-15995]
Warning: Iteration pacing cannot be reached (pace time = 3.00, actual time = 14.39).	[MsgId: MWAR-15995]
Warning: Iteration pacing cannot be reached (pace time = 3.00, actual time = 14.29).	[MsgId: MWAR-15995]
Warning: Iteration pacing cannot be reached (pace time = 3.00, actual time = 14.51).	[MsgId: MWAR-15995]
Warning: Iteration pacing cannot be reached (pace time = 3.00, actual time = 13.29).	[MsgId: MWAR-15995]
Warning: Iteration pacing cannot be reached (pace time = 3.00, actual time = 14.44).	[MsgId: MWAR-15995]
Warning: Iteration pacing cannot be reached (pace time = 3.00, actual time = 24.27).	[MsgId: MWAR-15995]
Warning: Iteration pacing cannot be reached (pace time = 3.00, actual time = 14.66).	[MsgId: MWAR-15995]
Warning: Iteration pacing cannot be reached (pace time = 3.00, actual time = 14.62).	[MsgId: MWAR-15995]
Warning: Iteration pacing cannot be reached (pace time = 3.00, actual time = 19.21).	[MsgId: MWAR-15995]
Action.c(83): Error: <!DOCTYPE HTML PUBLIC "-//IETF//DTD HTML 2.0//EN">
<HTML>
	<HEAD>
		<TITLE>500 Internal Server Error</TITLE>
<!--style> <H1 {font-family:Courier,Tahoma,Arial,sans-serif;color:white;background-color:#525D76;font-size:22px;} H2 {font-family:Courier,Tahoma,Arial,sans-serif;color:white;background-color:#525D76;font-size:16px;} H3 {font-family:Courier,Tahoma,Arial,sans-serif;color:white;background-color:#525D76;font-size:14px;} BODY {font-family:Courier,Tahoma,Arial,sans-serif;color:black;background-color:white;} B {font-family:Courier,Tahoma,Arial,sans-serif;color:white;background-color:#525D76;} P {font-family:Courier,Tahoma,Arial,sans-serif;background:white;color:black;font-size:12px;}A {color : black;}A.name {color : black;}HR {color : #525D76;}></style-->
	</HEAD>
	<BODY>
		<hr align="center" noShade>
		<br>
		<TABLE cellSpacing="5" cellPadding="5" width="100" bgColor="#ffffff" border="0">
			<TR>
				<TD bgColor="#b2b2b2">
					<STRONG><FONT size="5"><FONT face="Courier">&nbsp; </FONT><FONT face="Arial">HTTP Status&nbsp;<FONT color="#6600cc">:&nbsp;500 - 500 Internal Server Error</FONT></FONT></FONT></STRONG>
				</TD>
			</TR>
		</TABLE>
		<br>
		<hr align="center" noShade>
		<br>
		<TABLE cellSpacing="5" cellPadding="5" width="100" bgColor="#ffffff" border="0">
			<TR>
				<TD vAlign="top" align="right" width="140" bgColor="#e0e0e0">
					<P align="center"><FONT face="Courier" color="#0a246a" size="4"><STRONG>Description</STRONG></FONT></P>
				</TD>
				<TD bgColor="#f0e0e0">
					<DIV align="left"><PRE><FONT face=Courier size=4>The asynchronous job timed out.</FONT></PRE></DIV>
				</TD>
			</TR>
		</TABLE>
	</BODY>
</HTML>	[MsgId: MERR-17999]
Warning: Iteration pacing cannot be reached (pace time = 3.00, actual time = 30.47).	[MsgId: MWAR-15995]
Warning: Iteration pacing cannot be reached (pace time = 3.00, actual time = 16.31).	[MsgId: MWAR-15995]
Warning: Iteration pacing cannot be reached (pace time = 3.00, actual time = 14.75).	[MsgId: MWAR-15995]
Warning: Iteration pacing cannot be reached (pace time = 3.00, actual time = 18.71).	[MsgId: MWAR-15995]
Warning: Iteration pacing cannot be reached (pace time = 3.00, actual time = 14.95).	[MsgId: MWAR-15995]
Warning: Iteration pacing cannot be reached (pace time = 3.00, actual time = 17.00).	[MsgId: MWAR-15995]
Warning: Iteration pacing cannot be reached (pace time = 3.00, actual time = 15.37).	[MsgId: MWAR-15995]
Warning: Iteration pacing cannot be reached (pace time = 3.00, actual time = 16.28).	[MsgId: MWAR-15995]
Warning: Iteration pacing cannot be reached (pace time = 3.00, actual time = 14.84).	[MsgId: MWAR-15995]
Warning: Iteration pacing cannot be reached (pace time = 3.00, actual time = 14.71).	[MsgId: MWAR-15995]
Warning: Iteration pacing cannot be reached (pace time = 3.00, actual time = 16.84).	[MsgId: MWAR-15995]
Action.c(83): Error: <!DOCTYPE HTML PUBLIC "-//IETF//DTD HTML 2.0//EN">
<HTML>
	<HEAD>
		<TITLE>500 Internal Server Error</TITLE>
<!--style> <H1 {font-family:Courier,Tahoma,Arial,sans-serif;color:white;background-color:#525D76;font-size:22px;} H2 {font-family:Courier,Tahoma,Arial,sans-serif;color:white;background-color:#525D76;font-size:16px;} H3 {font-family:Courier,Tahoma,Arial,sans-serif;color:white;background-color:#525D76;font-size:14px;} BODY {font-family:Courier,Tahoma,Arial,sans-serif;color:black;background-color:white;} B {font-family:Courier,Tahoma,Arial,sans-serif;color:white;background-color:#525D76;} P {font-family:Courier,Tahoma,Arial,sans-serif;background:white;color:black;font-size:12px;}A {color : black;}A.name {color : black;}HR {color : #525D76;}></style-->
	</HEAD>
	<BODY>
		<hr align="center" noShade>
		<br>
		<TABLE cellSpacing="5" cellPadding="5" width="100" bgColor="#ffffff" border="0">
			<TR>
				<TD bgColor="#b2b2b2">
					<STRONG><FONT size="5"><FONT face="Courier">&nbsp; </FONT><FONT face="Arial">HTTP Status&nbsp;<FONT color="#6600cc">:&nbsp;500 - 500 Internal Server Error</FONT></FONT></FONT></STRONG>
				</TD>
			</TR>
		</TABLE>
		<br>
		<hr align="center" noShade>
		<br>
		<TABLE cellSpacing="5" cellPadding="5" width="100" bgColor="#ffffff" border="0">
			<TR>
				<TD vAlign="top" align="right" width="140" bgColor="#e0e0e0">
					<P align="center"><FONT face="Courier" color="#0a246a" size="4"><STRONG>Description</STRONG></FONT></P>
				</TD>
				<TD bgColor="#f0e0e0">
					<DIV align="left"><PRE><FONT face=Courier size=4>The asynchronous job timed out.</FONT></PRE></DIV>
				</TD>
			</TR>
		</TABLE>
	</BODY>
</HTML>	[MsgId: MERR-17999]
