Warning: Iteration pacing cannot be reached (pace time = 3.00, actual time = 3.70).	[MsgId: MWAR-15995]
Warning: Iteration pacing cannot be reached (pace time = 3.00, actual time = 4.72).	[MsgId: MWAR-15995]
Warning: Iteration pacing cannot be reached (pace time = 3.00, actual time = 5.30).	[MsgId: MWAR-15995]
Warning: Iteration pacing cannot be reached (pace time = 3.00, actual time = 5.52).	[MsgId: MWAR-15995]
Warning: Iteration pacing cannot be reached (pace time = 3.00, actual time = 5.88).	[MsgId: MWAR-15995]
Warning: Iteration pacing cannot be reached (pace time = 3.00, actual time = 6.22).	[MsgId: MWAR-15995]
Warning: Iteration pacing cannot be reached (pace time = 3.00, actual time = 5.32).	[MsgId: MWAR-15995]
Warning: Iteration pacing cannot be reached (pace time = 3.00, actual time = 4.78).	[MsgId: MWAR-15995]
Warning: Iteration pacing cannot be reached (pace time = 3.00, actual time = 5.69).	[MsgId: MWAR-15995]
Warning: Iteration pacing cannot be reached (pace time = 3.00, actual time = 5.84).	[MsgId: MWAR-15995]
Warning: Iteration pacing cannot be reached (pace time = 3.00, actual time = 5.69).	[MsgId: MWAR-15995]
Warning: Iteration pacing cannot be reached (pace time = 3.00, actual time = 5.34).	[MsgId: MWAR-15995]
Warning: Iteration pacing cannot be reached (pace time = 3.00, actual time = 6.02).	[MsgId: MWAR-15995]
Warning: Iteration pacing cannot be reached (pace time = 3.00, actual time = 7.38).	[MsgId: MWAR-15995]
Warning: Iteration pacing cannot be reached (pace time = 3.00, actual time = 7.62).	[MsgId: MWAR-15995]
Warning: Iteration pacing cannot be reached (pace time = 3.00, actual time = 5.86).	[MsgId: MWAR-15995]
Warning: Iteration pacing cannot be reached (pace time = 3.00, actual time = 5.40).	[MsgId: MWAR-15995]
Warning: Iteration pacing cannot be reached (pace time = 3.00, actual time = 6.06).	[MsgId: MWAR-15995]
Warning: Iteration pacing cannot be reached (pace time = 3.00, actual time = 6.70).	[MsgId: MWAR-15995]
Warning: Iteration pacing cannot be reached (pace time = 3.00, actual time = 6.91).	[MsgId: MWAR-15995]
Warning: Iteration pacing cannot be reached (pace time = 3.00, actual time = 6.24).	[MsgId: MWAR-15995]
Warning: Iteration pacing cannot be reached (pace time = 3.00, actual time = 8.21).	[MsgId: MWAR-15995]
Warning: Iteration pacing cannot be reached (pace time = 3.00, actual time = 7.76).	[MsgId: MWAR-15995]
Warning: Iteration pacing cannot be reached (pace time = 3.00, actual time = 6.01).	[MsgId: MWAR-15995]
Warning: Iteration pacing cannot be reached (pace time = 3.00, actual time = 7.86).	[MsgId: MWAR-15995]
Warning: Iteration pacing cannot be reached (pace time = 3.00, actual time = 7.54).	[MsgId: MWAR-15995]
Warning: Iteration pacing cannot be reached (pace time = 3.00, actual time = 8.88).	[MsgId: MWAR-15995]
Warning: Iteration pacing cannot be reached (pace time = 3.00, actual time = 7.11).	[MsgId: MWAR-15995]
Warning: Iteration pacing cannot be reached (pace time = 3.00, actual time = 3.15).	[MsgId: MWAR-15995]
Warning: Iteration pacing cannot be reached (pace time = 3.00, actual time = 7.84).	[MsgId: MWAR-15995]
Warning: Iteration pacing cannot be reached (pace time = 3.00, actual time = 8.50).	[MsgId: MWAR-15995]
Warning: Iteration pacing cannot be reached (pace time = 3.00, actual time = 9.57).	[MsgId: MWAR-15995]
Warning: Iteration pacing cannot be reached (pace time = 3.00, actual time = 6.91).	[MsgId: MWAR-15995]
Warning: Iteration pacing cannot be reached (pace time = 3.00, actual time = 8.55).	[MsgId: MWAR-15995]
Warning: Iteration pacing cannot be reached (pace time = 3.00, actual time = 7.47).	[MsgId: MWAR-15995]
Warning: Iteration pacing cannot be reached (pace time = 3.00, actual time = 7.71).	[MsgId: MWAR-15995]
Warning: Iteration pacing cannot be reached (pace time = 3.00, actual time = 8.90).	[MsgId: MWAR-15995]
Warning: Iteration pacing cannot be reached (pace time = 3.00, actual time = 9.67).	[MsgId: MWAR-15995]
Warning: Iteration pacing cannot be reached (pace time = 3.00, actual time = 8.94).	[MsgId: MWAR-15995]
Warning: Iteration pacing cannot be reached (pace time = 3.00, actual time = 6.74).	[MsgId: MWAR-15995]
Warning: Iteration pacing cannot be reached (pace time = 3.00, actual time = 8.61).	[MsgId: MWAR-15995]
Warning: Iteration pacing cannot be reached (pace time = 3.00, actual time = 9.51).	[MsgId: MWAR-15995]
Warning: Iteration pacing cannot be reached (pace time = 3.00, actual time = 8.75).	[MsgId: MWAR-15995]
Warning: Iteration pacing cannot be reached (pace time = 3.00, actual time = 5.41).	[MsgId: MWAR-15995]
Warning: Iteration pacing cannot be reached (pace time = 3.00, actual time = 6.31).	[MsgId: MWAR-15995]
Warning: Iteration pacing cannot be reached (pace time = 3.00, actual time = 9.69).	[MsgId: MWAR-15995]
Warning: Iteration pacing cannot be reached (pace time = 3.00, actual time = 10.13).	[MsgId: MWAR-15995]
Warning: Iteration pacing cannot be reached (pace time = 3.00, actual time = 10.17).	[MsgId: MWAR-15995]
Warning: Iteration pacing cannot be reached (pace time = 3.00, actual time = 10.72).	[MsgId: MWAR-15995]
Warning: Iteration pacing cannot be reached (pace time = 3.00, actual time = 9.97).	[MsgId: MWAR-15995]
Warning: Iteration pacing cannot be reached (pace time = 3.00, actual time = 6.60).	[MsgId: MWAR-15995]
Warning: Iteration pacing cannot be reached (pace time = 3.00, actual time = 6.85).	[MsgId: MWAR-15995]
Warning: Iteration pacing cannot be reached (pace time = 3.00, actual time = 7.09).	[MsgId: MWAR-15995]
Warning: Iteration pacing cannot be reached (pace time = 3.00, actual time = 7.17).	[MsgId: MWAR-15995]
Warning: Iteration pacing cannot be reached (pace time = 3.00, actual time = 7.92).	[MsgId: MWAR-15995]
Warning: Iteration pacing cannot be reached (pace time = 3.00, actual time = 6.75).	[MsgId: MWAR-15995]
Warning: Iteration pacing cannot be reached (pace time = 3.00, actual time = 7.42).	[MsgId: MWAR-15995]
Warning: Iteration pacing cannot be reached (pace time = 3.00, actual time = 5.88).	[MsgId: MWAR-15995]
Warning: Iteration pacing cannot be reached (pace time = 3.00, actual time = 7.43).	[MsgId: MWAR-15995]
Warning: Iteration pacing cannot be reached (pace time = 3.00, actual time = 5.44).	[MsgId: MWAR-15995]
Warning: Iteration pacing cannot be reached (pace time = 3.00, actual time = 8.46).	[MsgId: MWAR-15995]
Warning: Iteration pacing cannot be reached (pace time = 3.00, actual time = 5.45).	[MsgId: MWAR-15995]
Warning: Iteration pacing cannot be reached (pace time = 3.00, actual time = 7.88).	[MsgId: MWAR-15995]
Warning: Iteration pacing cannot be reached (pace time = 3.00, actual time = 8.36).	[MsgId: MWAR-15995]
Warning: Iteration pacing cannot be reached (pace time = 3.00, actual time = 8.31).	[MsgId: MWAR-15995]
Warning: Iteration pacing cannot be reached (pace time = 3.00, actual time = 5.13).	[MsgId: MWAR-15995]
Warning: Iteration pacing cannot be reached (pace time = 3.00, actual time = 7.05).	[MsgId: MWAR-15995]
Warning: Iteration pacing cannot be reached (pace time = 3.00, actual time = 6.63).	[MsgId: MWAR-15995]
Warning: Iteration pacing cannot be reached (pace time = 3.00, actual time = 6.92).	[MsgId: MWAR-15995]
Warning: Iteration pacing cannot be reached (pace time = 3.00, actual time = 7.92).	[MsgId: MWAR-15995]
Warning: Iteration pacing cannot be reached (pace time = 3.00, actual time = 3.31).	[MsgId: MWAR-15995]
Warning: Iteration pacing cannot be reached (pace time = 3.00, actual time = 7.59).	[MsgId: MWAR-15995]
Warning: Iteration pacing cannot be reached (pace time = 3.00, actual time = 7.77).	[MsgId: MWAR-15995]
Warning: Iteration pacing cannot be reached (pace time = 3.00, actual time = 6.87).	[MsgId: MWAR-15995]
Warning: Iteration pacing cannot be reached (pace time = 3.00, actual time = 7.77).	[MsgId: MWAR-15995]
Warning: Iteration pacing cannot be reached (pace time = 3.00, actual time = 6.39).	[MsgId: MWAR-15995]
Warning: Iteration pacing cannot be reached (pace time = 3.00, actual time = 8.40).	[MsgId: MWAR-15995]
Warning: Iteration pacing cannot be reached (pace time = 3.00, actual time = 10.14).	[MsgId: MWAR-15995]
Warning: Iteration pacing cannot be reached (pace time = 3.00, actual time = 8.82).	[MsgId: MWAR-15995]
Warning: Iteration pacing cannot be reached (pace time = 3.00, actual time = 8.49).	[MsgId: MWAR-15995]
Warning: Iteration pacing cannot be reached (pace time = 3.00, actual time = 7.71).	[MsgId: MWAR-15995]
Warning: Iteration pacing cannot be reached (pace time = 3.00, actual time = 11.53).	[MsgId: MWAR-15995]
Warning: Iteration pacing cannot be reached (pace time = 3.00, actual time = 11.71).	[MsgId: MWAR-15995]
Warning: Iteration pacing cannot be reached (pace time = 3.00, actual time = 9.29).	[MsgId: MWAR-15995]
Warning: Iteration pacing cannot be reached (pace time = 3.00, actual time = 9.11).	[MsgId: MWAR-15995]
Warning: Iteration pacing cannot be reached (pace time = 3.00, actual time = 8.60).	[MsgId: MWAR-15995]
Warning: Iteration pacing cannot be reached (pace time = 3.00, actual time = 11.35).	[MsgId: MWAR-15995]
Warning: Iteration pacing cannot be reached (pace time = 3.00, actual time = 8.84).	[MsgId: MWAR-15995]
Warning: Iteration pacing cannot be reached (pace time = 3.00, actual time = 13.07).	[MsgId: MWAR-15995]
Warning: Iteration pacing cannot be reached (pace time = 3.00, actual time = 8.36).	[MsgId: MWAR-15995]
Warning: Iteration pacing cannot be reached (pace time = 3.00, actual time = 7.96).	[MsgId: MWAR-15995]
Warning: Iteration pacing cannot be reached (pace time = 3.00, actual time = 8.48).	[MsgId: MWAR-15995]
Warning: Iteration pacing cannot be reached (pace time = 3.00, actual time = 6.35).	[MsgId: MWAR-15995]
Warning: Iteration pacing cannot be reached (pace time = 3.00, actual time = 8.14).	[MsgId: MWAR-15995]
Warning: Iteration pacing cannot be reached (pace time = 3.00, actual time = 9.53).	[MsgId: MWAR-15995]
Warning: Iteration pacing cannot be reached (pace time = 3.00, actual time = 10.96).	[MsgId: MWAR-15995]
Warning: Iteration pacing cannot be reached (pace time = 3.00, actual time = 8.89).	[MsgId: MWAR-15995]
Warning: Iteration pacing cannot be reached (pace time = 3.00, actual time = 8.78).	[MsgId: MWAR-15995]
Warning: Iteration pacing cannot be reached (pace time = 3.00, actual time = 8.65).	[MsgId: MWAR-15995]
Warning: Iteration pacing cannot be reached (pace time = 3.00, actual time = 7.72).	[MsgId: MWAR-15995]
Warning: Iteration pacing cannot be reached (pace time = 3.00, actual time = 9.46).	[MsgId: MWAR-15995]
Warning: Iteration pacing cannot be reached (pace time = 3.00, actual time = 9.05).	[MsgId: MWAR-15995]
Warning: Iteration pacing cannot be reached (pace time = 3.00, actual time = 8.11).	[MsgId: MWAR-15995]
Warning: Iteration pacing cannot be reached (pace time = 3.00, actual time = 7.87).	[MsgId: MWAR-15995]
Warning: Iteration pacing cannot be reached (pace time = 3.00, actual time = 9.16).	[MsgId: MWAR-15995]
Warning: Iteration pacing cannot be reached (pace time = 3.00, actual time = 8.58).	[MsgId: MWAR-15995]
Warning: Iteration pacing cannot be reached (pace time = 3.00, actual time = 9.50).	[MsgId: MWAR-15995]
Warning: Iteration pacing cannot be reached (pace time = 3.00, actual time = 7.88).	[MsgId: MWAR-15995]
Warning: Iteration pacing cannot be reached (pace time = 3.00, actual time = 9.36).	[MsgId: MWAR-15995]
Warning: Iteration pacing cannot be reached (pace time = 3.00, actual time = 9.56).	[MsgId: MWAR-15995]
Warning: Iteration pacing cannot be reached (pace time = 3.00, actual time = 10.81).	[MsgId: MWAR-15995]
Warning: Iteration pacing cannot be reached (pace time = 3.00, actual time = 10.77).	[MsgId: MWAR-15995]
Warning: Iteration pacing cannot be reached (pace time = 3.00, actual time = 12.58).	[MsgId: MWAR-15995]
Warning: Iteration pacing cannot be reached (pace time = 3.00, actual time = 12.46).	[MsgId: MWAR-15995]
Warning: Iteration pacing cannot be reached (pace time = 3.00, actual time = 8.85).	[MsgId: MWAR-15995]
Warning: Iteration pacing cannot be reached (pace time = 3.00, actual time = 10.78).	[MsgId: MWAR-15995]
Warning: Iteration pacing cannot be reached (pace time = 3.00, actual time = 10.12).	[MsgId: MWAR-15995]
Warning: Iteration pacing cannot be reached (pace time = 3.00, actual time = 10.24).	[MsgId: MWAR-15995]
Warning: Iteration pacing cannot be reached (pace time = 3.00, actual time = 9.01).	[MsgId: MWAR-15995]
Warning: Iteration pacing cannot be reached (pace time = 3.00, actual time = 6.63).	[MsgId: MWAR-15995]
Warning: Iteration pacing cannot be reached (pace time = 3.00, actual time = 9.15).	[MsgId: MWAR-15995]
Action.c(83): Error: <!DOCTYPE HTML PUBLIC "-//IETF//DTD HTML 2.0//EN">
<HTML>
	<HEAD>
		<TITLE>500 Internal Server Error</TITLE>
<!--style> <H1 {font-family:Courier,Tahoma,Arial,sans-serif;color:white;background-color:#525D76;font-size:22px;} H2 {font-family:Courier,Tahoma,Arial,sans-serif;color:white;background-color:#525D76;font-size:16px;} H3 {font-family:Courier,Tahoma,Arial,sans-serif;color:white;background-color:#525D76;font-size:14px;} BODY {font-family:Courier,Tahoma,Arial,sans-serif;color:black;background-color:white;} B {font-family:Courier,Tahoma,Arial,sans-serif;color:white;background-color:#525D76;} P {font-family:Courier,Tahoma,Arial,sans-serif;background:white;color:black;font-size:12px;}A {color : black;}A.name {color : black;}HR {color : #525D76;}></style-->
	</HEAD>
	<BODY>
		<hr align="center" noShade>
		<br>
		<TABLE cellSpacing="5" cellPadding="5" width="100" bgColor="#ffffff" border="0">
			<TR>
				<TD bgColor="#b2b2b2">
					<STRONG><FONT size="5"><FONT face="Courier">&nbsp; </FONT><FONT face="Arial">HTTP Status&nbsp;<FONT color="#6600cc">:&nbsp;500 - 500 Internal Server Error</FONT></FONT></FONT></STRONG>
				</TD>
			</TR>
		</TABLE>
		<br>
		<hr align="center" noShade>
		<br>
		<TABLE cellSpacing="5" cellPadding="5" width="100" bgColor="#ffffff" border="0">
			<TR>
				<TD vAlign="top" align="right" width="140" bgColor="#e0e0e0">
					<P align="center"><FONT face="Courier" color="#0a246a" size="4"><STRONG>Description</STRONG></FONT></P>
				</TD>
				<TD bgColor="#f0e0e0">
					<DIV align="left"><PRE><FONT face=Courier size=4>The asynchronous job timed out.</FONT></PRE></DIV>
				</TD>
			</TR>
		</TABLE>
	</BODY>
</HTML>	[MsgId: MERR-17999]
Warning: Iteration pacing cannot be reached (pace time = 3.00, actual time = 30.41).	[MsgId: MWAR-15995]
Warning: Iteration pacing cannot be reached (pace time = 3.00, actual time = 9.76).	[MsgId: MWAR-15995]
Action.c(83): Error: <!DOCTYPE HTML PUBLIC "-//IETF//DTD HTML 2.0//EN">
<HTML>
	<HEAD>
		<TITLE>500 Internal Server Error</TITLE>
<!--style> <H1 {font-family:Courier,Tahoma,Arial,sans-serif;color:white;background-color:#525D76;font-size:22px;} H2 {font-family:Courier,Tahoma,Arial,sans-serif;color:white;background-color:#525D76;font-size:16px;} H3 {font-family:Courier,Tahoma,Arial,sans-serif;color:white;background-color:#525D76;font-size:14px;} BODY {font-family:Courier,Tahoma,Arial,sans-serif;color:black;background-color:white;} B {font-family:Courier,Tahoma,Arial,sans-serif;color:white;background-color:#525D76;} P {font-family:Courier,Tahoma,Arial,sans-serif;background:white;color:black;font-size:12px;}A {color : black;}A.name {color : black;}HR {color : #525D76;}></style-->
	</HEAD>
	<BODY>
		<hr align="center" noShade>
		<br>
		<TABLE cellSpacing="5" cellPadding="5" width="100" bgColor="#ffffff" border="0">
			<TR>
				<TD bgColor="#b2b2b2">
					<STRONG><FONT size="5"><FONT face="Courier">&nbsp; </FONT><FONT face="Arial">HTTP Status&nbsp;<FONT color="#6600cc">:&nbsp;500 - 500 Internal Server Error</FONT></FONT></FONT></STRONG>
				</TD>
			</TR>
		</TABLE>
		<br>
		<hr align="center" noShade>
		<br>
		<TABLE cellSpacing="5" cellPadding="5" width="100" bgColor="#ffffff" border="0">
			<TR>
				<TD vAlign="top" align="right" width="140" bgColor="#e0e0e0">
					<P align="center"><FONT face="Courier" color="#0a246a" size="4"><STRONG>Description</STRONG></FONT></P>
				</TD>
				<TD bgColor="#f0e0e0">
					<DIV align="left"><PRE><FONT face=Courier size=4>The asynchronous job timed out.</FONT></PRE></DIV>
				</TD>
			</TR>
		</TABLE>
	</BODY>
</HTML>	[MsgId: MERR-17999]
Warning: Iteration pacing cannot be reached (pace time = 3.00, actual time = 30.46).	[MsgId: MWAR-15995]
Warning: Iteration pacing cannot be reached (pace time = 3.00, actual time = 8.46).	[MsgId: MWAR-15995]
Warning: Iteration pacing cannot be reached (pace time = 3.00, actual time = 9.79).	[MsgId: MWAR-15995]
Warning: Iteration pacing cannot be reached (pace time = 3.00, actual time = 9.83).	[MsgId: MWAR-15995]
Warning: Iteration pacing cannot be reached (pace time = 3.00, actual time = 9.10).	[MsgId: MWAR-15995]
Warning: Iteration pacing cannot be reached (pace time = 3.00, actual time = 9.32).	[MsgId: MWAR-15995]
Warning: Iteration pacing cannot be reached (pace time = 3.00, actual time = 9.10).	[MsgId: MWAR-15995]
Action.c(83): Error: <!DOCTYPE HTML PUBLIC "-//IETF//DTD HTML 2.0//EN">
<HTML>
	<HEAD>
		<TITLE>500 Internal Server Error</TITLE>
<!--style> <H1 {font-family:Courier,Tahoma,Arial,sans-serif;color:white;background-color:#525D76;font-size:22px;} H2 {font-family:Courier,Tahoma,Arial,sans-serif;color:white;background-color:#525D76;font-size:16px;} H3 {font-family:Courier,Tahoma,Arial,sans-serif;color:white;background-color:#525D76;font-size:14px;} BODY {font-family:Courier,Tahoma,Arial,sans-serif;color:black;background-color:white;} B {font-family:Courier,Tahoma,Arial,sans-serif;color:white;background-color:#525D76;} P {font-family:Courier,Tahoma,Arial,sans-serif;background:white;color:black;font-size:12px;}A {color : black;}A.name {color : black;}HR {color : #525D76;}></style-->
	</HEAD>
	<BODY>
		<hr align="center" noShade>
		<br>
		<TABLE cellSpacing="5" cellPadding="5" width="100" bgColor="#ffffff" border="0">
			<TR>
				<TD bgColor="#b2b2b2">
					<STRONG><FONT size="5"><FONT face="Courier">&nbsp; </FONT><FONT face="Arial">HTTP Status&nbsp;<FONT color="#6600cc">:&nbsp;500 - 500 Internal Server Error</FONT></FONT></FONT></STRONG>
				</TD>
			</TR>
		</TABLE>
		<br>
		<hr align="center" noShade>
		<br>
		<TABLE cellSpacing="5" cellPadding="5" width="100" bgColor="#ffffff" border="0">
			<TR>
				<TD vAlign="top" align="right" width="140" bgColor="#e0e0e0">
					<P align="center"><FONT face="Courier" color="#0a246a" size="4"><STRONG>Description</STRONG></FONT></P>
				</TD>
				<TD bgColor="#f0e0e0">
					<DIV align="left"><PRE><FONT face=Courier size=4>The asynchronous job timed out.</FONT></PRE></DIV>
				</TD>
			</TR>
		</TABLE>
	</BODY>
</HTML>	[MsgId: MERR-17999]
Warning: Iteration pacing cannot be reached (pace time = 3.00, actual time = 31.23).	[MsgId: MWAR-15995]
Action.c(83): Error: <!DOCTYPE HTML PUBLIC "-//IETF//DTD HTML 2.0//EN">
<HTML>
	<HEAD>
		<TITLE>500 Internal Server Error</TITLE>
<!--style> <H1 {font-family:Courier,Tahoma,Arial,sans-serif;color:white;background-color:#525D76;font-size:22px;} H2 {font-family:Courier,Tahoma,Arial,sans-serif;color:white;background-color:#525D76;font-size:16px;} H3 {font-family:Courier,Tahoma,Arial,sans-serif;color:white;background-color:#525D76;font-size:14px;} BODY {font-family:Courier,Tahoma,Arial,sans-serif;color:black;background-color:white;} B {font-family:Courier,Tahoma,Arial,sans-serif;color:white;background-color:#525D76;} P {font-family:Courier,Tahoma,Arial,sans-serif;background:white;color:black;font-size:12px;}A {color : black;}A.name {color : black;}HR {color : #525D76;}></style-->
	</HEAD>
	<BODY>
		<hr align="center" noShade>
		<br>
		<TABLE cellSpacing="5" cellPadding="5" width="100" bgColor="#ffffff" border="0">
			<TR>
				<TD bgColor="#b2b2b2">
					<STRONG><FONT size="5"><FONT face="Courier">&nbsp; </FONT><FONT face="Arial">HTTP Status&nbsp;<FONT color="#6600cc">:&nbsp;500 - 500 Internal Server Error</FONT></FONT></FONT></STRONG>
				</TD>
			</TR>
		</TABLE>
		<br>
		<hr align="center" noShade>
		<br>
		<TABLE cellSpacing="5" cellPadding="5" width="100" bgColor="#ffffff" border="0">
			<TR>
				<TD vAlign="top" align="right" width="140" bgColor="#e0e0e0">
					<P align="center"><FONT face="Courier" color="#0a246a" size="4"><STRONG>Description</STRONG></FONT></P>
				</TD>
				<TD bgColor="#f0e0e0">
					<DIV align="left"><PRE><FONT face=Courier size=4>The asynchronous job timed out.</FONT></PRE></DIV>
				</TD>
			</TR>
		</TABLE>
	</BODY>
</HTML>	[MsgId: MERR-17999]
Warning: Iteration pacing cannot be reached (pace time = 3.00, actual time = 30.38).	[MsgId: MWAR-15995]
Warning: Iteration pacing cannot be reached (pace time = 3.00, actual time = 9.82).	[MsgId: MWAR-15995]
Warning: Iteration pacing cannot be reached (pace time = 3.00, actual time = 8.76).	[MsgId: MWAR-15995]
Warning: Iteration pacing cannot be reached (pace time = 3.00, actual time = 10.86).	[MsgId: MWAR-15995]
Warning: Iteration pacing cannot be reached (pace time = 3.00, actual time = 11.34).	[MsgId: MWAR-15995]
Warning: Iteration pacing cannot be reached (pace time = 3.00, actual time = 8.07).	[MsgId: MWAR-15995]
Warning: Iteration pacing cannot be reached (pace time = 3.00, actual time = 9.91).	[MsgId: MWAR-15995]
Warning: Iteration pacing cannot be reached (pace time = 3.00, actual time = 10.86).	[MsgId: MWAR-15995]
Warning: Iteration pacing cannot be reached (pace time = 3.00, actual time = 10.05).	[MsgId: MWAR-15995]
Warning: Iteration pacing cannot be reached (pace time = 3.00, actual time = 8.86).	[MsgId: MWAR-15995]
Warning: Iteration pacing cannot be reached (pace time = 3.00, actual time = 11.83).	[MsgId: MWAR-15995]
Warning: Iteration pacing cannot be reached (pace time = 3.00, actual time = 10.15).	[MsgId: MWAR-15995]
Warning: Iteration pacing cannot be reached (pace time = 3.00, actual time = 11.50).	[MsgId: MWAR-15995]
Warning: Iteration pacing cannot be reached (pace time = 3.00, actual time = 11.09).	[MsgId: MWAR-15995]
Warning: Iteration pacing cannot be reached (pace time = 3.00, actual time = 10.89).	[MsgId: MWAR-15995]
Warning: Iteration pacing cannot be reached (pace time = 3.00, actual time = 12.23).	[MsgId: MWAR-15995]
Action.c(83): Error: <!DOCTYPE HTML PUBLIC "-//IETF//DTD HTML 2.0//EN">
<HTML>
	<HEAD>
		<TITLE>500 Internal Server Error</TITLE>
<!--style> <H1 {font-family:Courier,Tahoma,Arial,sans-serif;color:white;background-color:#525D76;font-size:22px;} H2 {font-family:Courier,Tahoma,Arial,sans-serif;color:white;background-color:#525D76;font-size:16px;} H3 {font-family:Courier,Tahoma,Arial,sans-serif;color:white;background-color:#525D76;font-size:14px;} BODY {font-family:Courier,Tahoma,Arial,sans-serif;color:black;background-color:white;} B {font-family:Courier,Tahoma,Arial,sans-serif;color:white;background-color:#525D76;} P {font-family:Courier,Tahoma,Arial,sans-serif;background:white;color:black;font-size:12px;}A {color : black;}A.name {color : black;}HR {color : #525D76;}></style-->
	</HEAD>
	<BODY>
		<hr align="center" noShade>
		<br>
		<TABLE cellSpacing="5" cellPadding="5" width="100" bgColor="#ffffff" border="0">
			<TR>
				<TD bgColor="#b2b2b2">
					<STRONG><FONT size="5"><FONT face="Courier">&nbsp; </FONT><FONT face="Arial">HTTP Status&nbsp;<FONT color="#6600cc">:&nbsp;500 - 500 Internal Server Error</FONT></FONT></FONT></STRONG>
				</TD>
			</TR>
		</TABLE>
		<br>
		<hr align="center" noShade>
		<br>
		<TABLE cellSpacing="5" cellPadding="5" width="100" bgColor="#ffffff" border="0">
			<TR>
				<TD vAlign="top" align="right" width="140" bgColor="#e0e0e0">
					<P align="center"><FONT face="Courier" color="#0a246a" size="4"><STRONG>Description</STRONG></FONT></P>
				</TD>
				<TD bgColor="#f0e0e0">
					<DIV align="left"><PRE><FONT face=Courier size=4>The asynchronous job timed out.</FONT></PRE></DIV>
				</TD>
			</TR>
		</TABLE>
	</BODY>
</HTML>	[MsgId: MERR-17999]
Warning: Iteration pacing cannot be reached (pace time = 3.00, actual time = 30.25).	[MsgId: MWAR-15995]
Action.c(83): Error: <!DOCTYPE HTML PUBLIC "-//IETF//DTD HTML 2.0//EN">
<HTML>
	<HEAD>
		<TITLE>500 Internal Server Error</TITLE>
<!--style> <H1 {font-family:Courier,Tahoma,Arial,sans-serif;color:white;background-color:#525D76;font-size:22px;} H2 {font-family:Courier,Tahoma,Arial,sans-serif;color:white;background-color:#525D76;font-size:16px;} H3 {font-family:Courier,Tahoma,Arial,sans-serif;color:white;background-color:#525D76;font-size:14px;} BODY {font-family:Courier,Tahoma,Arial,sans-serif;color:black;background-color:white;} B {font-family:Courier,Tahoma,Arial,sans-serif;color:white;background-color:#525D76;} P {font-family:Courier,Tahoma,Arial,sans-serif;background:white;color:black;font-size:12px;}A {color : black;}A.name {color : black;}HR {color : #525D76;}></style-->
	</HEAD>
	<BODY>
		<hr align="center" noShade>
		<br>
		<TABLE cellSpacing="5" cellPadding="5" width="100" bgColor="#ffffff" border="0">
			<TR>
				<TD bgColor="#b2b2b2">
					<STRONG><FONT size="5"><FONT face="Courier">&nbsp; </FONT><FONT face="Arial">HTTP Status&nbsp;<FONT color="#6600cc">:&nbsp;500 - 500 Internal Server Error</FONT></FONT></FONT></STRONG>
				</TD>
			</TR>
		</TABLE>
		<br>
		<hr align="center" noShade>
		<br>
		<TABLE cellSpacing="5" cellPadding="5" width="100" bgColor="#ffffff" border="0">
			<TR>
				<TD vAlign="top" align="right" width="140" bgColor="#e0e0e0">
					<P align="center"><FONT face="Courier" color="#0a246a" size="4"><STRONG>Description</STRONG></FONT></P>
				</TD>
				<TD bgColor="#f0e0e0">
					<DIV align="left"><PRE><FONT face=Courier size=4>The asynchronous job timed out.</FONT></PRE></DIV>
				</TD>
			</TR>
		</TABLE>
	</BODY>
</HTML>	[MsgId: MERR-17999]
Warning: Iteration pacing cannot be reached (pace time = 3.00, actual time = 30.33).	[MsgId: MWAR-15995]
Warning: Iteration pacing cannot be reached (pace time = 3.00, actual time = 10.40).	[MsgId: MWAR-15995]
Action.c(83): Error: <!DOCTYPE HTML PUBLIC "-//IETF//DTD HTML 2.0//EN">
<HTML>
	<HEAD>
		<TITLE>500 Internal Server Error</TITLE>
<!--style> <H1 {font-family:Courier,Tahoma,Arial,sans-serif;color:white;background-color:#525D76;font-size:22px;} H2 {font-family:Courier,Tahoma,Arial,sans-serif;color:white;background-color:#525D76;font-size:16px;} H3 {font-family:Courier,Tahoma,Arial,sans-serif;color:white;background-color:#525D76;font-size:14px;} BODY {font-family:Courier,Tahoma,Arial,sans-serif;color:black;background-color:white;} B {font-family:Courier,Tahoma,Arial,sans-serif;color:white;background-color:#525D76;} P {font-family:Courier,Tahoma,Arial,sans-serif;background:white;color:black;font-size:12px;}A {color : black;}A.name {color : black;}HR {color : #525D76;}></style-->
	</HEAD>
	<BODY>
		<hr align="center" noShade>
		<br>
		<TABLE cellSpacing="5" cellPadding="5" width="100" bgColor="#ffffff" border="0">
			<TR>
				<TD bgColor="#b2b2b2">
					<STRONG><FONT size="5"><FONT face="Courier">&nbsp; </FONT><FONT face="Arial">HTTP Status&nbsp;<FONT color="#6600cc">:&nbsp;500 - 500 Internal Server Error</FONT></FONT></FONT></STRONG>
				</TD>
			</TR>
		</TABLE>
		<br>
		<hr align="center" noShade>
		<br>
		<TABLE cellSpacing="5" cellPadding="5" width="100" bgColor="#ffffff" border="0">
			<TR>
				<TD vAlign="top" align="right" width="140" bgColor="#e0e0e0">
					<P align="center"><FONT face="Courier" color="#0a246a" size="4"><STRONG>Description</STRONG></FONT></P>
				</TD>
				<TD bgColor="#f0e0e0">
					<DIV align="left"><PRE><FONT face=Courier size=4>The asynchronous job timed out.</FONT></PRE></DIV>
				</TD>
			</TR>
		</TABLE>
	</BODY>
</HTML>	[MsgId: MERR-17999]
Warning: Iteration pacing cannot be reached (pace time = 3.00, actual time = 30.37).	[MsgId: MWAR-15995]
Warning: Iteration pacing cannot be reached (pace time = 3.00, actual time = 9.65).	[MsgId: MWAR-15995]
Action.c(83): Error: <!DOCTYPE HTML PUBLIC "-//IETF//DTD HTML 2.0//EN">
<HTML>
	<HEAD>
		<TITLE>500 Internal Server Error</TITLE>
<!--style> <H1 {font-family:Courier,Tahoma,Arial,sans-serif;color:white;background-color:#525D76;font-size:22px;} H2 {font-family:Courier,Tahoma,Arial,sans-serif;color:white;background-color:#525D76;font-size:16px;} H3 {font-family:Courier,Tahoma,Arial,sans-serif;color:white;background-color:#525D76;font-size:14px;} BODY {font-family:Courier,Tahoma,Arial,sans-serif;color:black;background-color:white;} B {font-family:Courier,Tahoma,Arial,sans-serif;color:white;background-color:#525D76;} P {font-family:Courier,Tahoma,Arial,sans-serif;background:white;color:black;font-size:12px;}A {color : black;}A.name {color : black;}HR {color : #525D76;}></style-->
	</HEAD>
	<BODY>
		<hr align="center" noShade>
		<br>
		<TABLE cellSpacing="5" cellPadding="5" width="100" bgColor="#ffffff" border="0">
			<TR>
				<TD bgColor="#b2b2b2">
					<STRONG><FONT size="5"><FONT face="Courier">&nbsp; </FONT><FONT face="Arial">HTTP Status&nbsp;<FONT color="#6600cc">:&nbsp;500 - 500 Internal Server Error</FONT></FONT></FONT></STRONG>
				</TD>
			</TR>
		</TABLE>
		<br>
		<hr align="center" noShade>
		<br>
		<TABLE cellSpacing="5" cellPadding="5" width="100" bgColor="#ffffff" border="0">
			<TR>
				<TD vAlign="top" align="right" width="140" bgColor="#e0e0e0">
					<P align="center"><FONT face="Courier" color="#0a246a" size="4"><STRONG>Description</STRONG></FONT></P>
				</TD>
				<TD bgColor="#f0e0e0">
					<DIV align="left"><PRE><FONT face=Courier size=4>The asynchronous job timed out.</FONT></PRE></DIV>
				</TD>
			</TR>
		</TABLE>
	</BODY>
</HTML>	[MsgId: MERR-17999]
Warning: Iteration pacing cannot be reached (pace time = 3.00, actual time = 30.91).	[MsgId: MWAR-15995]
Action.c(83): Error: <!DOCTYPE HTML PUBLIC "-//IETF//DTD HTML 2.0//EN">
<HTML>
	<HEAD>
		<TITLE>500 Internal Server Error</TITLE>
<!--style> <H1 {font-family:Courier,Tahoma,Arial,sans-serif;color:white;background-color:#525D76;font-size:22px;} H2 {font-family:Courier,Tahoma,Arial,sans-serif;color:white;background-color:#525D76;font-size:16px;} H3 {font-family:Courier,Tahoma,Arial,sans-serif;color:white;background-color:#525D76;font-size:14px;} BODY {font-family:Courier,Tahoma,Arial,sans-serif;color:black;background-color:white;} B {font-family:Courier,Tahoma,Arial,sans-serif;color:white;background-color:#525D76;} P {font-family:Courier,Tahoma,Arial,sans-serif;background:white;color:black;font-size:12px;}A {color : black;}A.name {color : black;}HR {color : #525D76;}></style-->
	</HEAD>
	<BODY>
		<hr align="center" noShade>
		<br>
		<TABLE cellSpacing="5" cellPadding="5" width="100" bgColor="#ffffff" border="0">
			<TR>
				<TD bgColor="#b2b2b2">
					<STRONG><FONT size="5"><FONT face="Courier">&nbsp; </FONT><FONT face="Arial">HTTP Status&nbsp;<FONT color="#6600cc">:&nbsp;500 - 500 Internal Server Error</FONT></FONT></FONT></STRONG>
				</TD>
			</TR>
		</TABLE>
		<br>
		<hr align="center" noShade>
		<br>
		<TABLE cellSpacing="5" cellPadding="5" width="100" bgColor="#ffffff" border="0">
			<TR>
				<TD vAlign="top" align="right" width="140" bgColor="#e0e0e0">
					<P align="center"><FONT face="Courier" color="#0a246a" size="4"><STRONG>Description</STRONG></FONT></P>
				</TD>
				<TD bgColor="#f0e0e0">
					<DIV align="left"><PRE><FONT face=Courier size=4>The asynchronous job timed out.</FONT></PRE></DIV>
				</TD>
			</TR>
		</TABLE>
	</BODY>
</HTML>	[MsgId: MERR-17999]
Warning: Iteration pacing cannot be reached (pace time = 3.00, actual time = 30.12).	[MsgId: MWAR-15995]
Action.c(83): Error: <!DOCTYPE HTML PUBLIC "-//IETF//DTD HTML 2.0//EN">
<HTML>
	<HEAD>
		<TITLE>500 Internal Server Error</TITLE>
<!--style> <H1 {font-family:Courier,Tahoma,Arial,sans-serif;color:white;background-color:#525D76;font-size:22px;} H2 {font-family:Courier,Tahoma,Arial,sans-serif;color:white;background-color:#525D76;font-size:16px;} H3 {font-family:Courier,Tahoma,Arial,sans-serif;color:white;background-color:#525D76;font-size:14px;} BODY {font-family:Courier,Tahoma,Arial,sans-serif;color:black;background-color:white;} B {font-family:Courier,Tahoma,Arial,sans-serif;color:white;background-color:#525D76;} P {font-family:Courier,Tahoma,Arial,sans-serif;background:white;color:black;font-size:12px;}A {color : black;}A.name {color : black;}HR {color : #525D76;}></style-->
	</HEAD>
	<BODY>
		<hr align="center" noShade>
		<br>
		<TABLE cellSpacing="5" cellPadding="5" width="100" bgColor="#ffffff" border="0">
			<TR>
				<TD bgColor="#b2b2b2">
					<STRONG><FONT size="5"><FONT face="Courier">&nbsp; </FONT><FONT face="Arial">HTTP Status&nbsp;<FONT color="#6600cc">:&nbsp;500 - 500 Internal Server Error</FONT></FONT></FONT></STRONG>
				</TD>
			</TR>
		</TABLE>
		<br>
		<hr align="center" noShade>
		<br>
		<TABLE cellSpacing="5" cellPadding="5" width="100" bgColor="#ffffff" border="0">
			<TR>
				<TD vAlign="top" align="right" width="140" bgColor="#e0e0e0">
					<P align="center"><FONT face="Courier" color="#0a246a" size="4"><STRONG>Description</STRONG></FONT></P>
				</TD>
				<TD bgColor="#f0e0e0">
					<DIV align="left"><PRE><FONT face=Courier size=4>The asynchronous job timed out.</FONT></PRE></DIV>
				</TD>
			</TR>
		</TABLE>
	</BODY>
</HTML>	[MsgId: MERR-17999]
Warning: Iteration pacing cannot be reached (pace time = 3.00, actual time = 30.58).	[MsgId: MWAR-15995]
Warning: Iteration pacing cannot be reached (pace time = 3.00, actual time = 10.86).	[MsgId: MWAR-15995]
Action.c(83): Error: <!DOCTYPE HTML PUBLIC "-//IETF//DTD HTML 2.0//EN">
<HTML>
	<HEAD>
		<TITLE>500 Internal Server Error</TITLE>
<!--style> <H1 {font-family:Courier,Tahoma,Arial,sans-serif;color:white;background-color:#525D76;font-size:22px;} H2 {font-family:Courier,Tahoma,Arial,sans-serif;color:white;background-color:#525D76;font-size:16px;} H3 {font-family:Courier,Tahoma,Arial,sans-serif;color:white;background-color:#525D76;font-size:14px;} BODY {font-family:Courier,Tahoma,Arial,sans-serif;color:black;background-color:white;} B {font-family:Courier,Tahoma,Arial,sans-serif;color:white;background-color:#525D76;} P {font-family:Courier,Tahoma,Arial,sans-serif;background:white;color:black;font-size:12px;}A {color : black;}A.name {color : black;}HR {color : #525D76;}></style-->
	</HEAD>
	<BODY>
		<hr align="center" noShade>
		<br>
		<TABLE cellSpacing="5" cellPadding="5" width="100" bgColor="#ffffff" border="0">
			<TR>
				<TD bgColor="#b2b2b2">
					<STRONG><FONT size="5"><FONT face="Courier">&nbsp; </FONT><FONT face="Arial">HTTP Status&nbsp;<FONT color="#6600cc">:&nbsp;500 - 500 Internal Server Error</FONT></FONT></FONT></STRONG>
				</TD>
			</TR>
		</TABLE>
		<br>
		<hr align="center" noShade>
		<br>
		<TABLE cellSpacing="5" cellPadding="5" width="100" bgColor="#ffffff" border="0">
			<TR>
				<TD vAlign="top" align="right" width="140" bgColor="#e0e0e0">
					<P align="center"><FONT face="Courier" color="#0a246a" size="4"><STRONG>Description</STRONG></FONT></P>
				</TD>
				<TD bgColor="#f0e0e0">
					<DIV align="left"><PRE><FONT face=Courier size=4>The asynchronous job timed out.</FONT></PRE></DIV>
				</TD>
			</TR>
		</TABLE>
	</BODY>
</HTML>	[MsgId: MERR-17999]
Warning: Iteration pacing cannot be reached (pace time = 3.00, actual time = 30.27).	[MsgId: MWAR-15995]
Warning: Iteration pacing cannot be reached (pace time = 3.00, actual time = 12.18).	[MsgId: MWAR-15995]
Warning: Iteration pacing cannot be reached (pace time = 3.00, actual time = 7.68).	[MsgId: MWAR-15995]
Warning: Iteration pacing cannot be reached (pace time = 3.00, actual time = 9.93).	[MsgId: MWAR-15995]
Warning: Iteration pacing cannot be reached (pace time = 3.00, actual time = 10.80).	[MsgId: MWAR-15995]
Warning: Iteration pacing cannot be reached (pace time = 3.00, actual time = 9.19).	[MsgId: MWAR-15995]
Warning: Iteration pacing cannot be reached (pace time = 3.00, actual time = 10.14).	[MsgId: MWAR-15995]
Warning: Iteration pacing cannot be reached (pace time = 3.00, actual time = 9.66).	[MsgId: MWAR-15995]
Warning: Iteration pacing cannot be reached (pace time = 3.00, actual time = 10.61).	[MsgId: MWAR-15995]
Warning: Iteration pacing cannot be reached (pace time = 3.00, actual time = 7.87).	[MsgId: MWAR-15995]
Warning: Iteration pacing cannot be reached (pace time = 3.00, actual time = 11.44).	[MsgId: MWAR-15995]
Warning: Iteration pacing cannot be reached (pace time = 3.00, actual time = 4.10).	[MsgId: MWAR-15995]
Warning: Iteration pacing cannot be reached (pace time = 3.00, actual time = 10.32).	[MsgId: MWAR-15995]
Warning: Iteration pacing cannot be reached (pace time = 3.00, actual time = 12.02).	[MsgId: MWAR-15995]
Warning: Iteration pacing cannot be reached (pace time = 3.00, actual time = 11.75).	[MsgId: MWAR-15995]
Warning: Iteration pacing cannot be reached (pace time = 3.00, actual time = 11.87).	[MsgId: MWAR-15995]
Warning: Iteration pacing cannot be reached (pace time = 3.00, actual time = 10.92).	[MsgId: MWAR-15995]
Warning: Iteration pacing cannot be reached (pace time = 3.00, actual time = 12.41).	[MsgId: MWAR-15995]
Warning: Iteration pacing cannot be reached (pace time = 3.00, actual time = 9.73).	[MsgId: MWAR-15995]
Action.c(83): Error: <!DOCTYPE HTML PUBLIC "-//IETF//DTD HTML 2.0//EN">
<HTML>
	<HEAD>
		<TITLE>500 Internal Server Error</TITLE>
<!--style> <H1 {font-family:Courier,Tahoma,Arial,sans-serif;color:white;background-color:#525D76;font-size:22px;} H2 {font-family:Courier,Tahoma,Arial,sans-serif;color:white;background-color:#525D76;font-size:16px;} H3 {font-family:Courier,Tahoma,Arial,sans-serif;color:white;background-color:#525D76;font-size:14px;} BODY {font-family:Courier,Tahoma,Arial,sans-serif;color:black;background-color:white;} B {font-family:Courier,Tahoma,Arial,sans-serif;color:white;background-color:#525D76;} P {font-family:Courier,Tahoma,Arial,sans-serif;background:white;color:black;font-size:12px;}A {color : black;}A.name {color : black;}HR {color : #525D76;}></style-->
	</HEAD>
	<BODY>
		<hr align="center" noShade>
		<br>
		<TABLE cellSpacing="5" cellPadding="5" width="100" bgColor="#ffffff" border="0">
			<TR>
				<TD bgColor="#b2b2b2">
					<STRONG><FONT size="5"><FONT face="Courier">&nbsp; </FONT><FONT face="Arial">HTTP Status&nbsp;<FONT color="#6600cc">:&nbsp;500 - 500 Internal Server Error</FONT></FONT></FONT></STRONG>
				</TD>
			</TR>
		</TABLE>
		<br>
		<hr align="center" noShade>
		<br>
		<TABLE cellSpacing="5" cellPadding="5" width="100" bgColor="#ffffff" border="0">
			<TR>
				<TD vAlign="top" align="right" width="140" bgColor="#e0e0e0">
					<P align="center"><FONT face="Courier" color="#0a246a" size="4"><STRONG>Description</STRONG></FONT></P>
				</TD>
				<TD bgColor="#f0e0e0">
					<DIV align="left"><PRE><FONT face=Courier size=4>The asynchronous job timed out.</FONT></PRE></DIV>
				</TD>
			</TR>
		</TABLE>
	</BODY>
</HTML>	[MsgId: MERR-17999]
Warning: Iteration pacing cannot be reached (pace time = 3.00, actual time = 30.24).	[MsgId: MWAR-15995]
Action.c(83): Error: <!DOCTYPE HTML PUBLIC "-//IETF//DTD HTML 2.0//EN">
<HTML>
	<HEAD>
		<TITLE>500 Internal Server Error</TITLE>
<!--style> <H1 {font-family:Courier,Tahoma,Arial,sans-serif;color:white;background-color:#525D76;font-size:22px;} H2 {font-family:Courier,Tahoma,Arial,sans-serif;color:white;background-color:#525D76;font-size:16px;} H3 {font-family:Courier,Tahoma,Arial,sans-serif;color:white;background-color:#525D76;font-size:14px;} BODY {font-family:Courier,Tahoma,Arial,sans-serif;color:black;background-color:white;} B {font-family:Courier,Tahoma,Arial,sans-serif;color:white;background-color:#525D76;} P {font-family:Courier,Tahoma,Arial,sans-serif;background:white;color:black;font-size:12px;}A {color : black;}A.name {color : black;}HR {color : #525D76;}></style-->
	</HEAD>
	<BODY>
		<hr align="center" noShade>
		<br>
		<TABLE cellSpacing="5" cellPadding="5" width="100" bgColor="#ffffff" border="0">
			<TR>
				<TD bgColor="#b2b2b2">
					<STRONG><FONT size="5"><FONT face="Courier">&nbsp; </FONT><FONT face="Arial">HTTP Status&nbsp;<FONT color="#6600cc">:&nbsp;500 - 500 Internal Server Error</FONT></FONT></FONT></STRONG>
				</TD>
			</TR>
		</TABLE>
		<br>
		<hr align="center" noShade>
		<br>
		<TABLE cellSpacing="5" cellPadding="5" width="100" bgColor="#ffffff" border="0">
			<TR>
				<TD vAlign="top" align="right" width="140" bgColor="#e0e0e0">
					<P align="center"><FONT face="Courier" color="#0a246a" size="4"><STRONG>Description</STRONG></FONT></P>
				</TD>
				<TD bgColor="#f0e0e0">
					<DIV align="left"><PRE><FONT face=Courier size=4>The asynchronous job timed out.</FONT></PRE></DIV>
				</TD>
			</TR>
		</TABLE>
	</BODY>
</HTML>	[MsgId: MERR-17999]
Warning: Iteration pacing cannot be reached (pace time = 3.00, actual time = 30.34).	[MsgId: MWAR-15995]
Warning: Iteration pacing cannot be reached (pace time = 3.00, actual time = 17.88).	[MsgId: MWAR-15995]
Action.c(83): Error: <!DOCTYPE HTML PUBLIC "-//IETF//DTD HTML 2.0//EN">
<HTML>
	<HEAD>
		<TITLE>500 Internal Server Error</TITLE>
<!--style> <H1 {font-family:Courier,Tahoma,Arial,sans-serif;color:white;background-color:#525D76;font-size:22px;} H2 {font-family:Courier,Tahoma,Arial,sans-serif;color:white;background-color:#525D76;font-size:16px;} H3 {font-family:Courier,Tahoma,Arial,sans-serif;color:white;background-color:#525D76;font-size:14px;} BODY {font-family:Courier,Tahoma,Arial,sans-serif;color:black;background-color:white;} B {font-family:Courier,Tahoma,Arial,sans-serif;color:white;background-color:#525D76;} P {font-family:Courier,Tahoma,Arial,sans-serif;background:white;color:black;font-size:12px;}A {color : black;}A.name {color : black;}HR {color : #525D76;}></style-->
	</HEAD>
	<BODY>
		<hr align="center" noShade>
		<br>
		<TABLE cellSpacing="5" cellPadding="5" width="100" bgColor="#ffffff" border="0">
			<TR>
				<TD bgColor="#b2b2b2">
					<STRONG><FONT size="5"><FONT face="Courier">&nbsp; </FONT><FONT face="Arial">HTTP Status&nbsp;<FONT color="#6600cc">:&nbsp;500 - 500 Internal Server Error</FONT></FONT></FONT></STRONG>
				</TD>
			</TR>
		</TABLE>
		<br>
		<hr align="center" noShade>
		<br>
		<TABLE cellSpacing="5" cellPadding="5" width="100" bgColor="#ffffff" border="0">
			<TR>
				<TD vAlign="top" align="right" width="140" bgColor="#e0e0e0">
					<P align="center"><FONT face="Courier" color="#0a246a" size="4"><STRONG>Description</STRONG></FONT></P>
				</TD>
				<TD bgColor="#f0e0e0">
					<DIV align="left"><PRE><FONT face=Courier size=4>The asynchronous job timed out.</FONT></PRE></DIV>
				</TD>
			</TR>
		</TABLE>
	</BODY>
</HTML>	[MsgId: MERR-17999]
Warning: Iteration pacing cannot be reached (pace time = 3.00, actual time = 30.45).	[MsgId: MWAR-15995]
Warning: Iteration pacing cannot be reached (pace time = 3.00, actual time = 10.02).	[MsgId: MWAR-15995]
Warning: Iteration pacing cannot be reached (pace time = 3.00, actual time = 14.89).	[MsgId: MWAR-15995]
Warning: Iteration pacing cannot be reached (pace time = 3.00, actual time = 17.86).	[MsgId: MWAR-15995]
Warning: Iteration pacing cannot be reached (pace time = 3.00, actual time = 14.68).	[MsgId: MWAR-15995]
Warning: Iteration pacing cannot be reached (pace time = 3.00, actual time = 14.46).	[MsgId: MWAR-15995]
Warning: Iteration pacing cannot be reached (pace time = 3.00, actual time = 15.43).	[MsgId: MWAR-15995]
Warning: Iteration pacing cannot be reached (pace time = 3.00, actual time = 14.82).	[MsgId: MWAR-15995]
Warning: Iteration pacing cannot be reached (pace time = 3.00, actual time = 16.53).	[MsgId: MWAR-15995]
Warning: Iteration pacing cannot be reached (pace time = 3.00, actual time = 15.98).	[MsgId: MWAR-15995]
Action.c(83): Error: <!DOCTYPE HTML PUBLIC "-//IETF//DTD HTML 2.0//EN">
<HTML>
	<HEAD>
		<TITLE>500 Internal Server Error</TITLE>
<!--style> <H1 {font-family:Courier,Tahoma,Arial,sans-serif;color:white;background-color:#525D76;font-size:22px;} H2 {font-family:Courier,Tahoma,Arial,sans-serif;color:white;background-color:#525D76;font-size:16px;} H3 {font-family:Courier,Tahoma,Arial,sans-serif;color:white;background-color:#525D76;font-size:14px;} BODY {font-family:Courier,Tahoma,Arial,sans-serif;color:black;background-color:white;} B {font-family:Courier,Tahoma,Arial,sans-serif;color:white;background-color:#525D76;} P {font-family:Courier,Tahoma,Arial,sans-serif;background:white;color:black;font-size:12px;}A {color : black;}A.name {color : black;}HR {color : #525D76;}></style-->
	</HEAD>
	<BODY>
		<hr align="center" noShade>
		<br>
		<TABLE cellSpacing="5" cellPadding="5" width="100" bgColor="#ffffff" border="0">
			<TR>
				<TD bgColor="#b2b2b2">
					<STRONG><FONT size="5"><FONT face="Courier">&nbsp; </FONT><FONT face="Arial">HTTP Status&nbsp;<FONT color="#6600cc">:&nbsp;500 - 500 Internal Server Error</FONT></FONT></FONT></STRONG>
				</TD>
			</TR>
		</TABLE>
		<br>
		<hr align="center" noShade>
		<br>
		<TABLE cellSpacing="5" cellPadding="5" width="100" bgColor="#ffffff" border="0">
			<TR>
				<TD vAlign="top" align="right" width="140" bgColor="#e0e0e0">
					<P align="center"><FONT face="Courier" color="#0a246a" size="4"><STRONG>Description</STRONG></FONT></P>
				</TD>
				<TD bgColor="#f0e0e0">
					<DIV align="left"><PRE><FONT face=Courier size=4>The asynchronous job timed out.</FONT></PRE></DIV>
				</TD>
			</TR>
		</TABLE>
	</BODY>
</HTML>	[MsgId: MERR-17999]
Warning: Iteration pacing cannot be reached (pace time = 3.00, actual time = 30.08).	[MsgId: MWAR-15995]
Warning: Iteration pacing cannot be reached (pace time = 3.00, actual time = 15.06).	[MsgId: MWAR-15995]
Warning: Iteration pacing cannot be reached (pace time = 3.00, actual time = 13.16).	[MsgId: MWAR-15995]
Warning: Iteration pacing cannot be reached (pace time = 3.00, actual time = 16.28).	[MsgId: MWAR-15995]
Warning: Iteration pacing cannot be reached (pace time = 3.00, actual time = 15.44).	[MsgId: MWAR-15995]
Warning: Iteration pacing cannot be reached (pace time = 3.00, actual time = 15.46).	[MsgId: MWAR-15995]
Warning: Iteration pacing cannot be reached (pace time = 3.00, actual time = 11.43).	[MsgId: MWAR-15995]
Warning: Iteration pacing cannot be reached (pace time = 3.00, actual time = 14.99).	[MsgId: MWAR-15995]
Warning: Iteration pacing cannot be reached (pace time = 3.00, actual time = 16.21).	[MsgId: MWAR-15995]
Warning: Iteration pacing cannot be reached (pace time = 3.00, actual time = 12.77).	[MsgId: MWAR-15995]
Warning: Iteration pacing cannot be reached (pace time = 3.00, actual time = 16.05).	[MsgId: MWAR-15995]
Warning: Iteration pacing cannot be reached (pace time = 3.00, actual time = 14.89).	[MsgId: MWAR-15995]
Action.c(83): Error: <!DOCTYPE HTML PUBLIC "-//IETF//DTD HTML 2.0//EN">
<HTML>
	<HEAD>
		<TITLE>500 Internal Server Error</TITLE>
<!--style> <H1 {font-family:Courier,Tahoma,Arial,sans-serif;color:white;background-color:#525D76;font-size:22px;} H2 {font-family:Courier,Tahoma,Arial,sans-serif;color:white;background-color:#525D76;font-size:16px;} H3 {font-family:Courier,Tahoma,Arial,sans-serif;color:white;background-color:#525D76;font-size:14px;} BODY {font-family:Courier,Tahoma,Arial,sans-serif;color:black;background-color:white;} B {font-family:Courier,Tahoma,Arial,sans-serif;color:white;background-color:#525D76;} P {font-family:Courier,Tahoma,Arial,sans-serif;background:white;color:black;font-size:12px;}A {color : black;}A.name {color : black;}HR {color : #525D76;}></style-->
	</HEAD>
	<BODY>
		<hr align="center" noShade>
		<br>
		<TABLE cellSpacing="5" cellPadding="5" width="100" bgColor="#ffffff" border="0">
			<TR>
				<TD bgColor="#b2b2b2">
					<STRONG><FONT size="5"><FONT face="Courier">&nbsp; </FONT><FONT face="Arial">HTTP Status&nbsp;<FONT color="#6600cc">:&nbsp;500 - 500 Internal Server Error</FONT></FONT></FONT></STRONG>
				</TD>
			</TR>
		</TABLE>
		<br>
		<hr align="center" noShade>
		<br>
		<TABLE cellSpacing="5" cellPadding="5" width="100" bgColor="#ffffff" border="0">
			<TR>
				<TD vAlign="top" align="right" width="140" bgColor="#e0e0e0">
					<P align="center"><FONT face="Courier" color="#0a246a" size="4"><STRONG>Description</STRONG></FONT></P>
				</TD>
				<TD bgColor="#f0e0e0">
					<DIV align="left"><PRE><FONT face=Courier size=4>The asynchronous job timed out.</FONT></PRE></DIV>
				</TD>
			</TR>
		</TABLE>
	</BODY>
</HTML>	[MsgId: MERR-17999]
Warning: Iteration pacing cannot be reached (pace time = 3.00, actual time = 30.02).	[MsgId: MWAR-15995]
Warning: Iteration pacing cannot be reached (pace time = 3.00, actual time = 13.86).	[MsgId: MWAR-15995]
Warning: Iteration pacing cannot be reached (pace time = 3.00, actual time = 13.37).	[MsgId: MWAR-15995]
Warning: Iteration pacing cannot be reached (pace time = 3.00, actual time = 16.46).	[MsgId: MWAR-15995]
Warning: Iteration pacing cannot be reached (pace time = 3.00, actual time = 9.90).	[MsgId: MWAR-15995]
Warning: Iteration pacing cannot be reached (pace time = 3.00, actual time = 15.85).	[MsgId: MWAR-15995]
Warning: Iteration pacing cannot be reached (pace time = 3.00, actual time = 15.39).	[MsgId: MWAR-15995]
Warning: Iteration pacing cannot be reached (pace time = 3.00, actual time = 20.06).	[MsgId: MWAR-15995]
Warning: Iteration pacing cannot be reached (pace time = 3.00, actual time = 15.38).	[MsgId: MWAR-15995]
Warning: Iteration pacing cannot be reached (pace time = 3.00, actual time = 14.21).	[MsgId: MWAR-15995]
Warning: Iteration pacing cannot be reached (pace time = 3.00, actual time = 16.06).	[MsgId: MWAR-15995]
Warning: Iteration pacing cannot be reached (pace time = 3.00, actual time = 9.44).	[MsgId: MWAR-15995]
Warning: Iteration pacing cannot be reached (pace time = 3.00, actual time = 12.51).	[MsgId: MWAR-15995]
Action.c(83): Error: <!DOCTYPE HTML PUBLIC "-//IETF//DTD HTML 2.0//EN">
<HTML>
	<HEAD>
		<TITLE>500 Internal Server Error</TITLE>
<!--style> <H1 {font-family:Courier,Tahoma,Arial,sans-serif;color:white;background-color:#525D76;font-size:22px;} H2 {font-family:Courier,Tahoma,Arial,sans-serif;color:white;background-color:#525D76;font-size:16px;} H3 {font-family:Courier,Tahoma,Arial,sans-serif;color:white;background-color:#525D76;font-size:14px;} BODY {font-family:Courier,Tahoma,Arial,sans-serif;color:black;background-color:white;} B {font-family:Courier,Tahoma,Arial,sans-serif;color:white;background-color:#525D76;} P {font-family:Courier,Tahoma,Arial,sans-serif;background:white;color:black;font-size:12px;}A {color : black;}A.name {color : black;}HR {color : #525D76;}></style-->
	</HEAD>
	<BODY>
		<hr align="center" noShade>
		<br>
		<TABLE cellSpacing="5" cellPadding="5" width="100" bgColor="#ffffff" border="0">
			<TR>
				<TD bgColor="#b2b2b2">
					<STRONG><FONT size="5"><FONT face="Courier">&nbsp; </FONT><FONT face="Arial">HTTP Status&nbsp;<FONT color="#6600cc">:&nbsp;500 - 500 Internal Server Error</FONT></FONT></FONT></STRONG>
				</TD>
			</TR>
		</TABLE>
		<br>
		<hr align="center" noShade>
		<br>
		<TABLE cellSpacing="5" cellPadding="5" width="100" bgColor="#ffffff" border="0">
			<TR>
				<TD vAlign="top" align="right" width="140" bgColor="#e0e0e0">
					<P align="center"><FONT face="Courier" color="#0a246a" size="4"><STRONG>Description</STRONG></FONT></P>
				</TD>
				<TD bgColor="#f0e0e0">
					<DIV align="left"><PRE><FONT face=Courier size=4>The asynchronous job timed out.</FONT></PRE></DIV>
				</TD>
			</TR>
		</TABLE>
	</BODY>
</HTML>	[MsgId: MERR-17999]
Warning: Iteration pacing cannot be reached (pace time = 3.00, actual time = 30.23).	[MsgId: MWAR-15995]
Warning: Iteration pacing cannot be reached (pace time = 3.00, actual time = 8.27).	[MsgId: MWAR-15995]
Warning: Iteration pacing cannot be reached (pace time = 3.00, actual time = 8.83).	[MsgId: MWAR-15995]
Action.c(83): Error: <!DOCTYPE HTML PUBLIC "-//IETF//DTD HTML 2.0//EN">
<HTML>
	<HEAD>
		<TITLE>500 Internal Server Error</TITLE>
<!--style> <H1 {font-family:Courier,Tahoma,Arial,sans-serif;color:white;background-color:#525D76;font-size:22px;} H2 {font-family:Courier,Tahoma,Arial,sans-serif;color:white;background-color:#525D76;font-size:16px;} H3 {font-family:Courier,Tahoma,Arial,sans-serif;color:white;background-color:#525D76;font-size:14px;} BODY {font-family:Courier,Tahoma,Arial,sans-serif;color:black;background-color:white;} B {font-family:Courier,Tahoma,Arial,sans-serif;color:white;background-color:#525D76;} P {font-family:Courier,Tahoma,Arial,sans-serif;background:white;color:black;font-size:12px;}A {color : black;}A.name {color : black;}HR {color : #525D76;}></style-->
	</HEAD>
	<BODY>
		<hr align="center" noShade>
		<br>
		<TABLE cellSpacing="5" cellPadding="5" width="100" bgColor="#ffffff" border="0">
			<TR>
				<TD bgColor="#b2b2b2">
					<STRONG><FONT size="5"><FONT face="Courier">&nbsp; </FONT><FONT face="Arial">HTTP Status&nbsp;<FONT color="#6600cc">:&nbsp;500 - 500 Internal Server Error</FONT></FONT></FONT></STRONG>
				</TD>
			</TR>
		</TABLE>
		<br>
		<hr align="center" noShade>
		<br>
		<TABLE cellSpacing="5" cellPadding="5" width="100" bgColor="#ffffff" border="0">
			<TR>
				<TD vAlign="top" align="right" width="140" bgColor="#e0e0e0">
					<P align="center"><FONT face="Courier" color="#0a246a" size="4"><STRONG>Description</STRONG></FONT></P>
				</TD>
				<TD bgColor="#f0e0e0">
					<DIV align="left"><PRE><FONT face=Courier size=4>The asynchronous job timed out.</FONT></PRE></DIV>
				</TD>
			</TR>
		</TABLE>
	</BODY>
</HTML>	[MsgId: MERR-17999]
Warning: Iteration pacing cannot be reached (pace time = 3.00, actual time = 30.57).	[MsgId: MWAR-15995]
Warning: Iteration pacing cannot be reached (pace time = 3.00, actual time = 14.22).	[MsgId: MWAR-15995]
Warning: Iteration pacing cannot be reached (pace time = 3.00, actual time = 21.86).	[MsgId: MWAR-15995]
Action.c(83): Error: <!DOCTYPE HTML PUBLIC "-//IETF//DTD HTML 2.0//EN">
<HTML>
	<HEAD>
		<TITLE>500 Internal Server Error</TITLE>
<!--style> <H1 {font-family:Courier,Tahoma,Arial,sans-serif;color:white;background-color:#525D76;font-size:22px;} H2 {font-family:Courier,Tahoma,Arial,sans-serif;color:white;background-color:#525D76;font-size:16px;} H3 {font-family:Courier,Tahoma,Arial,sans-serif;color:white;background-color:#525D76;font-size:14px;} BODY {font-family:Courier,Tahoma,Arial,sans-serif;color:black;background-color:white;} B {font-family:Courier,Tahoma,Arial,sans-serif;color:white;background-color:#525D76;} P {font-family:Courier,Tahoma,Arial,sans-serif;background:white;color:black;font-size:12px;}A {color : black;}A.name {color : black;}HR {color : #525D76;}></style-->
	</HEAD>
	<BODY>
		<hr align="center" noShade>
		<br>
		<TABLE cellSpacing="5" cellPadding="5" width="100" bgColor="#ffffff" border="0">
			<TR>
				<TD bgColor="#b2b2b2">
					<STRONG><FONT size="5"><FONT face="Courier">&nbsp; </FONT><FONT face="Arial">HTTP Status&nbsp;<FONT color="#6600cc">:&nbsp;500 - 500 Internal Server Error</FONT></FONT></FONT></STRONG>
				</TD>
			</TR>
		</TABLE>
		<br>
		<hr align="center" noShade>
		<br>
		<TABLE cellSpacing="5" cellPadding="5" width="100" bgColor="#ffffff" border="0">
			<TR>
				<TD vAlign="top" align="right" width="140" bgColor="#e0e0e0">
					<P align="center"><FONT face="Courier" color="#0a246a" size="4"><STRONG>Description</STRONG></FONT></P>
				</TD>
				<TD bgColor="#f0e0e0">
					<DIV align="left"><PRE><FONT face=Courier size=4>The asynchronous job timed out.</FONT></PRE></DIV>
				</TD>
			</TR>
		</TABLE>
	</BODY>
</HTML>	[MsgId: MERR-17999]
Warning: Iteration pacing cannot be reached (pace time = 3.00, actual time = 30.01).	[MsgId: MWAR-15995]
Warning: Iteration pacing cannot be reached (pace time = 3.00, actual time = 22.70).	[MsgId: MWAR-15995]
Warning: Iteration pacing cannot be reached (pace time = 3.00, actual time = 14.75).	[MsgId: MWAR-15995]
Warning: Iteration pacing cannot be reached (pace time = 3.00, actual time = 20.07).	[MsgId: MWAR-15995]
Warning: Iteration pacing cannot be reached (pace time = 3.00, actual time = 21.78).	[MsgId: MWAR-15995]
Action.c(83): Error: <!DOCTYPE HTML PUBLIC "-//IETF//DTD HTML 2.0//EN">
<HTML>
	<HEAD>
		<TITLE>500 Internal Server Error</TITLE>
<!--style> <H1 {font-family:Courier,Tahoma,Arial,sans-serif;color:white;background-color:#525D76;font-size:22px;} H2 {font-family:Courier,Tahoma,Arial,sans-serif;color:white;background-color:#525D76;font-size:16px;} H3 {font-family:Courier,Tahoma,Arial,sans-serif;color:white;background-color:#525D76;font-size:14px;} BODY {font-family:Courier,Tahoma,Arial,sans-serif;color:black;background-color:white;} B {font-family:Courier,Tahoma,Arial,sans-serif;color:white;background-color:#525D76;} P {font-family:Courier,Tahoma,Arial,sans-serif;background:white;color:black;font-size:12px;}A {color : black;}A.name {color : black;}HR {color : #525D76;}></style-->
	</HEAD>
	<BODY>
		<hr align="center" noShade>
		<br>
		<TABLE cellSpacing="5" cellPadding="5" width="100" bgColor="#ffffff" border="0">
			<TR>
				<TD bgColor="#b2b2b2">
					<STRONG><FONT size="5"><FONT face="Courier">&nbsp; </FONT><FONT face="Arial">HTTP Status&nbsp;<FONT color="#6600cc">:&nbsp;500 - 500 Internal Server Error</FONT></FONT></FONT></STRONG>
				</TD>
			</TR>
		</TABLE>
		<br>
		<hr align="center" noShade>
		<br>
		<TABLE cellSpacing="5" cellPadding="5" width="100" bgColor="#ffffff" border="0">
			<TR>
				<TD vAlign="top" align="right" width="140" bgColor="#e0e0e0">
					<P align="center"><FONT face="Courier" color="#0a246a" size="4"><STRONG>Description</STRONG></FONT></P>
				</TD>
				<TD bgColor="#f0e0e0">
					<DIV align="left"><PRE><FONT face=Courier size=4>The asynchronous job timed out.</FONT></PRE></DIV>
				</TD>
			</TR>
		</TABLE>
	</BODY>
</HTML>	[MsgId: MERR-17999]
Warning: Iteration pacing cannot be reached (pace time = 3.00, actual time = 30.42).	[MsgId: MWAR-15995]
Warning: Iteration pacing cannot be reached (pace time = 3.00, actual time = 20.52).	[MsgId: MWAR-15995]
Warning: Iteration pacing cannot be reached (pace time = 3.00, actual time = 14.67).	[MsgId: MWAR-15995]
Warning: Iteration pacing cannot be reached (pace time = 3.00, actual time = 14.89).	[MsgId: MWAR-15995]
Warning: Iteration pacing cannot be reached (pace time = 3.00, actual time = 12.40).	[MsgId: MWAR-15995]
Action.c(83): Error: <!DOCTYPE HTML PUBLIC "-//IETF//DTD HTML 2.0//EN">
<HTML>
	<HEAD>
		<TITLE>500 Internal Server Error</TITLE>
<!--style> <H1 {font-family:Courier,Tahoma,Arial,sans-serif;color:white;background-color:#525D76;font-size:22px;} H2 {font-family:Courier,Tahoma,Arial,sans-serif;color:white;background-color:#525D76;font-size:16px;} H3 {font-family:Courier,Tahoma,Arial,sans-serif;color:white;background-color:#525D76;font-size:14px;} BODY {font-family:Courier,Tahoma,Arial,sans-serif;color:black;background-color:white;} B {font-family:Courier,Tahoma,Arial,sans-serif;color:white;background-color:#525D76;} P {font-family:Courier,Tahoma,Arial,sans-serif;background:white;color:black;font-size:12px;}A {color : black;}A.name {color : black;}HR {color : #525D76;}></style-->
	</HEAD>
	<BODY>
		<hr align="center" noShade>
		<br>
		<TABLE cellSpacing="5" cellPadding="5" width="100" bgColor="#ffffff" border="0">
			<TR>
				<TD bgColor="#b2b2b2">
					<STRONG><FONT size="5"><FONT face="Courier">&nbsp; </FONT><FONT face="Arial">HTTP Status&nbsp;<FONT color="#6600cc">:&nbsp;500 - 500 Internal Server Error</FONT></FONT></FONT></STRONG>
				</TD>
			</TR>
		</TABLE>
		<br>
		<hr align="center" noShade>
		<br>
		<TABLE cellSpacing="5" cellPadding="5" width="100" bgColor="#ffffff" border="0">
			<TR>
				<TD vAlign="top" align="right" width="140" bgColor="#e0e0e0">
					<P align="center"><FONT face="Courier" color="#0a246a" size="4"><STRONG>Description</STRONG></FONT></P>
				</TD>
				<TD bgColor="#f0e0e0">
					<DIV align="left"><PRE><FONT face=Courier size=4>The asynchronous job timed out.</FONT></PRE></DIV>
				</TD>
			</TR>
		</TABLE>
	</BODY>
</HTML>	[MsgId: MERR-17999]
Warning: Iteration pacing cannot be reached (pace time = 3.00, actual time = 30.36).	[MsgId: MWAR-15995]
Warning: Iteration pacing cannot be reached (pace time = 3.00, actual time = 21.81).	[MsgId: MWAR-15995]
Warning: Iteration pacing cannot be reached (pace time = 3.00, actual time = 14.00).	[MsgId: MWAR-15995]
Warning: Iteration pacing cannot be reached (pace time = 3.00, actual time = 23.15).	[MsgId: MWAR-15995]
Warning: Iteration pacing cannot be reached (pace time = 3.00, actual time = 14.02).	[MsgId: MWAR-15995]
Warning: Iteration pacing cannot be reached (pace time = 3.00, actual time = 15.21).	[MsgId: MWAR-15995]
Action.c(83): Error: <!DOCTYPE HTML PUBLIC "-//IETF//DTD HTML 2.0//EN">
<HTML>
	<HEAD>
		<TITLE>500 Internal Server Error</TITLE>
<!--style> <H1 {font-family:Courier,Tahoma,Arial,sans-serif;color:white;background-color:#525D76;font-size:22px;} H2 {font-family:Courier,Tahoma,Arial,sans-serif;color:white;background-color:#525D76;font-size:16px;} H3 {font-family:Courier,Tahoma,Arial,sans-serif;color:white;background-color:#525D76;font-size:14px;} BODY {font-family:Courier,Tahoma,Arial,sans-serif;color:black;background-color:white;} B {font-family:Courier,Tahoma,Arial,sans-serif;color:white;background-color:#525D76;} P {font-family:Courier,Tahoma,Arial,sans-serif;background:white;color:black;font-size:12px;}A {color : black;}A.name {color : black;}HR {color : #525D76;}></style-->
	</HEAD>
	<BODY>
		<hr align="center" noShade>
		<br>
		<TABLE cellSpacing="5" cellPadding="5" width="100" bgColor="#ffffff" border="0">
			<TR>
				<TD bgColor="#b2b2b2">
					<STRONG><FONT size="5"><FONT face="Courier">&nbsp; </FONT><FONT face="Arial">HTTP Status&nbsp;<FONT color="#6600cc">:&nbsp;500 - 500 Internal Server Error</FONT></FONT></FONT></STRONG>
				</TD>
			</TR>
		</TABLE>
		<br>
		<hr align="center" noShade>
		<br>
		<TABLE cellSpacing="5" cellPadding="5" width="100" bgColor="#ffffff" border="0">
			<TR>
				<TD vAlign="top" align="right" width="140" bgColor="#e0e0e0">
					<P align="center"><FONT face="Courier" color="#0a246a" size="4"><STRONG>Description</STRONG></FONT></P>
				</TD>
				<TD bgColor="#f0e0e0">
					<DIV align="left"><PRE><FONT face=Courier size=4>The asynchronous job timed out.</FONT></PRE></DIV>
				</TD>
			</TR>
		</TABLE>
	</BODY>
</HTML>	[MsgId: MERR-17999]
Warning: Iteration pacing cannot be reached (pace time = 3.00, actual time = 30.22).	[MsgId: MWAR-15995]
Warning: Iteration pacing cannot be reached (pace time = 3.00, actual time = 15.02).	[MsgId: MWAR-15995]
Warning: Iteration pacing cannot be reached (pace time = 3.00, actual time = 14.45).	[MsgId: MWAR-15995]
Warning: Iteration pacing cannot be reached (pace time = 3.00, actual time = 15.44).	[MsgId: MWAR-15995]
Warning: Iteration pacing cannot be reached (pace time = 3.00, actual time = 15.48).	[MsgId: MWAR-15995]
Warning: Iteration pacing cannot be reached (pace time = 3.00, actual time = 14.38).	[MsgId: MWAR-15995]
Warning: Iteration pacing cannot be reached (pace time = 3.00, actual time = 14.70).	[MsgId: MWAR-15995]
Warning: Iteration pacing cannot be reached (pace time = 3.00, actual time = 14.39).	[MsgId: MWAR-15995]
Action.c(83): Error: <!DOCTYPE HTML PUBLIC "-//IETF//DTD HTML 2.0//EN">
<HTML>
	<HEAD>
		<TITLE>500 Internal Server Error</TITLE>
<!--style> <H1 {font-family:Courier,Tahoma,Arial,sans-serif;color:white;background-color:#525D76;font-size:22px;} H2 {font-family:Courier,Tahoma,Arial,sans-serif;color:white;background-color:#525D76;font-size:16px;} H3 {font-family:Courier,Tahoma,Arial,sans-serif;color:white;background-color:#525D76;font-size:14px;} BODY {font-family:Courier,Tahoma,Arial,sans-serif;color:black;background-color:white;} B {font-family:Courier,Tahoma,Arial,sans-serif;color:white;background-color:#525D76;} P {font-family:Courier,Tahoma,Arial,sans-serif;background:white;color:black;font-size:12px;}A {color : black;}A.name {color : black;}HR {color : #525D76;}></style-->
	</HEAD>
	<BODY>
		<hr align="center" noShade>
		<br>
		<TABLE cellSpacing="5" cellPadding="5" width="100" bgColor="#ffffff" border="0">
			<TR>
				<TD bgColor="#b2b2b2">
					<STRONG><FONT size="5"><FONT face="Courier">&nbsp; </FONT><FONT face="Arial">HTTP Status&nbsp;<FONT color="#6600cc">:&nbsp;500 - 500 Internal Server Error</FONT></FONT></FONT></STRONG>
				</TD>
			</TR>
		</TABLE>
		<br>
		<hr align="center" noShade>
		<br>
		<TABLE cellSpacing="5" cellPadding="5" width="100" bgColor="#ffffff" border="0">
			<TR>
				<TD vAlign="top" align="right" width="140" bgColor="#e0e0e0">
					<P align="center"><FONT face="Courier" color="#0a246a" size="4"><STRONG>Description</STRONG></FONT></P>
				</TD>
				<TD bgColor="#f0e0e0">
					<DIV align="left"><PRE><FONT face=Courier size=4>The asynchronous job timed out.</FONT></PRE></DIV>
				</TD>
			</TR>
		</TABLE>
	</BODY>
</HTML>	[MsgId: MERR-17999]
Warning: Iteration pacing cannot be reached (pace time = 3.00, actual time = 30.61).	[MsgId: MWAR-15995]
Action.c(83): Error: <!DOCTYPE HTML PUBLIC "-//IETF//DTD HTML 2.0//EN">
<HTML>
	<HEAD>
		<TITLE>500 Internal Server Error</TITLE>
<!--style> <H1 {font-family:Courier,Tahoma,Arial,sans-serif;color:white;background-color:#525D76;font-size:22px;} H2 {font-family:Courier,Tahoma,Arial,sans-serif;color:white;background-color:#525D76;font-size:16px;} H3 {font-family:Courier,Tahoma,Arial,sans-serif;color:white;background-color:#525D76;font-size:14px;} BODY {font-family:Courier,Tahoma,Arial,sans-serif;color:black;background-color:white;} B {font-family:Courier,Tahoma,Arial,sans-serif;color:white;background-color:#525D76;} P {font-family:Courier,Tahoma,Arial,sans-serif;background:white;color:black;font-size:12px;}A {color : black;}A.name {color : black;}HR {color : #525D76;}></style-->
	</HEAD>
	<BODY>
		<hr align="center" noShade>
		<br>
		<TABLE cellSpacing="5" cellPadding="5" width="100" bgColor="#ffffff" border="0">
			<TR>
				<TD bgColor="#b2b2b2">
					<STRONG><FONT size="5"><FONT face="Courier">&nbsp; </FONT><FONT face="Arial">HTTP Status&nbsp;<FONT color="#6600cc">:&nbsp;500 - 500 Internal Server Error</FONT></FONT></FONT></STRONG>
				</TD>
			</TR>
		</TABLE>
		<br>
		<hr align="center" noShade>
		<br>
		<TABLE cellSpacing="5" cellPadding="5" width="100" bgColor="#ffffff" border="0">
			<TR>
				<TD vAlign="top" align="right" width="140" bgColor="#e0e0e0">
					<P align="center"><FONT face="Courier" color="#0a246a" size="4"><STRONG>Description</STRONG></FONT></P>
				</TD>
				<TD bgColor="#f0e0e0">
					<DIV align="left"><PRE><FONT face=Courier size=4>The asynchronous job timed out.</FONT></PRE></DIV>
				</TD>
			</TR>
		</TABLE>
	</BODY>
</HTML>	[MsgId: MERR-17999]
Warning: Iteration pacing cannot be reached (pace time = 3.00, actual time = 30.70).	[MsgId: MWAR-15995]
Warning: Iteration pacing cannot be reached (pace time = 3.00, actual time = 12.81).	[MsgId: MWAR-15995]
