Warning: Iteration pacing cannot be reached (pace time = 3.00, actual time = 5.18).	[MsgId: MWAR-15995]
Warning: Iteration pacing cannot be reached (pace time = 3.00, actual time = 5.96).	[MsgId: MWAR-15995]
Warning: Iteration pacing cannot be reached (pace time = 3.00, actual time = 6.42).	[MsgId: MWAR-15995]
Warning: Iteration pacing cannot be reached (pace time = 3.00, actual time = 7.27).	[MsgId: MWAR-15995]
Warning: Iteration pacing cannot be reached (pace time = 3.00, actual time = 7.98).	[MsgId: MWAR-15995]
Warning: Iteration pacing cannot be reached (pace time = 3.00, actual time = 7.46).	[MsgId: MWAR-15995]
Warning: Iteration pacing cannot be reached (pace time = 3.00, actual time = 9.88).	[MsgId: MWAR-15995]
Warning: Iteration pacing cannot be reached (pace time = 3.00, actual time = 10.81).	[MsgId: MWAR-15995]
Warning: Iteration pacing cannot be reached (pace time = 3.00, actual time = 9.96).	[MsgId: MWAR-15995]
Warning: Iteration pacing cannot be reached (pace time = 3.00, actual time = 10.63).	[MsgId: MWAR-15995]
Warning: Iteration pacing cannot be reached (pace time = 3.00, actual time = 9.83).	[MsgId: MWAR-15995]
Warning: Iteration pacing cannot be reached (pace time = 3.00, actual time = 9.33).	[MsgId: MWAR-15995]
Warning: Iteration pacing cannot be reached (pace time = 3.00, actual time = 11.12).	[MsgId: MWAR-15995]
Warning: Iteration pacing cannot be reached (pace time = 3.00, actual time = 10.00).	[MsgId: MWAR-15995]
Warning: Iteration pacing cannot be reached (pace time = 3.00, actual time = 11.69).	[MsgId: MWAR-15995]
Warning: Iteration pacing cannot be reached (pace time = 3.00, actual time = 10.10).	[MsgId: MWAR-15995]
Warning: Iteration pacing cannot be reached (pace time = 3.00, actual time = 10.72).	[MsgId: MWAR-15995]
Warning: Iteration pacing cannot be reached (pace time = 3.00, actual time = 10.61).	[MsgId: MWAR-15995]
Warning: Iteration pacing cannot be reached (pace time = 3.00, actual time = 11.27).	[MsgId: MWAR-15995]
Warning: Iteration pacing cannot be reached (pace time = 3.00, actual time = 13.55).	[MsgId: MWAR-15995]
Warning: Iteration pacing cannot be reached (pace time = 3.00, actual time = 12.75).	[MsgId: MWAR-15995]
Warning: Iteration pacing cannot be reached (pace time = 3.00, actual time = 13.60).	[MsgId: MWAR-15995]
Warning: Iteration pacing cannot be reached (pace time = 3.00, actual time = 14.57).	[MsgId: MWAR-15995]
Warning: Iteration pacing cannot be reached (pace time = 3.00, actual time = 13.94).	[MsgId: MWAR-15995]
Warning: Iteration pacing cannot be reached (pace time = 3.00, actual time = 14.05).	[MsgId: MWAR-15995]
Warning: Iteration pacing cannot be reached (pace time = 3.00, actual time = 14.88).	[MsgId: MWAR-15995]
Warning: Iteration pacing cannot be reached (pace time = 3.00, actual time = 14.13).	[MsgId: MWAR-15995]
Warning: Iteration pacing cannot be reached (pace time = 3.00, actual time = 13.45).	[MsgId: MWAR-15995]
Warning: Iteration pacing cannot be reached (pace time = 3.00, actual time = 15.20).	[MsgId: MWAR-15995]
Warning: Iteration pacing cannot be reached (pace time = 3.00, actual time = 15.74).	[MsgId: MWAR-15995]
Warning: Iteration pacing cannot be reached (pace time = 3.00, actual time = 16.03).	[MsgId: MWAR-15995]
Warning: Iteration pacing cannot be reached (pace time = 3.00, actual time = 15.72).	[MsgId: MWAR-15995]
Warning: Iteration pacing cannot be reached (pace time = 3.00, actual time = 14.05).	[MsgId: MWAR-15995]
Warning: Iteration pacing cannot be reached (pace time = 3.00, actual time = 15.83).	[MsgId: MWAR-15995]
Warning: Iteration pacing cannot be reached (pace time = 3.00, actual time = 16.12).	[MsgId: MWAR-15995]
Warning: Iteration pacing cannot be reached (pace time = 3.00, actual time = 15.26).	[MsgId: MWAR-15995]
Warning: Iteration pacing cannot be reached (pace time = 3.00, actual time = 15.73).	[MsgId: MWAR-15995]
Warning: Iteration pacing cannot be reached (pace time = 3.00, actual time = 15.89).	[MsgId: MWAR-15995]
Warning: Iteration pacing cannot be reached (pace time = 3.00, actual time = 14.91).	[MsgId: MWAR-15995]
Warning: Iteration pacing cannot be reached (pace time = 3.00, actual time = 16.33).	[MsgId: MWAR-15995]
Warning: Iteration pacing cannot be reached (pace time = 3.00, actual time = 15.81).	[MsgId: MWAR-15995]
Warning: Iteration pacing cannot be reached (pace time = 3.00, actual time = 16.54).	[MsgId: MWAR-15995]
Warning: Iteration pacing cannot be reached (pace time = 3.00, actual time = 17.46).	[MsgId: MWAR-15995]
Warning: Iteration pacing cannot be reached (pace time = 3.00, actual time = 8.27).	[MsgId: MWAR-15995]
Warning: Iteration pacing cannot be reached (pace time = 3.00, actual time = 11.99).	[MsgId: MWAR-15995]
Warning: Iteration pacing cannot be reached (pace time = 3.00, actual time = 14.32).	[MsgId: MWAR-15995]
Warning: Iteration pacing cannot be reached (pace time = 3.00, actual time = 15.99).	[MsgId: MWAR-15995]
Warning: Iteration pacing cannot be reached (pace time = 3.00, actual time = 11.13).	[MsgId: MWAR-15995]
Warning: Iteration pacing cannot be reached (pace time = 3.00, actual time = 9.34).	[MsgId: MWAR-15995]
Warning: Iteration pacing cannot be reached (pace time = 3.00, actual time = 13.54).	[MsgId: MWAR-15995]
Warning: Iteration pacing cannot be reached (pace time = 3.00, actual time = 12.86).	[MsgId: MWAR-15995]
Warning: Iteration pacing cannot be reached (pace time = 3.00, actual time = 7.95).	[MsgId: MWAR-15995]
Warning: Iteration pacing cannot be reached (pace time = 3.00, actual time = 7.96).	[MsgId: MWAR-15995]
Warning: Iteration pacing cannot be reached (pace time = 3.00, actual time = 8.30).	[MsgId: MWAR-15995]
Warning: Iteration pacing cannot be reached (pace time = 3.00, actual time = 10.53).	[MsgId: MWAR-15995]
Warning: Iteration pacing cannot be reached (pace time = 3.00, actual time = 9.59).	[MsgId: MWAR-15995]
Warning: Iteration pacing cannot be reached (pace time = 3.00, actual time = 8.36).	[MsgId: MWAR-15995]
Warning: Iteration pacing cannot be reached (pace time = 3.00, actual time = 8.91).	[MsgId: MWAR-15995]
Warning: Iteration pacing cannot be reached (pace time = 3.00, actual time = 8.63).	[MsgId: MWAR-15995]
Warning: Iteration pacing cannot be reached (pace time = 3.00, actual time = 13.92).	[MsgId: MWAR-15995]
Warning: Iteration pacing cannot be reached (pace time = 3.00, actual time = 14.30).	[MsgId: MWAR-15995]
Warning: Iteration pacing cannot be reached (pace time = 3.00, actual time = 15.48).	[MsgId: MWAR-15995]
Warning: Iteration pacing cannot be reached (pace time = 3.00, actual time = 14.72).	[MsgId: MWAR-15995]
Warning: Iteration pacing cannot be reached (pace time = 3.00, actual time = 15.71).	[MsgId: MWAR-15995]
Warning: Iteration pacing cannot be reached (pace time = 3.00, actual time = 14.05).	[MsgId: MWAR-15995]
Warning: Iteration pacing cannot be reached (pace time = 3.00, actual time = 13.95).	[MsgId: MWAR-15995]
Warning: Iteration pacing cannot be reached (pace time = 3.00, actual time = 15.69).	[MsgId: MWAR-15995]
Warning: Iteration pacing cannot be reached (pace time = 3.00, actual time = 21.93).	[MsgId: MWAR-15995]
Warning: Iteration pacing cannot be reached (pace time = 3.00, actual time = 15.25).	[MsgId: MWAR-15995]
Warning: Iteration pacing cannot be reached (pace time = 3.00, actual time = 14.36).	[MsgId: MWAR-15995]
Warning: Iteration pacing cannot be reached (pace time = 3.00, actual time = 12.57).	[MsgId: MWAR-15995]
Action.c(83): Error: <!DOCTYPE HTML PUBLIC "-//IETF//DTD HTML 2.0//EN">
<HTML>
	<HEAD>
		<TITLE>500 Internal Server Error</TITLE>
<!--style> <H1 {font-family:Courier,Tahoma,Arial,sans-serif;color:white;background-color:#525D76;font-size:22px;} H2 {font-family:Courier,Tahoma,Arial,sans-serif;color:white;background-color:#525D76;font-size:16px;} H3 {font-family:Courier,Tahoma,Arial,sans-serif;color:white;background-color:#525D76;font-size:14px;} BODY {font-family:Courier,Tahoma,Arial,sans-serif;color:black;background-color:white;} B {font-family:Courier,Tahoma,Arial,sans-serif;color:white;background-color:#525D76;} P {font-family:Courier,Tahoma,Arial,sans-serif;background:white;color:black;font-size:12px;}A {color : black;}A.name {color : black;}HR {color : #525D76;}></style-->
	</HEAD>
	<BODY>
		<hr align="center" noShade>
		<br>
		<TABLE cellSpacing="5" cellPadding="5" width="100" bgColor="#ffffff" border="0">
			<TR>
				<TD bgColor="#b2b2b2">
					<STRONG><FONT size="5"><FONT face="Courier">&nbsp; </FONT><FONT face="Arial">HTTP Status&nbsp;<FONT color="#6600cc">:&nbsp;500 - 500 Internal Server Error</FONT></FONT></FONT></STRONG>
				</TD>
			</TR>
		</TABLE>
		<br>
		<hr align="center" noShade>
		<br>
		<TABLE cellSpacing="5" cellPadding="5" width="100" bgColor="#ffffff" border="0">
			<TR>
				<TD vAlign="top" align="right" width="140" bgColor="#e0e0e0">
					<P align="center"><FONT face="Courier" color="#0a246a" size="4"><STRONG>Description</STRONG></FONT></P>
				</TD>
				<TD bgColor="#f0e0e0">
					<DIV align="left"><PRE><FONT face=Courier size=4>The asynchronous job timed out.</FONT></PRE></DIV>
				</TD>
			</TR>
		</TABLE>
	</BODY>
</HTML>	[MsgId: MERR-17999]
Warning: Iteration pacing cannot be reached (pace time = 3.00, actual time = 30.17).	[MsgId: MWAR-15995]
Action.c(83): Error: <!DOCTYPE HTML PUBLIC "-//IETF//DTD HTML 2.0//EN">
<HTML>
	<HEAD>
		<TITLE>500 Internal Server Error</TITLE>
<!--style> <H1 {font-family:Courier,Tahoma,Arial,sans-serif;color:white;background-color:#525D76;font-size:22px;} H2 {font-family:Courier,Tahoma,Arial,sans-serif;color:white;background-color:#525D76;font-size:16px;} H3 {font-family:Courier,Tahoma,Arial,sans-serif;color:white;background-color:#525D76;font-size:14px;} BODY {font-family:Courier,Tahoma,Arial,sans-serif;color:black;background-color:white;} B {font-family:Courier,Tahoma,Arial,sans-serif;color:white;background-color:#525D76;} P {font-family:Courier,Tahoma,Arial,sans-serif;background:white;color:black;font-size:12px;}A {color : black;}A.name {color : black;}HR {color : #525D76;}></style-->
	</HEAD>
	<BODY>
		<hr align="center" noShade>
		<br>
		<TABLE cellSpacing="5" cellPadding="5" width="100" bgColor="#ffffff" border="0">
			<TR>
				<TD bgColor="#b2b2b2">
					<STRONG><FONT size="5"><FONT face="Courier">&nbsp; </FONT><FONT face="Arial">HTTP Status&nbsp;<FONT color="#6600cc">:&nbsp;500 - 500 Internal Server Error</FONT></FONT></FONT></STRONG>
				</TD>
			</TR>
		</TABLE>
		<br>
		<hr align="center" noShade>
		<br>
		<TABLE cellSpacing="5" cellPadding="5" width="100" bgColor="#ffffff" border="0">
			<TR>
				<TD vAlign="top" align="right" width="140" bgColor="#e0e0e0">
					<P align="center"><FONT face="Courier" color="#0a246a" size="4"><STRONG>Description</STRONG></FONT></P>
				</TD>
				<TD bgColor="#f0e0e0">
					<DIV align="left"><PRE><FONT face=Courier size=4>The asynchronous job timed out.</FONT></PRE></DIV>
				</TD>
			</TR>
		</TABLE>
	</BODY>
</HTML>	[MsgId: MERR-17999]
Warning: Iteration pacing cannot be reached (pace time = 3.00, actual time = 30.16).	[MsgId: MWAR-15995]
Action.c(83): Error: <!DOCTYPE HTML PUBLIC "-//IETF//DTD HTML 2.0//EN">
<HTML>
	<HEAD>
		<TITLE>500 Internal Server Error</TITLE>
<!--style> <H1 {font-family:Courier,Tahoma,Arial,sans-serif;color:white;background-color:#525D76;font-size:22px;} H2 {font-family:Courier,Tahoma,Arial,sans-serif;color:white;background-color:#525D76;font-size:16px;} H3 {font-family:Courier,Tahoma,Arial,sans-serif;color:white;background-color:#525D76;font-size:14px;} BODY {font-family:Courier,Tahoma,Arial,sans-serif;color:black;background-color:white;} B {font-family:Courier,Tahoma,Arial,sans-serif;color:white;background-color:#525D76;} P {font-family:Courier,Tahoma,Arial,sans-serif;background:white;color:black;font-size:12px;}A {color : black;}A.name {color : black;}HR {color : #525D76;}></style-->
	</HEAD>
	<BODY>
		<hr align="center" noShade>
		<br>
		<TABLE cellSpacing="5" cellPadding="5" width="100" bgColor="#ffffff" border="0">
			<TR>
				<TD bgColor="#b2b2b2">
					<STRONG><FONT size="5"><FONT face="Courier">&nbsp; </FONT><FONT face="Arial">HTTP Status&nbsp;<FONT color="#6600cc">:&nbsp;500 - 500 Internal Server Error</FONT></FONT></FONT></STRONG>
				</TD>
			</TR>
		</TABLE>
		<br>
		<hr align="center" noShade>
		<br>
		<TABLE cellSpacing="5" cellPadding="5" width="100" bgColor="#ffffff" border="0">
			<TR>
				<TD vAlign="top" align="right" width="140" bgColor="#e0e0e0">
					<P align="center"><FONT face="Courier" color="#0a246a" size="4"><STRONG>Description</STRONG></FONT></P>
				</TD>
				<TD bgColor="#f0e0e0">
					<DIV align="left"><PRE><FONT face=Courier size=4>The asynchronous job timed out.</FONT></PRE></DIV>
				</TD>
			</TR>
		</TABLE>
	</BODY>
</HTML>	[MsgId: MERR-17999]
Warning: Iteration pacing cannot be reached (pace time = 3.00, actual time = 30.57).	[MsgId: MWAR-15995]
Warning: Iteration pacing cannot be reached (pace time = 3.00, actual time = 22.18).	[MsgId: MWAR-15995]
Warning: Iteration pacing cannot be reached (pace time = 3.00, actual time = 14.84).	[MsgId: MWAR-15995]
Warning: Iteration pacing cannot be reached (pace time = 3.00, actual time = 16.98).	[MsgId: MWAR-15995]
Warning: Iteration pacing cannot be reached (pace time = 3.00, actual time = 16.00).	[MsgId: MWAR-15995]
Action.c(83): Error: <!DOCTYPE HTML PUBLIC "-//IETF//DTD HTML 2.0//EN">
<HTML>
	<HEAD>
		<TITLE>500 Internal Server Error</TITLE>
<!--style> <H1 {font-family:Courier,Tahoma,Arial,sans-serif;color:white;background-color:#525D76;font-size:22px;} H2 {font-family:Courier,Tahoma,Arial,sans-serif;color:white;background-color:#525D76;font-size:16px;} H3 {font-family:Courier,Tahoma,Arial,sans-serif;color:white;background-color:#525D76;font-size:14px;} BODY {font-family:Courier,Tahoma,Arial,sans-serif;color:black;background-color:white;} B {font-family:Courier,Tahoma,Arial,sans-serif;color:white;background-color:#525D76;} P {font-family:Courier,Tahoma,Arial,sans-serif;background:white;color:black;font-size:12px;}A {color : black;}A.name {color : black;}HR {color : #525D76;}></style-->
	</HEAD>
	<BODY>
		<hr align="center" noShade>
		<br>
		<TABLE cellSpacing="5" cellPadding="5" width="100" bgColor="#ffffff" border="0">
			<TR>
				<TD bgColor="#b2b2b2">
					<STRONG><FONT size="5"><FONT face="Courier">&nbsp; </FONT><FONT face="Arial">HTTP Status&nbsp;<FONT color="#6600cc">:&nbsp;500 - 500 Internal Server Error</FONT></FONT></FONT></STRONG>
				</TD>
			</TR>
		</TABLE>
		<br>
		<hr align="center" noShade>
		<br>
		<TABLE cellSpacing="5" cellPadding="5" width="100" bgColor="#ffffff" border="0">
			<TR>
				<TD vAlign="top" align="right" width="140" bgColor="#e0e0e0">
					<P align="center"><FONT face="Courier" color="#0a246a" size="4"><STRONG>Description</STRONG></FONT></P>
				</TD>
				<TD bgColor="#f0e0e0">
					<DIV align="left"><PRE><FONT face=Courier size=4>The asynchronous job timed out.</FONT></PRE></DIV>
				</TD>
			</TR>
		</TABLE>
	</BODY>
</HTML>	[MsgId: MERR-17999]
Warning: Iteration pacing cannot be reached (pace time = 3.00, actual time = 30.31).	[MsgId: MWAR-15995]
Action.c(83): Error: <!DOCTYPE HTML PUBLIC "-//IETF//DTD HTML 2.0//EN">
<HTML>
	<HEAD>
		<TITLE>500 Internal Server Error</TITLE>
<!--style> <H1 {font-family:Courier,Tahoma,Arial,sans-serif;color:white;background-color:#525D76;font-size:22px;} H2 {font-family:Courier,Tahoma,Arial,sans-serif;color:white;background-color:#525D76;font-size:16px;} H3 {font-family:Courier,Tahoma,Arial,sans-serif;color:white;background-color:#525D76;font-size:14px;} BODY {font-family:Courier,Tahoma,Arial,sans-serif;color:black;background-color:white;} B {font-family:Courier,Tahoma,Arial,sans-serif;color:white;background-color:#525D76;} P {font-family:Courier,Tahoma,Arial,sans-serif;background:white;color:black;font-size:12px;}A {color : black;}A.name {color : black;}HR {color : #525D76;}></style-->
	</HEAD>
	<BODY>
		<hr align="center" noShade>
		<br>
		<TABLE cellSpacing="5" cellPadding="5" width="100" bgColor="#ffffff" border="0">
			<TR>
				<TD bgColor="#b2b2b2">
					<STRONG><FONT size="5"><FONT face="Courier">&nbsp; </FONT><FONT face="Arial">HTTP Status&nbsp;<FONT color="#6600cc">:&nbsp;500 - 500 Internal Server Error</FONT></FONT></FONT></STRONG>
				</TD>
			</TR>
		</TABLE>
		<br>
		<hr align="center" noShade>
		<br>
		<TABLE cellSpacing="5" cellPadding="5" width="100" bgColor="#ffffff" border="0">
			<TR>
				<TD vAlign="top" align="right" width="140" bgColor="#e0e0e0">
					<P align="center"><FONT face="Courier" color="#0a246a" size="4"><STRONG>Description</STRONG></FONT></P>
				</TD>
				<TD bgColor="#f0e0e0">
					<DIV align="left"><PRE><FONT face=Courier size=4>The asynchronous job timed out.</FONT></PRE></DIV>
				</TD>
			</TR>
		</TABLE>
	</BODY>
</HTML>	[MsgId: MERR-17999]
Warning: Iteration pacing cannot be reached (pace time = 3.00, actual time = 30.69).	[MsgId: MWAR-15995]
Warning: Iteration pacing cannot be reached (pace time = 3.00, actual time = 17.39).	[MsgId: MWAR-15995]
Action.c(83): Error: <!DOCTYPE HTML PUBLIC "-//IETF//DTD HTML 2.0//EN">
<HTML>
	<HEAD>
		<TITLE>500 Internal Server Error</TITLE>
<!--style> <H1 {font-family:Courier,Tahoma,Arial,sans-serif;color:white;background-color:#525D76;font-size:22px;} H2 {font-family:Courier,Tahoma,Arial,sans-serif;color:white;background-color:#525D76;font-size:16px;} H3 {font-family:Courier,Tahoma,Arial,sans-serif;color:white;background-color:#525D76;font-size:14px;} BODY {font-family:Courier,Tahoma,Arial,sans-serif;color:black;background-color:white;} B {font-family:Courier,Tahoma,Arial,sans-serif;color:white;background-color:#525D76;} P {font-family:Courier,Tahoma,Arial,sans-serif;background:white;color:black;font-size:12px;}A {color : black;}A.name {color : black;}HR {color : #525D76;}></style-->
	</HEAD>
	<BODY>
		<hr align="center" noShade>
		<br>
		<TABLE cellSpacing="5" cellPadding="5" width="100" bgColor="#ffffff" border="0">
			<TR>
				<TD bgColor="#b2b2b2">
					<STRONG><FONT size="5"><FONT face="Courier">&nbsp; </FONT><FONT face="Arial">HTTP Status&nbsp;<FONT color="#6600cc">:&nbsp;500 - 500 Internal Server Error</FONT></FONT></FONT></STRONG>
				</TD>
			</TR>
		</TABLE>
		<br>
		<hr align="center" noShade>
		<br>
		<TABLE cellSpacing="5" cellPadding="5" width="100" bgColor="#ffffff" border="0">
			<TR>
				<TD vAlign="top" align="right" width="140" bgColor="#e0e0e0">
					<P align="center"><FONT face="Courier" color="#0a246a" size="4"><STRONG>Description</STRONG></FONT></P>
				</TD>
				<TD bgColor="#f0e0e0">
					<DIV align="left"><PRE><FONT face=Courier size=4>The asynchronous job timed out.</FONT></PRE></DIV>
				</TD>
			</TR>
		</TABLE>
	</BODY>
</HTML>	[MsgId: MERR-17999]
Warning: Iteration pacing cannot be reached (pace time = 3.00, actual time = 30.69).	[MsgId: MWAR-15995]
Warning: Iteration pacing cannot be reached (pace time = 3.00, actual time = 17.44).	[MsgId: MWAR-15995]
Warning: Iteration pacing cannot be reached (pace time = 3.00, actual time = 15.07).	[MsgId: MWAR-15995]
Warning: Iteration pacing cannot be reached (pace time = 3.00, actual time = 17.72).	[MsgId: MWAR-15995]
Warning: Iteration pacing cannot be reached (pace time = 3.00, actual time = 19.57).	[MsgId: MWAR-15995]
Warning: Iteration pacing cannot be reached (pace time = 3.00, actual time = 15.62).	[MsgId: MWAR-15995]
Action.c(83): Error: <!DOCTYPE HTML PUBLIC "-//IETF//DTD HTML 2.0//EN">
<HTML>
	<HEAD>
		<TITLE>500 Internal Server Error</TITLE>
<!--style> <H1 {font-family:Courier,Tahoma,Arial,sans-serif;color:white;background-color:#525D76;font-size:22px;} H2 {font-family:Courier,Tahoma,Arial,sans-serif;color:white;background-color:#525D76;font-size:16px;} H3 {font-family:Courier,Tahoma,Arial,sans-serif;color:white;background-color:#525D76;font-size:14px;} BODY {font-family:Courier,Tahoma,Arial,sans-serif;color:black;background-color:white;} B {font-family:Courier,Tahoma,Arial,sans-serif;color:white;background-color:#525D76;} P {font-family:Courier,Tahoma,Arial,sans-serif;background:white;color:black;font-size:12px;}A {color : black;}A.name {color : black;}HR {color : #525D76;}></style-->
	</HEAD>
	<BODY>
		<hr align="center" noShade>
		<br>
		<TABLE cellSpacing="5" cellPadding="5" width="100" bgColor="#ffffff" border="0">
			<TR>
				<TD bgColor="#b2b2b2">
					<STRONG><FONT size="5"><FONT face="Courier">&nbsp; </FONT><FONT face="Arial">HTTP Status&nbsp;<FONT color="#6600cc">:&nbsp;500 - 500 Internal Server Error</FONT></FONT></FONT></STRONG>
				</TD>
			</TR>
		</TABLE>
		<br>
		<hr align="center" noShade>
		<br>
		<TABLE cellSpacing="5" cellPadding="5" width="100" bgColor="#ffffff" border="0">
			<TR>
				<TD vAlign="top" align="right" width="140" bgColor="#e0e0e0">
					<P align="center"><FONT face="Courier" color="#0a246a" size="4"><STRONG>Description</STRONG></FONT></P>
				</TD>
				<TD bgColor="#f0e0e0">
					<DIV align="left"><PRE><FONT face=Courier size=4>The asynchronous job timed out.</FONT></PRE></DIV>
				</TD>
			</TR>
		</TABLE>
	</BODY>
</HTML>	[MsgId: MERR-17999]
Warning: Iteration pacing cannot be reached (pace time = 3.00, actual time = 30.79).	[MsgId: MWAR-15995]
Warning: Iteration pacing cannot be reached (pace time = 3.00, actual time = 19.72).	[MsgId: MWAR-15995]
Warning: Iteration pacing cannot be reached (pace time = 3.00, actual time = 17.53).	[MsgId: MWAR-15995]
Warning: Iteration pacing cannot be reached (pace time = 3.00, actual time = 5.29).	[MsgId: MWAR-15995]
Warning: Iteration pacing cannot be reached (pace time = 3.00, actual time = 14.10).	[MsgId: MWAR-15995]
Action.c(83): Error: <!DOCTYPE HTML PUBLIC "-//IETF//DTD HTML 2.0//EN">
<HTML>
	<HEAD>
		<TITLE>500 Internal Server Error</TITLE>
<!--style> <H1 {font-family:Courier,Tahoma,Arial,sans-serif;color:white;background-color:#525D76;font-size:22px;} H2 {font-family:Courier,Tahoma,Arial,sans-serif;color:white;background-color:#525D76;font-size:16px;} H3 {font-family:Courier,Tahoma,Arial,sans-serif;color:white;background-color:#525D76;font-size:14px;} BODY {font-family:Courier,Tahoma,Arial,sans-serif;color:black;background-color:white;} B {font-family:Courier,Tahoma,Arial,sans-serif;color:white;background-color:#525D76;} P {font-family:Courier,Tahoma,Arial,sans-serif;background:white;color:black;font-size:12px;}A {color : black;}A.name {color : black;}HR {color : #525D76;}></style-->
	</HEAD>
	<BODY>
		<hr align="center" noShade>
		<br>
		<TABLE cellSpacing="5" cellPadding="5" width="100" bgColor="#ffffff" border="0">
			<TR>
				<TD bgColor="#b2b2b2">
					<STRONG><FONT size="5"><FONT face="Courier">&nbsp; </FONT><FONT face="Arial">HTTP Status&nbsp;<FONT color="#6600cc">:&nbsp;500 - 500 Internal Server Error</FONT></FONT></FONT></STRONG>
				</TD>
			</TR>
		</TABLE>
		<br>
		<hr align="center" noShade>
		<br>
		<TABLE cellSpacing="5" cellPadding="5" width="100" bgColor="#ffffff" border="0">
			<TR>
				<TD vAlign="top" align="right" width="140" bgColor="#e0e0e0">
					<P align="center"><FONT face="Courier" color="#0a246a" size="4"><STRONG>Description</STRONG></FONT></P>
				</TD>
				<TD bgColor="#f0e0e0">
					<DIV align="left"><PRE><FONT face=Courier size=4>The asynchronous job timed out.</FONT></PRE></DIV>
				</TD>
			</TR>
		</TABLE>
	</BODY>
</HTML>	[MsgId: MERR-17999]
