<OS Kernel Settings>

1. vi /etc/sysctl.conf

net.ipv4.conf.all.send_redirects=0 OR net.ipv4.conf.lo.arp_announce = 2 하단 추가!

net.ipv4.tcp_fin_timeout=15
net.ipv4.tcp_keepalive_time=30
net.ipv4.tcp_keepalive_intvl=60
net.ipv4.tcp_keepalive_probes=1
net.ipv4.tcp_max_syn_backlog=8192
net.ipv4.tcp_syn_retries=1
net.ipv4.tcp_retries2=3
net.ipv4.tcp_rmem=10000000 10000000 10000000
net.ipv4.tcp_wmem=10000000 10000000 10000000
net.ipv4.tcp_mem=10000000 10000000 10000000
net.ipv4.tcp_congestion_control=cubic
net.core.optmem_max=33554432
net.core.netdev_max_backlog=30000
vm.swappiness=30
net.core.somaxconn=10240
net.ipv4.tcp_timestamps=0

sysctl -p

2. vi /etc/security/limits.conf

#@student        -       maxlogins       4 하단 추가!

*   soft   nofile       300000
*   hard   nofile       300000
*   soft   nproc        300000
*   hard   nproc        300000
*   soft   memlock      50000000
*   hard   memlock      50000000
*   soft   stack        unlimited
*   hard   stack        unlimited
*   soft   sigpending   773653
*   hard   sigpending   773653

3. vi /etc/security/limits.d/90-nproc.conf

#*          -    nproc     8192
*       soft    nproc     300000

