[ssh 및 scp password 없이 접속하기]

1. client에서: ssh-keygen -t rsa

[apache@c-kmos-dk1-w01 ~]$ ssh-keygen -t rsa
Generating public/private rsa key pair.
Enter file in which to save the key (/home/apache/.ssh/id_rsa):
Created directory '/home/apache/.ssh'.
Enter passphrase (empty for no passphrase):
Enter same passphrase again:
Your identification has been saved in /home/apache/.ssh/id_rsa.
Your public key has been saved in /home/apache/.ssh/id_rsa.pub.
The key fingerprint is:
b4:00:10:7d:43:8b:08:68:70:68:bd:4a:35:1b:db:b5 apache@c-kmos-dk1-w01
The key's randomart image is:
+--[ RSA 2048]----+
|=.=+...          |
|o= *.ooo         |
|o o O.+.o        |
| . + . E .       |
|. .     S        |
| .               |
|                 |
|                 |
|                 |
+-----------------+

2. id_rsa.pub 파일을 server의 계정 /home/계정/.ssh/authorized_keys 파일로 생성 또는 기 존재하면 붙여 넣는다.
    또는
   ssh-copy-id 서버계정@서버IP 를 수행하면 동일한 동작을 한다.
