
root		ALL = (ALL) ALL
%admin		ALL = (ALL) ALL


<user list> <host list> = command_definition [, command_definition ]...

command_definition :=   [<run_as_list>] [<tag list>] <command list>

- user list: %admin는 admin 그룹의 user
- host list: ALL은 체크하지 않는다.
- run_as_list, tag_list 는 옵션
- run_as_list 생략 시 root로 실행한다
- tag_list는 NOPASSWD: NOEXEC:
- command list가 디렉토리인 경우 하위 명령어를 의미

--------------------------------

#  user    MACHINE=COMMANDS
root        ALL = (ALL) ALL             # root는 ALL 모든 machine에서 (ALL) 모든 사용자 권한으로 ALL 모든 명령어 사용가능하다.

# user1 사용자에게 sudo 권한 주기
user1       ALL = (ALL) ALL

# wheel 그룹의 모든 사용자에게 sudo 권한을 부여하는 경우
%wheel      ALL = (ALL) ALL

# user1 사용자에게 패스워드 확인없이 sudo 권한 주기
user1       ALL = (ALL) NOPASSWD: ALL

# wheel 그룹의 모든 사용자에게 패스워드 확인없이 sudo 권한을 부여하는 경우
%wheel      ALL = (ALL) NOPASSWD: ALL