Warning: Iteration pacing cannot be reached (pace time = 3.00, actual time = 3.39).	[MsgId: MWAR-15995]
Warning: Iteration pacing cannot be reached (pace time = 3.00, actual time = 4.59).	[MsgId: MWAR-15995]
Warning: Iteration pacing cannot be reached (pace time = 3.00, actual time = 5.71).	[MsgId: MWAR-15995]
Warning: Iteration pacing cannot be reached (pace time = 3.00, actual time = 5.74).	[MsgId: MWAR-15995]
Warning: Iteration pacing cannot be reached (pace time = 3.00, actual time = 6.15).	[MsgId: MWAR-15995]
Warning: Iteration pacing cannot be reached (pace time = 3.00, actual time = 5.06).	[MsgId: MWAR-15995]
Warning: Iteration pacing cannot be reached (pace time = 3.00, actual time = 5.87).	[MsgId: MWAR-15995]
Warning: Iteration pacing cannot be reached (pace time = 3.00, actual time = 5.64).	[MsgId: MWAR-15995]
Warning: Iteration pacing cannot be reached (pace time = 3.00, actual time = 6.17).	[MsgId: MWAR-15995]
Warning: Iteration pacing cannot be reached (pace time = 3.00, actual time = 7.83).	[MsgId: MWAR-15995]
Warning: Iteration pacing cannot be reached (pace time = 3.00, actual time = 7.99).	[MsgId: MWAR-15995]
Warning: Iteration pacing cannot be reached (pace time = 3.00, actual time = 7.17).	[MsgId: MWAR-15995]
Warning: Iteration pacing cannot be reached (pace time = 3.00, actual time = 7.38).	[MsgId: MWAR-15995]
Warning: Iteration pacing cannot be reached (pace time = 3.00, actual time = 9.35).	[MsgId: MWAR-15995]
Warning: Iteration pacing cannot be reached (pace time = 3.00, actual time = 9.69).	[MsgId: MWAR-15995]
Action.c(49): Error: rc Fail	[MsgId: MERR-17999]
Action.c(50): Error: Fail Receive All Data:: {Rec_Data}	[MsgId: MERR-17999]
Warning: Iteration pacing cannot be reached (pace time = 3.00, actual time = 10.02).	[MsgId: MWAR-15995]
Action.c(49): Error: rc Fail	[MsgId: MERR-17999]
Action.c(50): Error: Fail Receive All Data:: {Rec_Data}	[MsgId: MERR-17999]
Warning: Iteration pacing cannot be reached (pace time = 3.00, actual time = 10.02).	[MsgId: MWAR-15995]
Action.c(49): Error: rc Fail	[MsgId: MERR-17999]
Action.c(50): Error: Fail Receive All Data:: {Rec_Data}	[MsgId: MERR-17999]
Warning: Iteration pacing cannot be reached (pace time = 3.00, actual time = 10.02).	[MsgId: MWAR-15995]
Action.c(49): Error: rc Fail	[MsgId: MERR-17999]
Action.c(50): Error: Fail Receive All Data:: {Rec_Data}	[MsgId: MERR-17999]
Warning: Iteration pacing cannot be reached (pace time = 3.00, actual time = 10.02).	[MsgId: MWAR-15995]
Action.c(49): Error: rc Fail	[MsgId: MERR-17999]
Action.c(50): Error: Fail Receive All Data:: {Rec_Data}	[MsgId: MERR-17999]
Warning: Iteration pacing cannot be reached (pace time = 3.00, actual time = 10.02).	[MsgId: MWAR-15995]
Action.c(49): Error: rc Fail	[MsgId: MERR-17999]
Action.c(50): Error: Fail Receive All Data:: {Rec_Data}	[MsgId: MERR-17999]
Warning: Iteration pacing cannot be reached (pace time = 3.00, actual time = 10.02).	[MsgId: MWAR-15995]
Action.c(49): Error: rc Fail	[MsgId: MERR-17999]
Action.c(50): Error: Fail Receive All Data:: {Rec_Data}	[MsgId: MERR-17999]
Warning: Iteration pacing cannot be reached (pace time = 3.00, actual time = 10.02).	[MsgId: MWAR-15995]
Action.c(49): Error: rc Fail	[MsgId: MERR-17999]
Action.c(50): Error: Fail Receive All Data:: {Rec_Data}	[MsgId: MERR-17999]
Warning: Iteration pacing cannot be reached (pace time = 3.00, actual time = 10.02).	[MsgId: MWAR-15995]
Action.c(49): Error: rc Fail	[MsgId: MERR-17999]
Action.c(50): Error: Fail Receive All Data:: {Rec_Data}	[MsgId: MERR-17999]
Warning: Iteration pacing cannot be reached (pace time = 3.00, actual time = 10.02).	[MsgId: MWAR-15995]
Action.c(49): Error: rc Fail	[MsgId: MERR-17999]
Action.c(50): Error: Fail Receive All Data:: {Rec_Data}	[MsgId: MERR-17999]
Warning: Iteration pacing cannot be reached (pace time = 3.00, actual time = 10.02).	[MsgId: MWAR-15995]
Action.c(49): Error: rc Fail	[MsgId: MERR-17999]
Action.c(50): Error: Fail Receive All Data:: {Rec_Data}	[MsgId: MERR-17999]
Warning: Iteration pacing cannot be reached (pace time = 3.00, actual time = 10.02).	[MsgId: MWAR-15995]
Warning: Iteration pacing cannot be reached (pace time = 3.00, actual time = 9.70).	[MsgId: MWAR-15995]
Action.c(49): Error: rc Fail	[MsgId: MERR-17999]
Action.c(50): Error: Fail Receive All Data:: {Rec_Data}	[MsgId: MERR-17999]
Warning: Iteration pacing cannot be reached (pace time = 3.00, actual time = 10.02).	[MsgId: MWAR-15995]
Action.c(49): Error: rc Fail	[MsgId: MERR-17999]
Action.c(50): Error: Fail Receive All Data:: {Rec_Data}	[MsgId: MERR-17999]
Warning: Iteration pacing cannot be reached (pace time = 3.00, actual time = 10.02).	[MsgId: MWAR-15995]
Action.c(49): Error: rc Fail	[MsgId: MERR-17999]
Action.c(50): Error: Fail Receive All Data:: {Rec_Data}	[MsgId: MERR-17999]
Warning: Iteration pacing cannot be reached (pace time = 3.00, actual time = 10.02).	[MsgId: MWAR-15995]
Action.c(49): Error: rc Fail	[MsgId: MERR-17999]
Action.c(50): Error: Fail Receive All Data:: {Rec_Data}	[MsgId: MERR-17999]
Warning: Iteration pacing cannot be reached (pace time = 3.00, actual time = 10.02).	[MsgId: MWAR-15995]
Action.c(49): Error: rc Fail	[MsgId: MERR-17999]
Action.c(50): Error: Fail Receive All Data:: {Rec_Data}	[MsgId: MERR-17999]
Warning: Iteration pacing cannot be reached (pace time = 3.00, actual time = 10.01).	[MsgId: MWAR-15995]
Action.c(49): Error: rc Fail	[MsgId: MERR-17999]
Action.c(50): Error: Fail Receive All Data:: {Rec_Data}	[MsgId: MERR-17999]
Warning: Iteration pacing cannot be reached (pace time = 3.00, actual time = 10.02).	[MsgId: MWAR-15995]
Action.c(49): Error: rc Fail	[MsgId: MERR-17999]
Action.c(50): Error: Fail Receive All Data:: {Rec_Data}	[MsgId: MERR-17999]
Warning: Iteration pacing cannot be reached (pace time = 3.00, actual time = 10.02).	[MsgId: MWAR-15995]
Action.c(49): Error: rc Fail	[MsgId: MERR-17999]
Action.c(50): Error: Fail Receive All Data:: {Rec_Data}	[MsgId: MERR-17999]
Warning: Iteration pacing cannot be reached (pace time = 3.00, actual time = 10.02).	[MsgId: MWAR-15995]
Action.c(49): Error: rc Fail	[MsgId: MERR-17999]
Action.c(50): Error: Fail Receive All Data:: {Rec_Data}	[MsgId: MERR-17999]
Warning: Iteration pacing cannot be reached (pace time = 3.00, actual time = 10.02).	[MsgId: MWAR-15995]
Action.c(49): Error: rc Fail	[MsgId: MERR-17999]
Action.c(50): Error: Fail Receive All Data:: {Rec_Data}	[MsgId: MERR-17999]
Warning: Iteration pacing cannot be reached (pace time = 3.00, actual time = 10.02).	[MsgId: MWAR-15995]
Action.c(49): Error: rc Fail	[MsgId: MERR-17999]
Action.c(50): Error: Fail Receive All Data:: {Rec_Data}	[MsgId: MERR-17999]
Warning: Iteration pacing cannot be reached (pace time = 3.00, actual time = 10.02).	[MsgId: MWAR-15995]
Action.c(49): Error: rc Fail	[MsgId: MERR-17999]
Action.c(50): Error: Fail Receive All Data:: {Rec_Data}	[MsgId: MERR-17999]
Warning: Iteration pacing cannot be reached (pace time = 3.00, actual time = 10.02).	[MsgId: MWAR-15995]
Action.c(49): Error: rc Fail	[MsgId: MERR-17999]
Action.c(50): Error: Fail Receive All Data:: {Rec_Data}	[MsgId: MERR-17999]
Warning: Iteration pacing cannot be reached (pace time = 3.00, actual time = 10.02).	[MsgId: MWAR-15995]
Action.c(49): Error: rc Fail	[MsgId: MERR-17999]
Action.c(50): Error: Fail Receive All Data:: {Rec_Data}	[MsgId: MERR-17999]
Warning: Iteration pacing cannot be reached (pace time = 3.00, actual time = 10.02).	[MsgId: MWAR-15995]
Action.c(49): Error: rc Fail	[MsgId: MERR-17999]
Action.c(50): Error: Fail Receive All Data:: {Rec_Data}	[MsgId: MERR-17999]
Warning: Iteration pacing cannot be reached (pace time = 3.00, actual time = 10.02).	[MsgId: MWAR-15995]
Action.c(49): Error: rc Fail	[MsgId: MERR-17999]
Action.c(50): Error: Fail Receive All Data:: {Rec_Data}	[MsgId: MERR-17999]
Warning: Iteration pacing cannot be reached (pace time = 3.00, actual time = 10.02).	[MsgId: MWAR-15995]
Action.c(49): Error: rc Fail	[MsgId: MERR-17999]
Action.c(50): Error: Fail Receive All Data:: {Rec_Data}	[MsgId: MERR-17999]
Warning: Iteration pacing cannot be reached (pace time = 3.00, actual time = 10.02).	[MsgId: MWAR-15995]
Action.c(49): Error: rc Fail	[MsgId: MERR-17999]
Action.c(50): Error: Fail Receive All Data:: {Rec_Data}	[MsgId: MERR-17999]
Warning: Iteration pacing cannot be reached (pace time = 3.00, actual time = 10.02).	[MsgId: MWAR-15995]
Action.c(49): Error: rc Fail	[MsgId: MERR-17999]
Action.c(50): Error: Fail Receive All Data:: {Rec_Data}	[MsgId: MERR-17999]
Warning: Iteration pacing cannot be reached (pace time = 3.00, actual time = 10.02).	[MsgId: MWAR-15995]
Action.c(49): Error: rc Fail	[MsgId: MERR-17999]
Action.c(50): Error: Fail Receive All Data:: {Rec_Data}	[MsgId: MERR-17999]
Warning: Iteration pacing cannot be reached (pace time = 3.00, actual time = 10.02).	[MsgId: MWAR-15995]
Action.c(49): Error: rc Fail	[MsgId: MERR-17999]
Action.c(50): Error: Fail Receive All Data:: {Rec_Data}	[MsgId: MERR-17999]
Warning: Iteration pacing cannot be reached (pace time = 3.00, actual time = 10.02).	[MsgId: MWAR-15995]
Action.c(49): Error: rc Fail	[MsgId: MERR-17999]
Action.c(50): Error: Fail Receive All Data:: {Rec_Data}	[MsgId: MERR-17999]
Warning: Iteration pacing cannot be reached (pace time = 3.00, actual time = 10.02).	[MsgId: MWAR-15995]
Action.c(49): Error: rc Fail	[MsgId: MERR-17999]
Action.c(50): Error: Fail Receive All Data:: {Rec_Data}	[MsgId: MERR-17999]
Warning: Iteration pacing cannot be reached (pace time = 3.00, actual time = 10.02).	[MsgId: MWAR-15995]
Action.c(49): Error: rc Fail	[MsgId: MERR-17999]
Action.c(50): Error: Fail Receive All Data:: 012345678901234567890123456789012345678901234567	[MsgId: MERR-17999]
Warning: Iteration pacing cannot be reached (pace time = 3.00, actual time = 10.01).	[MsgId: MWAR-15995]
Action.c(49): Error: rc Fail	[MsgId: MERR-17999]
Action.c(50): Error: Fail Receive All Data:: 012345678901234567890123456789012345678901234567	[MsgId: MERR-17999]
Warning: Iteration pacing cannot be reached (pace time = 3.00, actual time = 10.00).	[MsgId: MWAR-15995]
Action.c(22): Error : socket1 - Connection refused. Error code : 10061.	[MsgId: MERR10061]
Action.c(49): Error: rc Fail	[MsgId: MERR-17999]
Action.c(50): Error: Fail Receive All Data:: 012345678901234567890123456789012345678901234567	[MsgId: MERR-17999]
Warning: Iteration pacing cannot be reached (pace time = 3.00, actual time = 9.37).	[MsgId: MWAR-15995]
Warning: Iteration pacing cannot be reached (pace time = 3.00, actual time = 8.50).	[MsgId: MWAR-15995]
Action.c(49): Error: rc Fail	[MsgId: MERR-17999]
Action.c(50): Error: Fail Receive All Data:: 012345678901234567890123456789012345678901234567	[MsgId: MERR-17999]
Warning: Iteration pacing cannot be reached (pace time = 3.00, actual time = 10.02).	[MsgId: MWAR-15995]
Action.c(49): Error: rc Fail	[MsgId: MERR-17999]
Action.c(50): Error: Fail Receive All Data:: 012345678901234567890123456789012345678901234567	[MsgId: MERR-17999]
Warning: Iteration pacing cannot be reached (pace time = 3.00, actual time = 10.01).	[MsgId: MWAR-15995]
Action.c(49): Error: rc Fail	[MsgId: MERR-17999]
Action.c(50): Error: Fail Receive All Data:: 012345678901234567890123456789012345678901234567	[MsgId: MERR-17999]
Warning: Iteration pacing cannot be reached (pace time = 3.00, actual time = 10.01).	[MsgId: MWAR-15995]
Action.c(49): Error: rc Fail	[MsgId: MERR-17999]
Action.c(50): Error: Fail Receive All Data:: 012345678901234567890123456789012345678901234567	[MsgId: MERR-17999]
Warning: Iteration pacing cannot be reached (pace time = 3.00, actual time = 10.01).	[MsgId: MWAR-15995]
Action.c(49): Error: rc Fail	[MsgId: MERR-17999]
Action.c(50): Error: Fail Receive All Data:: 012345678901234567890123456789012345678901234567	[MsgId: MERR-17999]
Warning: Iteration pacing cannot be reached (pace time = 3.00, actual time = 10.01).	[MsgId: MWAR-15995]
Action.c(22): Error : socket1 - Connection refused. Error code : 10061.	[MsgId: MERR10061]
Action.c(49): Error: rc Fail	[MsgId: MERR-17999]
Action.c(50): Error: Fail Receive All Data:: 012345678901234567890123456789012345678901234567	[MsgId: MERR-17999]
Action.c(49): Error: rc Fail	[MsgId: MERR-17999]
Action.c(50): Error: Fail Receive All Data:: 012345678901234567890123456789012345678901234567	[MsgId: MERR-17999]
Warning: Iteration pacing cannot be reached (pace time = 3.00, actual time = 10.00).	[MsgId: MWAR-15995]
Action.c(22): Error : socket1 - Connection refused. Error code : 10061.	[MsgId: MERR10061]
Action.c(49): Error: rc Fail	[MsgId: MERR-17999]
Action.c(50): Error: Fail Receive All Data:: 012345678901234567890123456789012345678901234567	[MsgId: MERR-17999]
Action.c(49): Error: rc Fail	[MsgId: MERR-17999]
Action.c(50): Error: Fail Receive All Data:: 012345678901234567890123456789012345678901234567	[MsgId: MERR-17999]
Warning: Iteration pacing cannot be reached (pace time = 3.00, actual time = 10.01).	[MsgId: MWAR-15995]
Action.c(49): Error: rc Fail	[MsgId: MERR-17999]
Action.c(50): Error: Fail Receive All Data:: 012345678901234567890123456789012345678901234567	[MsgId: MERR-17999]
Warning: Iteration pacing cannot be reached (pace time = 3.00, actual time = 10.01).	[MsgId: MWAR-15995]
Action.c(49): Error: rc Fail	[MsgId: MERR-17999]
Action.c(50): Error: Fail Receive All Data:: 012345678901234567890123456789012345678901234567	[MsgId: MERR-17999]
Warning: Iteration pacing cannot be reached (pace time = 3.00, actual time = 10.01).	[MsgId: MWAR-15995]
Action.c(22): Error : socket1 - Connection refused. Error code : 10061.	[MsgId: MERR10061]
Action.c(49): Error: rc Fail	[MsgId: MERR-17999]
Action.c(50): Error: Fail Receive All Data:: 012345678901234567890123456789012345678901234567	[MsgId: MERR-17999]
Action.c(49): Error: rc Fail	[MsgId: MERR-17999]
Action.c(50): Error: Fail Receive All Data:: 012345678901234567890123456789012345678901234567	[MsgId: MERR-17999]
Warning: Iteration pacing cannot be reached (pace time = 3.00, actual time = 10.01).	[MsgId: MWAR-15995]
Action.c(49): Error: rc Fail	[MsgId: MERR-17999]
Action.c(50): Error: Fail Receive All Data:: 012345678901234567890123456789012345678901234567	[MsgId: MERR-17999]
Warning: Iteration pacing cannot be reached (pace time = 3.00, actual time = 10.01).	[MsgId: MWAR-15995]
Action.c(49): Error: rc Fail	[MsgId: MERR-17999]
Action.c(50): Error: Fail Receive All Data:: {Rec_Data}	[MsgId: MERR-17999]
Warning: Iteration pacing cannot be reached (pace time = 3.00, actual time = 10.02).	[MsgId: MWAR-15995]
Action.c(49): Error: rc Fail	[MsgId: MERR-17999]
Action.c(50): Error: Fail Receive All Data:: {Rec_Data}	[MsgId: MERR-17999]
Warning: Iteration pacing cannot be reached (pace time = 3.00, actual time = 10.02).	[MsgId: MWAR-15995]
Action.c(49): Error: rc Fail	[MsgId: MERR-17999]
Action.c(50): Error: Fail Receive All Data:: {Rec_Data}	[MsgId: MERR-17999]
Warning: Iteration pacing cannot be reached (pace time = 3.00, actual time = 10.02).	[MsgId: MWAR-15995]
Action.c(22): Error : socket1 - Connection refused. Error code : 10061.	[MsgId: MERR10061]
Action.c(49): Error: rc Fail	[MsgId: MERR-17999]
Action.c(50): Error: Fail Receive All Data:: 012345678901234567890123456789012345678901234567	[MsgId: MERR-17999]
Action.c(49): Error: rc Fail	[MsgId: MERR-17999]
Action.c(50): Error: Fail Receive All Data:: {Rec_Data}	[MsgId: MERR-17999]
Warning: Iteration pacing cannot be reached (pace time = 3.00, actual time = 10.02).	[MsgId: MWAR-15995]
Action.c(49): Error: rc Fail	[MsgId: MERR-17999]
Action.c(50): Error: Fail Receive All Data:: {Rec_Data}	[MsgId: MERR-17999]
Warning: Iteration pacing cannot be reached (pace time = 3.00, actual time = 10.02).	[MsgId: MWAR-15995]
Action.c(49): Error: rc Fail	[MsgId: MERR-17999]
Action.c(50): Error: Fail Receive All Data:: {Rec_Data}	[MsgId: MERR-17999]
Warning: Iteration pacing cannot be reached (pace time = 3.00, actual time = 10.02).	[MsgId: MWAR-15995]
Action.c(49): Error: rc Fail	[MsgId: MERR-17999]
Action.c(50): Error: Fail Receive All Data:: {Rec_Data}	[MsgId: MERR-17999]
Warning: Iteration pacing cannot be reached (pace time = 3.00, actual time = 10.02).	[MsgId: MWAR-15995]
Action.c(22): Error : socket1 - Connection refused. Error code : 10061.	[MsgId: MERR10061]
Action.c(49): Error: rc Fail	[MsgId: MERR-17999]
Action.c(50): Error: Fail Receive All Data:: 012345678901234567890123456789012345678901234567	[MsgId: MERR-17999]
Action.c(49): Error: rc Fail	[MsgId: MERR-17999]
Action.c(50): Error: Fail Receive All Data:: {Rec_Data}	[MsgId: MERR-17999]
Warning: Iteration pacing cannot be reached (pace time = 3.00, actual time = 10.02).	[MsgId: MWAR-15995]
Action.c(49): Error: rc Fail	[MsgId: MERR-17999]
Action.c(50): Error: Fail Receive All Data:: {Rec_Data}	[MsgId: MERR-17999]
Warning: Iteration pacing cannot be reached (pace time = 3.00, actual time = 10.02).	[MsgId: MWAR-15995]
Action.c(49): Error: rc Fail	[MsgId: MERR-17999]
Action.c(50): Error: Fail Receive All Data:: {Rec_Data}	[MsgId: MERR-17999]
Warning: Iteration pacing cannot be reached (pace time = 3.00, actual time = 10.02).	[MsgId: MWAR-15995]
Action.c(49): Error: rc Fail	[MsgId: MERR-17999]
Action.c(50): Error: Fail Receive All Data:: {Rec_Data}	[MsgId: MERR-17999]
Warning: Iteration pacing cannot be reached (pace time = 3.00, actual time = 10.02).	[MsgId: MWAR-15995]
Action.c(49): Error: rc Fail	[MsgId: MERR-17999]
Action.c(50): Error: Fail Receive All Data:: 012345678901234567890123456789012345678901234567	[MsgId: MERR-17999]
Warning: Iteration pacing cannot be reached (pace time = 3.00, actual time = 10.01).	[MsgId: MWAR-15995]
Action.c(49): Error: rc Fail	[MsgId: MERR-17999]
Action.c(50): Error: Fail Receive All Data:: {Rec_Data}	[MsgId: MERR-17999]
Warning: Iteration pacing cannot be reached (pace time = 3.00, actual time = 10.02).	[MsgId: MWAR-15995]
Action.c(49): Error: rc Fail	[MsgId: MERR-17999]
Action.c(50): Error: Fail Receive All Data:: {Rec_Data}	[MsgId: MERR-17999]
Warning: Iteration pacing cannot be reached (pace time = 3.00, actual time = 10.02).	[MsgId: MWAR-15995]
Action.c(49): Error: rc Fail	[MsgId: MERR-17999]
Action.c(50): Error: Fail Receive All Data:: {Rec_Data}	[MsgId: MERR-17999]
Warning: Iteration pacing cannot be reached (pace time = 3.00, actual time = 10.02).	[MsgId: MWAR-15995]
Action.c(49): Error: rc Fail	[MsgId: MERR-17999]
Action.c(50): Error: Fail Receive All Data:: {Rec_Data}	[MsgId: MERR-17999]
Warning: Iteration pacing cannot be reached (pace time = 3.00, actual time = 10.02).	[MsgId: MWAR-15995]
Action.c(49): Error: rc Fail	[MsgId: MERR-17999]
Action.c(50): Error: Fail Receive All Data:: {Rec_Data}	[MsgId: MERR-17999]
Warning: Iteration pacing cannot be reached (pace time = 3.00, actual time = 10.02).	[MsgId: MWAR-15995]
Action.c(49): Error: rc Fail	[MsgId: MERR-17999]
Action.c(50): Error: Fail Receive All Data:: {Rec_Data}	[MsgId: MERR-17999]
Warning: Iteration pacing cannot be reached (pace time = 3.00, actual time = 10.02).	[MsgId: MWAR-15995]
Action.c(49): Error: rc Fail	[MsgId: MERR-17999]
Action.c(50): Error: Fail Receive All Data:: {Rec_Data}	[MsgId: MERR-17999]
Warning: Iteration pacing cannot be reached (pace time = 3.00, actual time = 10.02).	[MsgId: MWAR-15995]
Action.c(49): Error: rc Fail	[MsgId: MERR-17999]
Action.c(50): Error: Fail Receive All Data:: {Rec_Data}	[MsgId: MERR-17999]
Warning: Iteration pacing cannot be reached (pace time = 3.00, actual time = 10.01).	[MsgId: MWAR-15995]
Action.c(49): Error: rc Fail	[MsgId: MERR-17999]
Action.c(50): Error: Fail Receive All Data:: {Rec_Data}	[MsgId: MERR-17999]
Warning: Iteration pacing cannot be reached (pace time = 3.00, actual time = 10.02).	[MsgId: MWAR-15995]
Action.c(49): Error: rc Fail	[MsgId: MERR-17999]
Action.c(50): Error: Fail Receive All Data:: {Rec_Data}	[MsgId: MERR-17999]
Warning: Iteration pacing cannot be reached (pace time = 3.00, actual time = 10.02).	[MsgId: MWAR-15995]
Action.c(49): Error: rc Fail	[MsgId: MERR-17999]
Action.c(50): Error: Fail Receive All Data:: {Rec_Data}	[MsgId: MERR-17999]
Warning: Iteration pacing cannot be reached (pace time = 3.00, actual time = 10.02).	[MsgId: MWAR-15995]
Action.c(49): Error: rc Fail	[MsgId: MERR-17999]
Action.c(50): Error: Fail Receive All Data:: {Rec_Data}	[MsgId: MERR-17999]
Warning: Iteration pacing cannot be reached (pace time = 3.00, actual time = 10.02).	[MsgId: MWAR-15995]
Action.c(49): Error: rc Fail	[MsgId: MERR-17999]
Action.c(50): Error: Fail Receive All Data:: {Rec_Data}	[MsgId: MERR-17999]
Warning: Iteration pacing cannot be reached (pace time = 3.00, actual time = 10.02).	[MsgId: MWAR-15995]
Action.c(49): Error: rc Fail	[MsgId: MERR-17999]
Action.c(50): Error: Fail Receive All Data:: {Rec_Data}	[MsgId: MERR-17999]
Warning: Iteration pacing cannot be reached (pace time = 3.00, actual time = 10.01).	[MsgId: MWAR-15995]
Action.c(49): Error: rc Fail	[MsgId: MERR-17999]
Action.c(50): Error: Fail Receive All Data:: {Rec_Data}	[MsgId: MERR-17999]
Warning: Iteration pacing cannot be reached (pace time = 3.00, actual time = 10.02).	[MsgId: MWAR-15995]
Action.c(49): Error: rc Fail	[MsgId: MERR-17999]
Action.c(50): Error: Fail Receive All Data:: {Rec_Data}	[MsgId: MERR-17999]
Warning: Iteration pacing cannot be reached (pace time = 3.00, actual time = 10.02).	[MsgId: MWAR-15995]
Action.c(22): Error : socket1 - Connection refused. Error code : 10061.	[MsgId: MERR10061]
Action.c(49): Error: rc Fail	[MsgId: MERR-17999]
Action.c(50): Error: Fail Receive All Data:: {Rec_Data}	[MsgId: MERR-17999]
Action.c(49): Error: rc Fail	[MsgId: MERR-17999]
Action.c(50): Error: Fail Receive All Data:: {Rec_Data}	[MsgId: MERR-17999]
Warning: Iteration pacing cannot be reached (pace time = 3.00, actual time = 10.02).	[MsgId: MWAR-15995]
Action.c(22): Error : socket1 - Connection refused. Error code : 10061.	[MsgId: MERR10061]
Action.c(49): Error: rc Fail	[MsgId: MERR-17999]
Action.c(50): Error: Fail Receive All Data:: 012345678901234567890123456789012345678901234567	[MsgId: MERR-17999]
Action.c(49): Error: rc Fail	[MsgId: MERR-17999]
Action.c(50): Error: Fail Receive All Data:: {Rec_Data}	[MsgId: MERR-17999]
Warning: Iteration pacing cannot be reached (pace time = 3.00, actual time = 10.01).	[MsgId: MWAR-15995]
Action.c(49): Error: rc Fail	[MsgId: MERR-17999]
Action.c(50): Error: Fail Receive All Data:: {Rec_Data}	[MsgId: MERR-17999]
Warning: Iteration pacing cannot be reached (pace time = 3.00, actual time = 10.02).	[MsgId: MWAR-15995]
Action.c(49): Error: rc Fail	[MsgId: MERR-17999]
Action.c(50): Error: Fail Receive All Data:: {Rec_Data}	[MsgId: MERR-17999]
Warning: Iteration pacing cannot be reached (pace time = 3.00, actual time = 10.02).	[MsgId: MWAR-15995]
Action.c(49): Error: rc Fail	[MsgId: MERR-17999]
Action.c(50): Error: Fail Receive All Data:: {Rec_Data}	[MsgId: MERR-17999]
Warning: Iteration pacing cannot be reached (pace time = 3.00, actual time = 10.02).	[MsgId: MWAR-15995]
Action.c(22): Error : socket1 - Connection refused. Error code : 10061.	[MsgId: MERR10061]
Action.c(49): Error: rc Fail	[MsgId: MERR-17999]
Action.c(50): Error: Fail Receive All Data:: {Rec_Data}	[MsgId: MERR-17999]
Action.c(49): Error: rc Fail	[MsgId: MERR-17999]
Action.c(50): Error: Fail Receive All Data:: {Rec_Data}	[MsgId: MERR-17999]
Warning: Iteration pacing cannot be reached (pace time = 3.00, actual time = 10.02).	[MsgId: MWAR-15995]
Action.c(22): Error : socket1 - Connection refused. Error code : 10061.	[MsgId: MERR10061]
Action.c(49): Error: rc Fail	[MsgId: MERR-17999]
Action.c(50): Error: Fail Receive All Data:: {Rec_Data}	[MsgId: MERR-17999]
Action.c(49): Error: rc Fail	[MsgId: MERR-17999]
Action.c(50): Error: Fail Receive All Data:: {Rec_Data}	[MsgId: MERR-17999]
Warning: Iteration pacing cannot be reached (pace time = 3.00, actual time = 10.02).	[MsgId: MWAR-15995]
Action.c(22): Error : socket1 - Connection refused. Error code : 10061.	[MsgId: MERR10061]
Action.c(49): Error: rc Fail	[MsgId: MERR-17999]
Action.c(50): Error: Fail Receive All Data:: {Rec_Data}	[MsgId: MERR-17999]
Action.c(22): Error : socket1 - Connection refused. Error code : 10061.	[MsgId: MERR10061]
Action.c(49): Error: rc Fail	[MsgId: MERR-17999]
Action.c(50): Error: Fail Receive All Data:: 012345678901234567890123456789012345678901234567	[MsgId: MERR-17999]
Action.c(22): Error : socket1 - Connection refused. Error code : 10061.	[MsgId: MERR10061]
Action.c(49): Error: rc Fail	[MsgId: MERR-17999]
Action.c(50): Error: Fail Receive All Data:: {Rec_Data}	[MsgId: MERR-17999]
Action.c(49): Error: rc Fail	[MsgId: MERR-17999]
Action.c(50): Error: Fail Receive All Data:: 012345678901234567890123456789012345678901234567	[MsgId: MERR-17999]
Warning: Iteration pacing cannot be reached (pace time = 3.00, actual time = 10.02).	[MsgId: MWAR-15995]
Action.c(22): Error : socket1 - Connection refused. Error code : 10061.	[MsgId: MERR10061]
Action.c(49): Error: rc Fail	[MsgId: MERR-17999]
Action.c(50): Error: Fail Receive All Data:: {Rec_Data}	[MsgId: MERR-17999]
Action.c(22): Error : socket1 - Connection refused. Error code : 10061.	[MsgId: MERR10061]
Action.c(49): Error: rc Fail	[MsgId: MERR-17999]
Action.c(50): Error: Fail Receive All Data:: {Rec_Data}	[MsgId: MERR-17999]
Warning: Iteration pacing cannot be reached (pace time = 3.00, actual time = 3.14).	[MsgId: MWAR-15995]
Action.c(22): Error : socket1 - Connection refused. Error code : 10061.	[MsgId: MERR10061]
Action.c(49): Error: rc Fail	[MsgId: MERR-17999]
Action.c(50): Error: Fail Receive All Data:: {Rec_Data}	[MsgId: MERR-17999]
Warning: Iteration pacing cannot be reached (pace time = 3.00, actual time = 3.08).	[MsgId: MWAR-15995]
Action.c(22): Error : socket1 - Connection refused. Error code : 10061.	[MsgId: MERR10061]
Action.c(49): Error: rc Fail	[MsgId: MERR-17999]
Action.c(50): Error: Fail Receive All Data:: 012345678901234567890123456789012345678901234567	[MsgId: MERR-17999]
Warning: Iteration pacing cannot be reached (pace time = 3.00, actual time = 3.19).	[MsgId: MWAR-15995]
Action.c(22): Error : socket1 - Connection refused. Error code : 10061.	[MsgId: MERR10061]
Action.c(49): Error: rc Fail	[MsgId: MERR-17999]
Action.c(50): Error: Fail Receive All Data:: {Rec_Data}	[MsgId: MERR-17999]
Warning: Iteration pacing cannot be reached (pace time = 3.00, actual time = 3.26).	[MsgId: MWAR-15995]
Action.c(22): Error : socket1 - Connection refused. Error code : 10061.	[MsgId: MERR10061]
Action.c(49): Error: rc Fail	[MsgId: MERR-17999]
Action.c(50): Error: Fail Receive All Data:: {Rec_Data}	[MsgId: MERR-17999]
Warning: Iteration pacing cannot be reached (pace time = 3.00, actual time = 3.33).	[MsgId: MWAR-15995]
Action.c(22): Error : socket1 - Connection refused. Error code : 10061.	[MsgId: MERR10061]
Action.c(49): Error: rc Fail	[MsgId: MERR-17999]
Action.c(50): Error: Fail Receive All Data:: {Rec_Data}	[MsgId: MERR-17999]
Warning: Iteration pacing cannot be reached (pace time = 3.00, actual time = 3.62).	[MsgId: MWAR-15995]
Action.c(22): Error : socket1 - Connection refused. Error code : 10061.	[MsgId: MERR10061]
Action.c(49): Error: rc Fail	[MsgId: MERR-17999]
Action.c(50): Error: Fail Receive All Data:: {Rec_Data}	[MsgId: MERR-17999]
Warning: Iteration pacing cannot be reached (pace time = 3.00, actual time = 3.54).	[MsgId: MWAR-15995]
Warning: Iteration pacing cannot be reached (pace time = 3.00, actual time = 7.03).	[MsgId: MWAR-15995]
Action.c(49): Error: rc Fail	[MsgId: MERR-17999]
Action.c(50): Error: Fail Receive All Data:: 012345678901234567890123456789012345678901234567	[MsgId: MERR-17999]
Warning: Iteration pacing cannot be reached (pace time = 3.00, actual time = 10.02).	[MsgId: MWAR-15995]
Action.c(49): Error: rc Fail	[MsgId: MERR-17999]
Action.c(50): Error: Fail Receive All Data:: 012345678901234567890123456789012345678901234567	[MsgId: MERR-17999]
Warning: Iteration pacing cannot be reached (pace time = 3.00, actual time = 10.01).	[MsgId: MWAR-15995]
Action.c(22): Error : socket1 - Connection refused. Error code : 10061.	[MsgId: MERR10061]
Action.c(49): Error: rc Fail	[MsgId: MERR-17999]
Action.c(50): Error: Fail Receive All Data:: {Rec_Data}	[MsgId: MERR-17999]
Warning: Iteration pacing cannot be reached (pace time = 3.00, actual time = 4.04).	[MsgId: MWAR-15995]
Action.c(49): Error: rc Fail	[MsgId: MERR-17999]
Action.c(50): Error: Fail Receive All Data:: 012345678901234567890123456789012345678901234567	[MsgId: MERR-17999]
Warning: Iteration pacing cannot be reached (pace time = 3.00, actual time = 10.02).	[MsgId: MWAR-15995]
Action.c(22): Error : socket1 - Connection refused. Error code : 10061.	[MsgId: MERR10061]
Action.c(49): Error: rc Fail	[MsgId: MERR-17999]
Action.c(50): Error: Fail Receive All Data:: {Rec_Data}	[MsgId: MERR-17999]
Warning: Iteration pacing cannot be reached (pace time = 3.00, actual time = 4.17).	[MsgId: MWAR-15995]
Action.c(22): Error : socket1 - Connection refused. Error code : 10061.	[MsgId: MERR10061]
Action.c(49): Error: rc Fail	[MsgId: MERR-17999]
Action.c(50): Error: Fail Receive All Data:: {Rec_Data}	[MsgId: MERR-17999]
Warning: Iteration pacing cannot be reached (pace time = 3.00, actual time = 4.09).	[MsgId: MWAR-15995]
Action.c(22): Error : socket1 - Connection refused. Error code : 10061.	[MsgId: MERR10061]
Action.c(49): Error: rc Fail	[MsgId: MERR-17999]
Action.c(50): Error: Fail Receive All Data:: {Rec_Data}	[MsgId: MERR-17999]
Warning: Iteration pacing cannot be reached (pace time = 3.00, actual time = 4.14).	[MsgId: MWAR-15995]
Action.c(49): Error: rc Fail	[MsgId: MERR-17999]
Action.c(50): Error: Fail Receive All Data:: 012345678901234567890123456789012345678901234567	[MsgId: MERR-17999]
Warning: Iteration pacing cannot be reached (pace time = 3.00, actual time = 10.02).	[MsgId: MWAR-15995]
Action.c(22): Error : socket1 - Connection refused. Error code : 10061.	[MsgId: MERR10061]
Action.c(49): Error: rc Fail	[MsgId: MERR-17999]
Action.c(50): Error: Fail Receive All Data:: 012345678901234567890123456789012345678901234567	[MsgId: MERR-17999]
Warning: Iteration pacing cannot be reached (pace time = 3.00, actual time = 4.76).	[MsgId: MWAR-15995]
Action.c(49): Error: rc Fail	[MsgId: MERR-17999]
Action.c(50): Error: Fail Receive All Data:: 012345678901234567890123456789012345678901234567	[MsgId: MERR-17999]
Warning: Iteration pacing cannot be reached (pace time = 3.00, actual time = 10.02).	[MsgId: MWAR-15995]
Action.c(49): Error: rc Fail	[MsgId: MERR-17999]
Action.c(50): Error: Fail Receive All Data:: 012345678901234567890123456789012345678901234567	[MsgId: MERR-17999]
Warning: Iteration pacing cannot be reached (pace time = 3.00, actual time = 10.02).	[MsgId: MWAR-15995]
Action.c(49): Error: rc Fail	[MsgId: MERR-17999]
Action.c(50): Error: Fail Receive All Data:: 012345678901234567890123456789012345678901234567	[MsgId: MERR-17999]
Action.c(22): Error : socket1 - Connection refused. Error code : 10061.	[MsgId: MERR10061]
Action.c(49): Error: rc Fail	[MsgId: MERR-17999]
Action.c(50): Error: Fail Receive All Data:: {Rec_Data}	[MsgId: MERR-17999]
Action.c(22): Error : socket1 - Connection refused. Error code : 10061.	[MsgId: MERR10061]
Action.c(49): Error: rc Fail	[MsgId: MERR-17999]
Action.c(50): Error: Fail Receive All Data:: {Rec_Data}	[MsgId: MERR-17999]
Action.c(22): Error : socket1 - Connection refused. Error code : 10061.	[MsgId: MERR10061]
Action.c(49): Error: rc Fail	[MsgId: MERR-17999]
Action.c(50): Error: Fail Receive All Data:: {Rec_Data}	[MsgId: MERR-17999]
Action.c(22): Error : socket1 - Connection refused. Error code : 10061.	[MsgId: MERR10061]
Action.c(49): Error: rc Fail	[MsgId: MERR-17999]
Action.c(50): Error: Fail Receive All Data:: {Rec_Data}	[MsgId: MERR-17999]
Action.c(22): Error : socket1 - Connection refused. Error code : 10061.	[MsgId: MERR10061]
Action.c(49): Error: rc Fail	[MsgId: MERR-17999]
Action.c(50): Error: Fail Receive All Data:: {Rec_Data}	[MsgId: MERR-17999]
Action.c(22): Error : socket1 - Connection refused. Error code : 10061.	[MsgId: MERR10061]
Action.c(49): Error: rc Fail	[MsgId: MERR-17999]
Action.c(50): Error: Fail Receive All Data:: {Rec_Data}	[MsgId: MERR-17999]
Action.c(22): Error : socket1 - Connection refused. Error code : 10061.	[MsgId: MERR10061]
Action.c(49): Error: rc Fail	[MsgId: MERR-17999]
Action.c(50): Error: Fail Receive All Data:: {Rec_Data}	[MsgId: MERR-17999]
Action.c(22): Error : socket1 - Connection refused. Error code : 10061.	[MsgId: MERR10061]
Action.c(49): Error: rc Fail	[MsgId: MERR-17999]
Action.c(50): Error: Fail Receive All Data:: {Rec_Data}	[MsgId: MERR-17999]
Action.c(22): Error : socket1 - Connection refused. Error code : 10061.	[MsgId: MERR10061]
Action.c(49): Error: rc Fail	[MsgId: MERR-17999]
Action.c(50): Error: Fail Receive All Data:: {Rec_Data}	[MsgId: MERR-17999]
Action.c(22): Error : socket1 - Connection refused. Error code : 10061.	[MsgId: MERR10061]
Action.c(49): Error: rc Fail	[MsgId: MERR-17999]
Action.c(50): Error: Fail Receive All Data:: {Rec_Data}	[MsgId: MERR-17999]
Action.c(22): Error : socket1 - Connection refused. Error code : 10061.	[MsgId: MERR10061]
Action.c(49): Error: rc Fail	[MsgId: MERR-17999]
Action.c(50): Error: Fail Receive All Data:: {Rec_Data}	[MsgId: MERR-17999]
Action.c(22): Error : socket1 - Connection refused. Error code : 10061.	[MsgId: MERR10061]
Action.c(49): Error: rc Fail	[MsgId: MERR-17999]
Action.c(50): Error: Fail Receive All Data:: 012345678901234567890123456789012345678901234567	[MsgId: MERR-17999]
Action.c(22): Error : socket1 - Connection refused. Error code : 10061.	[MsgId: MERR10061]
Action.c(49): Error: rc Fail	[MsgId: MERR-17999]
Action.c(50): Error: Fail Receive All Data:: 012345678901234567890123456789012345678901234567	[MsgId: MERR-17999]
Action.c(22): Error : socket1 - Connection refused. Error code : 10061.	[MsgId: MERR10061]
Action.c(49): Error: rc Fail	[MsgId: MERR-17999]
Action.c(50): Error: Fail Receive All Data:: {Rec_Data}	[MsgId: MERR-17999]
Action.c(22): Error : socket1 - Connection refused. Error code : 10061.	[MsgId: MERR10061]
Action.c(49): Error: rc Fail	[MsgId: MERR-17999]
Action.c(50): Error: Fail Receive All Data:: {Rec_Data}	[MsgId: MERR-17999]
Action.c(22): Error : socket1 - Connection refused. Error code : 10061.	[MsgId: MERR10061]
Action.c(49): Error: rc Fail	[MsgId: MERR-17999]
Action.c(50): Error: Fail Receive All Data:: 012345678901234567890123456789012345678901234567	[MsgId: MERR-17999]
Action.c(49): Error: rc Fail	[MsgId: MERR-17999]
Action.c(50): Error: Fail Receive All Data:: 012345678901234567890123456789012345678901234567	[MsgId: MERR-17999]
Action.c(22): Error : socket1 - Connection refused. Error code : 10061.	[MsgId: MERR10061]
Action.c(49): Error: rc Fail	[MsgId: MERR-17999]
Action.c(50): Error: Fail Receive All Data:: {Rec_Data}	[MsgId: MERR-17999]
Action.c(48): Notify: Transaction "02_TCPTOTCP" will be skipped - could not calculate the transaction time (duration=9.9993, think_time=0.0000, wasted_time=10.0000).	[MsgId: MMSG-16889]
Action.c(49): Error: rc Fail	[MsgId: MERR-17999]
Action.c(50): Error: Fail Receive All Data:: {Rec_Data}	[MsgId: MERR-17999]
Action.c(48): Notify: Transaction "02_TCPTOTCP" will be skipped - could not calculate the transaction time (duration=9.9995, think_time=0.0000, wasted_time=10.0000).	[MsgId: MMSG-16889]
Action.c(49): Error: rc Fail	[MsgId: MERR-17999]
Action.c(50): Error: Fail Receive All Data:: {Rec_Data}	[MsgId: MERR-17999]
Action.c(48): Notify: Transaction "02_TCPTOTCP" will be skipped - could not calculate the transaction time (duration=9.9993, think_time=0.0000, wasted_time=10.0000).	[MsgId: MMSG-16889]
Action.c(49): Error: rc Fail	[MsgId: MERR-17999]
Action.c(50): Error: Fail Receive All Data:: {Rec_Data}	[MsgId: MERR-17999]
Action.c(22): Error : socket1 - Connection refused. Error code : 10061.	[MsgId: MERR10061]
Action.c(49): Error: rc Fail	[MsgId: MERR-17999]
Action.c(50): Error: Fail Receive All Data:: {Rec_Data}	[MsgId: MERR-17999]
Action.c(22): Error : socket1 - Connection refused. Error code : 10061.	[MsgId: MERR10061]
Action.c(49): Error: rc Fail	[MsgId: MERR-17999]
Action.c(50): Error: Fail Receive All Data:: {Rec_Data}	[MsgId: MERR-17999]
Action.c(22): Error : socket1 - Connection refused. Error code : 10061.	[MsgId: MERR10061]
Action.c(49): Error: rc Fail	[MsgId: MERR-17999]
Action.c(50): Error: Fail Receive All Data:: {Rec_Data}	[MsgId: MERR-17999]
Action.c(22): Error : socket1 - Connection refused. Error code : 10061.	[MsgId: MERR10061]
Action.c(49): Error: rc Fail	[MsgId: MERR-17999]
Action.c(50): Error: Fail Receive All Data:: 012345678901234567890123456789012345678901234567	[MsgId: MERR-17999]
Action.c(22): Error : socket1 - Connection refused. Error code : 10061.	[MsgId: MERR10061]
Action.c(49): Error: rc Fail	[MsgId: MERR-17999]
Action.c(50): Error: Fail Receive All Data:: 012345678901234567890123456789012345678901234567	[MsgId: MERR-17999]
Action.c(22): Error : socket1 - Connection refused. Error code : 10061.	[MsgId: MERR10061]
Action.c(49): Error: rc Fail	[MsgId: MERR-17999]
Action.c(50): Error: Fail Receive All Data:: 012345678901234567890123456789012345678901234567	[MsgId: MERR-17999]
Action.c(48): Notify: Transaction "02_TCPTOTCP" will be skipped - could not calculate the transaction time (duration=9.9992, think_time=0.0000, wasted_time=10.0000).	[MsgId: MMSG-16889]
Action.c(49): Error: rc Fail	[MsgId: MERR-17999]
Action.c(50): Error: Fail Receive All Data:: {Rec_Data}	[MsgId: MERR-17999]
Action.c(48): Notify: Transaction "02_TCPTOTCP" will be skipped - could not calculate the transaction time (duration=9.9997, think_time=0.0000, wasted_time=10.0000).	[MsgId: MMSG-16889]
Action.c(49): Error: rc Fail	[MsgId: MERR-17999]
Action.c(50): Error: Fail Receive All Data:: 012345678901234567890123456789012345678901234567	[MsgId: MERR-17999]
Action.c(48): Notify: Transaction "02_TCPTOTCP" will be skipped - could not calculate the transaction time (duration=9.9994, think_time=0.0000, wasted_time=10.0000).	[MsgId: MMSG-16889]
Action.c(49): Error: rc Fail	[MsgId: MERR-17999]
Action.c(50): Error: Fail Receive All Data:: {Rec_Data}	[MsgId: MERR-17999]
Action.c(22): Error : socket1 - Connection refused. Error code : 10061.	[MsgId: MERR10061]
Action.c(49): Error: rc Fail	[MsgId: MERR-17999]
Action.c(50): Error: Fail Receive All Data:: {Rec_Data}	[MsgId: MERR-17999]
Action.c(48): Notify: Transaction "02_TCPTOTCP" will be skipped - could not calculate the transaction time (duration=9.9993, think_time=0.0000, wasted_time=10.0000).	[MsgId: MMSG-16889]
Action.c(49): Error: rc Fail	[MsgId: MERR-17999]
Action.c(50): Error: Fail Receive All Data:: {Rec_Data}	[MsgId: MERR-17999]
Action.c(49): Error: rc Fail	[MsgId: MERR-17999]
Action.c(50): Error: Fail Receive All Data:: {Rec_Data}	[MsgId: MERR-17999]
Action.c(49): Error: rc Fail	[MsgId: MERR-17999]
Action.c(50): Error: Fail Receive All Data:: {Rec_Data}	[MsgId: MERR-17999]
Action.c(22): Error : socket1 - Connection refused. Error code : 10061.	[MsgId: MERR10061]
Action.c(49): Error: rc Fail	[MsgId: MERR-17999]
Action.c(50): Error: Fail Receive All Data:: 012345678901234567890123456789012345678901234567	[MsgId: MERR-17999]
Action.c(22): Error : socket1 - Connection refused. Error code : 10061.	[MsgId: MERR10061]
Action.c(49): Error: rc Fail	[MsgId: MERR-17999]
Action.c(50): Error: Fail Receive All Data:: 012345678901234567890123456789012345678901234567	[MsgId: MERR-17999]
Action.c(22): Error : socket1 - Connection refused. Error code : 10061.	[MsgId: MERR10061]
Action.c(49): Error: rc Fail	[MsgId: MERR-17999]
Action.c(50): Error: Fail Receive All Data:: {Rec_Data}	[MsgId: MERR-17999]
Action.c(48): Notify: Transaction "02_TCPTOTCP" will be skipped - could not calculate the transaction time (duration=9.9997, think_time=0.0000, wasted_time=10.0000).	[MsgId: MMSG-16889]
Action.c(49): Error: rc Fail	[MsgId: MERR-17999]
Action.c(50): Error: Fail Receive All Data:: 012345678901234567890123456789012345678901234567	[MsgId: MERR-17999]
Action.c(49): Error: rc Fail	[MsgId: MERR-17999]
Action.c(50): Error: Fail Receive All Data:: {Rec_Data}	[MsgId: MERR-17999]
