Action.c(49): Error: rc Fail	[MsgId: MERR-17999]
Action.c(50): Error: Fail Receive All Data:: {Rec_Data}	[MsgId: MERR-17999]
Warning: Iteration pacing cannot be reached (pace time = 3.00, actual time = 10.02).	[MsgId: MWAR-15995]
Action.c(49): Error: rc Fail	[MsgId: MERR-17999]
Action.c(50): Error: Fail Receive All Data:: {Rec_Data}	[MsgId: MERR-17999]
Warning: Iteration pacing cannot be reached (pace time = 3.00, actual time = 10.02).	[MsgId: MWAR-15995]
Action.c(49): Error: rc Fail	[MsgId: MERR-17999]
Action.c(50): Error: Fail Receive All Data:: {Rec_Data}	[MsgId: MERR-17999]
Warning: Iteration pacing cannot be reached (pace time = 3.00, actual time = 10.02).	[MsgId: MWAR-15995]
Action.c(49): Error: rc Fail	[MsgId: MERR-17999]
Action.c(50): Error: Fail Receive All Data:: {Rec_Data}	[MsgId: MERR-17999]
Warning: Iteration pacing cannot be reached (pace time = 3.00, actual time = 10.02).	[MsgId: MWAR-15995]
Action.c(49): Error: rc Fail	[MsgId: MERR-17999]
Action.c(50): Error: Fail Receive All Data:: {Rec_Data}	[MsgId: MERR-17999]
Warning: Iteration pacing cannot be reached (pace time = 3.00, actual time = 10.02).	[MsgId: MWAR-15995]
Action.c(49): Error: rc Fail	[MsgId: MERR-17999]
Action.c(50): Error: Fail Receive All Data:: {Rec_Data}	[MsgId: MERR-17999]
Warning: Iteration pacing cannot be reached (pace time = 3.00, actual time = 10.02).	[MsgId: MWAR-15995]
Action.c(49): Error: rc Fail	[MsgId: MERR-17999]
Action.c(50): Error: Fail Receive All Data:: {Rec_Data}	[MsgId: MERR-17999]
Warning: Iteration pacing cannot be reached (pace time = 3.00, actual time = 10.02).	[MsgId: MWAR-15995]
Action.c(49): Error: rc Fail	[MsgId: MERR-17999]
Action.c(50): Error: Fail Receive All Data:: {Rec_Data}	[MsgId: MERR-17999]
Warning: Iteration pacing cannot be reached (pace time = 3.00, actual time = 10.02).	[MsgId: MWAR-15995]
Action.c(49): Error: rc Fail	[MsgId: MERR-17999]
Action.c(50): Error: Fail Receive All Data:: {Rec_Data}	[MsgId: MERR-17999]
Warning: Iteration pacing cannot be reached (pace time = 3.00, actual time = 10.02).	[MsgId: MWAR-15995]
Action.c(49): Error: rc Fail	[MsgId: MERR-17999]
Action.c(50): Error: Fail Receive All Data:: {Rec_Data}	[MsgId: MERR-17999]
Warning: Iteration pacing cannot be reached (pace time = 3.00, actual time = 10.02).	[MsgId: MWAR-15995]
Action.c(49): Error: rc Fail	[MsgId: MERR-17999]
Action.c(50): Error: Fail Receive All Data:: {Rec_Data}	[MsgId: MERR-17999]
Warning: Iteration pacing cannot be reached (pace time = 3.00, actual time = 10.02).	[MsgId: MWAR-15995]
Action.c(49): Error: rc Fail	[MsgId: MERR-17999]
Action.c(50): Error: Fail Receive All Data:: {Rec_Data}	[MsgId: MERR-17999]
Warning: Iteration pacing cannot be reached (pace time = 3.00, actual time = 10.02).	[MsgId: MWAR-15995]
Action.c(49): Error: rc Fail	[MsgId: MERR-17999]
Action.c(50): Error: Fail Receive All Data:: {Rec_Data}	[MsgId: MERR-17999]
Warning: Iteration pacing cannot be reached (pace time = 3.00, actual time = 10.02).	[MsgId: MWAR-15995]
Action.c(49): Error: rc Fail	[MsgId: MERR-17999]
Action.c(50): Error: Fail Receive All Data:: {Rec_Data}	[MsgId: MERR-17999]
Warning: Iteration pacing cannot be reached (pace time = 3.00, actual time = 10.02).	[MsgId: MWAR-15995]
Action.c(49): Error: rc Fail	[MsgId: MERR-17999]
Action.c(50): Error: Fail Receive All Data:: {Rec_Data}	[MsgId: MERR-17999]
Warning: Iteration pacing cannot be reached (pace time = 3.00, actual time = 10.02).	[MsgId: MWAR-15995]
Action.c(49): Error: rc Fail	[MsgId: MERR-17999]
Action.c(50): Error: Fail Receive All Data:: {Rec_Data}	[MsgId: MERR-17999]
Warning: Iteration pacing cannot be reached (pace time = 3.00, actual time = 10.02).	[MsgId: MWAR-15995]
Action.c(49): Error: rc Fail	[MsgId: MERR-17999]
Action.c(50): Error: Fail Receive All Data:: {Rec_Data}	[MsgId: MERR-17999]
Warning: Iteration pacing cannot be reached (pace time = 3.00, actual time = 10.02).	[MsgId: MWAR-15995]
Action.c(49): Error: rc Fail	[MsgId: MERR-17999]
Action.c(50): Error: Fail Receive All Data:: {Rec_Data}	[MsgId: MERR-17999]
Warning: Iteration pacing cannot be reached (pace time = 3.00, actual time = 10.02).	[MsgId: MWAR-15995]
Action.c(49): Error: rc Fail	[MsgId: MERR-17999]
Action.c(50): Error: Fail Receive All Data:: {Rec_Data}	[MsgId: MERR-17999]
Warning: Iteration pacing cannot be reached (pace time = 3.00, actual time = 10.02).	[MsgId: MWAR-15995]
Action.c(49): Error: rc Fail	[MsgId: MERR-17999]
Action.c(50): Error: Fail Receive All Data:: {Rec_Data}	[MsgId: MERR-17999]
Warning: Iteration pacing cannot be reached (pace time = 3.00, actual time = 10.02).	[MsgId: MWAR-15995]
Action.c(22): Error : socket1 - Connection refused. Error code : 10061.	[MsgId: MERR10061]
Action.c(49): Error: rc Fail	[MsgId: MERR-17999]
Action.c(50): Error: Fail Receive All Data:: {Rec_Data}	[MsgId: MERR-17999]
Action.c(22): Error : socket1 - Connection refused. Error code : 10061.	[MsgId: MERR10061]
Action.c(49): Error: rc Fail	[MsgId: MERR-17999]
Action.c(50): Error: Fail Receive All Data:: {Rec_Data}	[MsgId: MERR-17999]
Action.c(49): Error: rc Fail	[MsgId: MERR-17999]
Action.c(50): Error: Fail Receive All Data:: {Rec_Data}	[MsgId: MERR-17999]
Warning: Iteration pacing cannot be reached (pace time = 3.00, actual time = 10.02).	[MsgId: MWAR-15995]
Action.c(22): Error : socket1 - Connection refused. Error code : 10061.	[MsgId: MERR10061]
Action.c(49): Error: rc Fail	[MsgId: MERR-17999]
Action.c(50): Error: Fail Receive All Data:: {Rec_Data}	[MsgId: MERR-17999]
Action.c(49): Error: rc Fail	[MsgId: MERR-17999]
Action.c(50): Error: Fail Receive All Data:: {Rec_Data}	[MsgId: MERR-17999]
Warning: Iteration pacing cannot be reached (pace time = 3.00, actual time = 10.02).	[MsgId: MWAR-15995]
Action.c(49): Error: rc Fail	[MsgId: MERR-17999]
Action.c(50): Error: Fail Receive All Data:: {Rec_Data}	[MsgId: MERR-17999]
Warning: Iteration pacing cannot be reached (pace time = 3.00, actual time = 10.02).	[MsgId: MWAR-15995]
Action.c(49): Error: rc Fail	[MsgId: MERR-17999]
Action.c(50): Error: Fail Receive All Data:: {Rec_Data}	[MsgId: MERR-17999]
Warning: Iteration pacing cannot be reached (pace time = 3.00, actual time = 10.02).	[MsgId: MWAR-15995]
Action.c(49): Error: rc Fail	[MsgId: MERR-17999]
Action.c(50): Error: Fail Receive All Data:: {Rec_Data}	[MsgId: MERR-17999]
Warning: Iteration pacing cannot be reached (pace time = 3.00, actual time = 10.02).	[MsgId: MWAR-15995]
Action.c(49): Error: rc Fail	[MsgId: MERR-17999]
Action.c(50): Error: Fail Receive All Data:: {Rec_Data}	[MsgId: MERR-17999]
Warning: Iteration pacing cannot be reached (pace time = 3.00, actual time = 10.02).	[MsgId: MWAR-15995]
Action.c(49): Error: rc Fail	[MsgId: MERR-17999]
Action.c(50): Error: Fail Receive All Data:: {Rec_Data}	[MsgId: MERR-17999]
Warning: Iteration pacing cannot be reached (pace time = 3.00, actual time = 10.02).	[MsgId: MWAR-15995]
Action.c(22): Error : socket1 - Connection refused. Error code : 10061.	[MsgId: MERR10061]
Action.c(49): Error: rc Fail	[MsgId: MERR-17999]
Action.c(50): Error: Fail Receive All Data:: {Rec_Data}	[MsgId: MERR-17999]
Action.c(22): Error : socket1 - Connection refused. Error code : 10061.	[MsgId: MERR10061]
Action.c(49): Error: rc Fail	[MsgId: MERR-17999]
Action.c(50): Error: Fail Receive All Data:: {Rec_Data}	[MsgId: MERR-17999]
Action.c(22): Error : socket1 - Connection refused. Error code : 10061.	[MsgId: MERR10061]
Action.c(49): Error: rc Fail	[MsgId: MERR-17999]
Action.c(50): Error: Fail Receive All Data:: {Rec_Data}	[MsgId: MERR-17999]
Action.c(22): Error : socket1 - Connection refused. Error code : 10061.	[MsgId: MERR10061]
Action.c(49): Error: rc Fail	[MsgId: MERR-17999]
Action.c(50): Error: Fail Receive All Data:: {Rec_Data}	[MsgId: MERR-17999]
Action.c(22): Error : socket1 - Connection refused. Error code : 10061.	[MsgId: MERR10061]
Action.c(49): Error: rc Fail	[MsgId: MERR-17999]
Action.c(50): Error: Fail Receive All Data:: {Rec_Data}	[MsgId: MERR-17999]
Action.c(22): Error : socket1 - Connection refused. Error code : 10061.	[MsgId: MERR10061]
Action.c(49): Error: rc Fail	[MsgId: MERR-17999]
Action.c(50): Error: Fail Receive All Data:: {Rec_Data}	[MsgId: MERR-17999]
Action.c(49): Error: rc Fail	[MsgId: MERR-17999]
Action.c(50): Error: Fail Receive All Data:: {Rec_Data}	[MsgId: MERR-17999]
Warning: Iteration pacing cannot be reached (pace time = 3.00, actual time = 10.02).	[MsgId: MWAR-15995]
Action.c(22): Error : socket1 - Connection refused. Error code : 10061.	[MsgId: MERR10061]
Action.c(49): Error: rc Fail	[MsgId: MERR-17999]
Action.c(50): Error: Fail Receive All Data:: {Rec_Data}	[MsgId: MERR-17999]
Action.c(49): Error: rc Fail	[MsgId: MERR-17999]
Action.c(50): Error: Fail Receive All Data:: {Rec_Data}	[MsgId: MERR-17999]
Warning: Iteration pacing cannot be reached (pace time = 3.00, actual time = 10.02).	[MsgId: MWAR-15995]
Action.c(49): Error: rc Fail	[MsgId: MERR-17999]
Action.c(50): Error: Fail Receive All Data:: {Rec_Data}	[MsgId: MERR-17999]
Warning: Iteration pacing cannot be reached (pace time = 3.00, actual time = 10.02).	[MsgId: MWAR-15995]
Action.c(49): Error: rc Fail	[MsgId: MERR-17999]
Action.c(50): Error: Fail Receive All Data:: {Rec_Data}	[MsgId: MERR-17999]
Warning: Iteration pacing cannot be reached (pace time = 3.00, actual time = 10.02).	[MsgId: MWAR-15995]
Action.c(49): Error: rc Fail	[MsgId: MERR-17999]
Action.c(50): Error: Fail Receive All Data:: {Rec_Data}	[MsgId: MERR-17999]
Warning: Iteration pacing cannot be reached (pace time = 3.00, actual time = 10.02).	[MsgId: MWAR-15995]
Action.c(49): Error: rc Fail	[MsgId: MERR-17999]
Action.c(50): Error: Fail Receive All Data:: {Rec_Data}	[MsgId: MERR-17999]
Warning: Iteration pacing cannot be reached (pace time = 3.00, actual time = 10.02).	[MsgId: MWAR-15995]
Action.c(49): Error: rc Fail	[MsgId: MERR-17999]
Action.c(50): Error: Fail Receive All Data:: {Rec_Data}	[MsgId: MERR-17999]
Warning: Iteration pacing cannot be reached (pace time = 3.00, actual time = 10.02).	[MsgId: MWAR-15995]
Action.c(49): Error: rc Fail	[MsgId: MERR-17999]
Action.c(50): Error: Fail Receive All Data:: {Rec_Data}	[MsgId: MERR-17999]
Warning: Iteration pacing cannot be reached (pace time = 3.00, actual time = 10.02).	[MsgId: MWAR-15995]
Action.c(49): Error: rc Fail	[MsgId: MERR-17999]
Action.c(50): Error: Fail Receive All Data:: {Rec_Data}	[MsgId: MERR-17999]
Warning: Iteration pacing cannot be reached (pace time = 3.00, actual time = 10.02).	[MsgId: MWAR-15995]
Action.c(49): Error: rc Fail	[MsgId: MERR-17999]
Action.c(50): Error: Fail Receive All Data:: {Rec_Data}	[MsgId: MERR-17999]
Warning: Iteration pacing cannot be reached (pace time = 3.00, actual time = 10.02).	[MsgId: MWAR-15995]
Action.c(49): Error: rc Fail	[MsgId: MERR-17999]
Action.c(50): Error: Fail Receive All Data:: {Rec_Data}	[MsgId: MERR-17999]
Warning: Iteration pacing cannot be reached (pace time = 3.00, actual time = 10.02).	[MsgId: MWAR-15995]
Action.c(49): Error: rc Fail	[MsgId: MERR-17999]
Action.c(50): Error: Fail Receive All Data:: {Rec_Data}	[MsgId: MERR-17999]
Warning: Iteration pacing cannot be reached (pace time = 3.00, actual time = 10.02).	[MsgId: MWAR-15995]
Action.c(49): Error: rc Fail	[MsgId: MERR-17999]
Action.c(50): Error: Fail Receive All Data:: {Rec_Data}	[MsgId: MERR-17999]
Warning: Iteration pacing cannot be reached (pace time = 3.00, actual time = 10.02).	[MsgId: MWAR-15995]
Action.c(49): Error: rc Fail	[MsgId: MERR-17999]
Action.c(50): Error: Fail Receive All Data:: {Rec_Data}	[MsgId: MERR-17999]
Warning: Iteration pacing cannot be reached (pace time = 3.00, actual time = 10.02).	[MsgId: MWAR-15995]
Action.c(49): Error: rc Fail	[MsgId: MERR-17999]
Action.c(50): Error: Fail Receive All Data:: {Rec_Data}	[MsgId: MERR-17999]
Warning: Iteration pacing cannot be reached (pace time = 3.00, actual time = 10.02).	[MsgId: MWAR-15995]
Action.c(49): Error: rc Fail	[MsgId: MERR-17999]
Action.c(50): Error: Fail Receive All Data:: {Rec_Data}	[MsgId: MERR-17999]
Warning: Iteration pacing cannot be reached (pace time = 3.00, actual time = 10.02).	[MsgId: MWAR-15995]
Action.c(49): Error: rc Fail	[MsgId: MERR-17999]
Action.c(50): Error: Fail Receive All Data:: {Rec_Data}	[MsgId: MERR-17999]
Warning: Iteration pacing cannot be reached (pace time = 3.00, actual time = 10.02).	[MsgId: MWAR-15995]
Action.c(49): Error: rc Fail	[MsgId: MERR-17999]
Action.c(50): Error: Fail Receive All Data:: {Rec_Data}	[MsgId: MERR-17999]
Warning: Iteration pacing cannot be reached (pace time = 3.00, actual time = 10.02).	[MsgId: MWAR-15995]
Action.c(49): Error: rc Fail	[MsgId: MERR-17999]
Action.c(50): Error: Fail Receive All Data:: {Rec_Data}	[MsgId: MERR-17999]
Warning: Iteration pacing cannot be reached (pace time = 3.00, actual time = 10.02).	[MsgId: MWAR-15995]
Action.c(49): Error: rc Fail	[MsgId: MERR-17999]
Action.c(50): Error: Fail Receive All Data:: {Rec_Data}	[MsgId: MERR-17999]
Warning: Iteration pacing cannot be reached (pace time = 3.00, actual time = 10.02).	[MsgId: MWAR-15995]
Action.c(49): Error: rc Fail	[MsgId: MERR-17999]
Action.c(50): Error: Fail Receive All Data:: {Rec_Data}	[MsgId: MERR-17999]
Warning: Iteration pacing cannot be reached (pace time = 3.00, actual time = 10.02).	[MsgId: MWAR-15995]
Action.c(49): Error: rc Fail	[MsgId: MERR-17999]
Action.c(50): Error: Fail Receive All Data:: {Rec_Data}	[MsgId: MERR-17999]
Warning: Iteration pacing cannot be reached (pace time = 3.00, actual time = 10.02).	[MsgId: MWAR-15995]
Action.c(49): Error: rc Fail	[MsgId: MERR-17999]
Action.c(50): Error: Fail Receive All Data:: {Rec_Data}	[MsgId: MERR-17999]
Warning: Iteration pacing cannot be reached (pace time = 3.00, actual time = 10.02).	[MsgId: MWAR-15995]
Action.c(22): Error : socket1 - Connection refused. Error code : 10061.	[MsgId: MERR10061]
Action.c(49): Error: rc Fail	[MsgId: MERR-17999]
Action.c(50): Error: Fail Receive All Data:: {Rec_Data}	[MsgId: MERR-17999]
Action.c(22): Error : socket1 - Connection refused. Error code : 10061.	[MsgId: MERR10061]
Action.c(49): Error: rc Fail	[MsgId: MERR-17999]
Action.c(50): Error: Fail Receive All Data:: {Rec_Data}	[MsgId: MERR-17999]
Action.c(22): Error : socket1 - Connection refused. Error code : 10061.	[MsgId: MERR10061]
Action.c(49): Error: rc Fail	[MsgId: MERR-17999]
Action.c(50): Error: Fail Receive All Data:: {Rec_Data}	[MsgId: MERR-17999]
Action.c(22): Error : socket1 - Connection refused. Error code : 10061.	[MsgId: MERR10061]
Warning: Iteration pacing cannot be reached (pace time = 3.00, actual time = 4.53).	[MsgId: MWAR-15995]
Action.c(49): Error: rc Fail	[MsgId: MERR-17999]
Action.c(50): Error: Fail Receive All Data:: {Rec_Data}	[MsgId: MERR-17999]
Warning: Iteration pacing cannot be reached (pace time = 3.00, actual time = 4.49).	[MsgId: MWAR-15995]
Action.c(22): Error : socket1 - Connection refused. Error code : 10061.	[MsgId: MERR10061]
Action.c(49): Error: rc Fail	[MsgId: MERR-17999]
Action.c(22): Error : socket1 - Connection refused. Error code : 10061.	[MsgId: MERR10061]
Action.c(50): Error: Fail Receive All Data:: {Rec_Data}	[MsgId: MERR-17999]
Action.c(49): Error: rc Fail	[MsgId: MERR-17999]
Warning: Iteration pacing cannot be reached (pace time = 3.00, actual time = 4.41).	[MsgId: MWAR-15995]
Action.c(50): Error: Fail Receive All Data:: {Rec_Data}	[MsgId: MERR-17999]
Warning: Iteration pacing cannot be reached (pace time = 3.00, actual time = 4.36).	[MsgId: MWAR-15995]
Action.c(22): Error : socket1 - Connection refused. Error code : 10061.	[MsgId: MERR10061]
Action.c(49): Error: rc Fail	[MsgId: MERR-17999]
Action.c(50): Error: Fail Receive All Data:: {Rec_Data}	[MsgId: MERR-17999]
Warning: Iteration pacing cannot be reached (pace time = 3.00, actual time = 4.35).	[MsgId: MWAR-15995]
Action.c(22): Error : socket1 - Connection refused. Error code : 10061.	[MsgId: MERR10061]
Action.c(49): Error: rc Fail	[MsgId: MERR-17999]
Action.c(50): Error: Fail Receive All Data:: {Rec_Data}	[MsgId: MERR-17999]
Warning: Iteration pacing cannot be reached (pace time = 3.00, actual time = 4.36).	[MsgId: MWAR-15995]
Action.c(22): Error : socket1 - Connection refused. Error code : 10061.	[MsgId: MERR10061]
Action.c(49): Error: rc Fail	[MsgId: MERR-17999]
Action.c(50): Error: Fail Receive All Data:: {Rec_Data}	[MsgId: MERR-17999]
Warning: Iteration pacing cannot be reached (pace time = 3.00, actual time = 4.85).	[MsgId: MWAR-15995]
Action.c(22): Error : socket1 - Connection refused. Error code : 10061.	[MsgId: MERR10061]
Action.c(49): Error: rc Fail	[MsgId: MERR-17999]
Action.c(50): Error: Fail Receive All Data:: {Rec_Data}	[MsgId: MERR-17999]
Warning: Iteration pacing cannot be reached (pace time = 3.00, actual time = 4.81).	[MsgId: MWAR-15995]
Action.c(22): Error : socket1 - Connection refused. Error code : 10061.	[MsgId: MERR10061]
Action.c(49): Error: rc Fail	[MsgId: MERR-17999]
Action.c(50): Error: Fail Receive All Data:: {Rec_Data}	[MsgId: MERR-17999]
Warning: Iteration pacing cannot be reached (pace time = 3.00, actual time = 4.78).	[MsgId: MWAR-15995]
Action.c(22): Error : socket1 - Connection refused. Error code : 10061.	[MsgId: MERR10061]
Action.c(49): Error: rc Fail	[MsgId: MERR-17999]
Action.c(50): Error: Fail Receive All Data:: {Rec_Data}	[MsgId: MERR-17999]
Warning: Iteration pacing cannot be reached (pace time = 3.00, actual time = 4.75).	[MsgId: MWAR-15995]
Action.c(22): Error : socket1 - Connection refused. Error code : 10061.	[MsgId: MERR10061]
Action.c(49): Error: rc Fail	[MsgId: MERR-17999]
Action.c(50): Error: Fail Receive All Data:: {Rec_Data}	[MsgId: MERR-17999]
Warning: Iteration pacing cannot be reached (pace time = 3.00, actual time = 4.71).	[MsgId: MWAR-15995]
Action.c(22): Error : socket1 - Connection refused. Error code : 10061.	[MsgId: MERR10061]
Action.c(49): Error: rc Fail	[MsgId: MERR-17999]
Action.c(50): Error: Fail Receive All Data:: {Rec_Data}	[MsgId: MERR-17999]
Warning: Iteration pacing cannot be reached (pace time = 3.00, actual time = 4.63).	[MsgId: MWAR-15995]
Action.c(22): Error : socket1 - Connection refused. Error code : 10061.	[MsgId: MERR10061]
Action.c(49): Error: rc Fail	[MsgId: MERR-17999]
Action.c(50): Error: Fail Receive All Data:: {Rec_Data}	[MsgId: MERR-17999]
Warning: Iteration pacing cannot be reached (pace time = 3.00, actual time = 4.58).	[MsgId: MWAR-15995]
Action.c(22): Error : socket1 - Connection refused. Error code : 10061.	[MsgId: MERR10061]
Action.c(49): Error: rc Fail	[MsgId: MERR-17999]
Action.c(50): Error: Fail Receive All Data:: {Rec_Data}	[MsgId: MERR-17999]
Warning: Iteration pacing cannot be reached (pace time = 3.00, actual time = 4.50).	[MsgId: MWAR-15995]
Action.c(22): Error : socket1 - Connection refused. Error code : 10061.	[MsgId: MERR10061]
Action.c(49): Error: rc Fail	[MsgId: MERR-17999]
Action.c(50): Error: Fail Receive All Data:: {Rec_Data}	[MsgId: MERR-17999]
Warning: Iteration pacing cannot be reached (pace time = 3.00, actual time = 4.46).	[MsgId: MWAR-15995]
Action.c(22): Error : socket1 - Connection refused. Error code : 10061.	[MsgId: MERR10061]
Action.c(49): Error: rc Fail	[MsgId: MERR-17999]
Action.c(50): Error: Fail Receive All Data:: {Rec_Data}	[MsgId: MERR-17999]
Warning: Iteration pacing cannot be reached (pace time = 3.00, actual time = 4.38).	[MsgId: MWAR-15995]
Action.c(22): Error : socket1 - Connection refused. Error code : 10061.	[MsgId: MERR10061]
Action.c(49): Error: rc Fail	[MsgId: MERR-17999]
Action.c(50): Error: Fail Receive All Data:: {Rec_Data}	[MsgId: MERR-17999]
Warning: Iteration pacing cannot be reached (pace time = 3.00, actual time = 4.34).	[MsgId: MWAR-15995]
Action.c(22): Error : socket1 - Connection refused. Error code : 10061.	[MsgId: MERR10061]
Action.c(49): Error: rc Fail	[MsgId: MERR-17999]
Action.c(50): Error: Fail Receive All Data:: {Rec_Data}	[MsgId: MERR-17999]
Warning: Iteration pacing cannot be reached (pace time = 3.00, actual time = 4.26).	[MsgId: MWAR-15995]
Action.c(22): Error : socket1 - Connection refused. Error code : 10061.	[MsgId: MERR10061]
Action.c(49): Error: rc Fail	[MsgId: MERR-17999]
Action.c(50): Error: Fail Receive All Data:: {Rec_Data}	[MsgId: MERR-17999]
Warning: Iteration pacing cannot be reached (pace time = 3.00, actual time = 4.36).	[MsgId: MWAR-15995]
Action.c(22): Error : socket1 - Connection refused. Error code : 10061.	[MsgId: MERR10061]
Action.c(49): Error: rc Fail	[MsgId: MERR-17999]
Action.c(50): Error: Fail Receive All Data:: {Rec_Data}	[MsgId: MERR-17999]
Action.c(22): Error : socket1 - Connection refused. Error code : 10061.	[MsgId: MERR10061]
Action.c(49): Error: rc Fail	[MsgId: MERR-17999]
Action.c(50): Error: Fail Receive All Data:: {Rec_Data}	[MsgId: MERR-17999]
Action.c(22): Error : socket1 - Connection refused. Error code : 10061.	[MsgId: MERR10061]
Action.c(49): Error: rc Fail	[MsgId: MERR-17999]
Action.c(50): Error: Fail Receive All Data:: {Rec_Data}	[MsgId: MERR-17999]
Action.c(22): Error : socket1 - Connection refused. Error code : 10061.	[MsgId: MERR10061]
Action.c(49): Error: rc Fail	[MsgId: MERR-17999]
Action.c(50): Error: Fail Receive All Data:: {Rec_Data}	[MsgId: MERR-17999]
Action.c(22): Error : socket1 - Connection refused. Error code : 10061.	[MsgId: MERR10061]
Action.c(49): Error: rc Fail	[MsgId: MERR-17999]
Action.c(50): Error: Fail Receive All Data:: {Rec_Data}	[MsgId: MERR-17999]
Action.c(22): Error : socket1 - Connection refused. Error code : 10061.	[MsgId: MERR10061]
Action.c(49): Error: rc Fail	[MsgId: MERR-17999]
Action.c(50): Error: Fail Receive All Data:: {Rec_Data}	[MsgId: MERR-17999]
Action.c(22): Error : socket1 - Connection refused. Error code : 10061.	[MsgId: MERR10061]
Action.c(49): Error: rc Fail	[MsgId: MERR-17999]
Action.c(50): Error: Fail Receive All Data:: {Rec_Data}	[MsgId: MERR-17999]
Action.c(22): Error : socket1 - Connection refused. Error code : 10061.	[MsgId: MERR10061]
Action.c(49): Error: rc Fail	[MsgId: MERR-17999]
Action.c(50): Error: Fail Receive All Data:: {Rec_Data}	[MsgId: MERR-17999]
Action.c(22): Error : socket1 - Connection refused. Error code : 10061.	[MsgId: MERR10061]
Action.c(49): Error: rc Fail	[MsgId: MERR-17999]
Action.c(50): Error: Fail Receive All Data:: {Rec_Data}	[MsgId: MERR-17999]
Action.c(49): Error: rc Fail	[MsgId: MERR-17999]
Action.c(50): Error: Fail Receive All Data:: {Rec_Data}	[MsgId: MERR-17999]
Action.c(49): Error: rc Fail	[MsgId: MERR-17999]
Action.c(50): Error: Fail Receive All Data:: {Rec_Data}	[MsgId: MERR-17999]
Action.c(49): Error: rc Fail	[MsgId: MERR-17999]
Action.c(50): Error: Fail Receive All Data:: {Rec_Data}	[MsgId: MERR-17999]
Action.c(49): Error: rc Fail	[MsgId: MERR-17999]
Action.c(50): Error: Fail Receive All Data:: {Rec_Data}	[MsgId: MERR-17999]
Action.c(49): Error: rc Fail	[MsgId: MERR-17999]
Action.c(50): Error: Fail Receive All Data:: {Rec_Data}	[MsgId: MERR-17999]
Action.c(48): Notify: Transaction "02_TCPTOTCP" will be skipped - could not calculate the transaction time (duration=9.9992, think_time=0.0000, wasted_time=10.0000).	[MsgId: MMSG-16889]
Action.c(49): Error: rc Fail	[MsgId: MERR-17999]
Action.c(50): Error: Fail Receive All Data:: {Rec_Data}	[MsgId: MERR-17999]
Action.c(49): Error: rc Fail	[MsgId: MERR-17999]
Action.c(50): Error: Fail Receive All Data:: {Rec_Data}	[MsgId: MERR-17999]
Action.c(49): Error: rc Fail	[MsgId: MERR-17999]
Action.c(50): Error: Fail Receive All Data:: {Rec_Data}	[MsgId: MERR-17999]
Action.c(48): Notify: Transaction "02_TCPTOTCP" will be skipped - could not calculate the transaction time (duration=9.9991, think_time=0.0000, wasted_time=10.0000).	[MsgId: MMSG-16889]
Action.c(49): Error: rc Fail	[MsgId: MERR-17999]
Action.c(50): Error: Fail Receive All Data:: {Rec_Data}	[MsgId: MERR-17999]
Action.c(48): Notify: Transaction "02_TCPTOTCP" will be skipped - could not calculate the transaction time (duration=9.9990, think_time=0.0000, wasted_time=10.0000).	[MsgId: MMSG-16889]
Action.c(49): Error: rc Fail	[MsgId: MERR-17999]
Action.c(50): Error: Fail Receive All Data:: {Rec_Data}	[MsgId: MERR-17999]
Action.c(22): Error : socket1 - Connection refused. Error code : 10061.	[MsgId: MERR10061]
Action.c(22): Error : socket1 - Connection refused. Error code : 10061.	[MsgId: MERR10061]
Action.c(49): Error: rc Fail	[MsgId: MERR-17999]
Action.c(49): Error: rc Fail	[MsgId: MERR-17999]
Action.c(50): Error: Fail Receive All Data:: {Rec_Data}	[MsgId: MERR-17999]
Action.c(50): Error: Fail Receive All Data:: {Rec_Data}	[MsgId: MERR-17999]
Action.c(22): Error : socket1 - Connection refused. Error code : 10061.	[MsgId: MERR10061]
Action.c(49): Error: rc Fail	[MsgId: MERR-17999]
Action.c(50): Error: Fail Receive All Data:: {Rec_Data}	[MsgId: MERR-17999]
Action.c(22): Error : socket1 - Connection refused. Error code : 10061.	[MsgId: MERR10061]
Action.c(49): Error: rc Fail	[MsgId: MERR-17999]
Action.c(50): Error: Fail Receive All Data:: {Rec_Data}	[MsgId: MERR-17999]
Action.c(49): Error: rc Fail	[MsgId: MERR-17999]
Action.c(50): Error: Fail Receive All Data:: {Rec_Data}	[MsgId: MERR-17999]
Action.c(48): Notify: Transaction "02_TCPTOTCP" will be skipped - could not calculate the transaction time (duration=9.9992, think_time=0.0000, wasted_time=10.0000).	[MsgId: MMSG-16889]
Action.c(49): Error: rc Fail	[MsgId: MERR-17999]
Action.c(50): Error: Fail Receive All Data:: {Rec_Data}	[MsgId: MERR-17999]
Action.c(48): Notify: Transaction "02_TCPTOTCP" will be skipped - could not calculate the transaction time (duration=9.9992, think_time=0.0000, wasted_time=10.0000).	[MsgId: MMSG-16889]
Action.c(49): Error: rc Fail	[MsgId: MERR-17999]
Action.c(50): Error: Fail Receive All Data:: {Rec_Data}	[MsgId: MERR-17999]
Action.c(49): Error: rc Fail	[MsgId: MERR-17999]
Action.c(50): Error: Fail Receive All Data:: {Rec_Data}	[MsgId: MERR-17999]
Action.c(22): Error : socket1 - Connection refused. Error code : 10061.	[MsgId: MERR10061]
Action.c(49): Error: rc Fail	[MsgId: MERR-17999]
Action.c(50): Error: Fail Receive All Data:: {Rec_Data}	[MsgId: MERR-17999]
Action.c(22): Error : socket1 - Connection refused. Error code : 10061.	[MsgId: MERR10061]
Action.c(49): Error: rc Fail	[MsgId: MERR-17999]
Action.c(50): Error: Fail Receive All Data:: {Rec_Data}	[MsgId: MERR-17999]
Action.c(22): Error : socket1 - Connection refused. Error code : 10061.	[MsgId: MERR10061]
Action.c(49): Error: rc Fail	[MsgId: MERR-17999]
Action.c(50): Error: Fail Receive All Data:: {Rec_Data}	[MsgId: MERR-17999]
Action.c(22): Error : socket1 - Connection refused. Error code : 10061.	[MsgId: MERR10061]
Action.c(49): Error: rc Fail	[MsgId: MERR-17999]
Action.c(50): Error: Fail Receive All Data:: {Rec_Data}	[MsgId: MERR-17999]
Action.c(49): Error: rc Fail	[MsgId: MERR-17999]
Action.c(50): Error: Fail Receive All Data:: {Rec_Data}	[MsgId: MERR-17999]
Action.c(22): Error : socket1 - Connection refused. Error code : 10061.	[MsgId: MERR10061]
Action.c(49): Error: rc Fail	[MsgId: MERR-17999]
Action.c(50): Error: Fail Receive All Data:: {Rec_Data}	[MsgId: MERR-17999]
Action.c(48): Notify: Transaction "02_TCPTOTCP" will be skipped - could not calculate the transaction time (duration=9.9991, think_time=0.0000, wasted_time=10.0000).	[MsgId: MMSG-16889]
Action.c(49): Error: rc Fail	[MsgId: MERR-17999]
Action.c(50): Error: Fail Receive All Data:: {Rec_Data}	[MsgId: MERR-17999]
Action.c(22): Error : socket1 - Connection refused. Error code : 10061.	[MsgId: MERR10061]
Action.c(49): Error: rc Fail	[MsgId: MERR-17999]
Action.c(50): Error: Fail Receive All Data:: {Rec_Data}	[MsgId: MERR-17999]
Action.c(22): Error : socket1 - Connection refused. Error code : 10061.	[MsgId: MERR10061]
Action.c(49): Error: rc Fail	[MsgId: MERR-17999]
Action.c(50): Error: Fail Receive All Data:: {Rec_Data}	[MsgId: MERR-17999]
Action.c(22): Error : socket1 - Connection refused. Error code : 10061.	[MsgId: MERR10061]
Action.c(22): Error : socket1 - Connection refused. Error code : 10061.	[MsgId: MERR10061]
Action.c(49): Error: rc Fail	[MsgId: MERR-17999]
Action.c(50): Error: Fail Receive All Data:: {Rec_Data}	[MsgId: MERR-17999]
Action.c(49): Error: rc Fail	[MsgId: MERR-17999]
Action.c(50): Error: Fail Receive All Data:: {Rec_Data}	[MsgId: MERR-17999]
Action.c(22): Error : socket1 - Connection refused. Error code : 10061.	[MsgId: MERR10061]
Action.c(49): Error: rc Fail	[MsgId: MERR-17999]
Action.c(50): Error: Fail Receive All Data:: {Rec_Data}	[MsgId: MERR-17999]
Action.c(48): Notify: Transaction "02_TCPTOTCP" will be skipped - could not calculate the transaction time (duration=9.9996, think_time=0.0000, wasted_time=10.0000).	[MsgId: MMSG-16889]
Action.c(49): Error: rc Fail	[MsgId: MERR-17999]
Action.c(50): Error: Fail Receive All Data:: {Rec_Data}	[MsgId: MERR-17999]
Action.c(48): Notify: Transaction "02_TCPTOTCP" will be skipped - could not calculate the transaction time (duration=9.9997, think_time=0.0000, wasted_time=10.0000).	[MsgId: MMSG-16889]
Action.c(49): Error: rc Fail	[MsgId: MERR-17999]
Action.c(50): Error: Fail Receive All Data:: {Rec_Data}	[MsgId: MERR-17999]
Action.c(48): Notify: Transaction "02_TCPTOTCP" will be skipped - could not calculate the transaction time (duration=9.9997, think_time=0.0000, wasted_time=10.0000).	[MsgId: MMSG-16889]
Action.c(49): Error: rc Fail	[MsgId: MERR-17999]
Action.c(50): Error: Fail Receive All Data:: {Rec_Data}	[MsgId: MERR-17999]
