Warning: Iteration pacing cannot be reached (pace time = 3.00, actual time = 4.67).	[MsgId: MWAR-15995]
Warning: Iteration pacing cannot be reached (pace time = 3.00, actual time = 5.54).	[MsgId: MWAR-15995]
Warning: Iteration pacing cannot be reached (pace time = 3.00, actual time = 5.87).	[MsgId: MWAR-15995]
Warning: Iteration pacing cannot be reached (pace time = 3.00, actual time = 4.98).	[MsgId: MWAR-15995]
Warning: Iteration pacing cannot be reached (pace time = 3.00, actual time = 7.13).	[MsgId: MWAR-15995]
Warning: Iteration pacing cannot be reached (pace time = 3.00, actual time = 6.96).	[MsgId: MWAR-15995]
Warning: Iteration pacing cannot be reached (pace time = 3.00, actual time = 8.15).	[MsgId: MWAR-15995]
Warning: Iteration pacing cannot be reached (pace time = 3.00, actual time = 6.93).	[MsgId: MWAR-15995]
Warning: Iteration pacing cannot be reached (pace time = 3.00, actual time = 8.59).	[MsgId: MWAR-15995]
Warning: Iteration pacing cannot be reached (pace time = 3.00, actual time = 7.60).	[MsgId: MWAR-15995]
Action.c(49): Error: rc Fail	[MsgId: MERR-17999]
Action.c(50): Error: Fail Receive All Data:: {Rec_Data}	[MsgId: MERR-17999]
Warning: Iteration pacing cannot be reached (pace time = 3.00, actual time = 10.02).	[MsgId: MWAR-15995]
Action.c(49): Error: rc Fail	[MsgId: MERR-17999]
Action.c(50): Error: Fail Receive All Data:: {Rec_Data}	[MsgId: MERR-17999]
Warning: Iteration pacing cannot be reached (pace time = 3.00, actual time = 10.02).	[MsgId: MWAR-15995]
Action.c(49): Error: rc Fail	[MsgId: MERR-17999]
Action.c(50): Error: Fail Receive All Data:: {Rec_Data}	[MsgId: MERR-17999]
Warning: Iteration pacing cannot be reached (pace time = 3.00, actual time = 10.02).	[MsgId: MWAR-15995]
Action.c(49): Error: rc Fail	[MsgId: MERR-17999]
Action.c(50): Error: Fail Receive All Data:: {Rec_Data}	[MsgId: MERR-17999]
Warning: Iteration pacing cannot be reached (pace time = 3.00, actual time = 10.02).	[MsgId: MWAR-15995]
Warning: Iteration pacing cannot be reached (pace time = 3.00, actual time = 9.21).	[MsgId: MWAR-15995]
Action.c(49): Error: rc Fail	[MsgId: MERR-17999]
Action.c(50): Error: Fail Receive All Data:: {Rec_Data}	[MsgId: MERR-17999]
Warning: Iteration pacing cannot be reached (pace time = 3.00, actual time = 10.02).	[MsgId: MWAR-15995]
Action.c(49): Error: rc Fail	[MsgId: MERR-17999]
Action.c(50): Error: Fail Receive All Data:: {Rec_Data}	[MsgId: MERR-17999]
Warning: Iteration pacing cannot be reached (pace time = 3.00, actual time = 10.02).	[MsgId: MWAR-15995]
Warning: Iteration pacing cannot be reached (pace time = 3.00, actual time = 9.21).	[MsgId: MWAR-15995]
Action.c(49): Error: rc Fail	[MsgId: MERR-17999]
Action.c(50): Error: Fail Receive All Data:: {Rec_Data}	[MsgId: MERR-17999]
Warning: Iteration pacing cannot be reached (pace time = 3.00, actual time = 10.02).	[MsgId: MWAR-15995]
Action.c(49): Error: rc Fail	[MsgId: MERR-17999]
Action.c(50): Error: Fail Receive All Data:: {Rec_Data}	[MsgId: MERR-17999]
Warning: Iteration pacing cannot be reached (pace time = 3.00, actual time = 10.02).	[MsgId: MWAR-15995]
Action.c(49): Error: rc Fail	[MsgId: MERR-17999]
Action.c(50): Error: Fail Receive All Data:: {Rec_Data}	[MsgId: MERR-17999]
Warning: Iteration pacing cannot be reached (pace time = 3.00, actual time = 10.02).	[MsgId: MWAR-15995]
Action.c(49): Error: rc Fail	[MsgId: MERR-17999]
Action.c(50): Error: Fail Receive All Data:: {Rec_Data}	[MsgId: MERR-17999]
Warning: Iteration pacing cannot be reached (pace time = 3.00, actual time = 10.02).	[MsgId: MWAR-15995]
Warning: Iteration pacing cannot be reached (pace time = 3.00, actual time = 9.06).	[MsgId: MWAR-15995]
Warning: Iteration pacing cannot be reached (pace time = 3.00, actual time = 9.52).	[MsgId: MWAR-15995]
Action.c(49): Error: rc Fail	[MsgId: MERR-17999]
Action.c(50): Error: Fail Receive All Data:: {Rec_Data}	[MsgId: MERR-17999]
Warning: Iteration pacing cannot be reached (pace time = 3.00, actual time = 10.02).	[MsgId: MWAR-15995]
Action.c(49): Error: rc Fail	[MsgId: MERR-17999]
Action.c(50): Error: Fail Receive All Data:: {Rec_Data}	[MsgId: MERR-17999]
Warning: Iteration pacing cannot be reached (pace time = 3.00, actual time = 10.02).	[MsgId: MWAR-15995]
Action.c(49): Error: rc Fail	[MsgId: MERR-17999]
Action.c(50): Error: Fail Receive All Data:: {Rec_Data}	[MsgId: MERR-17999]
Warning: Iteration pacing cannot be reached (pace time = 3.00, actual time = 10.02).	[MsgId: MWAR-15995]
Action.c(49): Error: rc Fail	[MsgId: MERR-17999]
Action.c(50): Error: Fail Receive All Data:: {Rec_Data}	[MsgId: MERR-17999]
Warning: Iteration pacing cannot be reached (pace time = 3.00, actual time = 10.02).	[MsgId: MWAR-15995]
Action.c(49): Error: rc Fail	[MsgId: MERR-17999]
Action.c(50): Error: Fail Receive All Data:: {Rec_Data}	[MsgId: MERR-17999]
Warning: Iteration pacing cannot be reached (pace time = 3.00, actual time = 10.02).	[MsgId: MWAR-15995]
Action.c(49): Error: rc Fail	[MsgId: MERR-17999]
Action.c(50): Error: Fail Receive All Data:: {Rec_Data}	[MsgId: MERR-17999]
Warning: Iteration pacing cannot be reached (pace time = 3.00, actual time = 10.02).	[MsgId: MWAR-15995]
Action.c(49): Error: rc Fail	[MsgId: MERR-17999]
Action.c(50): Error: Fail Receive All Data:: {Rec_Data}	[MsgId: MERR-17999]
Warning: Iteration pacing cannot be reached (pace time = 3.00, actual time = 10.02).	[MsgId: MWAR-15995]
Warning: Iteration pacing cannot be reached (pace time = 3.00, actual time = 9.34).	[MsgId: MWAR-15995]
Action.c(49): Error: rc Fail	[MsgId: MERR-17999]
Action.c(50): Error: Fail Receive All Data:: {Rec_Data}	[MsgId: MERR-17999]
Warning: Iteration pacing cannot be reached (pace time = 3.00, actual time = 10.02).	[MsgId: MWAR-15995]
Action.c(49): Error: rc Fail	[MsgId: MERR-17999]
Action.c(50): Error: Fail Receive All Data:: {Rec_Data}	[MsgId: MERR-17999]
Warning: Iteration pacing cannot be reached (pace time = 3.00, actual time = 10.02).	[MsgId: MWAR-15995]
Action.c(22): Error : socket1 - Connection refused. Error code : 10061.	[MsgId: MERR10061]
Action.c(49): Error: rc Fail	[MsgId: MERR-17999]
Action.c(50): Error: Fail Receive All Data:: {Rec_Data}	[MsgId: MERR-17999]
Action.c(49): Error: rc Fail	[MsgId: MERR-17999]
Action.c(50): Error: Fail Receive All Data:: {Rec_Data}	[MsgId: MERR-17999]
Warning: Iteration pacing cannot be reached (pace time = 3.00, actual time = 10.02).	[MsgId: MWAR-15995]
Action.c(22): Error : socket1 - Connection refused. Error code : 10061.	[MsgId: MERR10061]
Action.c(49): Error: rc Fail	[MsgId: MERR-17999]
Action.c(50): Error: Fail Receive All Data:: {Rec_Data}	[MsgId: MERR-17999]
Action.c(49): Error: rc Fail	[MsgId: MERR-17999]
Action.c(50): Error: Fail Receive All Data:: {Rec_Data}	[MsgId: MERR-17999]
Warning: Iteration pacing cannot be reached (pace time = 3.00, actual time = 10.02).	[MsgId: MWAR-15995]
Action.c(49): Error: rc Fail	[MsgId: MERR-17999]
Action.c(50): Error: Fail Receive All Data:: {Rec_Data}	[MsgId: MERR-17999]
Warning: Iteration pacing cannot be reached (pace time = 3.00, actual time = 10.02).	[MsgId: MWAR-15995]
Action.c(49): Error: rc Fail	[MsgId: MERR-17999]
Action.c(50): Error: Fail Receive All Data:: {Rec_Data}	[MsgId: MERR-17999]
Warning: Iteration pacing cannot be reached (pace time = 3.00, actual time = 10.02).	[MsgId: MWAR-15995]
Action.c(49): Error: rc Fail	[MsgId: MERR-17999]
Action.c(50): Error: Fail Receive All Data:: {Rec_Data}	[MsgId: MERR-17999]
Warning: Iteration pacing cannot be reached (pace time = 3.00, actual time = 10.02).	[MsgId: MWAR-15995]
Action.c(49): Error: rc Fail	[MsgId: MERR-17999]
Action.c(50): Error: Fail Receive All Data:: {Rec_Data}	[MsgId: MERR-17999]
Warning: Iteration pacing cannot be reached (pace time = 3.00, actual time = 10.01).	[MsgId: MWAR-15995]
Action.c(49): Error: rc Fail	[MsgId: MERR-17999]
Action.c(50): Error: Fail Receive All Data:: {Rec_Data}	[MsgId: MERR-17999]
Warning: Iteration pacing cannot be reached (pace time = 3.00, actual time = 10.02).	[MsgId: MWAR-15995]
Action.c(49): Error: rc Fail	[MsgId: MERR-17999]
Action.c(50): Error: Fail Receive All Data:: {Rec_Data}	[MsgId: MERR-17999]
Warning: Iteration pacing cannot be reached (pace time = 3.00, actual time = 10.02).	[MsgId: MWAR-15995]
Action.c(49): Error: rc Fail	[MsgId: MERR-17999]
Action.c(50): Error: Fail Receive All Data:: {Rec_Data}	[MsgId: MERR-17999]
Warning: Iteration pacing cannot be reached (pace time = 3.00, actual time = 10.02).	[MsgId: MWAR-15995]
Warning: Iteration pacing cannot be reached (pace time = 3.00, actual time = 9.66).	[MsgId: MWAR-15995]
Action.c(49): Error: rc Fail	[MsgId: MERR-17999]
Action.c(50): Error: Fail Receive All Data:: {Rec_Data}	[MsgId: MERR-17999]
Warning: Iteration pacing cannot be reached (pace time = 3.00, actual time = 10.02).	[MsgId: MWAR-15995]
Action.c(49): Error: rc Fail	[MsgId: MERR-17999]
Action.c(50): Error: Fail Receive All Data:: {Rec_Data}	[MsgId: MERR-17999]
Warning: Iteration pacing cannot be reached (pace time = 3.00, actual time = 10.02).	[MsgId: MWAR-15995]
Action.c(49): Error: rc Fail	[MsgId: MERR-17999]
Action.c(50): Error: Fail Receive All Data:: {Rec_Data}	[MsgId: MERR-17999]
Warning: Iteration pacing cannot be reached (pace time = 3.00, actual time = 10.02).	[MsgId: MWAR-15995]
Action.c(22): Error : socket1 - Connection refused. Error code : 10061.	[MsgId: MERR10061]
Action.c(49): Error: rc Fail	[MsgId: MERR-17999]
Action.c(50): Error: Fail Receive All Data:: {Rec_Data}	[MsgId: MERR-17999]
Action.c(49): Error: rc Fail	[MsgId: MERR-17999]
Action.c(50): Error: Fail Receive All Data:: {Rec_Data}	[MsgId: MERR-17999]
Warning: Iteration pacing cannot be reached (pace time = 3.00, actual time = 10.02).	[MsgId: MWAR-15995]
Action.c(49): Error: rc Fail	[MsgId: MERR-17999]
Action.c(50): Error: Fail Receive All Data:: {Rec_Data}	[MsgId: MERR-17999]
Warning: Iteration pacing cannot be reached (pace time = 3.00, actual time = 10.02).	[MsgId: MWAR-15995]
Action.c(49): Error: rc Fail	[MsgId: MERR-17999]
Action.c(50): Error: Fail Receive All Data:: {Rec_Data}	[MsgId: MERR-17999]
Warning: Iteration pacing cannot be reached (pace time = 3.00, actual time = 10.02).	[MsgId: MWAR-15995]
Action.c(22): Error : socket1 - Connection refused. Error code : 10061.	[MsgId: MERR10061]
Action.c(49): Error: rc Fail	[MsgId: MERR-17999]
Action.c(50): Error: Fail Receive All Data:: {Rec_Data}	[MsgId: MERR-17999]
Action.c(22): Error : socket1 - Connection refused. Error code : 10061.	[MsgId: MERR10061]
Action.c(49): Error: rc Fail	[MsgId: MERR-17999]
Action.c(50): Error: Fail Receive All Data:: {Rec_Data}	[MsgId: MERR-17999]
Action.c(22): Error : socket1 - Connection refused. Error code : 10061.	[MsgId: MERR10061]
Action.c(49): Error: rc Fail	[MsgId: MERR-17999]
Action.c(50): Error: Fail Receive All Data:: {Rec_Data}	[MsgId: MERR-17999]
Action.c(22): Error : socket1 - Connection refused. Error code : 10061.	[MsgId: MERR10061]
Action.c(49): Error: rc Fail	[MsgId: MERR-17999]
Action.c(50): Error: Fail Receive All Data:: {Rec_Data}	[MsgId: MERR-17999]
Action.c(22): Error : socket1 - Connection refused. Error code : 10061.	[MsgId: MERR10061]
Action.c(49): Error: rc Fail	[MsgId: MERR-17999]
Action.c(50): Error: Fail Receive All Data:: {Rec_Data}	[MsgId: MERR-17999]
Action.c(22): Error : socket1 - Connection refused. Error code : 10061.	[MsgId: MERR10061]
Action.c(49): Error: rc Fail	[MsgId: MERR-17999]
Action.c(50): Error: Fail Receive All Data:: {Rec_Data}	[MsgId: MERR-17999]
Action.c(22): Error : socket1 - Connection refused. Error code : 10061.	[MsgId: MERR10061]
Action.c(49): Error: rc Fail	[MsgId: MERR-17999]
Action.c(50): Error: Fail Receive All Data:: {Rec_Data}	[MsgId: MERR-17999]
Action.c(22): Error : socket1 - Connection refused. Error code : 10061.	[MsgId: MERR10061]
Action.c(49): Error: rc Fail	[MsgId: MERR-17999]
Action.c(50): Error: Fail Receive All Data:: {Rec_Data}	[MsgId: MERR-17999]
Warning: Iteration pacing cannot be reached (pace time = 3.00, actual time = 3.03).	[MsgId: MWAR-15995]
Action.c(22): Error : socket1 - Connection refused. Error code : 10061.	[MsgId: MERR10061]
Action.c(49): Error: rc Fail	[MsgId: MERR-17999]
Action.c(50): Error: Fail Receive All Data:: {Rec_Data}	[MsgId: MERR-17999]
Warning: Iteration pacing cannot be reached (pace time = 3.00, actual time = 3.19).	[MsgId: MWAR-15995]
Action.c(22): Error : socket1 - Connection refused. Error code : 10061.	[MsgId: MERR10061]
Action.c(49): Error: rc Fail	[MsgId: MERR-17999]
Action.c(50): Error: Fail Receive All Data:: {Rec_Data}	[MsgId: MERR-17999]
Warning: Iteration pacing cannot be reached (pace time = 3.00, actual time = 3.26).	[MsgId: MWAR-15995]
Action.c(49): Error: rc Fail	[MsgId: MERR-17999]
Action.c(50): Error: Fail Receive All Data:: 012345678901234567890123456789012345678901234567	[MsgId: MERR-17999]
Warning: Iteration pacing cannot be reached (pace time = 3.00, actual time = 10.01).	[MsgId: MWAR-15995]
Action.c(22): Error : socket1 - Connection refused. Error code : 10061.	[MsgId: MERR10061]
Action.c(49): Error: rc Fail	[MsgId: MERR-17999]
Action.c(50): Error: Fail Receive All Data:: {Rec_Data}	[MsgId: MERR-17999]
Action.c(22): Error : socket1 - Connection refused. Error code : 10061.	[MsgId: MERR10061]
Action.c(49): Error: rc Fail	[MsgId: MERR-17999]
Action.c(50): Error: Fail Receive All Data:: {Rec_Data}	[MsgId: MERR-17999]
Warning: Iteration pacing cannot be reached (pace time = 3.00, actual time = 3.60).	[MsgId: MWAR-15995]
Action.c(22): Error : socket1 - Connection refused. Error code : 10061.	[MsgId: MERR10061]
Action.c(49): Error: rc Fail	[MsgId: MERR-17999]
Action.c(50): Error: Fail Receive All Data:: {Rec_Data}	[MsgId: MERR-17999]
Warning: Iteration pacing cannot be reached (pace time = 3.00, actual time = 3.06).	[MsgId: MWAR-15995]
Action.c(22): Error : socket1 - Connection refused. Error code : 10061.	[MsgId: MERR10061]
Action.c(49): Error: rc Fail	[MsgId: MERR-17999]
Action.c(50): Error: Fail Receive All Data:: {Rec_Data}	[MsgId: MERR-17999]
Warning: Iteration pacing cannot be reached (pace time = 3.00, actual time = 3.01).	[MsgId: MWAR-15995]
Action.c(49): Error: rc Fail	[MsgId: MERR-17999]
Action.c(50): Error: Fail Receive All Data:: 012345678901234567890123456789012345678901234567	[MsgId: MERR-17999]
Warning: Iteration pacing cannot be reached (pace time = 3.00, actual time = 10.01).	[MsgId: MWAR-15995]
Action.c(49): Error: rc Fail	[MsgId: MERR-17999]
Action.c(50): Error: Fail Receive All Data:: 012345678901234567890123456789012345678901234567	[MsgId: MERR-17999]
Warning: Iteration pacing cannot be reached (pace time = 3.00, actual time = 10.01).	[MsgId: MWAR-15995]
Action.c(49): Error: rc Fail	[MsgId: MERR-17999]
Action.c(50): Error: Fail Receive All Data:: 012345678901234567890123456789012345678901234567	[MsgId: MERR-17999]
Warning: Iteration pacing cannot be reached (pace time = 3.00, actual time = 10.02).	[MsgId: MWAR-15995]
Action.c(49): Error: rc Fail	[MsgId: MERR-17999]
Action.c(50): Error: Fail Receive All Data:: 012345678901234567890123456789012345678901234567	[MsgId: MERR-17999]
Warning: Iteration pacing cannot be reached (pace time = 3.00, actual time = 10.01).	[MsgId: MWAR-15995]
Action.c(49): Error: rc Fail	[MsgId: MERR-17999]
Action.c(50): Error: Fail Receive All Data:: 012345678901234567890123456789012345678901234567	[MsgId: MERR-17999]
Warning: Iteration pacing cannot be reached (pace time = 3.00, actual time = 10.00).	[MsgId: MWAR-15995]
Action.c(49): Error: rc Fail	[MsgId: MERR-17999]
Action.c(50): Error: Fail Receive All Data:: 012345678901234567890123456789012345678901234567	[MsgId: MERR-17999]
Warning: Iteration pacing cannot be reached (pace time = 3.00, actual time = 10.01).	[MsgId: MWAR-15995]
Action.c(49): Error: rc Fail	[MsgId: MERR-17999]
Action.c(50): Error: Fail Receive All Data:: 012345678901234567890123456789012345678901234567	[MsgId: MERR-17999]
Warning: Iteration pacing cannot be reached (pace time = 3.00, actual time = 10.01).	[MsgId: MWAR-15995]
Action.c(49): Error: rc Fail	[MsgId: MERR-17999]
Action.c(50): Error: Fail Receive All Data:: 012345678901234567890123456789012345678901234567	[MsgId: MERR-17999]
Warning: Iteration pacing cannot be reached (pace time = 3.00, actual time = 10.00).	[MsgId: MWAR-15995]
Action.c(49): Error: rc Fail	[MsgId: MERR-17999]
Action.c(50): Error: Fail Receive All Data:: 012345678901234567890123456789012345678901234567	[MsgId: MERR-17999]
Warning: Iteration pacing cannot be reached (pace time = 3.00, actual time = 10.01).	[MsgId: MWAR-15995]
Action.c(22): Error : socket1 - Connection refused. Error code : 10061.	[MsgId: MERR10061]
Action.c(49): Error: rc Fail	[MsgId: MERR-17999]
Action.c(50): Error: Fail Receive All Data:: {Rec_Data}	[MsgId: MERR-17999]
Warning: Iteration pacing cannot be reached (pace time = 3.00, actual time = 4.87).	[MsgId: MWAR-15995]
Action.c(49): Error: rc Fail	[MsgId: MERR-17999]
Action.c(50): Error: Fail Receive All Data:: {Rec_Data}	[MsgId: MERR-17999]
Warning: Iteration pacing cannot be reached (pace time = 3.00, actual time = 10.02).	[MsgId: MWAR-15995]
Action.c(22): Error : socket1 - Connection refused. Error code : 10061.	[MsgId: MERR10061]
Action.c(49): Error: rc Fail	[MsgId: MERR-17999]
Action.c(50): Error: Fail Receive All Data:: {Rec_Data}	[MsgId: MERR-17999]
Warning: Iteration pacing cannot be reached (pace time = 3.00, actual time = 4.77).	[MsgId: MWAR-15995]
Action.c(49): Error: rc Fail	[MsgId: MERR-17999]
Action.c(50): Error: Fail Receive All Data:: {Rec_Data}	[MsgId: MERR-17999]
Warning: Iteration pacing cannot be reached (pace time = 3.00, actual time = 10.02).	[MsgId: MWAR-15995]
Action.c(22): Error : socket1 - Connection refused. Error code : 10061.	[MsgId: MERR10061]
Action.c(49): Error: rc Fail	[MsgId: MERR-17999]
Action.c(50): Error: Fail Receive All Data:: {Rec_Data}	[MsgId: MERR-17999]
Warning: Iteration pacing cannot be reached (pace time = 3.00, actual time = 4.68).	[MsgId: MWAR-15995]
Action.c(22): Error : socket1 - Connection refused. Error code : 10061.	[MsgId: MERR10061]
Action.c(49): Error: rc Fail	[MsgId: MERR-17999]
Action.c(50): Error: Fail Receive All Data:: {Rec_Data}	[MsgId: MERR-17999]
Warning: Iteration pacing cannot be reached (pace time = 3.00, actual time = 4.53).	[MsgId: MWAR-15995]
Action.c(49): Error: rc Fail	[MsgId: MERR-17999]
Action.c(50): Error: Fail Receive All Data:: {Rec_Data}	[MsgId: MERR-17999]
Warning: Iteration pacing cannot be reached (pace time = 3.00, actual time = 10.02).	[MsgId: MWAR-15995]
Action.c(22): Error : socket1 - Connection refused. Error code : 10061.	[MsgId: MERR10061]
Action.c(49): Error: rc Fail	[MsgId: MERR-17999]
Action.c(50): Error: Fail Receive All Data:: {Rec_Data}	[MsgId: MERR-17999]
Warning: Iteration pacing cannot be reached (pace time = 3.00, actual time = 4.33).	[MsgId: MWAR-15995]
Action.c(49): Error: rc Fail	[MsgId: MERR-17999]
Action.c(50): Error: Fail Receive All Data:: {Rec_Data}	[MsgId: MERR-17999]
Warning: Iteration pacing cannot be reached (pace time = 3.00, actual time = 10.02).	[MsgId: MWAR-15995]
Action.c(49): Error: rc Fail	[MsgId: MERR-17999]
Action.c(50): Error: Fail Receive All Data:: 012345678901234567890123456789012345678901234567	[MsgId: MERR-17999]
Warning: Iteration pacing cannot be reached (pace time = 3.00, actual time = 10.01).	[MsgId: MWAR-15995]
Action.c(49): Error: rc Fail	[MsgId: MERR-17999]
Action.c(50): Error: Fail Receive All Data:: {Rec_Data}	[MsgId: MERR-17999]
Warning: Iteration pacing cannot be reached (pace time = 3.00, actual time = 10.02).	[MsgId: MWAR-15995]
Action.c(49): Error: rc Fail	[MsgId: MERR-17999]
Action.c(50): Error: Fail Receive All Data:: {Rec_Data}	[MsgId: MERR-17999]
Warning: Iteration pacing cannot be reached (pace time = 3.00, actual time = 10.02).	[MsgId: MWAR-15995]
Action.c(49): Error: rc Fail	[MsgId: MERR-17999]
Action.c(50): Error: Fail Receive All Data:: 012345678901234567890123456789012345678901234567	[MsgId: MERR-17999]
Warning: Iteration pacing cannot be reached (pace time = 3.00, actual time = 10.01).	[MsgId: MWAR-15995]
Action.c(49): Error: rc Fail	[MsgId: MERR-17999]
Action.c(50): Error: Fail Receive All Data:: {Rec_Data}	[MsgId: MERR-17999]
Warning: Iteration pacing cannot be reached (pace time = 3.00, actual time = 10.02).	[MsgId: MWAR-15995]
Action.c(49): Error: rc Fail	[MsgId: MERR-17999]
Action.c(50): Error: Fail Receive All Data:: {Rec_Data}	[MsgId: MERR-17999]
Warning: Iteration pacing cannot be reached (pace time = 3.00, actual time = 10.02).	[MsgId: MWAR-15995]
Action.c(49): Error: rc Fail	[MsgId: MERR-17999]
Action.c(50): Error: Fail Receive All Data:: {Rec_Data}	[MsgId: MERR-17999]
Action.c(49): Error: rc Fail	[MsgId: MERR-17999]
Action.c(49): Error: rc Fail	[MsgId: MERR-17999]
Action.c(50): Error: Fail Receive All Data:: 012345678901234567890123456789012345678901234567	[MsgId: MERR-17999]
Action.c(50): Error: Fail Receive All Data:: 012345678901234567890123456789012345678901234567	[MsgId: MERR-17999]
Action.c(49): Error: rc Fail	[MsgId: MERR-17999]
Action.c(50): Error: Fail Receive All Data:: {Rec_Data}	[MsgId: MERR-17999]
Action.c(49): Error: rc Fail	[MsgId: MERR-17999]
Action.c(50): Error: Fail Receive All Data:: {Rec_Data}	[MsgId: MERR-17999]
Action.c(49): Error: rc Fail	[MsgId: MERR-17999]
Action.c(50): Error: Fail Receive All Data:: 012345678901234567890123456789012345678901234567	[MsgId: MERR-17999]
Action.c(49): Error: rc Fail	[MsgId: MERR-17999]
Action.c(50): Error: Fail Receive All Data:: {Rec_Data}	[MsgId: MERR-17999]
Action.c(49): Error: rc Fail	[MsgId: MERR-17999]
Action.c(50): Error: Fail Receive All Data:: {Rec_Data}	[MsgId: MERR-17999]
Action.c(48): Notify: Transaction "02_TCPTOTCP" will be skipped - could not calculate the transaction time (duration=9.9992, think_time=0.0000, wasted_time=10.0000).	[MsgId: MMSG-16889]
Action.c(49): Error: rc Fail	[MsgId: MERR-17999]
Action.c(50): Error: Fail Receive All Data:: {Rec_Data}	[MsgId: MERR-17999]
Action.c(22): Error : socket1 - Connection refused. Error code : 10061.	[MsgId: MERR10061]
Action.c(49): Error: rc Fail	[MsgId: MERR-17999]
Action.c(50): Error: Fail Receive All Data:: {Rec_Data}	[MsgId: MERR-17999]
Action.c(49): Error: rc Fail	[MsgId: MERR-17999]
Action.c(50): Error: Fail Receive All Data:: {Rec_Data}	[MsgId: MERR-17999]
Action.c(48): Notify: Transaction "02_TCPTOTCP" will be skipped - could not calculate the transaction time (duration=9.9992, think_time=0.0000, wasted_time=10.0000).	[MsgId: MMSG-16889]
Action.c(49): Error: rc Fail	[MsgId: MERR-17999]
Action.c(50): Error: Fail Receive All Data:: {Rec_Data}	[MsgId: MERR-17999]
Action.c(48): Notify: Transaction "02_TCPTOTCP" will be skipped - could not calculate the transaction time (duration=9.9992, think_time=0.0000, wasted_time=10.0000).	[MsgId: MMSG-16889]
Action.c(49): Error: rc Fail	[MsgId: MERR-17999]
Action.c(50): Error: Fail Receive All Data:: {Rec_Data}	[MsgId: MERR-17999]
Action.c(49): Error: rc Fail	[MsgId: MERR-17999]
Action.c(50): Error: Fail Receive All Data:: {Rec_Data}	[MsgId: MERR-17999]
Action.c(49): Error: rc Fail	[MsgId: MERR-17999]
Action.c(50): Error: Fail Receive All Data:: {Rec_Data}	[MsgId: MERR-17999]
Action.c(48): Notify: Transaction "02_TCPTOTCP" will be skipped - could not calculate the transaction time (duration=9.9992, think_time=0.0000, wasted_time=10.0000).	[MsgId: MMSG-16889]
Action.c(49): Error: rc Fail	[MsgId: MERR-17999]
Action.c(50): Error: Fail Receive All Data:: {Rec_Data}	[MsgId: MERR-17999]
Action.c(22): Error : socket1 - Connection refused. Error code : 10061.	[MsgId: MERR10061]
Action.c(49): Error: rc Fail	[MsgId: MERR-17999]
Action.c(50): Error: Fail Receive All Data:: {Rec_Data}	[MsgId: MERR-17999]
Action.c(48): Notify: Transaction "02_TCPTOTCP" will be skipped - could not calculate the transaction time (duration=9.9997, think_time=0.0000, wasted_time=10.0000).	[MsgId: MMSG-16889]
Action.c(49): Error: rc Fail	[MsgId: MERR-17999]
Action.c(50): Error: Fail Receive All Data:: {Rec_Data}	[MsgId: MERR-17999]
Action.c(48): Notify: Transaction "02_TCPTOTCP" will be skipped - could not calculate the transaction time (duration=9.9997, think_time=0.0000, wasted_time=10.0000).	[MsgId: MMSG-16889]
Action.c(49): Error: rc Fail	[MsgId: MERR-17999]
Action.c(50): Error: Fail Receive All Data:: {Rec_Data}	[MsgId: MERR-17999]
Action.c(48): Notify: Transaction "02_TCPTOTCP" will be skipped - could not calculate the transaction time (duration=9.9997, think_time=0.0000, wasted_time=10.0000).	[MsgId: MMSG-16889]
Action.c(49): Error: rc Fail	[MsgId: MERR-17999]
Action.c(50): Error: Fail Receive All Data:: {Rec_Data}	[MsgId: MERR-17999]
Action.c(22): Error : socket1 - Connection refused. Error code : 10061.	[MsgId: MERR10061]
Action.c(49): Error: rc Fail	[MsgId: MERR-17999]
Action.c(50): Error: Fail Receive All Data:: 012345678901234567890123456789012345678901234567	[MsgId: MERR-17999]
Action.c(22): Error : socket1 - Connection refused. Error code : 10061.	[MsgId: MERR10061]
Action.c(49): Error: rc Fail	[MsgId: MERR-17999]
Action.c(50): Error: Fail Receive All Data:: 012345678901234567890123456789012345678901234567	[MsgId: MERR-17999]
Action.c(22): Error : socket1 - Connection refused. Error code : 10061.	[MsgId: MERR10061]
Action.c(49): Error: rc Fail	[MsgId: MERR-17999]
Action.c(50): Error: Fail Receive All Data:: 012345678901234567890123456789012345678901234567	[MsgId: MERR-17999]
Action.c(22): Error : socket1 - Connection refused. Error code : 10061.	[MsgId: MERR10061]
Action.c(49): Error: rc Fail	[MsgId: MERR-17999]
Action.c(50): Error: Fail Receive All Data:: 012345678901234567890123456789012345678901234567	[MsgId: MERR-17999]
Action.c(22): Error : socket1 - Connection refused. Error code : 10061.	[MsgId: MERR10061]
Action.c(49): Error: rc Fail	[MsgId: MERR-17999]
Action.c(50): Error: Fail Receive All Data:: 012345678901234567890123456789012345678901234567	[MsgId: MERR-17999]
Action.c(48): Notify: Transaction "02_TCPTOTCP" will be skipped - could not calculate the transaction time (duration=9.9996, think_time=0.0000, wasted_time=10.0000).	[MsgId: MMSG-16889]
Action.c(49): Error: rc Fail	[MsgId: MERR-17999]
Action.c(50): Error: Fail Receive All Data:: {Rec_Data}	[MsgId: MERR-17999]
Action.c(22): Error : socket1 - Connection refused. Error code : 10061.	[MsgId: MERR10061]
Action.c(49): Error: rc Fail	[MsgId: MERR-17999]
Action.c(50): Error: Fail Receive All Data:: 012345678901234567890123456789012345678901234567	[MsgId: MERR-17999]
Action.c(49): Error: rc Fail	[MsgId: MERR-17999]
Action.c(50): Error: Fail Receive All Data:: {Rec_Data}	[MsgId: MERR-17999]
Action.c(22): Error : socket1 - Connection refused. Error code : 10061.	[MsgId: MERR10061]
Action.c(49): Error: rc Fail	[MsgId: MERR-17999]
Action.c(50): Error: Fail Receive All Data:: {Rec_Data}	[MsgId: MERR-17999]
Action.c(22): Error : socket1 - Connection refused. Error code : 10061.	[MsgId: MERR10061]
Action.c(49): Error: rc Fail	[MsgId: MERR-17999]
Action.c(50): Error: Fail Receive All Data:: {Rec_Data}	[MsgId: MERR-17999]
Action.c(22): Error : socket1 - Connection refused. Error code : 10061.	[MsgId: MERR10061]
Action.c(49): Error: rc Fail	[MsgId: MERR-17999]
Action.c(50): Error: Fail Receive All Data:: {Rec_Data}	[MsgId: MERR-17999]
Action.c(22): Error : socket1 - Connection refused. Error code : 10061.	[MsgId: MERR10061]
Action.c(49): Error: rc Fail	[MsgId: MERR-17999]
Action.c(50): Error: Fail Receive All Data:: {Rec_Data}	[MsgId: MERR-17999]
Action.c(48): Notify: Transaction "02_TCPTOTCP" will be skipped - could not calculate the transaction time (duration=9.9993, think_time=0.0000, wasted_time=10.0000).	[MsgId: MMSG-16889]
Action.c(49): Error: rc Fail	[MsgId: MERR-17999]
Action.c(50): Error: Fail Receive All Data:: 012345678901234567890123456789012345678901234567	[MsgId: MERR-17999]
Action.c(49): Error: rc Fail	[MsgId: MERR-17999]
Action.c(49): Error: rc Fail	[MsgId: MERR-17999]
Action.c(50): Error: Fail Receive All Data:: {Rec_Data}	[MsgId: MERR-17999]
Action.c(50): Error: Fail Receive All Data:: {Rec_Data}	[MsgId: MERR-17999]
Action.c(22): Error : socket1 - Connection refused. Error code : 10061.	[MsgId: MERR10061]
Action.c(49): Error: rc Fail	[MsgId: MERR-17999]
Action.c(50): Error: Fail Receive All Data:: {Rec_Data}	[MsgId: MERR-17999]
Action.c(49): Error: rc Fail	[MsgId: MERR-17999]
Action.c(50): Error: Fail Receive All Data:: 012345678901234567890123456789012345678901234567	[MsgId: MERR-17999]
Action.c(48): Notify: Transaction "02_TCPTOTCP" will be skipped - could not calculate the transaction time (duration=9.9994, think_time=0.0000, wasted_time=10.0000).	[MsgId: MMSG-16889]
Action.c(49): Error: rc Fail	[MsgId: MERR-17999]
Action.c(50): Error: Fail Receive All Data:: 012345678901234567890123456789012345678901234567	[MsgId: MERR-17999]
Action.c(22): Error : socket1 - Connection refused. Error code : 10061.	[MsgId: MERR10061]
Action.c(49): Error: rc Fail	[MsgId: MERR-17999]
Action.c(50): Error: Fail Receive All Data:: {Rec_Data}	[MsgId: MERR-17999]
Action.c(49): Error: rc Fail	[MsgId: MERR-17999]
Action.c(50): Error: Fail Receive All Data:: 012345678901234567890123456789012345678901234567	[MsgId: MERR-17999]
