Action.c(22): Error : socket1 - Connection refused. Error code : 10061.	[MsgId: MERR10061]
Action.c(49): Error: rc Fail	[MsgId: MERR-17999]
Action.c(50): Error: Fail Receive All Data:: {Rec_Data}	[MsgId: MERR-17999]
Action.c(22): Error : socket1 - Connection refused. Error code : 10061.	[MsgId: MERR10061]
Action.c(49): Error: rc Fail	[MsgId: MERR-17999]
Action.c(50): Error: Fail Receive All Data:: {Rec_Data}	[MsgId: MERR-17999]
Action.c(22): Error : socket1 - Connection refused. Error code : 10061.	[MsgId: MERR10061]
Action.c(49): Error: rc Fail	[MsgId: MERR-17999]
Action.c(50): Error: Fail Receive All Data:: {Rec_Data}	[MsgId: MERR-17999]
Action.c(22): Error : socket1 - Connection refused. Error code : 10061.	[MsgId: MERR10061]
Action.c(49): Error: rc Fail	[MsgId: MERR-17999]
Action.c(50): Error: Fail Receive All Data:: {Rec_Data}	[MsgId: MERR-17999]
Warning: Iteration pacing cannot be reached (pace time = 3.00, actual time = 3.12).	[MsgId: MWAR-15995]
Action.c(22): Error : socket1 - Connection refused. Error code : 10061.	[MsgId: MERR10061]
Action.c(49): Error: rc Fail	[MsgId: MERR-17999]
Action.c(50): Error: Fail Receive All Data:: {Rec_Data}	[MsgId: MERR-17999]
Warning: Iteration pacing cannot be reached (pace time = 3.00, actual time = 3.34).	[MsgId: MWAR-15995]
Action.c(22): Error : socket1 - Connection refused. Error code : 10061.	[MsgId: MERR10061]
Action.c(49): Error: rc Fail	[MsgId: MERR-17999]
Action.c(22): Error : socket1 - Connection refused. Error code : 10061.	[MsgId: MERR10061]
Action.c(50): Error: Fail Receive All Data:: {Rec_Data}	[MsgId: MERR-17999]
Warning: Iteration pacing cannot be reached (pace time = 3.00, actual time = 3.60).	[MsgId: MWAR-15995]
Action.c(49): Error: rc Fail	[MsgId: MERR-17999]
Action.c(22): Error : socket1 - Connection refused. Error code : 10061.	[MsgId: MERR10061]
Action.c(50): Error: Fail Receive All Data:: {Rec_Data}	[MsgId: MERR-17999]
Warning: Iteration pacing cannot be reached (pace time = 3.00, actual time = 3.55).	[MsgId: MWAR-15995]
Action.c(22): Error : socket1 - Connection refused. Error code : 10061.	[MsgId: MERR10061]
Action.c(49): Error: rc Fail	[MsgId: MERR-17999]
Action.c(50): Error: Fail Receive All Data:: {Rec_Data}	[MsgId: MERR-17999]
Action.c(22): Error : socket1 - Connection refused. Error code : 10061.	[MsgId: MERR10061]
Warning: Iteration pacing cannot be reached (pace time = 3.00, actual time = 3.47).	[MsgId: MWAR-15995]
Action.c(49): Error: rc Fail	[MsgId: MERR-17999]
Action.c(50): Error: Fail Receive All Data:: {Rec_Data}	[MsgId: MERR-17999]
Warning: Iteration pacing cannot be reached (pace time = 3.00, actual time = 3.43).	[MsgId: MWAR-15995]
Action.c(22): Error : socket1 - Connection refused. Error code : 10061.	[MsgId: MERR10061]
Action.c(49): Error: rc Fail	[MsgId: MERR-17999]
Action.c(50): Error: Fail Receive All Data:: {Rec_Data}	[MsgId: MERR-17999]
Action.c(49): Error: rc Fail	[MsgId: MERR-17999]
Action.c(50): Error: Fail Receive All Data:: {Rec_Data}	[MsgId: MERR-17999]
Warning: Iteration pacing cannot be reached (pace time = 3.00, actual time = 3.35).	[MsgId: MWAR-15995]
Action.c(22): Error : socket1 - Connection refused. Error code : 10061.	[MsgId: MERR10061]
Warning: Iteration pacing cannot be reached (pace time = 3.00, actual time = 3.30).	[MsgId: MWAR-15995]
Action.c(49): Error: rc Fail	[MsgId: MERR-17999]
Action.c(50): Error: Fail Receive All Data:: {Rec_Data}	[MsgId: MERR-17999]
Warning: Iteration pacing cannot be reached (pace time = 3.00, actual time = 3.23).	[MsgId: MWAR-15995]
Action.c(22): Error : socket1 - Connection refused. Error code : 10061.	[MsgId: MERR10061]
Action.c(49): Error: rc Fail	[MsgId: MERR-17999]
Action.c(50): Error: Fail Receive All Data:: {Rec_Data}	[MsgId: MERR-17999]
Warning: Iteration pacing cannot be reached (pace time = 3.00, actual time = 3.18).	[MsgId: MWAR-15995]
Action.c(22): Error : socket1 - Connection refused. Error code : 10061.	[MsgId: MERR10061]
Action.c(49): Error: rc Fail	[MsgId: MERR-17999]
Action.c(50): Error: Fail Receive All Data:: {Rec_Data}	[MsgId: MERR-17999]
Warning: Iteration pacing cannot be reached (pace time = 3.00, actual time = 3.12).	[MsgId: MWAR-15995]
Action.c(22): Error : socket1 - Connection refused. Error code : 10061.	[MsgId: MERR10061]
Action.c(49): Error: rc Fail	[MsgId: MERR-17999]
Action.c(50): Error: Fail Receive All Data:: {Rec_Data}	[MsgId: MERR-17999]
Warning: Iteration pacing cannot be reached (pace time = 3.00, actual time = 3.15).	[MsgId: MWAR-15995]
Action.c(22): Error : socket1 - Connection refused. Error code : 10061.	[MsgId: MERR10061]
Action.c(49): Error: rc Fail	[MsgId: MERR-17999]
Action.c(50): Error: Fail Receive All Data:: {Rec_Data}	[MsgId: MERR-17999]
Warning: Iteration pacing cannot be reached (pace time = 3.00, actual time = 3.14).	[MsgId: MWAR-15995]
Action.c(22): Error : socket1 - Connection refused. Error code : 10061.	[MsgId: MERR10061]
Action.c(49): Error: rc Fail	[MsgId: MERR-17999]
Action.c(50): Error: Fail Receive All Data:: {Rec_Data}	[MsgId: MERR-17999]
Warning: Iteration pacing cannot be reached (pace time = 3.00, actual time = 3.10).	[MsgId: MWAR-15995]
Action.c(22): Error : socket1 - Connection refused. Error code : 10061.	[MsgId: MERR10061]
Action.c(49): Error: rc Fail	[MsgId: MERR-17999]
Action.c(50): Error: Fail Receive All Data:: {Rec_Data}	[MsgId: MERR-17999]
Warning: Iteration pacing cannot be reached (pace time = 3.00, actual time = 3.02).	[MsgId: MWAR-15995]
Action.c(22): Error : socket1 - Connection refused. Error code : 10061.	[MsgId: MERR10061]
Action.c(49): Error: rc Fail	[MsgId: MERR-17999]
Action.c(50): Error: Fail Receive All Data:: {Rec_Data}	[MsgId: MERR-17999]
Warning: Iteration pacing cannot be reached (pace time = 3.00, actual time = 4.33).	[MsgId: MWAR-15995]
Action.c(22): Error : socket1 - Connection refused. Error code : 10061.	[MsgId: MERR10061]
Action.c(49): Error: rc Fail	[MsgId: MERR-17999]
Action.c(50): Error: Fail Receive All Data:: {Rec_Data}	[MsgId: MERR-17999]
Warning: Iteration pacing cannot be reached (pace time = 3.00, actual time = 4.40).	[MsgId: MWAR-15995]
Action.c(22): Error : socket1 - Connection refused. Error code : 10061.	[MsgId: MERR10061]
Action.c(22): Error : socket1 - Connection refused. Error code : 10061.	[MsgId: MERR10061]
Action.c(49): Error: rc Fail	[MsgId: MERR-17999]
Action.c(50): Error: Fail Receive All Data:: {Rec_Data}	[MsgId: MERR-17999]
Warning: Iteration pacing cannot be reached (pace time = 3.00, actual time = 4.52).	[MsgId: MWAR-15995]
Action.c(22): Error : socket1 - Connection refused. Error code : 10061.	[MsgId: MERR10061]
Action.c(49): Error: rc Fail	[MsgId: MERR-17999]
Action.c(50): Error: Fail Receive All Data:: {Rec_Data}	[MsgId: MERR-17999]
Warning: Iteration pacing cannot be reached (pace time = 3.00, actual time = 4.44).	[MsgId: MWAR-15995]
Action.c(49): Error: rc Fail	[MsgId: MERR-17999]
Action.c(50): Error: Fail Receive All Data:: {Rec_Data}	[MsgId: MERR-17999]
Warning: Iteration pacing cannot be reached (pace time = 3.00, actual time = 4.39).	[MsgId: MWAR-15995]
Action.c(22): Error : socket1 - Connection refused. Error code : 10061.	[MsgId: MERR10061]
Action.c(49): Error: rc Fail	[MsgId: MERR-17999]
Action.c(50): Error: Fail Receive All Data:: {Rec_Data}	[MsgId: MERR-17999]
Warning: Iteration pacing cannot be reached (pace time = 3.00, actual time = 4.33).	[MsgId: MWAR-15995]
Action.c(22): Error : socket1 - Connection refused. Error code : 10061.	[MsgId: MERR10061]
Action.c(49): Error: rc Fail	[MsgId: MERR-17999]
Action.c(50): Error: Fail Receive All Data:: {Rec_Data}	[MsgId: MERR-17999]
Warning: Iteration pacing cannot be reached (pace time = 3.00, actual time = 4.34).	[MsgId: MWAR-15995]
Action.c(22): Error : socket1 - Connection refused. Error code : 10061.	[MsgId: MERR10061]
Action.c(49): Error: rc Fail	[MsgId: MERR-17999]
Action.c(50): Error: Fail Receive All Data:: {Rec_Data}	[MsgId: MERR-17999]
Warning: Iteration pacing cannot be reached (pace time = 3.00, actual time = 4.54).	[MsgId: MWAR-15995]
Action.c(22): Error : socket1 - Connection refused. Error code : 10061.	[MsgId: MERR10061]
Action.c(49): Error: rc Fail	[MsgId: MERR-17999]
Action.c(50): Error: Fail Receive All Data:: {Rec_Data}	[MsgId: MERR-17999]
Action.c(22): Error : socket1 - Connection refused. Error code : 10061.	[MsgId: MERR10061]
Warning: Iteration pacing cannot be reached (pace time = 3.00, actual time = 4.84).	[MsgId: MWAR-15995]
Action.c(49): Error: rc Fail	[MsgId: MERR-17999]
Action.c(50): Error: Fail Receive All Data:: {Rec_Data}	[MsgId: MERR-17999]
Warning: Iteration pacing cannot be reached (pace time = 3.00, actual time = 4.79).	[MsgId: MWAR-15995]
Action.c(22): Error : socket1 - Connection refused. Error code : 10061.	[MsgId: MERR10061]
Action.c(49): Error: rc Fail	[MsgId: MERR-17999]
Action.c(50): Error: Fail Receive All Data:: {Rec_Data}	[MsgId: MERR-17999]
Warning: Iteration pacing cannot be reached (pace time = 3.00, actual time = 4.82).	[MsgId: MWAR-15995]
Action.c(22): Error : socket1 - Connection refused. Error code : 10061.	[MsgId: MERR10061]
Action.c(49): Error: rc Fail	[MsgId: MERR-17999]
Action.c(50): Error: Fail Receive All Data:: {Rec_Data}	[MsgId: MERR-17999]
Warning: Iteration pacing cannot be reached (pace time = 3.00, actual time = 4.42).	[MsgId: MWAR-15995]
Action.c(22): Error : socket1 - Connection refused. Error code : 10061.	[MsgId: MERR10061]
Action.c(49): Error: rc Fail	[MsgId: MERR-17999]
Action.c(50): Error: Fail Receive All Data:: {Rec_Data}	[MsgId: MERR-17999]
Action.c(22): Error : socket1 - Connection refused. Error code : 10061.	[MsgId: MERR10061]
Action.c(49): Error: rc Fail	[MsgId: MERR-17999]
Action.c(22): Error : socket1 - Connection refused. Error code : 10061.	[MsgId: MERR10061]
Action.c(50): Error: Fail Receive All Data:: {Rec_Data}	[MsgId: MERR-17999]
Action.c(49): Error: rc Fail	[MsgId: MERR-17999]
Action.c(50): Error: Fail Receive All Data:: {Rec_Data}	[MsgId: MERR-17999]
Action.c(22): Error : socket1 - Connection refused. Error code : 10061.	[MsgId: MERR10061]
Action.c(49): Error: rc Fail	[MsgId: MERR-17999]
Action.c(50): Error: Fail Receive All Data:: {Rec_Data}	[MsgId: MERR-17999]
Action.c(49): Error: rc Fail	[MsgId: MERR-17999]
Action.c(50): Error: Fail Receive All Data:: {Rec_Data}	[MsgId: MERR-17999]
Action.c(49): Error: rc Fail	[MsgId: MERR-17999]
Action.c(50): Error: Fail Receive All Data:: {Rec_Data}	[MsgId: MERR-17999]
Action.c(48): Notify: Transaction "02_TCPTOTCP" will be skipped - could not calculate the transaction time (duration=9.9995, think_time=0.0000, wasted_time=10.0000).	[MsgId: MMSG-16889]
Action.c(49): Error: rc Fail	[MsgId: MERR-17999]
Action.c(50): Error: Fail Receive All Data:: {Rec_Data}	[MsgId: MERR-17999]
Action.c(49): Error: rc Fail	[MsgId: MERR-17999]
Action.c(50): Error: Fail Receive All Data:: {Rec_Data}	[MsgId: MERR-17999]
Action.c(49): Error: rc Fail	[MsgId: MERR-17999]
Action.c(50): Error: Fail Receive All Data:: {Rec_Data}	[MsgId: MERR-17999]
Action.c(48): Notify: Transaction "02_TCPTOTCP" will be skipped - could not calculate the transaction time (duration=9.9995, think_time=0.0000, wasted_time=10.0000).	[MsgId: MMSG-16889]
Action.c(49): Error: rc Fail	[MsgId: MERR-17999]
Action.c(50): Error: Fail Receive All Data:: {Rec_Data}	[MsgId: MERR-17999]
Action.c(49): Error: rc Fail	[MsgId: MERR-17999]
Action.c(50): Error: Fail Receive All Data:: {Rec_Data}	[MsgId: MERR-17999]
Action.c(49): Error: rc Fail	[MsgId: MERR-17999]
Action.c(50): Error: Fail Receive All Data:: {Rec_Data}	[MsgId: MERR-17999]
Action.c(49): Error: rc Fail	[MsgId: MERR-17999]
Action.c(50): Error: Fail Receive All Data:: {Rec_Data}	[MsgId: MERR-17999]
Action.c(48): Notify: Transaction "02_TCPTOTCP" will be skipped - could not calculate the transaction time (duration=9.9995, think_time=0.0000, wasted_time=10.0000).	[MsgId: MMSG-16889]
Action.c(49): Error: rc Fail	[MsgId: MERR-17999]
Action.c(50): Error: Fail Receive All Data:: {Rec_Data}	[MsgId: MERR-17999]
Action.c(48): Notify: Transaction "02_TCPTOTCP" will be skipped - could not calculate the transaction time (duration=9.9994, think_time=0.0000, wasted_time=10.0000).	[MsgId: MMSG-16889]
Action.c(49): Error: rc Fail	[MsgId: MERR-17999]
Action.c(50): Error: Fail Receive All Data:: {Rec_Data}	[MsgId: MERR-17999]
Action.c(49): Error: rc Fail	[MsgId: MERR-17999]
Action.c(50): Error: Fail Receive All Data:: {Rec_Data}	[MsgId: MERR-17999]
Action.c(49): Error: rc Fail	[MsgId: MERR-17999]
Action.c(50): Error: Fail Receive All Data:: {Rec_Data}	[MsgId: MERR-17999]
Action.c(48): Notify: Transaction "02_TCPTOTCP" will be skipped - could not calculate the transaction time (duration=9.9995, think_time=0.0000, wasted_time=10.0000).	[MsgId: MMSG-16889]
Action.c(49): Error: rc Fail	[MsgId: MERR-17999]
Action.c(50): Error: Fail Receive All Data:: {Rec_Data}	[MsgId: MERR-17999]
Action.c(48): Notify: Transaction "02_TCPTOTCP" will be skipped - could not calculate the transaction time (duration=9.9994, think_time=0.0000, wasted_time=10.0000).	[MsgId: MMSG-16889]
Action.c(49): Error: rc Fail	[MsgId: MERR-17999]
Action.c(50): Error: Fail Receive All Data:: {Rec_Data}	[MsgId: MERR-17999]
Action.c(48): Notify: Transaction "02_TCPTOTCP" will be skipped - could not calculate the transaction time (duration=9.9987, think_time=0.0000, wasted_time=10.0000).	[MsgId: MMSG-16889]
Action.c(49): Error: rc Fail	[MsgId: MERR-17999]
Action.c(50): Error: Fail Receive All Data:: {Rec_Data}	[MsgId: MERR-17999]
Action.c(48): Notify: Transaction "02_TCPTOTCP" will be skipped - could not calculate the transaction time (duration=9.9994, think_time=0.0000, wasted_time=10.0000).	[MsgId: MMSG-16889]
Action.c(49): Error: rc Fail	[MsgId: MERR-17999]
Action.c(50): Error: Fail Receive All Data:: {Rec_Data}	[MsgId: MERR-17999]
Action.c(22): Error : socket1 - Connection refused. Error code : 10061.	[MsgId: MERR10061]
Action.c(49): Error: rc Fail	[MsgId: MERR-17999]
Action.c(50): Error: Fail Receive All Data:: {Rec_Data}	[MsgId: MERR-17999]
Action.c(22): Error : socket1 - Connection refused. Error code : 10061.	[MsgId: MERR10061]
Action.c(49): Error: rc Fail	[MsgId: MERR-17999]
Action.c(50): Error: Fail Receive All Data:: {Rec_Data}	[MsgId: MERR-17999]
Action.c(22): Error : socket1 - Connection refused. Error code : 10061.	[MsgId: MERR10061]
Action.c(49): Error: rc Fail	[MsgId: MERR-17999]
Action.c(50): Error: Fail Receive All Data:: {Rec_Data}	[MsgId: MERR-17999]
Action.c(22): Error : socket1 - Connection refused. Error code : 10061.	[MsgId: MERR10061]
Action.c(49): Error: rc Fail	[MsgId: MERR-17999]
Action.c(50): Error: Fail Receive All Data:: {Rec_Data}	[MsgId: MERR-17999]
Action.c(49): Error: rc Fail	[MsgId: MERR-17999]
Action.c(50): Error: Fail Receive All Data:: {Rec_Data}	[MsgId: MERR-17999]
Action.c(49): Error: rc Fail	[MsgId: MERR-17999]
Action.c(50): Error: Fail Receive All Data:: {Rec_Data}	[MsgId: MERR-17999]
Action.c(22): Error : socket1 - Connection refused. Error code : 10061.	[MsgId: MERR10061]
Action.c(49): Error: rc Fail	[MsgId: MERR-17999]
Action.c(50): Error: Fail Receive All Data:: {Rec_Data}	[MsgId: MERR-17999]
Action.c(48): Notify: Transaction "02_TCPTOTCP" will be skipped - could not calculate the transaction time (duration=9.9994, think_time=0.0000, wasted_time=10.0000).	[MsgId: MMSG-16889]
Action.c(49): Error: rc Fail	[MsgId: MERR-17999]
Action.c(50): Error: Fail Receive All Data:: {Rec_Data}	[MsgId: MERR-17999]
Action.c(22): Error : socket1 - Connection refused. Error code : 10061.	[MsgId: MERR10061]
Action.c(49): Error: rc Fail	[MsgId: MERR-17999]
Action.c(50): Error: Fail Receive All Data:: {Rec_Data}	[MsgId: MERR-17999]
Action.c(22): Error : socket1 - Connection refused. Error code : 10061.	[MsgId: MERR10061]
Action.c(49): Error: rc Fail	[MsgId: MERR-17999]
Action.c(50): Error: Fail Receive All Data:: {Rec_Data}	[MsgId: MERR-17999]
Action.c(22): Error : socket1 - Connection refused. Error code : 10061.	[MsgId: MERR10061]
Action.c(49): Error: rc Fail	[MsgId: MERR-17999]
Action.c(50): Error: Fail Receive All Data:: {Rec_Data}	[MsgId: MERR-17999]
Action.c(49): Error: rc Fail	[MsgId: MERR-17999]
Action.c(50): Error: Fail Receive All Data:: {Rec_Data}	[MsgId: MERR-17999]
Action.c(49): Error: rc Fail	[MsgId: MERR-17999]
Action.c(49): Error: rc Fail	[MsgId: MERR-17999]
Action.c(49): Error: rc Fail	[MsgId: MERR-17999]
Action.c(49): Error: rc Fail	[MsgId: MERR-17999]
Action.c(49): Error: rc Fail	[MsgId: MERR-17999]
Action.c(49): Error: rc Fail	[MsgId: MERR-17999]
Action.c(49): Error: rc Fail	[MsgId: MERR-17999]
Action.c(49): Error: rc Fail	[MsgId: MERR-17999]
Action.c(49): Error: rc Fail	[MsgId: MERR-17999]
Action.c(50): Error: Fail Receive All Data:: {Rec_Data}	[MsgId: MERR-17999]
Action.c(50): Error: Fail Receive All Data:: {Rec_Data}	[MsgId: MERR-17999]
Action.c(50): Error: Fail Receive All Data:: {Rec_Data}	[MsgId: MERR-17999]
Action.c(50): Error: Fail Receive All Data:: {Rec_Data}	[MsgId: MERR-17999]
Action.c(50): Error: Fail Receive All Data:: {Rec_Data}	[MsgId: MERR-17999]
Action.c(50): Error: Fail Receive All Data:: {Rec_Data}	[MsgId: MERR-17999]
Action.c(50): Error: Fail Receive All Data:: {Rec_Data}	[MsgId: MERR-17999]
Action.c(50): Error: Fail Receive All Data:: {Rec_Data}	[MsgId: MERR-17999]
Action.c(50): Error: Fail Receive All Data:: {Rec_Data}	[MsgId: MERR-17999]
Action.c(48): Notify: Transaction "02_TCPTOTCP" will be skipped - could not calculate the transaction time (duration=9.9997, think_time=0.0000, wasted_time=10.0000).	[MsgId: MMSG-16889]
Action.c(49): Error: rc Fail	[MsgId: MERR-17999]
Action.c(50): Error: Fail Receive All Data:: {Rec_Data}	[MsgId: MERR-17999]
Action.c(48): Notify: Transaction "02_TCPTOTCP" will be skipped - could not calculate the transaction time (duration=9.9996, think_time=0.0000, wasted_time=10.0000).	[MsgId: MMSG-16889]
Action.c(49): Error: rc Fail	[MsgId: MERR-17999]
Action.c(50): Error: Fail Receive All Data:: {Rec_Data}	[MsgId: MERR-17999]
Action.c(48): Notify: Transaction "02_TCPTOTCP" will be skipped - could not calculate the transaction time (duration=9.9997, think_time=0.0000, wasted_time=10.0000).	[MsgId: MMSG-16889]
Action.c(49): Error: rc Fail	[MsgId: MERR-17999]
Action.c(50): Error: Fail Receive All Data:: {Rec_Data}	[MsgId: MERR-17999]
