Action.c(22): Error : socket1 - Connection refused. Error code : 10061.	[MsgId: MERR10061]
Action.c(49): Error: rc Fail	[MsgId: MERR-17999]
Action.c(50): Error: Fail Receive All Data:: {Rec_Data}	[MsgId: MERR-17999]
Action.c(22): Error : socket1 - Connection refused. Error code : 10061.	[MsgId: MERR10061]
Action.c(22): Error : socket1 - Connection refused. Error code : 10061.	[MsgId: MERR10061]
Action.c(49): Error: rc Fail	[MsgId: MERR-17999]
Action.c(50): Error: Fail Receive All Data:: {Rec_Data}	[MsgId: MERR-17999]
Action.c(49): Error: rc Fail	[MsgId: MERR-17999]
Action.c(50): Error: Fail Receive All Data:: {Rec_Data}	[MsgId: MERR-17999]
Action.c(22): Error : socket1 - Connection refused. Error code : 10061.	[MsgId: MERR10061]
Action.c(49): Error: rc Fail	[MsgId: MERR-17999]
Action.c(50): Error: Fail Receive All Data:: {Rec_Data}	[MsgId: MERR-17999]
Action.c(22): Error : socket1 - Connection refused. Error code : 10061.	[MsgId: MERR10061]
Action.c(49): Error: rc Fail	[MsgId: MERR-17999]
Action.c(50): Error: Fail Receive All Data:: {Rec_Data}	[MsgId: MERR-17999]
Action.c(22): Error : socket1 - Connection refused. Error code : 10061.	[MsgId: MERR10061]
Action.c(49): Error: rc Fail	[MsgId: MERR-17999]
Action.c(22): Error : socket1 - Connection refused. Error code : 10061.	[MsgId: MERR10061]
Action.c(50): Error: Fail Receive All Data:: {Rec_Data}	[MsgId: MERR-17999]
Action.c(49): Error: rc Fail	[MsgId: MERR-17999]
Action.c(50): Error: Fail Receive All Data:: {Rec_Data}	[MsgId: MERR-17999]
Action.c(22): Error : socket1 - Connection refused. Error code : 10061.	[MsgId: MERR10061]
Action.c(49): Error: rc Fail	[MsgId: MERR-17999]
Action.c(50): Error: Fail Receive All Data:: {Rec_Data}	[MsgId: MERR-17999]
Action.c(22): Error : socket1 - Connection refused. Error code : 10061.	[MsgId: MERR10061]
Action.c(49): Error: rc Fail	[MsgId: MERR-17999]
Action.c(50): Error: Fail Receive All Data:: {Rec_Data}	[MsgId: MERR-17999]
Action.c(22): Error : socket1 - Connection refused. Error code : 10061.	[MsgId: MERR10061]
Action.c(49): Error: rc Fail	[MsgId: MERR-17999]
Action.c(50): Error: Fail Receive All Data:: {Rec_Data}	[MsgId: MERR-17999]
Action.c(22): Error : socket1 - Connection refused. Error code : 10061.	[MsgId: MERR10061]
Action.c(49): Error: rc Fail	[MsgId: MERR-17999]
Action.c(50): Error: Fail Receive All Data:: {Rec_Data}	[MsgId: MERR-17999]
Action.c(22): Error : socket1 - Connection refused. Error code : 10061.	[MsgId: MERR10061]
Action.c(49): Error: rc Fail	[MsgId: MERR-17999]
Action.c(50): Error: Fail Receive All Data:: {Rec_Data}	[MsgId: MERR-17999]
Action.c(22): Error : socket1 - Connection refused. Error code : 10061.	[MsgId: MERR10061]
Action.c(49): Error: rc Fail	[MsgId: MERR-17999]
Action.c(22): Error : socket1 - Connection refused. Error code : 10061.	[MsgId: MERR10061]
Action.c(50): Error: Fail Receive All Data:: {Rec_Data}	[MsgId: MERR-17999]
Action.c(49): Error: rc Fail	[MsgId: MERR-17999]
Action.c(50): Error: Fail Receive All Data:: {Rec_Data}	[MsgId: MERR-17999]
Action.c(22): Error : socket1 - Connection refused. Error code : 10061.	[MsgId: MERR10061]
Action.c(49): Error: rc Fail	[MsgId: MERR-17999]
Action.c(50): Error: Fail Receive All Data:: {Rec_Data}	[MsgId: MERR-17999]
Action.c(22): Error : socket1 - Connection refused. Error code : 10061.	[MsgId: MERR10061]
Action.c(49): Error: rc Fail	[MsgId: MERR-17999]
Action.c(50): Error: Fail Receive All Data:: {Rec_Data}	[MsgId: MERR-17999]
Action.c(22): Error : socket1 - Connection refused. Error code : 10061.	[MsgId: MERR10061]
Action.c(49): Error: rc Fail	[MsgId: MERR-17999]
Action.c(50): Error: Fail Receive All Data:: {Rec_Data}	[MsgId: MERR-17999]
Action.c(22): Error : socket1 - Connection refused. Error code : 10061.	[MsgId: MERR10061]
Action.c(49): Error: rc Fail	[MsgId: MERR-17999]
Action.c(50): Error: Fail Receive All Data:: {Rec_Data}	[MsgId: MERR-17999]
Action.c(22): Error : socket1 - Connection refused. Error code : 10061.	[MsgId: MERR10061]
Action.c(49): Error: rc Fail	[MsgId: MERR-17999]
Action.c(50): Error: Fail Receive All Data:: {Rec_Data}	[MsgId: MERR-17999]
Action.c(22): Error : socket1 - Connection refused. Error code : 10061.	[MsgId: MERR10061]
Action.c(49): Error: rc Fail	[MsgId: MERR-17999]
Action.c(50): Error: Fail Receive All Data:: {Rec_Data}	[MsgId: MERR-17999]
Action.c(22): Error : socket1 - Connection refused. Error code : 10061.	[MsgId: MERR10061]
Action.c(49): Error: rc Fail	[MsgId: MERR-17999]
Action.c(50): Error: Fail Receive All Data:: {Rec_Data}	[MsgId: MERR-17999]
Action.c(22): Error : socket1 - Connection refused. Error code : 10061.	[MsgId: MERR10061]
Action.c(49): Error: rc Fail	[MsgId: MERR-17999]
Action.c(50): Error: Fail Receive All Data:: {Rec_Data}	[MsgId: MERR-17999]
Action.c(22): Error : socket1 - Connection refused. Error code : 10061.	[MsgId: MERR10061]
Action.c(49): Error: rc Fail	[MsgId: MERR-17999]
Action.c(50): Error: Fail Receive All Data:: {Rec_Data}	[MsgId: MERR-17999]
Warning: Iteration pacing cannot be reached (pace time = 3.00, actual time = 3.01).	[MsgId: MWAR-15995]
Warning: Iteration pacing cannot be reached (pace time = 3.00, actual time = 7.95).	[MsgId: MWAR-15995]
Warning: Iteration pacing cannot be reached (pace time = 3.00, actual time = 9.20).	[MsgId: MWAR-15995]
Warning: Iteration pacing cannot be reached (pace time = 3.00, actual time = 9.16).	[MsgId: MWAR-15995]
Action.c(22): Error : socket1 - Connection refused. Error code : 10061.	[MsgId: MERR10061]
Action.c(49): Error: rc Fail	[MsgId: MERR-17999]
Action.c(50): Error: Fail Receive All Data:: {Rec_Data}	[MsgId: MERR-17999]
Warning: Iteration pacing cannot be reached (pace time = 3.00, actual time = 4.32).	[MsgId: MWAR-15995]
Action.c(49): Error: rc Fail	[MsgId: MERR-17999]
Action.c(50): Error: Fail Receive All Data:: {Rec_Data}	[MsgId: MERR-17999]
Warning: Iteration pacing cannot be reached (pace time = 3.00, actual time = 10.02).	[MsgId: MWAR-15995]
Action.c(49): Error: rc Fail	[MsgId: MERR-17999]
Action.c(50): Error: Fail Receive All Data:: {Rec_Data}	[MsgId: MERR-17999]
Warning: Iteration pacing cannot be reached (pace time = 3.00, actual time = 10.02).	[MsgId: MWAR-15995]
Action.c(49): Error: rc Fail	[MsgId: MERR-17999]
Action.c(50): Error: Fail Receive All Data:: {Rec_Data}	[MsgId: MERR-17999]
Warning: Iteration pacing cannot be reached (pace time = 3.00, actual time = 10.02).	[MsgId: MWAR-15995]
Action.c(49): Error: rc Fail	[MsgId: MERR-17999]
Action.c(50): Error: Fail Receive All Data:: {Rec_Data}	[MsgId: MERR-17999]
Warning: Iteration pacing cannot be reached (pace time = 3.00, actual time = 10.02).	[MsgId: MWAR-15995]
Action.c(49): Error: rc Fail	[MsgId: MERR-17999]
Action.c(50): Error: Fail Receive All Data:: {Rec_Data}	[MsgId: MERR-17999]
Warning: Iteration pacing cannot be reached (pace time = 3.00, actual time = 10.02).	[MsgId: MWAR-15995]
Action.c(49): Error: rc Fail	[MsgId: MERR-17999]
Action.c(50): Error: Fail Receive All Data:: {Rec_Data}	[MsgId: MERR-17999]
Warning: Iteration pacing cannot be reached (pace time = 3.00, actual time = 10.02).	[MsgId: MWAR-15995]
Action.c(22): Error : socket1 - Connection refused. Error code : 10061.	[MsgId: MERR10061]
Action.c(49): Error: rc Fail	[MsgId: MERR-17999]
Action.c(50): Error: Fail Receive All Data:: {Rec_Data}	[MsgId: MERR-17999]
Warning: Iteration pacing cannot be reached (pace time = 3.00, actual time = 4.88).	[MsgId: MWAR-15995]
Action.c(22): Error : socket1 - Connection refused. Error code : 10061.	[MsgId: MERR10061]
Action.c(49): Error: rc Fail	[MsgId: MERR-17999]
Action.c(50): Error: Fail Receive All Data:: {Rec_Data}	[MsgId: MERR-17999]
Warning: Iteration pacing cannot be reached (pace time = 3.00, actual time = 4.82).	[MsgId: MWAR-15995]
Action.c(22): Error : socket1 - Connection refused. Error code : 10061.	[MsgId: MERR10061]
Action.c(49): Error: rc Fail	[MsgId: MERR-17999]
Action.c(50): Error: Fail Receive All Data:: {Rec_Data}	[MsgId: MERR-17999]
Warning: Iteration pacing cannot be reached (pace time = 3.00, actual time = 4.75).	[MsgId: MWAR-15995]
Action.c(49): Error: rc Fail	[MsgId: MERR-17999]
Action.c(50): Error: Fail Receive All Data:: {Rec_Data}	[MsgId: MERR-17999]
Warning: Iteration pacing cannot be reached (pace time = 3.00, actual time = 10.02).	[MsgId: MWAR-15995]
Action.c(49): Error: rc Fail	[MsgId: MERR-17999]
Action.c(50): Error: Fail Receive All Data:: {Rec_Data}	[MsgId: MERR-17999]
Warning: Iteration pacing cannot be reached (pace time = 3.00, actual time = 10.02).	[MsgId: MWAR-15995]
Action.c(49): Error: rc Fail	[MsgId: MERR-17999]
Action.c(50): Error: Fail Receive All Data:: {Rec_Data}	[MsgId: MERR-17999]
Warning: Iteration pacing cannot be reached (pace time = 3.00, actual time = 10.02).	[MsgId: MWAR-15995]
Action.c(49): Error: rc Fail	[MsgId: MERR-17999]
Action.c(50): Error: Fail Receive All Data:: {Rec_Data}	[MsgId: MERR-17999]
Warning: Iteration pacing cannot be reached (pace time = 3.00, actual time = 10.02).	[MsgId: MWAR-15995]
Action.c(49): Error: rc Fail	[MsgId: MERR-17999]
Action.c(50): Error: Fail Receive All Data:: {Rec_Data}	[MsgId: MERR-17999]
Warning: Iteration pacing cannot be reached (pace time = 3.00, actual time = 10.02).	[MsgId: MWAR-15995]
Action.c(49): Error: rc Fail	[MsgId: MERR-17999]
Action.c(50): Error: Fail Receive All Data:: {Rec_Data}	[MsgId: MERR-17999]
Action.c(49): Error: rc Fail	[MsgId: MERR-17999]
Action.c(50): Error: Fail Receive All Data:: {Rec_Data}	[MsgId: MERR-17999]
Action.c(48): Notify: Transaction "02_TCPTOTCP" will be skipped - could not calculate the transaction time (duration=9.9995, think_time=0.0000, wasted_time=10.0000).	[MsgId: MMSG-16889]
Action.c(49): Error: rc Fail	[MsgId: MERR-17999]
Action.c(50): Error: Fail Receive All Data:: {Rec_Data}	[MsgId: MERR-17999]
Action.c(49): Error: rc Fail	[MsgId: MERR-17999]
Action.c(50): Error: Fail Receive All Data:: {Rec_Data}	[MsgId: MERR-17999]
Action.c(49): Error: rc Fail	[MsgId: MERR-17999]
Action.c(50): Error: Fail Receive All Data:: {Rec_Data}	[MsgId: MERR-17999]
Action.c(48): Notify: Transaction "02_TCPTOTCP" will be skipped - could not calculate the transaction time (duration=9.9994, think_time=0.0000, wasted_time=10.0000).	[MsgId: MMSG-16889]
Action.c(49): Error: rc Fail	[MsgId: MERR-17999]
Action.c(50): Error: Fail Receive All Data:: {Rec_Data}	[MsgId: MERR-17999]
Action.c(48): Notify: Transaction "02_TCPTOTCP" will be skipped - could not calculate the transaction time (duration=9.9995, think_time=0.0000, wasted_time=10.0000).	[MsgId: MMSG-16889]
Action.c(49): Error: rc Fail	[MsgId: MERR-17999]
Action.c(50): Error: Fail Receive All Data:: {Rec_Data}	[MsgId: MERR-17999]
Action.c(49): Error: rc Fail	[MsgId: MERR-17999]
Action.c(50): Error: Fail Receive All Data:: {Rec_Data}	[MsgId: MERR-17999]
Action.c(48): Notify: Transaction "02_TCPTOTCP" will be skipped - could not calculate the transaction time (duration=9.9993, think_time=0.0000, wasted_time=10.0000).	[MsgId: MMSG-16889]
Action.c(49): Error: rc Fail	[MsgId: MERR-17999]
Action.c(50): Error: Fail Receive All Data:: {Rec_Data}	[MsgId: MERR-17999]
Action.c(49): Error: rc Fail	[MsgId: MERR-17999]
Action.c(50): Error: Fail Receive All Data:: {Rec_Data}	[MsgId: MERR-17999]
Action.c(49): Error: rc Fail	[MsgId: MERR-17999]
Action.c(50): Error: Fail Receive All Data:: {Rec_Data}	[MsgId: MERR-17999]
Action.c(49): Error: rc Fail	[MsgId: MERR-17999]
Action.c(50): Error: Fail Receive All Data:: {Rec_Data}	[MsgId: MERR-17999]
Action.c(22): Error : socket1 - Connection refused. Error code : 10061.	[MsgId: MERR10061]
Action.c(49): Error: rc Fail	[MsgId: MERR-17999]
Action.c(50): Error: Fail Receive All Data:: {Rec_Data}	[MsgId: MERR-17999]
Action.c(22): Error : socket1 - Connection refused. Error code : 10061.	[MsgId: MERR10061]
Action.c(49): Error: rc Fail	[MsgId: MERR-17999]
Action.c(50): Error: Fail Receive All Data:: {Rec_Data}	[MsgId: MERR-17999]
Action.c(22): Error : socket1 - Connection refused. Error code : 10061.	[MsgId: MERR10061]
Action.c(49): Error: rc Fail	[MsgId: MERR-17999]
Action.c(50): Error: Fail Receive All Data:: {Rec_Data}	[MsgId: MERR-17999]
Action.c(22): Error : socket1 - Connection refused. Error code : 10061.	[MsgId: MERR10061]
Action.c(49): Error: rc Fail	[MsgId: MERR-17999]
Action.c(50): Error: Fail Receive All Data:: {Rec_Data}	[MsgId: MERR-17999]
Action.c(22): Error : socket1 - Connection refused. Error code : 10061.	[MsgId: MERR10061]
Action.c(49): Error: rc Fail	[MsgId: MERR-17999]
Action.c(50): Error: Fail Receive All Data:: {Rec_Data}	[MsgId: MERR-17999]
Action.c(49): Error: rc Fail	[MsgId: MERR-17999]
Action.c(50): Error: Fail Receive All Data:: {Rec_Data}	[MsgId: MERR-17999]
Action.c(22): Error : socket1 - Connection refused. Error code : 10061.	[MsgId: MERR10061]
Action.c(49): Error: rc Fail	[MsgId: MERR-17999]
Action.c(50): Error: Fail Receive All Data:: {Rec_Data}	[MsgId: MERR-17999]
Action.c(49): Error: rc Fail	[MsgId: MERR-17999]
Action.c(50): Error: Fail Receive All Data:: {Rec_Data}	[MsgId: MERR-17999]
Action.c(49): Error: rc Fail	[MsgId: MERR-17999]
Action.c(50): Error: Fail Receive All Data:: {Rec_Data}	[MsgId: MERR-17999]
Action.c(48): Notify: Transaction "02_TCPTOTCP" will be skipped - could not calculate the transaction time (duration=9.9995, think_time=0.0000, wasted_time=10.0000).	[MsgId: MMSG-16889]
Action.c(49): Error: rc Fail	[MsgId: MERR-17999]
Action.c(50): Error: Fail Receive All Data:: {Rec_Data}	[MsgId: MERR-17999]
Action.c(48): Notify: Transaction "02_TCPTOTCP" will be skipped - could not calculate the transaction time (duration=9.9994, think_time=0.0000, wasted_time=10.0000).	[MsgId: MMSG-16889]
Action.c(49): Error: rc Fail	[MsgId: MERR-17999]
Action.c(50): Error: Fail Receive All Data:: {Rec_Data}	[MsgId: MERR-17999]
Action.c(48): Notify: Transaction "02_TCPTOTCP" will be skipped - could not calculate the transaction time (duration=9.9993, think_time=0.0000, wasted_time=10.0000).	[MsgId: MMSG-16889]
Action.c(49): Error: rc Fail	[MsgId: MERR-17999]
Action.c(50): Error: Fail Receive All Data:: {Rec_Data}	[MsgId: MERR-17999]
Action.c(48): Notify: Transaction "02_TCPTOTCP" will be skipped - could not calculate the transaction time (duration=9.9992, think_time=0.0000, wasted_time=10.0000).	[MsgId: MMSG-16889]
Action.c(49): Error: rc Fail	[MsgId: MERR-17999]
Action.c(50): Error: Fail Receive All Data:: {Rec_Data}	[MsgId: MERR-17999]
Action.c(48): Notify: Transaction "02_TCPTOTCP" will be skipped - could not calculate the transaction time (duration=9.9997, think_time=0.0000, wasted_time=10.0000).	[MsgId: MMSG-16889]
Action.c(49): Error: rc Fail	[MsgId: MERR-17999]
Action.c(50): Error: Fail Receive All Data:: {Rec_Data}	[MsgId: MERR-17999]
Action.c(49): Error: rc Fail	[MsgId: MERR-17999]
Action.c(50): Error: Fail Receive All Data:: {Rec_Data}	[MsgId: MERR-17999]
Action.c(48): Notify: Transaction "02_TCPTOTCP" will be skipped - could not calculate the transaction time (duration=9.9997, think_time=0.0000, wasted_time=10.0000).	[MsgId: MMSG-16889]
Action.c(49): Error: rc Fail	[MsgId: MERR-17999]
Action.c(50): Error: Fail Receive All Data:: {Rec_Data}	[MsgId: MERR-17999]
Action.c(22): Error : socket1 - Connection refused. Error code : 10061.	[MsgId: MERR10061]
Action.c(49): Error: rc Fail	[MsgId: MERR-17999]
Action.c(50): Error: Fail Receive All Data:: 012345678901234567890123456789012345678901234567	[MsgId: MERR-17999]
Action.c(22): Error : socket1 - Connection refused. Error code : 10061.	[MsgId: MERR10061]
Action.c(49): Error: rc Fail	[MsgId: MERR-17999]
Action.c(50): Error: Fail Receive All Data:: 012345678901234567890123456789012345678901234567	[MsgId: MERR-17999]
Action.c(22): Error : socket1 - Connection refused. Error code : 10061.	[MsgId: MERR10061]
Action.c(49): Error: rc Fail	[MsgId: MERR-17999]
Action.c(50): Error: Fail Receive All Data:: 012345678901234567890123456789012345678901234567	[MsgId: MERR-17999]
Action.c(49): Error: rc Fail	[MsgId: MERR-17999]
Action.c(50): Error: Fail Receive All Data:: {Rec_Data}	[MsgId: MERR-17999]
Action.c(22): Error : socket1 - Connection refused. Error code : 10061.	[MsgId: MERR10061]
Action.c(49): Error: rc Fail	[MsgId: MERR-17999]
Action.c(50): Error: Fail Receive All Data:: {Rec_Data}	[MsgId: MERR-17999]
Action.c(22): Error : socket1 - Connection refused. Error code : 10061.	[MsgId: MERR10061]
Action.c(49): Error: rc Fail	[MsgId: MERR-17999]
Action.c(50): Error: Fail Receive All Data:: {Rec_Data}	[MsgId: MERR-17999]
Action.c(22): Error : socket1 - Connection refused. Error code : 10061.	[MsgId: MERR10061]
Action.c(49): Error: rc Fail	[MsgId: MERR-17999]
Action.c(50): Error: Fail Receive All Data:: {Rec_Data}	[MsgId: MERR-17999]
Action.c(22): Error : socket1 - Connection refused. Error code : 10061.	[MsgId: MERR10061]
Action.c(49): Error: rc Fail	[MsgId: MERR-17999]
Action.c(50): Error: Fail Receive All Data:: {Rec_Data}	[MsgId: MERR-17999]
Action.c(22): Error : socket1 - Connection refused. Error code : 10061.	[MsgId: MERR10061]
Action.c(49): Error: rc Fail	[MsgId: MERR-17999]
Action.c(50): Error: Fail Receive All Data:: {Rec_Data}	[MsgId: MERR-17999]
Action.c(22): Error : socket1 - Connection refused. Error code : 10061.	[MsgId: MERR10061]
Action.c(49): Error: rc Fail	[MsgId: MERR-17999]
Action.c(50): Error: Fail Receive All Data:: {Rec_Data}	[MsgId: MERR-17999]
Action.c(22): Error : socket1 - Connection refused. Error code : 10061.	[MsgId: MERR10061]
Action.c(49): Error: rc Fail	[MsgId: MERR-17999]
Action.c(50): Error: Fail Receive All Data:: {Rec_Data}	[MsgId: MERR-17999]
